  {
    "event_id": "1",
    "time": "2025-09-22 08:27:10.105791+00:00",
    "record_id": "5",
    "computer": "D",
    "channel": "M",
    "provider": "Microsoft-Windows-Sysmon",
    "data": {
      "RuleName": "Context,DeviceConnectedOrUpdated",
      "EventType": "SetValue",
      "UtcTime": "2025-09-22 08:27:10.093",
      "ProcessGuid": "{3ba37a49-085c-68d1-ec02-000000000100}",
      "ProcessId": "8212",
      "Image": "C:\\Windows\\system32\\DrvInst.exe",
      "TargetObject": "HKLM\\SOFTWARE\\Microsoft\\Windows Portable Devices\\Devices\\SWD#WPDBUSENUM#{7B54DE8F-9802-11F0-AB29-F42679ADC914}#0000000000100000\\FriendlyName",
      "Details": "New Volume",
      "User": "NT AUTHORITY\\SYSTEM"
    }
  },
  {
    "event_id": "1",
    "time": "2025-09-22 08:27:18.884871+00:00",
    "record_id": "5",
    "computer": "D",
    "channel": "M",
    "provider": "Microsoft-Windows-Sysmon",
    "data": {
      "RuleName": "InvDB-DriverVer",
      "EventType": "SetValue",
      "UtcTime": "2025-09-22 08:27:18.817",
      "ProcessGuid": "{3ba37a49-f924-68d0-7500-000000000100}",
      "ProcessId": "5016",
      "Image": "C:\\Windows\\system32\\svchost.exe",
      "TargetObject": "\\REGISTRY\\A\\{0232ed3c-56c9-167d-969a-b42679a62c79}\\Root\\InventoryDevicePnp\\usb/vid_13fd&pid_5910/___esua-ssus-1232d27\\DriverVerVersion",
      "Details": "10.0.19041.3636",
      "User": "NT AUTHORITY\\SYSTEM"
    }
  },
  {
    "event_id": "1",
    "time": "2025-09-22 08:27:18.935638+00:00",
    "record_id": "5",
    "computer": "D",
    "channel": "M",
    "provider": "Microsoft-Windows-Sysmon",
    "data": {
      "RuleName": "InvDB-DriverVer",
      "EventType": "SetValue",
      "UtcTime": "2025-09-22 08:27:18.898",
      "ProcessGuid": "{3ba37a49-f924-68d0-7500-000000000100}",
      "ProcessId": "5016",
      "Image": "C:\\Windows\\system32\\svchost.exe",
      "TargetObject": "\\REGISTRY\\A\\{0232ed3c-56c9-167d-969a-b42679a62c79}\\Root\\InventoryDevicePnp\\usbstor/disk&ven_sage&prod_3639s_sage&rev_0058/___esua-ssus-1232d27&0\\DriverVerVersion",
      "Details": "10.0.19041.3636",
      "User": "NT AUTHORITY\\SYSTEM"
    }
  },
  {
    "event_id": "1",
    "time": "2025-09-22 08:27:18.958652+00:00",
    "record_id": "5",
    "computer": "D",
    "channel": "M",
    "provider": "Microsoft-Windows-Sysmon",
    "data": {
      "RuleName": "InvDB-DriverVer",
      "EventType": "SetValue",
      "UtcTime": "2025-09-22 08:27:18.948",
      "ProcessGuid": "{3ba37a49-f924-68d0-7500-000000000100}",
      "ProcessId": "5016",
      "Image": "C:\\Windows\\system32\\svchost.exe",
      "TargetObject": "\\REGISTRY\\A\\{0232ed3c-56c9-167d-969a-b42679a62c79}\\Root\\InventoryDevicePnp\\usb/vid_0e0f&pid_0002/6&30c5d09c&0&7\\DriverVerVersion",
      "Details": "10.0.19041.3803",
      "User": "NT AUTHORITY\\SYSTEM"
    }
  },
  {
    "event_id": "1",
    "time": "2025-09-22 08:27:18.982407+00:00",
    "record_id": "5",
    "computer": "D",
    "channel": "M",
    "provider": "Microsoft-Windows-Sysmon",
    "data": {
      "RuleName": "InvDB-DriverVer",
      "EventType": "SetValue",
      "UtcTime": "2025-09-22 08:27:18.951",
      "ProcessGuid": "{3ba37a49-f924-68d0-7500-000000000100}",
      "ProcessId": "5016",
      "Image": "C:\\Windows\\system32\\svchost.exe",
      "TargetObject": "\\REGISTRY\\A\\{0232ed3c-56c9-167d-969a-b42679a62c79}\\Root\\InventoryDevicePnp\\usb/vid_0e0f&pid_0002/6&30c5d09c&0&8\\DriverVerVersion",
      "Details": "10.0.19041.3803",
      "User": "NT AUTHORITY\\SYSTEM"
    }
  },
  {
    "event_id": "1",
    "time": "2025-09-22 08:27:18.990311+00:00",
    "record_id": "5",
    "computer": "D",
    "channel": "M",
    "provider": "Microsoft-Windows-Sysmon",
    "data": {
      "RuleName": "InvDB-DriverVer",
      "EventType": "SetValue",
      "UtcTime": "2025-09-22 08:27:18.985",
      "ProcessGuid": "{3ba37a49-f924-68d0-7500-000000000100}",
      "ProcessId": "5016",
      "Image": "C:\\Windows\\system32\\svchost.exe",
      "TargetObject": "\\REGISTRY\\A\\{0232ed3c-56c9-167d-969a-b42679a62c79}\\Root\\InventoryDevicePnp\\storage/volume/{7b54de8f-9802-11f0-ab29-f42679adc914}#0000000000100000\\DriverVerVersion",
      "Details": "10.0.19041.1",
      "User": "NT AUTHORITY\\SYSTEM"
    }
  },
  {
    "event_id": "1",
    "time": "2025-09-22 08:27:18.995804+00:00",
    "record_id": "6",
    "computer": "D",
    "channel": "M",
    "provider": "Microsoft-Windows-Sysmon",
    "data": {
      "RuleName": "InvDB-DriverVer",
      "EventType": "SetValue",
      "UtcTime": "2025-09-22 08:27:18.992",
      "ProcessGuid": "{3ba37a49-f924-68d0-7500-000000000100}",
      "ProcessId": "5016",
      "Image": "C:\\Windows\\system32\\svchost.exe",
      "TargetObject": "\\REGISTRY\\A\\{0232ed3c-56c9-167d-969a-b42679a62c79}\\Root\\InventoryDevicePnp\\swd/wpdbusenum/{7b54de8f-9802-11f0-ab29-f42679adc914}#0000000000100000\\DriverVerVersion",
      "Details": "10.0.19041.3636",
      "User": "NT AUTHORITY\\SYSTEM"
    }
  },
  {
    "event_id": "1",
    "time": "2025-09-22 08:27:32.278728+00:00",
    "record_id": "6",
    "computer": "D",
    "channel": "M",
    "provider": "Microsoft-Windows-Sysmon",
    "data": {
      "RuleName": "-",
      "UtcTime": "2025-09-22 08:27:31.828",
      "ProcessGuid": "{3ba37a49-0873-68d1-f202-000000000100}",
      "ProcessId": "1736",
      "Image": "C:\\Windows\\System32\\svchost.exe",
      "FileVersion": "10.0.19041.3636 (WinBuild.160101.0800)",
      "Description": "Host Process for Windows Services",
      "Product": "Microsoft® Windows® Operating System",
      "Company": "Microsoft Corporation",
      "OriginalFileName": "svchost.exe",
      "CommandLine": "C:\\Windows\\system32\\svchost.exe -k BthAppGroup -p -s BluetoothUserService",
      "CurrentDirectory": "C:\\Windows\\system32\\",
      "User": "DESKTOP-GTOLFFJ\\client 1",
      "LogonGuid": "{3ba37a49-fd37-68d0-095b-290000000000}",
      "LogonId": "0x0000000000295b09",
      "TerminalSessionId": "2",
      "IntegrityLevel": "Medium",
      "Hashes": "MD5=145DCF6706EEEA5B066885EE17964C09,SHA256=F13DE58416730D210DAB465B242E9C949FB0A0245EEF45B07C381F0C6C8A43C3,IMPHASH=247B9220E5D9B720A82B2C8B5069AD69",
      "ParentProcessGuid": "{00000000-0000-0000-0000-000000000000}",
      "ParentProcessId": "812",
      "ParentImage": "-",
      "ParentCommandLine": "-",
      "ParentUser": "-"
    }
  },
  {
    "event_id": "1",
    "time": "2025-09-22 08:27:33.311068+00:00",
    "record_id": "6",
    "computer": "D",
    "channel": "M",
    "provider": "Microsoft-Windows-Sysmon",
    "data": {
      "RuleName": "-",
      "UtcTime": "2025-09-22 08:27:33.141",
      "ProcessGuid": "{3ba37a49-0875-68d1-f302-000000000100}",
      "ProcessId": "8336",
      "Image": "C:\\Windows\\System32\\rundll32.exe",
      "FileVersion": "10.0.19041.3636 (WinBuild.160101.0800)",
      "Description": "Windows host process (Rundll32)",
      "Product": "Microsoft® Windows® Operating System",
      "Company": "Microsoft Corporation",
      "OriginalFileName": "RUNDLL32.EXE",
      "CommandLine": "C:\\Windows\\System32\\rundll32.exe C:\\Windows\\System32\\shell32.dll,SHCreateLocalServerRunDll {995C996E-D918-4a8c-A302-45719A6F4EA7} -Embedding",
      "CurrentDirectory": "C:\\Windows\\system32\\",
      "User": "DESKTOP-GTOLFFJ\\client 1",
      "LogonGuid": "{3ba37a49-fd37-68d0-095b-290000000000}",
      "LogonId": "0x0000000000295b09",
      "TerminalSessionId": "2",
      "IntegrityLevel": "Medium",
      "Hashes": "MD5=100F56A73211E0B2BCD076A55E6393FD,SHA256=00BE065F405E93233CC2F0012DEFDCBB1D6817B58969D5FFD9FD72FC4783C6F4,IMPHASH=4DB27267734D1576D75C991DC70F68AC",
      "ParentProcessGuid": "{00000000-0000-0000-0000-000000000000}",
      "ParentProcessId": "960",
      "ParentImage": "-",
      "ParentCommandLine": "-",
      "ParentUser": "-"
    }
  },
  {
    "event_id": "1",
    "time": "2025-09-22 08:27:33.470106+00:00",
    "record_id": "6",
    "computer": "D",
    "channel": "M",
    "provider": "Microsoft-Windows-Sysmon",
    "data": {
      "RuleName": "-",
      "UtcTime": "2025-09-22 08:27:33.147",
      "ProcessGuid": "{3ba37a49-0875-68d1-f402-000000000100}",
      "ProcessId": "7036",
      "Image": "C:\\Windows\\System32\\taskhostw.exe",
      "FileVersion": "10.0.19041.3636 (WinBuild.160101.0800)",
      "Description": "Host Process for Windows Tasks",
      "Product": "Microsoft® Windows® Operating System",
      "Company": "Microsoft Corporation",
      "OriginalFileName": "taskhostw.exe",
      "CommandLine": "taskhostw.exe network",
      "CurrentDirectory": "C:\\Windows\\system32\\",
      "User": "NT AUTHORITY\\NETWORK SERVICE",
      "LogonGuid": "{3ba37a49-cbee-68d1-e403-000000000000}",
      "LogonId": "0x00000000000003e4",
      "TerminalSessionId": "0",
      "IntegrityLevel": "System",
      "Hashes": "MD5=9D68EEF2D82A328F0ECE1B641E5728CC,SHA256=976BB3FB062818E9643EC7F65BE2F267B90F63BD9F8BE0E6212D131183136140,IMPHASH=3A0C6863CDE566AF997DB2DEFFF9D924",
      "ParentProcessGuid": "{00000000-0000-0000-0000-000000000000}",
      "ParentProcessId": "1788",
      "ParentImage": "-",
      "ParentCommandLine": "-",
      "ParentUser": "-"
    }
  },
  {
    "event_id": "1",
    "time": "2025-09-22 08:27:35.105976+00:00",
    "record_id": "7",
    "computer": "D",
    "channel": "M",
    "provider": "Microsoft-Windows-Sysmon",
    "data": {
      "RuleName": "-",
      "EventType": "SetValue",
      "UtcTime": "2025-09-22 08:27:35.050",
      "ProcessGuid": "{3ba37a49-cbf8-68d1-2f00-000000000100}",
      "ProcessId": "2136",
      "Image": "C:\\Windows\\System32\\svchost.exe",
      "TargetObject": "HKLM\\SOFTWARE\\Microsoft\\Windows NT\\CurrentVersion\\NetworkList\\Profiles\\{0C6B4108-ABDC-452D-8C8E-79A6DAB25C26}\\DateLastConnected",
      "Details": "Binary Data",
      "User": "NT AUTHORITY\\LOCAL SERVICE"
    }
  },
  {
    "event_id": "1",
    "time": "2025-09-22 08:27:40.639221+00:00",
    "record_id": "7",
    "computer": "D",
    "channel": "M",
    "provider": "Microsoft-Windows-Sysmon",
    "data": {
      "RuleName": "-",
      "UtcTime": "2025-09-22 08:27:40.287",
      "ProcessGuid": "{3ba37a49-087c-68d1-f502-000000000100}",
      "ProcessId": "8812",
      "Image": "C:\\Windows\\System32\\svchost.exe",
      "FileVersion": "10.0.19041.3636 (WinBuild.160101.0800)",
      "Description": "Host Process for Windows Services",
      "Product": "Microsoft® Windows® Operating System",
      "Company": "Microsoft Corporation",
      "OriginalFileName": "svchost.exe",
      "CommandLine": "C:\\Windows\\system32\\svchost.exe -k netsvcs -p -s gpsvc",
      "CurrentDirectory": "C:\\Windows\\system32\\",
      "User": "NT AUTHORITY\\SYSTEM",
      "LogonGuid": "{3ba37a49-cbed-68d1-e703-000000000000}",
      "LogonId": "0x00000000000003e7",
      "TerminalSessionId": "0",
      "IntegrityLevel": "System",
      "Hashes": "MD5=145DCF6706EEEA5B066885EE17964C09,SHA256=F13DE58416730D210DAB465B242E9C949FB0A0245EEF45B07C381F0C6C8A43C3,IMPHASH=247B9220E5D9B720A82B2C8B5069AD69",
      "ParentProcessGuid": "{00000000-0000-0000-0000-000000000000}",
      "ParentProcessId": "812",
      "ParentImage": "-",
      "ParentCommandLine": "-",
      "ParentUser": "-"
    }
  },
  {
    "event_id": "1",
    "time": "2025-09-22 08:27:42.489048+00:00",
    "record_id": "7",
    "computer": "D",
    "channel": "M",
    "provider": "Microsoft-Windows-Sysmon",
    "data": {
      "RuleName": "-",
      "UtcTime": "2025-09-22 08:27:42.469",
      "ProcessGuid": "{3ba37a49-087e-68d1-f902-000000000100}",
      "ProcessId": "8380",
      "Image": "C:\\Windows\\System32\\slui.exe",
      "FileVersion": "10.0.19041.3636 (WinBuild.160101.0800)",
      "Description": "Windows Activation Client",
      "Product": "Microsoft® Windows® Operating System",
      "Company": "Microsoft Corporation",
      "OriginalFileName": "slui.exe",
      "CommandLine": "\"C:\\Windows\\System32\\SLUI.exe\" RuleId=31e71c49-8da7-4a2f-ad92-45d98a1c79ba;Action=AutoActivate;AppId=55c92734-d682-4d71-983e-d6ec3f16059f;SkuId=4de7cb65-cdf1-4de9-8ae8-e3cce27b9f2c;NotificationInterval=1440;Trigger=NetworkAvailable",
      "CurrentDirectory": "C:\\Windows\\system32\\",
      "User": "NT AUTHORITY\\NETWORK SERVICE",
      "LogonGuid": "{3ba37a49-cbee-68d1-e403-000000000000}",
      "LogonId": "0x00000000000003e4",
      "TerminalSessionId": "0",
      "IntegrityLevel": "System",
      "Hashes": "MD5=D46E8D1455C8CB43555F76FB77BF7E99,SHA256=E8AEDE3B2E70E058FF15091FFC5C9694A0B5AB0A83D9E1EE31FF3A1DB2D1DB21,IMPHASH=F2014F5555EEFEC494A169DEEBA0FEE5",
      "ParentProcessGuid": "{3ba37a49-087e-68d1-f802-000000000100}",
      "ParentProcessId": "928",
      "ParentImage": "C:\\Windows\\System32\\SppExtComObj.Exe",
      "ParentCommandLine": "C:\\Windows\\system32\\SppExtComObj.exe -Embedding",
      "ParentUser": "NT AUTHORITY\\NETWORK SERVICE"
    }
  },
  {
    "event_id": "1",
    "time": "2025-09-22 08:27:43.372057+00:00",
    "record_id": "7",
    "computer": "D",
    "channel": "M",
    "provider": "Microsoft-Windows-Sysmon",
    "data": {
      "RuleName": "-",
      "UtcTime": "2025-09-22 08:27:43.368",
      "ProcessGuid": "{3ba37a49-087f-68d1-fb02-000000000100}",
      "ProcessId": "6088",
      "Image": "C:\\Windows\\System32\\slui.exe",
      "FileVersion": "10.0.19041.3636 (WinBuild.160101.0800)",
      "Description": "Windows Activation Client",
      "Product": "Microsoft® Windows® Operating System",
      "Company": "Microsoft Corporation",
      "OriginalFileName": "slui.exe",
      "CommandLine": "C:\\Windows\\System32\\slui.exe -Embedding",
      "CurrentDirectory": "C:\\Windows\\system32\\",
      "User": "DESKTOP-GTOLFFJ\\client 1",
      "LogonGuid": "{3ba37a49-fd37-68d0-095b-290000000000}",
      "LogonId": "0x0000000000295b09",
      "TerminalSessionId": "2",
      "IntegrityLevel": "Medium",
      "Hashes": "MD5=D46E8D1455C8CB43555F76FB77BF7E99,SHA256=E8AEDE3B2E70E058FF15091FFC5C9694A0B5AB0A83D9E1EE31FF3A1DB2D1DB21,IMPHASH=F2014F5555EEFEC494A169DEEBA0FEE5",
      "ParentProcessGuid": "{00000000-0000-0000-0000-000000000000}",
      "ParentProcessId": "960",
      "ParentImage": "-",
      "ParentCommandLine": "-",
      "ParentUser": "-"
    }
  },
  {
    "event_id": "1",
    "time": "2025-09-22 08:28:19.234985+00:00",
    "record_id": "8",
    "computer": "D",
    "channel": "M",
    "provider": "Microsoft-Windows-Sysmon",
    "data": {
      "RuleName": "-",
      "UtcTime": "2025-09-22 08:28:19.225",
      "ProcessGuid": "{3ba37a49-08a3-68d1-0003-000000000100}",
      "ProcessId": "5948",
      "Image": "C:\\Program Files (x86)\\Microsoft\\Edge\\Application\\msedge.exe",
      "FileVersion": "140.0.3485.81",
      "Description": "Microsoft Edge",
      "Product": "Microsoft Edge",
      "Company": "Microsoft Corporation",
      "OriginalFileName": "msedge.exe",
      "CommandLine": "\"C:\\Program Files (x86)\\Microsoft\\Edge\\Application\\msedge.exe\" --type=utility --utility-sub-type=audio.mojom.AudioService --lang=en-US --service-sandbox-type=audio --no-pre-read-main-dll --skip-read-main-dll --metrics-shmem-handle=7672,i,9779371905501932471,14097692462735748115,524288 --field-trial-handle=2528,i,7697915212337388755,10769669130442954102,262144 --variations-seed-version --mojo-platform-channel-handle=7720 /prefetch:8",
      "CurrentDirectory": "C:\\Program Files (x86)\\Microsoft\\Edge\\Application\\140.0.3485.81\\",
      "User": "DESKTOP-GTOLFFJ\\client 1",
      "LogonGuid": "{3ba37a49-fd37-68d0-095b-290000000000}",
      "LogonId": "0x0000000000295b09",
      "TerminalSessionId": "2",
      "IntegrityLevel": "Low",
      "Hashes": "MD5=1528CB9EF98D45785723BB69D9AB696F,SHA256=4A855A4DD286DADA7E700D325B1E25AA6DF43350125237C4276BF6C3A8452FCD,IMPHASH=9ACEBDFAC77931C2B0DFBBEA2D494BA9",
      "ParentProcessGuid": "{3ba37a49-fe7f-68d0-ea01-000000000100}",
      "ParentProcessId": "4976",
      "ParentImage": "C:\\Program Files (x86)\\Microsoft\\Edge\\Application\\msedge.exe",
      "ParentCommandLine": "\"C:\\Program Files (x86)\\Microsoft\\Edge\\Application\\msedge.exe\" --no-startup-window",
      "ParentUser": "DESKTOP-GTOLFFJ\\client 1"
    }
  },
  {
    "event_id": "1",
    "time": "2025-09-22 08:28:32.172182+00:00",
    "record_id": "8",
    "computer": "D",
    "channel": "M",
    "provider": "Microsoft-Windows-Sysmon",
    "data": {
      "RuleName": "-",
      "UtcTime": "2025-09-22 08:28:31.652",
      "ProcessGuid": "{3ba37a49-08af-68d1-0603-000000000100}",
      "ProcessId": "3620",
      "Image": "C:\\Windows\\System32\\wbem\\WMIADAP.exe",
      "FileVersion": "10.0.19041.3758 (WinBuild.160101.0800)",
      "Description": "WMI Reverse Performance Adapter Maintenance Utility",
      "Product": "Microsoft® Windows® Operating System",
      "Company": "Microsoft Corporation",
      "OriginalFileName": "wmicookr.dll",
      "CommandLine": "wmiadap.exe /R /T",
      "CurrentDirectory": "C:\\Windows\\system32\\",
      "User": "NT AUTHORITY\\SYSTEM",
      "LogonGuid": "{3ba37a49-cbed-68d1-e703-000000000000}",
      "LogonId": "0x00000000000003e7",
      "TerminalSessionId": "0",
      "IntegrityLevel": "System",
      "Hashes": "MD5=82BCA9573084D511A08595E2ED9E4ED6,SHA256=985B56B85220B4221B192644156401AFC82F77C35E2595B0BEFD4067CDED51B9,IMPHASH=367D299428703C9A9715504BFE071C97",
      "ParentProcessGuid": "{00000000-0000-0000-0000-000000000000}",
      "ParentProcessId": "2700",
      "ParentImage": "-",
      "ParentCommandLine": "-",
      "ParentUser": "-"
    }
  },
  {
    "event_id": "1",
    "time": "2025-09-22 08:28:34.374886+00:00",
    "record_id": "8",
    "computer": "D",
    "channel": "M",
    "provider": "Microsoft-Windows-Sysmon",
    "data": {
      "RuleName": "-",
      "UtcTime": "2025-09-22 08:28:34.155",
      "ProcessGuid": "{3ba37a49-08b2-68d1-0903-000000000100}",
      "ProcessId": "4384",
      "Image": "C:\\Program Files (x86)\\Microsoft\\EdgeUpdate\\MicrosoftEdgeUpdate.exe",
      "FileVersion": "1.3.147.37",
      "Description": "Microsoft Edge Update",
      "Product": "Microsoft Edge Update",
      "Company": "Microsoft Corporation",
      "OriginalFileName": "msedgeupdate.dll",
      "CommandLine": "\"C:\\Program Files (x86)\\Microsoft\\EdgeUpdate\\MicrosoftEdgeUpdate.exe\" /ua /installsource scheduler",
      "CurrentDirectory": "C:\\Windows\\system32\\",
      "User": "NT AUTHORITY\\SYSTEM",
      "LogonGuid": "{3ba37a49-cbed-68d1-e703-000000000000}",
      "LogonId": "0x00000000000003e7",
      "TerminalSessionId": "0",
      "IntegrityLevel": "System",
      "Hashes": "MD5=C019E421D9F897108E51666CBAE2C8B0,SHA256=3096D8E82917A9B73F322F4B1743E52E9B0C8B3C5933A957E73E29D6973CDD5B,IMPHASH=E00D60405A249A05D3B09AA7FE924B17",
      "ParentProcessGuid": "{00000000-0000-0000-0000-000000000000}",
      "ParentProcessId": "1788",
      "ParentImage": "-",
      "ParentCommandLine": "-",
      "ParentUser": "-"
    }
  },
  {
    "event_id": "1",
    "time": "2025-09-22 08:28:54.531958+00:00",
    "record_id": "8",
    "computer": "D",
    "channel": "M",
    "provider": "Microsoft-Windows-Sysmon",
    "data": {
      "RuleName": "-",
      "UtcTime": "2025-09-22 08:28:54.527",
      "ProcessGuid": "{3ba37a49-08c6-68d1-0d03-000000000100}",
      "ProcessId": "2944",
      "Image": "C:\\Program Files (x86)\\Microsoft\\EdgeUpdate\\MicrosoftEdgeUpdate.exe",
      "FileVersion": "1.3.147.37",
      "Description": "Microsoft Edge Update",
      "Product": "Microsoft Edge Update",
      "Company": "Microsoft Corporation",
      "OriginalFileName": "msedgeupdate.dll",
      "CommandLine": "\"C:\\Program Files (x86)\\Microsoft\\EdgeUpdate\\MicrosoftEdgeUpdate.exe\" /svc",
      "CurrentDirectory": "C:\\Windows\\system32\\",
      "User": "NT AUTHORITY\\SYSTEM",
      "LogonGuid": "{3ba37a49-cbed-68d1-e703-000000000000}",
      "LogonId": "0x00000000000003e7",
      "TerminalSessionId": "0",
      "IntegrityLevel": "System",
      "Hashes": "MD5=C019E421D9F897108E51666CBAE2C8B0,SHA256=3096D8E82917A9B73F322F4B1743E52E9B0C8B3C5933A957E73E29D6973CDD5B,IMPHASH=E00D60405A249A05D3B09AA7FE924B17",
      "ParentProcessGuid": "{00000000-0000-0000-0000-000000000000}",
      "ParentProcessId": "812",
      "ParentImage": "-",
      "ParentCommandLine": "-",
      "ParentUser": "-"
    }
  },
  {
    "event_id": "1",
    "time": "2025-09-22 08:28:55.479485+00:00",
    "record_id": "9",
    "computer": "D",
    "channel": "M",
    "provider": "Microsoft-Windows-Sysmon",
    "data": {
      "RuleName": "InvDB-Path",
      "EventType": "SetValue",
      "UtcTime": "2025-09-22 08:28:55.477",
      "ProcessGuid": "{3ba37a49-08c6-68d1-0d03-000000000100}",
      "ProcessId": "2944",
      "Image": "C:\\Program Files (x86)\\Microsoft\\EdgeUpdate\\MicrosoftEdgeUpdate.exe",
      "TargetObject": "\\REGISTRY\\A\\{efb79e09-1afc-bf99-a364-1c773bdccb57}\\Root\\InventoryApplicationFile\\microsoftedgeupd|84bcd64699b11da4\\LowerCaseLongPath",
      "Details": "c:\\program files (x86)\\microsoft\\edgeupdate\\microsoftedgeupdate.exe",
      "User": "NT AUTHORITY\\SYSTEM"
    }
  },
  {
    "event_id": "1",
    "time": "2025-09-22 08:28:55.479650+00:00",
    "record_id": "9",
    "computer": "D",
    "channel": "M",
    "provider": "Microsoft-Windows-Sysmon",
    "data": {
      "RuleName": "InvDB-Pub",
      "EventType": "SetValue",
      "UtcTime": "2025-09-22 08:28:55.477",
      "ProcessGuid": "{3ba37a49-08c6-68d1-0d03-000000000100}",
      "ProcessId": "2944",
      "Image": "C:\\Program Files (x86)\\Microsoft\\EdgeUpdate\\MicrosoftEdgeUpdate.exe",
      "TargetObject": "\\REGISTRY\\A\\{efb79e09-1afc-bf99-a364-1c773bdccb57}\\Root\\InventoryApplicationFile\\microsoftedgeupd|84bcd64699b11da4\\Publisher",
      "Details": "microsoft corporation",
      "User": "NT AUTHORITY\\SYSTEM"
    }
  },
  {
    "event_id": "1",
    "time": "2025-09-22 08:28:55.479881+00:00",
    "record_id": "9",
    "computer": "D",
    "channel": "M",
    "provider": "Microsoft-Windows-Sysmon",
    "data": {
      "RuleName": "InvDB-CompileTimeClaim",
      "EventType": "SetValue",
      "UtcTime": "2025-09-22 08:28:55.477",
      "ProcessGuid": "{3ba37a49-08c6-68d1-0d03-000000000100}",
      "ProcessId": "2944",
      "Image": "C:\\Program Files (x86)\\Microsoft\\EdgeUpdate\\MicrosoftEdgeUpdate.exe",
      "TargetObject": "\\REGISTRY\\A\\{efb79e09-1afc-bf99-a364-1c773bdccb57}\\Root\\InventoryApplicationFile\\microsoftedgeupd|84bcd64699b11da4\\LinkDate",
      "Details": "07/22/2021 01:16:22",
      "User": "NT AUTHORITY\\SYSTEM"
    }
  },
  {
    "event_id": "1",
    "time": "2025-09-22 08:28:55.479923+00:00",
    "record_id": "9",
    "computer": "D",
    "channel": "M",
    "provider": "Microsoft-Windows-Sysmon",
    "data": {
      "RuleName": "InvDB-Ver",
      "EventType": "SetValue",
      "UtcTime": "2025-09-22 08:28:55.477",
      "ProcessGuid": "{3ba37a49-08c6-68d1-0d03-000000000100}",
      "ProcessId": "2944",
      "Image": "C:\\Program Files (x86)\\Microsoft\\EdgeUpdate\\MicrosoftEdgeUpdate.exe",
      "TargetObject": "\\REGISTRY\\A\\{efb79e09-1afc-bf99-a364-1c773bdccb57}\\Root\\InventoryApplicationFile\\microsoftedgeupd|84bcd64699b11da4\\BinProductVersion",
      "Details": "1.3.147.37",
      "User": "NT AUTHORITY\\SYSTEM"
    }
  },
  {
    "event_id": "1",
    "time": "2025-09-22 08:28:55.594030+00:00",
    "record_id": "9",
    "computer": "D",
    "channel": "M",
    "provider": "Microsoft-Windows-Sysmon",
    "data": {
      "RuleName": "-",
      "UtcTime": "2025-09-22 08:28:55.575",
      "ProcessGuid": "{3ba37a49-08c7-68d1-0e03-000000000100}",
      "ProcessId": "368",
      "Image": "C:\\Windows\\SysWOW64\\wermgr.exe",
      "FileVersion": "10.0.19041.3636 (WinBuild.160101.0800)",
      "Description": "Windows Problem Reporting",
      "Product": "Microsoft® Windows® Operating System",
      "Company": "Microsoft Corporation",
      "OriginalFileName": "WerMgr",
      "CommandLine": "\"C:\\Windows\\system32\\wermgr.exe\" \"-outproc\" \"0\" \"2944\" \"1308\" \"1220\" \"1312\" \"0\" \"0\" \"0\" \"0\" \"0\" \"0\" \"0\" \"0\"",
      "CurrentDirectory": "C:\\Program Files (x86)\\Microsoft\\EdgeUpdate\\1.3.199.11\\",
      "User": "NT AUTHORITY\\SYSTEM",
      "LogonGuid": "{3ba37a49-cbed-68d1-e703-000000000000}",
      "LogonId": "0x00000000000003e7",
      "TerminalSessionId": "0",
      "IntegrityLevel": "System",
      "Hashes": "MD5=BFE1B83DFA83BC518439D156A9FDE86C,SHA256=DC74D5E4554044AEE8C7FA36E5598631DF38455461F95BEACD43417A3C079DFC,IMPHASH=AACA06EC163D858E61A33C8DEAB3573B",
      "ParentProcessGuid": "{3ba37a49-08c6-68d1-0d03-000000000100}",
      "ParentProcessId": "2944",
      "ParentImage": "C:\\Program Files (x86)\\Microsoft\\EdgeUpdate\\MicrosoftEdgeUpdate.exe",
      "ParentCommandLine": "\"C:\\Program Files (x86)\\Microsoft\\EdgeUpdate\\MicrosoftEdgeUpdate.exe\" /svc",
      "ParentUser": "NT AUTHORITY\\SYSTEM"
    }
  },
  {
    "event_id": "1",
    "time": "2025-09-22 08:28:57.605598+00:00",
    "record_id": "9",
    "computer": "D",
    "channel": "M",
    "provider": "Microsoft-Windows-Sysmon",
    "data": {
      "RuleName": "Downloads",
      "UtcTime": "2025-09-22 08:28:57.591",
      "ProcessGuid": "{3ba37a49-fe7f-68d0-ea01-000000000100}",
      "ProcessId": "4976",
      "Image": "C:\\Program Files (x86)\\Microsoft\\Edge\\Application\\msedge.exe",
      "TargetFilename": "C:\\Users\\client 1\\Downloads\\ed46109c-916e-42e3-b4e9-641bb7142b92.tmp",
      "CreationUtcTime": "2025-09-22 08:28:57.591",
      "User": "DESKTOP-GTOLFFJ\\client 1"
    }
  },
  {
    "event_id": "1",
    "time": "2025-09-22 08:28:59.246353+00:00",
    "record_id": "9",
    "computer": "D",
    "channel": "M",
    "provider": "Microsoft-Windows-Sysmon",
    "data": {
      "RuleName": "-",
      "UtcTime": "2025-09-22 08:28:59.240",
      "ProcessGuid": "{3ba37a49-08cb-68d1-1303-000000000100}",
      "ProcessId": "4132",
      "Image": "C:\\Program Files (x86)\\Microsoft\\EdgeUpdate\\MicrosoftEdgeUpdate.exe",
      "FileVersion": "1.3.147.37",
      "Description": "Microsoft Edge Update",
      "Product": "Microsoft Edge Update",
      "Company": "Microsoft Corporation",
      "OriginalFileName": "msedgeupdate.dll",
      "CommandLine": "\"C:\\Program Files (x86)\\Microsoft\\EdgeUpdate\\MicrosoftEdgeUpdate.exe\" /ping PD94bWwgdmVyc2lvbj0iMS4wIiBlbmNvZGluZz0iVVRGLTgiPz48cmVxdWVzdCBwcm90b2NvbD0iMy4wIiB1cGRhdGVyPSJPbWFoYSIgdXBkYXRlcnZlcnNpb249IjEuMy4xOTkuMTEiIHNoZWxsX3ZlcnNpb249IjEuMy4xNDcuMzciIGlzbWFjaGluZT0iMSIgc2Vzc2lvbmlkPSJ7MjUyNTVDMTAtMEVDMS00REEzLUEyMzItRjFFMUQxNkZDNzdEfSIgdXNlcmlkPSJ7Q0M3RUZBN0UtMDlBRi00RDVELUJFMDYtQjE3NzI2N0I5MTEzfSIgaW5zdGFsbHNvdXJjZT0ic2NoZWR1bGVyIiByZXF1ZXN0aWQ9IntGREYzQ0QwMy1CODA2LTREMjYtQkM2Mi02MENEOUIzODBEMzF9IiBkZWR1cD0iY3IiIGRvbWFpbmpvaW5lZD0iMCI-PGh3IGxvZ2ljYWxfY3B1cz0iMSIgcGh5c21lbW9yeT0iNCIgZGlza190eXBlPSIyIiBzc2U9IjEiIHNzZTI9IjEiIHNzZTM9IjEiIHNzc2UzPSIxIiBzc2U0MT0iMSIgc3NlNDI9IjEiIGF2eD0iMSIvPjxvcyBwbGF0Zm9ybT0id2luIiB2ZXJzaW9uPSIxMC4wLjE5MDQ1LjM4MDMiIHNwPSIiIGFyY2g9Ing2NCIgcHJvZHVjdF90eXBlPSI0OCIgaXNfd2lwPSIwIiBpc19pbl9sb2NrZG93bl9tb2RlPSIwIi8-PG9lbSBwcm9kdWN0X21hbnVmYWN0dXJlcj0iVk13YXJlLCBJbmMuIiBwcm9kdWN0X25hbWU9IlZNd2FyZTcsMSIvPjxleHAgZXRhZz0iJnF1b3Q7YUx5anNyQ2l4K0V6emMvazVkOWF2Q2J2MkY2Uk41cllsZ0FnY0J5Tm9UTT0mcXVvdDsiLz48YXBwIGFwcGlkPSJ7NTZFQjE4RjgtQjAwOC00Q0JELUI2RDItOEM5N0ZFN0U5MDYyfSIgdmVyc2lvbj0iMTQwLjAuMzQ4NS44MSIgbmV4dHZlcnNpb249IiIgbGFuZz0iIiBicmFuZD0iSU5CWCIgY2xpZW50PSIiIGluc3RhbGxhZ2U9IjAiIGluc3RhbGxkYXRldGltZT0iMTc1ODUyNTc5NiIgY29ob3J0PSJycmZAMC4yMSI-PGV2ZW50IGV2ZW50dHlwZT0iMzIiIGV2ZW50cmVzdWx0PSIxIiBlcnJvcmNvZGU9IjAiIGV4dHJhY29kZTE9IjAiIHN5c3RlbV91cHRpbWVfdGlja3M9IjQwNTIxNjY2Mjg1Ii8-PC9hcHA-PC9yZXF1ZXN0Pg",
      "CurrentDirectory": "C:\\Program Files (x86)\\Microsoft\\EdgeUpdate\\1.3.199.11\\",
      "User": "NT AUTHORITY\\SYSTEM",
      "LogonGuid": "{3ba37a49-cbed-68d1-e703-000000000000}",
      "LogonId": "0x00000000000003e7",
      "TerminalSessionId": "0",
      "IntegrityLevel": "System",
      "Hashes": "MD5=C019E421D9F897108E51666CBAE2C8B0,SHA256=3096D8E82917A9B73F322F4B1743E52E9B0C8B3C5933A957E73E29D6973CDD5B,IMPHASH=E00D60405A249A05D3B09AA7FE924B17",
      "ParentProcessGuid": "{3ba37a49-08c6-68d1-0d03-000000000100}",
      "ParentProcessId": "2944",
      "ParentImage": "C:\\Program Files (x86)\\Microsoft\\EdgeUpdate\\MicrosoftEdgeUpdate.exe",
      "ParentCommandLine": "\"C:\\Program Files (x86)\\Microsoft\\EdgeUpdate\\MicrosoftEdgeUpdate.exe\" /svc",
      "ParentUser": "NT AUTHORITY\\SYSTEM"
    }
  },
  {
    "event_id": "1",
    "time": "2025-09-22 08:28:59.939112+00:00",
    "record_id": "9",
    "computer": "D",
    "channel": "M",
    "provider": "Microsoft-Windows-Sysmon",
    "data": {
      "RuleName": "-",
      "UtcTime": "2025-09-22 08:28:59.936",
      "ProcessGuid": "{3ba37a49-fe7f-68d0-ea01-000000000100}",
      "ProcessId": "4976",
      "Image": "C:\\Program Files (x86)\\Microsoft\\Edge\\Application\\msedge.exe",
      "TargetFilename": "C:\\Users\\client 1\\Downloads\\Unconfirmed 805582.crdownload",
      "CreationUtcTime": "2025-09-22 08:28:57.591",
      "Hash": "MD5=84F0FEB07BEAE896D471F45527D781B0,SHA256=7850850434059ADB8354629E2D1102A8FCC7BE8B606EDBB4BBB22A1060BAEC26,IMPHASH=43113498B8B20F2C980E4C01B8A5839D",
      "Contents": "-",
      "User": "DESKTOP-GTOLFFJ\\client 1"
    }
  },
  {
    "event_id": "1",
    "time": "2025-09-22 08:28:59.939154+00:00",
    "record_id": "9",
    "computer": "D",
    "channel": "M",
    "provider": "Microsoft-Windows-Sysmon",
    "data": {
      "RuleName": "Downloads",
      "UtcTime": "2025-09-22 08:28:59.936",
      "ProcessGuid": "{3ba37a49-fe7f-68d0-ea01-000000000100}",
      "ProcessId": "4976",
      "Image": "C:\\Program Files (x86)\\Microsoft\\Edge\\Application\\msedge.exe",
      "TargetFilename": "C:\\Users\\client 1\\Downloads\\Unconfirmed 805582.crdownload:SmartScreen",
      "CreationUtcTime": "2025-09-22 08:28:57.591",
      "User": "DESKTOP-GTOLFFJ\\client 1"
    }
  },
  {
    "event_id": "1",
    "time": "2025-09-22 08:28:59.939190+00:00",
    "record_id": "9",
    "computer": "D",
    "channel": "M",
    "provider": "Microsoft-Windows-Sysmon",
    "data": {
      "RuleName": "-",
      "UtcTime": "2025-09-22 08:28:59.938",
      "ProcessGuid": "{3ba37a49-fe7f-68d0-ea01-000000000100}",
      "ProcessId": "4976",
      "Image": "C:\\Program Files (x86)\\Microsoft\\Edge\\Application\\msedge.exe",
      "TargetFilename": "C:\\Users\\client 1\\Downloads\\Unconfirmed 805582.crdownload:SmartScreen",
      "CreationUtcTime": "2025-09-22 08:28:57.591",
      "Hash": "MD5=4047530ECBC0170039E76FE1657BDB01,SHA256=82254025D1B98D60044D3AEB7C56EED7C61C07C3E30534D6E05DAB9D6C326750,IMPHASH=00000000000000000000000000000000",
      "Contents": "湁桡楥",
      "User": "DESKTOP-GTOLFFJ\\client 1"
    }
  },
  {
    "event_id": "1",
    "time": "2025-09-22 08:28:59.971235+00:00",
    "record_id": "1",
    "computer": "D",
    "channel": "M",
    "provider": "Microsoft-Windows-Sysmon",
    "data": {
      "RuleName": "-",
      "UtcTime": "2025-09-22 08:28:59.945",
      "ProcessGuid": "{3ba37a49-08cb-68d1-1403-000000000100}",
      "ProcessId": "864",
      "Image": "C:\\Program Files (x86)\\Microsoft\\Edge\\Application\\msedge.exe",
      "FileVersion": "140.0.3485.81",
      "Description": "Microsoft Edge",
      "Product": "Microsoft Edge",
      "Company": "Microsoft Corporation",
      "OriginalFileName": "msedge.exe",
      "CommandLine": "\"C:\\Program Files (x86)\\Microsoft\\Edge\\Application\\msedge.exe\" --type=utility --utility-sub-type=quarantine.mojom.Quarantine --lang=en-US --service-sandbox-type=none --no-pre-read-main-dll --skip-read-main-dll --metrics-shmem-handle=8320,i,15636223435810335429,15482067218590619375,524288 --field-trial-handle=2528,i,7697915212337388755,10769669130442954102,262144 --variations-seed-version --mojo-platform-channel-handle=8788 /prefetch:8",
      "CurrentDirectory": "C:\\Program Files (x86)\\Microsoft\\Edge\\Application\\140.0.3485.81\\",
      "User": "DESKTOP-GTOLFFJ\\client 1",
      "LogonGuid": "{3ba37a49-fd37-68d0-095b-290000000000}",
      "LogonId": "0x0000000000295b09",
      "TerminalSessionId": "2",
      "IntegrityLevel": "Medium",
      "Hashes": "MD5=1528CB9EF98D45785723BB69D9AB696F,SHA256=4A855A4DD286DADA7E700D325B1E25AA6DF43350125237C4276BF6C3A8452FCD,IMPHASH=9ACEBDFAC77931C2B0DFBBEA2D494BA9",
      "ParentProcessGuid": "{3ba37a49-fe7f-68d0-ea01-000000000100}",
      "ParentProcessId": "4976",
      "ParentImage": "C:\\Program Files (x86)\\Microsoft\\Edge\\Application\\msedge.exe",
      "ParentCommandLine": "\"C:\\Program Files (x86)\\Microsoft\\Edge\\Application\\msedge.exe\" --no-startup-window",
      "ParentUser": "DESKTOP-GTOLFFJ\\client 1"
    }
  },
  {
    "event_id": "1",
    "time": "2025-09-22 08:29:05.941849+00:00",
    "record_id": "1",
    "computer": "D",
    "channel": "M",
    "provider": "Microsoft-Windows-Sysmon",
    "data": {
      "RuleName": "EXE",
      "UtcTime": "2025-09-22 08:29:05.919",
      "ProcessGuid": "{3ba37a49-08c6-68d1-0d03-000000000100}",
      "ProcessId": "2944",
      "Image": "C:\\Program Files (x86)\\Microsoft\\EdgeUpdate\\MicrosoftEdgeUpdate.exe",
      "TargetFilename": "C:\\Program Files (x86)\\Microsoft\\EdgeUpdate\\Download\\{F3017226-FE2A-4295-8BDF-00C3A9A7E4C5}\\140.0.3485.81\\MicrosoftEdge_X64_140.0.3485.81.exe",
      "CreationUtcTime": "2025-09-22 08:29:05.919",
      "User": "NT AUTHORITY\\SYSTEM"
    }
  },
  {
    "event_id": "1",
    "time": "2025-09-22 08:29:10.686893+00:00",
    "record_id": "1",
    "computer": "D",
    "channel": "M",
    "provider": "Microsoft-Windows-Sysmon",
    "data": {
      "RuleName": "-",
      "EventType": "SetValue",
      "UtcTime": "2025-09-22 08:29:10.482",
      "ProcessGuid": "{3ba37a49-08c6-68d1-0d03-000000000100}",
      "ProcessId": "2944",
      "Image": "C:\\Program Files (x86)\\Microsoft\\EdgeUpdate\\MicrosoftEdgeUpdate.exe",
      "TargetObject": "HKLM\\SOFTWARE\\WOW6432Node\\Microsoft\\EdgeUpdate\\ClientState\\{F3017226-FE2A-4295-8BDF-00C3A9A7E4C5}\\InstallSource",
      "Details": "scheduler",
      "User": "NT AUTHORITY\\SYSTEM"
    }
  },
  {
    "event_id": "1",
    "time": "2025-09-22 08:29:14.021891+00:00",
    "record_id": "1",
    "computer": "D",
    "channel": "M",
    "provider": "Microsoft-Windows-Sysmon",
    "data": {
      "RuleName": "-",
      "UtcTime": "2025-09-22 08:29:13.433",
      "ProcessGuid": "{3ba37a49-08d9-68d1-1503-000000000100}",
      "ProcessId": "5372",
      "Image": "C:\\Program Files (x86)\\Microsoft\\EdgeUpdate\\Install\\{09726699-45D0-43AF-B603-0267E644F179}\\MicrosoftEdge_X64_140.0.3485.81.exe",
      "FileVersion": "140.0.3485.81",
      "Description": "Microsoft Edge Installer",
      "Product": "Microsoft Edge Installer",
      "Company": "Microsoft Corporation",
      "OriginalFileName": "mini_installer.exe",
      "CommandLine": "\"C:\\Program Files (x86)\\Microsoft\\EdgeUpdate\\Install\\{09726699-45D0-43AF-B603-0267E644F179}\\MicrosoftEdge_X64_140.0.3485.81.exe\" --msedgewebview --verbose-logging --do-not-launch-msedge --system-level",
      "CurrentDirectory": "C:\\Program Files (x86)\\Microsoft\\EdgeUpdate\\1.3.199.11\\",
      "User": "NT AUTHORITY\\SYSTEM",
      "LogonGuid": "{3ba37a49-cbed-68d1-e703-000000000000}",
      "LogonId": "0x00000000000003e7",
      "TerminalSessionId": "0",
      "IntegrityLevel": "System",
      "Hashes": "MD5=8C8F5B9DBF9D407C52275B2B0F2848CA,SHA256=31ACCE446404BF06020AB828889F72759A0FE5E79A5AA40673978B53E17E8B5A,IMPHASH=BDE7ED863CD6A372CFC7499C55606DDC",
      "ParentProcessGuid": "{3ba37a49-08c6-68d1-0d03-000000000100}",
      "ParentProcessId": "2944",
      "ParentImage": "C:\\Program Files (x86)\\Microsoft\\EdgeUpdate\\MicrosoftEdgeUpdate.exe",
      "ParentCommandLine": "\"C:\\Program Files (x86)\\Microsoft\\EdgeUpdate\\MicrosoftEdgeUpdate.exe\" /svc",
      "ParentUser": "NT AUTHORITY\\SYSTEM"
    }
  },
  {
    "event_id": "1",
    "time": "2025-09-22 08:29:14.160427+00:00",
    "record_id": "1",
    "computer": "D",
    "channel": "M",
    "provider": "Microsoft-Windows-Sysmon",
    "data": {
      "RuleName": "EXE",
      "UtcTime": "2025-09-22 08:29:14.154",
      "ProcessGuid": "{3ba37a49-08d9-68d1-1503-000000000100}",
      "ProcessId": "5372",
      "Image": "C:\\Program Files (x86)\\Microsoft\\EdgeUpdate\\Install\\{09726699-45D0-43AF-B603-0267E644F179}\\MicrosoftEdge_X64_140.0.3485.81.exe",
      "TargetFilename": "C:\\Program Files (x86)\\Microsoft\\EdgeUpdate\\Install\\{09726699-45D0-43AF-B603-0267E644F179}\\EDGEMITMP_10667.tmp\\setup.exe",
      "CreationUtcTime": "2025-09-22 08:29:14.138",
      "User": "NT AUTHORITY\\SYSTEM"
    }
  },
  {
    "event_id": "1",
    "time": "2025-09-22 08:29:14.234131+00:00",
    "record_id": "1",
    "computer": "D",
    "channel": "M",
    "provider": "Microsoft-Windows-Sysmon",
    "data": {
      "RuleName": "-",
      "UtcTime": "2025-09-22 08:29:14.227",
      "ProcessGuid": "{3ba37a49-08da-68d1-1603-000000000100}",
      "ProcessId": "6136",
      "Image": "C:\\Users\\client 1\\Downloads\\DumpIt.exe",
      "FileVersion": "-",
      "Description": "-",
      "Product": "-",
      "Company": "-",
      "OriginalFileName": "-",
      "CommandLine": "\"C:\\Users\\client 1\\Downloads\\DumpIt.exe\"",
      "CurrentDirectory": "C:\\Users\\client 1\\Downloads\\",
      "User": "DESKTOP-GTOLFFJ\\client 1",
      "LogonGuid": "{3ba37a49-fd37-68d0-095b-290000000000}",
      "LogonId": "0x0000000000295b09",
      "TerminalSessionId": "2",
      "IntegrityLevel": "Medium",
      "Hashes": "MD5=84F0FEB07BEAE896D471F45527D781B0,SHA256=7850850434059ADB8354629E2D1102A8FCC7BE8B606EDBB4BBB22A1060BAEC26,IMPHASH=43113498B8B20F2C980E4C01B8A5839D",
      "ParentProcessGuid": "{3ba37a49-fd39-68d0-2b01-000000000100}",
      "ParentProcessId": "4912",
      "ParentImage": "C:\\Windows\\explorer.exe",
      "ParentCommandLine": "C:\\Windows\\Explorer.EXE",
      "ParentUser": "DESKTOP-GTOLFFJ\\client 1"
    }
  },
  {
    "event_id": "1",
    "time": "2025-09-22 08:29:14.252483+00:00",
    "record_id": "1",
    "computer": "D",
    "channel": "M",
    "provider": "Microsoft-Windows-Sysmon",
    "data": {
      "RuleName": "-",
      "UtcTime": "2025-09-22 08:29:14.247",
      "ProcessGuid": "{3ba37a49-08cb-68d1-1403-000000000100}",
      "ProcessId": "864",
      "Image": "C:\\Program Files (x86)\\Microsoft\\Edge\\Application\\msedge.exe",
      "TargetFilename": "C:\\Users\\client 1\\Downloads\\DumpIt.exe",
      "CreationUtcTime": "2025-09-22 08:28:57.591",
      "Hash": "MD5=84F0FEB07BEAE896D471F45527D781B0,SHA256=7850850434059ADB8354629E2D1102A8FCC7BE8B606EDBB4BBB22A1060BAEC26,IMPHASH=43113498B8B20F2C980E4C01B8A5839D",
      "Contents": "-",
      "User": "DESKTOP-GTOLFFJ\\client 1"
    }
  },
  {
    "event_id": "1",
    "time": "2025-09-22 08:29:14.252573+00:00",
    "record_id": "1",
    "computer": "D",
    "channel": "M",
    "provider": "Microsoft-Windows-Sysmon",
    "data": {
      "RuleName": "Downloads",
      "UtcTime": "2025-09-22 08:29:14.247",
      "ProcessGuid": "{3ba37a49-08cb-68d1-1403-000000000100}",
      "ProcessId": "864",
      "Image": "C:\\Program Files (x86)\\Microsoft\\Edge\\Application\\msedge.exe",
      "TargetFilename": "C:\\Users\\client 1\\Downloads\\DumpIt.exe:Zone.Identifier",
      "CreationUtcTime": "2025-09-22 08:28:57.591",
      "User": "DESKTOP-GTOLFFJ\\client 1"
    }
  },
  {
    "event_id": "1",
    "time": "2025-09-22 08:29:14.263214+00:00",
    "record_id": "1",
    "computer": "D",
    "channel": "M",
    "provider": "Microsoft-Windows-Sysmon",
    "data": {
      "RuleName": "-",
      "UtcTime": "2025-09-22 08:29:14.247",
      "ProcessGuid": "{3ba37a49-08cb-68d1-1403-000000000100}",
      "ProcessId": "864",
      "Image": "C:\\Program Files (x86)\\Microsoft\\Edge\\Application\\msedge.exe",
      "TargetFilename": "C:\\Users\\client 1\\Downloads\\DumpIt.exe:Zone.Identifier",
      "CreationUtcTime": "2025-09-22 08:28:57.591",
      "Hash": "MD5=FBCCF14D504B7B2DBCB5A5BDA75BD93B,SHA256=EACD09517CE90D34BA562171D15AC40D302F0E691B439F91BE1B6406E25F5913,IMPHASH=00000000000000000000000000000000",
      "Contents": "[ZoneTransfer]  ZoneId=3",
      "User": "DESKTOP-GTOLFFJ\\client 1"
    }
  },
  {
    "event_id": "1",
    "time": "2025-09-22 08:29:14.267248+00:00",
    "record_id": "1",
    "computer": "D",
    "channel": "M",
    "provider": "Microsoft-Windows-Sysmon",
    "data": {
      "RuleName": "-",
      "UtcTime": "2025-09-22 08:29:14.263",
      "ProcessGuid": "{3ba37a49-08cb-68d1-1403-000000000100}",
      "ProcessId": "864",
      "Image": "C:\\Program Files (x86)\\Microsoft\\Edge\\Application\\msedge.exe",
      "TargetFilename": "C:\\Users\\client 1\\Downloads\\DumpIt.exe",
      "CreationUtcTime": "2025-09-22 08:28:57.591",
      "Hash": "MD5=84F0FEB07BEAE896D471F45527D781B0,SHA256=7850850434059ADB8354629E2D1102A8FCC7BE8B606EDBB4BBB22A1060BAEC26,IMPHASH=43113498B8B20F2C980E4C01B8A5839D",
      "Contents": "-",
      "User": "DESKTOP-GTOLFFJ\\client 1"
    }
  },
  {
    "event_id": "1",
    "time": "2025-09-22 08:29:14.268196+00:00",
    "record_id": "1",
    "computer": "D",
    "channel": "M",
    "provider": "Microsoft-Windows-Sysmon",
    "data": {
      "RuleName": "-",
      "UtcTime": "2025-09-22 08:29:14.261",
      "ProcessGuid": "{3ba37a49-08da-68d1-1703-000000000100}",
      "ProcessId": "8336",
      "Image": "C:\\Windows\\System32\\consent.exe",
      "FileVersion": "10.0.19041.3636 (WinBuild.160101.0800)",
      "Description": "Consent UI for administrative applications",
      "Product": "Microsoft® Windows® Operating System",
      "Company": "Microsoft Corporation",
      "OriginalFileName": "consent.exe",
      "CommandLine": "consent.exe 4812 354 000002034AA90E50",
      "CurrentDirectory": "C:\\Windows\\system32\\",
      "User": "NT AUTHORITY\\SYSTEM",
      "LogonGuid": "{3ba37a49-cbed-68d1-e703-000000000000}",
      "LogonId": "0x00000000000003e7",
      "TerminalSessionId": "2",
      "IntegrityLevel": "System",
      "Hashes": "MD5=959461FE7E338B2BF1F75D6F860DAAE1,SHA256=BC1AC9C190C716778D80EF36AAE620F2B7B334D3776B628907581301ED97128C,IMPHASH=7001337914CFB426620F508E54CDF72F",
      "ParentProcessGuid": "{3ba37a49-fd40-68d0-3c01-000000000100}",
      "ParentProcessId": "4812",
      "ParentImage": "C:\\Windows\\System32\\svchost.exe",
      "ParentCommandLine": "C:\\Windows\\system32\\svchost.exe -k netsvcs -p -s Appinfo",
      "ParentUser": "NT AUTHORITY\\SYSTEM"
    }
  },
  {
    "event_id": "1",
    "time": "2025-09-22 08:29:14.298409+00:00",
    "record_id": "1",
    "computer": "D",
    "channel": "M",
    "provider": "Microsoft-Windows-Sysmon",
    "data": {
      "RuleName": "-",
      "UtcTime": "2025-09-22 08:29:14.279",
      "ProcessGuid": "{3ba37a49-08cb-68d1-1403-000000000100}",
      "ProcessId": "864",
      "Image": "C:\\Program Files (x86)\\Microsoft\\Edge\\Application\\msedge.exe",
      "TargetFilename": "C:\\Users\\client 1\\Downloads\\DumpIt.exe:Zone.Identifier",
      "CreationUtcTime": "2025-09-22 08:28:57.591",
      "Hash": "MD5=DC931613880048C9CD5BAEDA9106A888,SHA256=D0C276B0BB141B3F5BFE1BEE9D3697859A1BDA6BA46A1BA1CCD0A4F86BB4DF96,IMPHASH=00000000000000000000000000000000",
      "Contents": "[ZoneTransfer]  ZoneId=3  ReferrerUrl=https://www.toolwar.com/",
      "User": "DESKTOP-GTOLFFJ\\client 1"
    }
  },
  {
    "event_id": "1",
    "time": "2025-09-22 08:29:14.298447+00:00",
    "record_id": "1",
    "computer": "D",
    "channel": "M",
    "provider": "Microsoft-Windows-Sysmon",
    "data": {
      "RuleName": "-",
      "UtcTime": "2025-09-22 08:29:14.279",
      "ProcessGuid": "{3ba37a49-08cb-68d1-1403-000000000100}",
      "ProcessId": "864",
      "Image": "C:\\Program Files (x86)\\Microsoft\\Edge\\Application\\msedge.exe",
      "TargetFilename": "C:\\Users\\client 1\\Downloads\\DumpIt.exe",
      "CreationUtcTime": "2025-09-22 08:28:57.591",
      "Hash": "MD5=84F0FEB07BEAE896D471F45527D781B0,SHA256=7850850434059ADB8354629E2D1102A8FCC7BE8B606EDBB4BBB22A1060BAEC26,IMPHASH=43113498B8B20F2C980E4C01B8A5839D",
      "Contents": "-",
      "User": "DESKTOP-GTOLFFJ\\client 1"
    }
  },
  {
    "event_id": "1",
    "time": "2025-09-22 08:29:14.317423+00:00",
    "record_id": "1",
    "computer": "D",
    "channel": "M",
    "provider": "Microsoft-Windows-Sysmon",
    "data": {
      "RuleName": "-",
      "UtcTime": "2025-09-22 08:29:14.295",
      "ProcessGuid": "{3ba37a49-08cb-68d1-1403-000000000100}",
      "ProcessId": "864",
      "Image": "C:\\Program Files (x86)\\Microsoft\\Edge\\Application\\msedge.exe",
      "TargetFilename": "C:\\Users\\client 1\\Downloads\\DumpIt.exe:Zone.Identifier",
      "CreationUtcTime": "2025-09-22 08:28:57.591",
      "Hash": "MD5=A2CAD4EC6A6A28A3C57703B26D13D3D3,SHA256=14E7125A56E1B77A196C9C0E9BDDEC5BA6051A8633A9232D7366EDD8A698E975,IMPHASH=00000000000000000000000000000000",
      "Contents": "[ZoneTransfer]  ZoneId=3  ReferrerUrl=https://www.toolwar.com/  HostUrl=https://raw.githubusercontent.com/thimbleweed/All-In-USB/refs/heads/master/utilities/DumpIt/DumpIt.exe",
      "User": "DESKTOP-GTOLFFJ\\client 1"
    }
  },
  {
    "event_id": "1",
    "time": "2025-09-22 08:29:15.300013+00:00",
    "record_id": "1",
    "computer": "D",
    "channel": "M",
    "provider": "Microsoft-Windows-Sysmon",
    "data": {
      "RuleName": "-",
      "UtcTime": "2025-09-22 08:29:15.268",
      "ProcessGuid": "{3ba37a49-08db-68d1-1803-000000000100}",
      "ProcessId": "3924",
      "Image": "C:\\Program Files (x86)\\Microsoft\\EdgeUpdate\\Install\\{09726699-45D0-43AF-B603-0267E644F179}\\EDGEMITMP_10667.tmp\\setup.exe",
      "FileVersion": "140.0.3485.81",
      "Description": "Microsoft Edge Installer",
      "Product": "Microsoft Edge Installer",
      "Company": "Microsoft Corporation",
      "OriginalFileName": "setup.exe",
      "CommandLine": "\"C:\\Program Files (x86)\\Microsoft\\EdgeUpdate\\Install\\{09726699-45D0-43AF-B603-0267E644F179}\\EDGEMITMP_10667.tmp\\setup.exe\" --install-archive=\"C:\\Program Files (x86)\\Microsoft\\EdgeUpdate\\Install\\{09726699-45D0-43AF-B603-0267E644F179}\\MicrosoftEdge_X64_140.0.3485.81.exe\" --msedgewebview --verbose-logging --do-not-launch-msedge --system-level",
      "CurrentDirectory": "C:\\Program Files (x86)\\Microsoft\\EdgeUpdate\\1.3.199.11\\",
      "User": "NT AUTHORITY\\SYSTEM",
      "LogonGuid": "{3ba37a49-cbed-68d1-e703-000000000000}",
      "LogonId": "0x00000000000003e7",
      "TerminalSessionId": "0",
      "IntegrityLevel": "System",
      "Hashes": "MD5=633978B7402B695378A47D6D60122156,SHA256=F3A718556EDDC3833C49FA1CE58E683795D4044E9BBD05A4F985FB24124E2290,IMPHASH=FEAAA161935B3C215BB6530DC11DB019",
      "ParentProcessGuid": "{3ba37a49-08d9-68d1-1503-000000000100}",
      "ParentProcessId": "5372",
      "ParentImage": "C:\\Program Files (x86)\\Microsoft\\EdgeUpdate\\Install\\{09726699-45D0-43AF-B603-0267E644F179}\\MicrosoftEdge_X64_140.0.3485.81.exe",
      "ParentCommandLine": "\"C:\\Program Files (x86)\\Microsoft\\EdgeUpdate\\Install\\{09726699-45D0-43AF-B603-0267E644F179}\\MicrosoftEdge_X64_140.0.3485.81.exe\" --msedgewebview --verbose-logging --do-not-launch-msedge --system-level",
      "ParentUser": "NT AUTHORITY\\SYSTEM"
    }
  },
  {
    "event_id": "1",
    "time": "2025-09-22 08:29:15.539087+00:00",
    "record_id": "1",
    "computer": "D",
    "channel": "M",
    "provider": "Microsoft-Windows-Sysmon",
    "data": {
      "RuleName": "-",
      "UtcTime": "2025-09-22 08:29:15.528",
      "ProcessGuid": "{3ba37a49-08db-68d1-1903-000000000100}",
      "ProcessId": "7640",
      "Image": "C:\\Program Files (x86)\\Microsoft\\EdgeUpdate\\Install\\{09726699-45D0-43AF-B603-0267E644F179}\\EDGEMITMP_10667.tmp\\setup.exe",
      "FileVersion": "140.0.3485.81",
      "Description": "Microsoft Edge Installer",
      "Product": "Microsoft Edge Installer",
      "Company": "Microsoft Corporation",
      "OriginalFileName": "setup.exe",
      "CommandLine": "\"C:\\Program Files (x86)\\Microsoft\\EdgeUpdate\\Install\\{09726699-45D0-43AF-B603-0267E644F179}\\EDGEMITMP_10667.tmp\\setup.exe\" --type=crashpad-handler /prefetch:4 --monitor-self-annotation=ptype=crashpad-handler --database=C:\\Windows\\SystemTemp\\MsEdgeCrashpad --annotation=IsOfficialBuild=1 --annotation=channel= --annotation=chromium-version=140.0.7339.186 \"--annotation=exe=C:\\Program Files (x86)\\Microsoft\\EdgeUpdate\\Install\\{09726699-45D0-43AF-B603-0267E644F179}\\EDGEMITMP_10667.tmp\\setup.exe\" --annotation=plat=Win64 --annotation=prod=Edge --annotation=ver=140.0.3485.81 --initial-client-data=0x21c,0x220,0x224,0x1f8,0x228,0x7ff7695265d8,0x7ff7695265e4,0x7ff7695265f0",
      "CurrentDirectory": "C:\\Program Files (x86)\\Microsoft\\EdgeUpdate\\1.3.199.11\\",
      "User": "NT AUTHORITY\\SYSTEM",
      "LogonGuid": "{3ba37a49-cbed-68d1-e703-000000000000}",
      "LogonId": "0x00000000000003e7",
      "TerminalSessionId": "0",
      "IntegrityLevel": "System",
      "Hashes": "MD5=633978B7402B695378A47D6D60122156,SHA256=F3A718556EDDC3833C49FA1CE58E683795D4044E9BBD05A4F985FB24124E2290,IMPHASH=FEAAA161935B3C215BB6530DC11DB019",
      "ParentProcessGuid": "{3ba37a49-08db-68d1-1803-000000000100}",
      "ParentProcessId": "3924",
      "ParentImage": "C:\\Program Files (x86)\\Microsoft\\EdgeUpdate\\Install\\{09726699-45D0-43AF-B603-0267E644F179}\\EDGEMITMP_10667.tmp\\setup.exe",
      "ParentCommandLine": "\"C:\\Program Files (x86)\\Microsoft\\EdgeUpdate\\Install\\{09726699-45D0-43AF-B603-0267E644F179}\\EDGEMITMP_10667.tmp\\setup.exe\" --install-archive=\"C:\\Program Files (x86)\\Microsoft\\EdgeUpdate\\Install\\{09726699-45D0-43AF-B603-0267E644F179}\\MicrosoftEdge_X64_140.0.3485.81.exe\" --msedgewebview --verbose-logging --do-not-launch-msedge --system-level",
      "ParentUser": "NT AUTHORITY\\SYSTEM"
    }
  },
