  {
    "event_id": "1",
    "time": "2025-09-22 10:06:19.018904+00:00",
    "record_id": "3",
    "computer": "D",
    "channel": "M",
    "provider": "Microsoft-Windows-Sysmon",
    "data": {
      "RuleName": "-",
      "UtcTime": "2025-09-22 10:06:19.011",
      "ProcessGuid": "{3ba37a49-1f9b-68d1-a503-000000000100}",
      "ProcessId": "7524",
      "Image": "C:\\Windows\\servicing\\TrustedInstaller.exe",
      "FileVersion": "10.0.19041.3636 (WinBuild.160101.0800)",
      "Description": "Windows Modules Installer",
      "Product": "Microsoft® Windows® Operating System",
      "Company": "Microsoft Corporation",
      "OriginalFileName": "TrustedInstaller.exe",
      "CommandLine": "C:\\Windows\\servicing\\TrustedInstaller.exe",
      "CurrentDirectory": "C:\\Windows\\system32\\",
      "User": "NT AUTHORITY\\SYSTEM",
      "LogonGuid": "{3ba37a49-cbed-68d1-e703-000000000000}",
      "LogonId": "0x00000000000003e7",
      "TerminalSessionId": "0",
      "IntegrityLevel": "System",
      "Hashes": "MD5=CCD5B1323B66CCF68A8DF9B0A89CF1C0,SHA256=D6C9EAE7AEA81997D17DBFDB3218D18A1F3421A19C085E3CAB6A9F17919AAF07,IMPHASH=A36251F871E741F4ABE36BD6D61A9C01",
      "ParentProcessGuid": "{00000000-0000-0000-0000-000000000000}",
      "ParentProcessId": "812",
      "ParentImage": "-",
      "ParentCommandLine": "-",
      "ParentUser": "-"
    }
  },
  {
    "event_id": "1",
    "time": "2025-09-22 10:06:19.112022+00:00",
    "record_id": "3",
    "computer": "D",
    "channel": "M",
    "provider": "Microsoft-Windows-Sysmon",
    "data": {
      "RuleName": "-",
      "UtcTime": "2025-09-22 10:06:19.107",
      "ProcessGuid": "{3ba37a49-1f9b-68d1-a603-000000000100}",
      "ProcessId": "9100",
      "Image": "C:\\Windows\\WinSxS\\amd64_microsoft-windows-servicingstack_31bf3856ad364e35_10.0.19041.3745_none_7ded3f327ca60a41\\TiWorker.exe",
      "FileVersion": "10.0.19041.3745 (WinBuild.160101.0800)",
      "Description": "Windows Modules Installer Worker",
      "Product": "Microsoft® Windows® Operating System",
      "Company": "Microsoft Corporation",
      "OriginalFileName": "TiWorker.exe",
      "CommandLine": "C:\\Windows\\winsxs\\amd64_microsoft-windows-servicingstack_31bf3856ad364e35_10.0.19041.3745_none_7ded3f327ca60a41\\TiWorker.exe -Embedding",
      "CurrentDirectory": "C:\\Windows\\system32\\",
      "User": "NT AUTHORITY\\SYSTEM",
      "LogonGuid": "{3ba37a49-cbed-68d1-e703-000000000000}",
      "LogonId": "0x00000000000003e7",
      "TerminalSessionId": "0",
      "IntegrityLevel": "System",
      "Hashes": "MD5=6C9A7E436A9F8805EC6C7D0F67247AEC,SHA256=32375C229191BED9C301606AA7D3ABE6C8A368417DDDC82E59622957084AA942,IMPHASH=A85EB04C60D9F7AE6C25298B2A8FE3E9",
      "ParentProcessGuid": "{00000000-0000-0000-0000-000000000000}",
      "ParentProcessId": "960",
      "ParentImage": "-",
      "ParentCommandLine": "-",
      "ParentUser": "-"
    }
  },
  {
    "event_id": "1",
    "time": "2025-09-22 10:06:19.926529+00:00",
    "record_id": "3",
    "computer": "D",
    "channel": "M",
    "provider": "Microsoft-Windows-Sysmon",
    "data": {
      "RuleName": "-",
      "UtcTime": "2025-09-22 10:06:19.922",
      "ProcessGuid": "{3ba37a49-1f9b-68d1-a703-000000000100}",
      "ProcessId": "3592",
      "Image": "C:\\Windows\\System32\\MoUsoCoreWorker.exe",
      "FileVersion": "10.0.19041.3803 (WinBuild.160101.0800)",
      "Description": "MoUSO Core Worker Process",
      "Product": "Microsoft® Windows® Operating System",
      "Company": "Microsoft Corporation",
      "OriginalFileName": "MoUSOCoreWorker.exe",
      "CommandLine": "C:\\Windows\\System32\\mousocoreworker.exe -Embedding",
      "CurrentDirectory": "C:\\Windows\\system32\\",
      "User": "NT AUTHORITY\\SYSTEM",
      "LogonGuid": "{3ba37a49-cbed-68d1-e703-000000000000}",
      "LogonId": "0x00000000000003e7",
      "TerminalSessionId": "0",
      "IntegrityLevel": "System",
      "Hashes": "MD5=8B26C179551FE882853ED6E463B2ABA6,SHA256=AEEDB8980F13CE676D9EC597823ECB7B2675ABC43D41A4C5027451792B9ACB87,IMPHASH=8B1D4DC60AB313670A67A00DCC2297CD",
      "ParentProcessGuid": "{00000000-0000-0000-0000-000000000000}",
      "ParentProcessId": "960",
      "ParentImage": "-",
      "ParentCommandLine": "-",
      "ParentUser": "-"
    }
  },
  {
    "event_id": "1",
    "time": "2025-09-22 10:06:23.761293+00:00",
    "record_id": "3",
    "computer": "D",
    "channel": "M",
    "provider": "Microsoft-Windows-Sysmon",
    "data": {
      "RuleName": "-",
      "UtcTime": "2025-09-22 10:06:23.725",
      "ProcessGuid": "{3ba37a49-1f9f-68d1-aa03-000000000100}",
      "ProcessId": "2760",
      "Image": "C:\\Windows\\System32\\taskhostw.exe",
      "FileVersion": "10.0.19041.3636 (WinBuild.160101.0800)",
      "Description": "Host Process for Windows Tasks",
      "Product": "Microsoft® Windows® Operating System",
      "Company": "Microsoft Corporation",
      "OriginalFileName": "taskhostw.exe",
      "CommandLine": "taskhostw.exe",
      "CurrentDirectory": "C:\\Windows\\system32\\",
      "User": "NT AUTHORITY\\SYSTEM",
      "LogonGuid": "{3ba37a49-cbed-68d1-e703-000000000000}",
      "LogonId": "0x00000000000003e7",
      "TerminalSessionId": "0",
      "IntegrityLevel": "System",
      "Hashes": "MD5=9D68EEF2D82A328F0ECE1B641E5728CC,SHA256=976BB3FB062818E9643EC7F65BE2F267B90F63BD9F8BE0E6212D131183136140,IMPHASH=3A0C6863CDE566AF997DB2DEFFF9D924",
      "ParentProcessGuid": "{00000000-0000-0000-0000-000000000000}",
      "ParentProcessId": "1788",
      "ParentImage": "-",
      "ParentCommandLine": "-",
      "ParentUser": "-"
    }
  },
  {
    "event_id": "1",
    "time": "2025-09-22 10:06:33.981043+00:00",
    "record_id": "3",
    "computer": "D",
    "channel": "M",
    "provider": "Microsoft-Windows-Sysmon",
    "data": {
      "RuleName": "-",
      "UtcTime": "2025-09-22 10:06:33.972",
      "ProcessGuid": "{3ba37a49-1fa9-68d1-af03-000000000100}",
      "ProcessId": "6936",
      "Image": "C:\\Windows\\System32\\mmc.exe",
      "FileVersion": "10.0.19041.3758 (WinBuild.160101.0800)",
      "Description": "Microsoft Management Console",
      "Product": "Microsoft® Windows® Operating System",
      "Company": "Microsoft Corporation",
      "OriginalFileName": "mmc.exe",
      "CommandLine": "\"C:\\Windows\\system32\\mmc.exe\" C:\\Windows\\system32\\diskmgmt.msc",
      "CurrentDirectory": "C:\\Windows\\system32\\",
      "User": "DESKTOP-GTOLFFJ\\client 1",
      "LogonGuid": "{3ba37a49-fd37-68d0-095b-290000000000}",
      "LogonId": "0x0000000000295b09",
      "TerminalSessionId": "2",
      "IntegrityLevel": "Medium",
      "Hashes": "MD5=268D768255CDF00BF1B0AB97F146D12A,SHA256=CEB418CB93957EAE0D4ECFC17455F9677452E752E02D60A9A80F0A48E0AD5AF4,IMPHASH=5AEF584EA4BCED674B66847FE9D61F23",
      "ParentProcessGuid": "{3ba37a49-fd38-68d0-2201-000000000100}",
      "ParentProcessId": "1432",
      "ParentImage": "C:\\Windows\\System32\\sihost.exe",
      "ParentCommandLine": "sihost.exe",
      "ParentUser": "DESKTOP-GTOLFFJ\\client 1"
    }
  },
  {
    "event_id": "1",
    "time": "2025-09-22 10:06:34.528650+00:00",
    "record_id": "3",
    "computer": "D",
    "channel": "M",
    "provider": "Microsoft-Windows-Sysmon",
    "data": {
      "RuleName": "-",
      "UtcTime": "2025-09-22 10:06:34.523",
      "ProcessGuid": "{3ba37a49-1faa-68d1-b003-000000000100}",
      "ProcessId": "4508",
      "Image": "C:\\Windows\\System32\\consent.exe",
      "FileVersion": "10.0.19041.3636 (WinBuild.160101.0800)",
      "Description": "Consent UI for administrative applications",
      "Product": "Microsoft® Windows® Operating System",
      "Company": "Microsoft Corporation",
      "OriginalFileName": "consent.exe",
      "CommandLine": "consent.exe 4812 416 000002034AA51AC0",
      "CurrentDirectory": "C:\\Windows\\system32\\",
      "User": "NT AUTHORITY\\SYSTEM",
      "LogonGuid": "{3ba37a49-cbed-68d1-e703-000000000000}",
      "LogonId": "0x00000000000003e7",
      "TerminalSessionId": "2",
      "IntegrityLevel": "System",
      "Hashes": "MD5=959461FE7E338B2BF1F75D6F860DAAE1,SHA256=BC1AC9C190C716778D80EF36AAE620F2B7B334D3776B628907581301ED97128C,IMPHASH=7001337914CFB426620F508E54CDF72F",
      "ParentProcessGuid": "{3ba37a49-fd40-68d0-3c01-000000000100}",
      "ParentProcessId": "4812",
      "ParentImage": "C:\\Windows\\System32\\svchost.exe",
      "ParentCommandLine": "C:\\Windows\\system32\\svchost.exe -k netsvcs -p -s Appinfo",
      "ParentUser": "NT AUTHORITY\\SYSTEM"
    }
  },
  {
    "event_id": "1",
    "time": "2025-09-22 10:06:34.634211+00:00",
    "record_id": "3",
    "computer": "D",
    "channel": "M",
    "provider": "Microsoft-Windows-Sysmon",
    "data": {
      "RuleName": "-",
      "UtcTime": "2025-09-22 10:06:34.630",
      "ProcessGuid": "{3ba37a49-1faa-68d1-b103-000000000100}",
      "ProcessId": "4948",
      "Image": "C:\\Windows\\System32\\mmc.exe",
      "FileVersion": "10.0.19041.3758 (WinBuild.160101.0800)",
      "Description": "Microsoft Management Console",
      "Product": "Microsoft® Windows® Operating System",
      "Company": "Microsoft Corporation",
      "OriginalFileName": "mmc.exe",
      "CommandLine": "\"C:\\Windows\\system32\\mmc.exe\" C:\\Windows\\system32\\diskmgmt.msc",
      "CurrentDirectory": "C:\\Windows\\system32\\",
      "User": "DESKTOP-GTOLFFJ\\client 1",
      "LogonGuid": "{3ba37a49-fd37-68d0-ec5a-290000000000}",
      "LogonId": "0x0000000000295aec",
      "TerminalSessionId": "2",
      "IntegrityLevel": "High",
      "Hashes": "MD5=268D768255CDF00BF1B0AB97F146D12A,SHA256=CEB418CB93957EAE0D4ECFC17455F9677452E752E02D60A9A80F0A48E0AD5AF4,IMPHASH=5AEF584EA4BCED674B66847FE9D61F23",
      "ParentProcessGuid": "{3ba37a49-fd6f-68d0-5501-000000000100}",
      "ParentProcessId": "1216",
      "ParentImage": "C:\\Windows\\System32\\RuntimeBroker.exe",
      "ParentCommandLine": "C:\\Windows\\System32\\RuntimeBroker.exe -Embedding",
      "ParentUser": "DESKTOP-GTOLFFJ\\client 1"
    }
  },
  {
    "event_id": "1",
    "time": "2025-09-22 10:06:35.098917+00:00",
    "record_id": "3",
    "computer": "D",
    "channel": "M",
    "provider": "Microsoft-Windows-Sysmon",
    "data": {
      "RuleName": "-",
      "UtcTime": "2025-09-22 10:06:35.092",
      "ProcessGuid": "{3ba37a49-1fab-68d1-b203-000000000100}",
      "ProcessId": "8708",
      "Image": "C:\\Windows\\System32\\vdsldr.exe",
      "FileVersion": "10.0.19041.3636 (WinBuild.160101.0800)",
      "Description": "Virtual Disk Service Loader",
      "Product": "Microsoft® Windows® Operating System",
      "Company": "Microsoft Corporation",
      "OriginalFileName": "vdsldr.exe",
      "CommandLine": "C:\\Windows\\System32\\vdsldr.exe -Embedding",
      "CurrentDirectory": "C:\\Windows\\system32\\",
      "User": "DESKTOP-GTOLFFJ\\client 1",
      "LogonGuid": "{3ba37a49-fd37-68d0-ec5a-290000000000}",
      "LogonId": "0x0000000000295aec",
      "TerminalSessionId": "2",
      "IntegrityLevel": "High",
      "Hashes": "MD5=04937965D768BF16FE3ECDD4C62AAF05,SHA256=B77DD867F616AEA1219472F0AFF3D14F75562D10EEE7E0817F4508FD11717FD9,IMPHASH=9603C9CE05A128F079B59510B5F4D75C",
      "ParentProcessGuid": "{00000000-0000-0000-0000-000000000000}",
      "ParentProcessId": "960",
      "ParentImage": "-",
      "ParentCommandLine": "-",
      "ParentUser": "-"
    }
  },
  {
    "event_id": "1",
    "time": "2025-09-22 10:06:35.489017+00:00",
    "record_id": "3",
    "computer": "D",
    "channel": "M",
    "provider": "Microsoft-Windows-Sysmon",
    "data": {
      "RuleName": "-",
      "UtcTime": "2025-09-22 10:06:35.453",
      "ProcessGuid": "{3ba37a49-1fab-68d1-b303-000000000100}",
      "ProcessId": "896",
      "Image": "C:\\Windows\\System32\\vds.exe",
      "FileVersion": "10.0.19041.3636 (WinBuild.160101.0800)",
      "Description": "Virtual Disk Service",
      "Product": "Microsoft® Windows® Operating System",
      "Company": "Microsoft Corporation",
      "OriginalFileName": "vds.exe",
      "CommandLine": "C:\\Windows\\System32\\vds.exe",
      "CurrentDirectory": "C:\\Windows\\system32\\",
      "User": "NT AUTHORITY\\SYSTEM",
      "LogonGuid": "{3ba37a49-cbed-68d1-e703-000000000000}",
      "LogonId": "0x00000000000003e7",
      "TerminalSessionId": "0",
      "IntegrityLevel": "System",
      "Hashes": "MD5=EF731E3562CC0C4D3E70D0AF34687F27,SHA256=D6671F9B3787BC179FE96288D67BF028EC0DA2B0E4A9EAD9787F103751AE004F,IMPHASH=AF0B832B06A6C6368E2645292492D355",
      "ParentProcessGuid": "{00000000-0000-0000-0000-000000000000}",
      "ParentProcessId": "812",
      "ParentImage": "-",
      "ParentCommandLine": "-",
      "ParentUser": "-"
    }
  },
  {
    "event_id": "1",
    "time": "2025-09-22 10:06:52.415945+00:00",
    "record_id": "3",
    "computer": "D",
    "channel": "M",
    "provider": "Microsoft-Windows-Sysmon",
    "data": {
      "RuleName": "InvDB-Path",
      "EventType": "SetValue",
      "UtcTime": "2025-09-22 10:06:52.380",
      "ProcessGuid": "{3ba37a49-cbfb-68d1-4800-000000000100}",
      "ProcessId": "2456",
      "Image": "C:\\Windows\\System32\\svchost.exe",
      "TargetObject": "\\REGISTRY\\A\\{0232ed3c-56c9-167d-969a-b42679a62c79}\\Root\\InventoryApplicationFile\\mousocoreworker.|8858c0fc69bb3765\\LowerCaseLongPath",
      "Details": "c:\\windows\\system32\\mousocoreworker.exe",
      "User": "NT AUTHORITY\\SYSTEM"
    }
  },
  {
    "event_id": "1",
    "time": "2025-09-22 10:06:52.416243+00:00",
    "record_id": "3",
    "computer": "D",
    "channel": "M",
    "provider": "Microsoft-Windows-Sysmon",
    "data": {
      "RuleName": "InvDB-Pub",
      "EventType": "SetValue",
      "UtcTime": "2025-09-22 10:06:52.380",
      "ProcessGuid": "{3ba37a49-cbfb-68d1-4800-000000000100}",
      "ProcessId": "2456",
      "Image": "C:\\Windows\\System32\\svchost.exe",
      "TargetObject": "\\REGISTRY\\A\\{0232ed3c-56c9-167d-969a-b42679a62c79}\\Root\\InventoryApplicationFile\\mousocoreworker.|8858c0fc69bb3765\\Publisher",
      "Details": "microsoft corporation",
      "User": "NT AUTHORITY\\SYSTEM"
    }
  },
  {
    "event_id": "1",
    "time": "2025-09-22 10:06:52.417301+00:00",
    "record_id": "3",
    "computer": "D",
    "channel": "M",
    "provider": "Microsoft-Windows-Sysmon",
    "data": {
      "RuleName": "InvDB-CompileTimeClaim",
      "EventType": "SetValue",
      "UtcTime": "2025-09-22 10:06:52.380",
      "ProcessGuid": "{3ba37a49-cbfb-68d1-4800-000000000100}",
      "ProcessId": "2456",
      "Image": "C:\\Windows\\System32\\svchost.exe",
      "TargetObject": "\\REGISTRY\\A\\{0232ed3c-56c9-167d-969a-b42679a62c79}\\Root\\InventoryApplicationFile\\mousocoreworker.|8858c0fc69bb3765\\LinkDate",
      "Details": "01/16/2019 13:06:01",
      "User": "NT AUTHORITY\\SYSTEM"
    }
  },
  {
    "event_id": "1",
    "time": "2025-09-22 10:06:52.417414+00:00",
    "record_id": "3",
    "computer": "D",
    "channel": "M",
    "provider": "Microsoft-Windows-Sysmon",
    "data": {
      "RuleName": "InvDB-Ver",
      "EventType": "SetValue",
      "UtcTime": "2025-09-22 10:06:52.380",
      "ProcessGuid": "{3ba37a49-cbfb-68d1-4800-000000000100}",
      "ProcessId": "2456",
      "Image": "C:\\Windows\\System32\\svchost.exe",
      "TargetObject": "\\REGISTRY\\A\\{0232ed3c-56c9-167d-969a-b42679a62c79}\\Root\\InventoryApplicationFile\\mousocoreworker.|8858c0fc69bb3765\\BinProductVersion",
      "Details": "10.0.19041.3803",
      "User": "NT AUTHORITY\\SYSTEM"
    }
  },
  {
    "event_id": "1",
    "time": "2025-09-22 10:07:01.942074+00:00",
    "record_id": "3",
    "computer": "D",
    "channel": "M",
    "provider": "Microsoft-Windows-Sysmon",
    "data": {
      "RuleName": "-",
      "UtcTime": "2025-09-22 10:07:01.932",
      "ProcessGuid": "{3ba37a49-1fc5-68d1-b803-000000000100}",
      "ProcessId": "6264",
      "Image": "C:\\Windows\\System32\\MusNotifyIcon.exe",
      "FileVersion": "10.0.19041.3758 (WinBuild.160101.0800)",
      "Description": "MusNotifyIcon.exe",
      "Product": "Microsoft® Windows® Operating System",
      "Company": "Microsoft Corporation",
      "OriginalFileName": "MusNotifyIcon.exe",
      "CommandLine": "%%systemroot%%\\system32\\MusNotifyIcon.exe NotifyTrayIcon 13",
      "CurrentDirectory": "C:\\Windows\\system32\\",
      "User": "DESKTOP-GTOLFFJ\\client 1",
      "LogonGuid": "{3ba37a49-fd37-68d0-095b-290000000000}",
      "LogonId": "0x0000000000295b09",
      "TerminalSessionId": "2",
      "IntegrityLevel": "Medium",
      "Hashes": "MD5=5E470522DDE8FA4E4A2F76CF7F7BE674,SHA256=04EFA6704B5FF22071EFECC4047075F43DD5B89A484BBD3D3C51D4E279C74EA5,IMPHASH=99D946483D8D5F5588B1D8500235A2B0",
      "ParentProcessGuid": "{3ba37a49-1fbd-68d1-b403-000000000100}",
      "ParentProcessId": "400",
      "ParentImage": "C:\\Windows\\System32\\MusNotification.exe",
      "ParentCommandLine": "\"C:\\Windows\\system32\\MusNotification.exe\"",
      "ParentUser": "NT AUTHORITY\\SYSTEM"
    }
  },
  {
    "event_id": "1",
    "time": "2025-09-22 10:08:19.995916+00:00",
    "record_id": "3",
    "computer": "D",
    "channel": "M",
    "provider": "Microsoft-Windows-Sysmon",
    "data": {
      "RuleName": "-",
      "UtcTime": "2025-09-22 10:08:19.978",
      "ProcessGuid": "{3ba37a49-2013-68d1-bb03-000000000100}",
      "ProcessId": "6004",
      "Image": "C:\\Windows\\System32\\svchost.exe",
      "FileVersion": "10.0.19041.3636 (WinBuild.160101.0800)",
      "Description": "Host Process for Windows Services",
      "Product": "Microsoft® Windows® Operating System",
      "Company": "Microsoft Corporation",
      "OriginalFileName": "svchost.exe",
      "CommandLine": "C:\\Windows\\system32\\svchost.exe -k netsvcs -p -s DsmSvc",
      "CurrentDirectory": "C:\\Windows\\system32\\",
      "User": "NT AUTHORITY\\SYSTEM",
      "LogonGuid": "{3ba37a49-cbed-68d1-e703-000000000000}",
      "LogonId": "0x00000000000003e7",
      "TerminalSessionId": "0",
      "IntegrityLevel": "System",
      "Hashes": "MD5=145DCF6706EEEA5B066885EE17964C09,SHA256=F13DE58416730D210DAB465B242E9C949FB0A0245EEF45B07C381F0C6C8A43C3,IMPHASH=247B9220E5D9B720A82B2C8B5069AD69",
      "ParentProcessGuid": "{00000000-0000-0000-0000-000000000000}",
      "ParentProcessId": "812",
      "ParentImage": "-",
      "ParentCommandLine": "-",
      "ParentUser": "-"
    }
  },
  {
    "event_id": "1",
    "time": "2025-09-22 10:08:24.324476+00:00",
    "record_id": "3",
    "computer": "D",
    "channel": "M",
    "provider": "Microsoft-Windows-Sysmon",
    "data": {
      "RuleName": "-",
      "UtcTime": "2025-09-22 10:08:24.316",
      "ProcessGuid": "{3ba37a49-2018-68d1-be03-000000000100}",
      "ProcessId": "7172",
      "Image": "C:\\Windows\\System32\\WUDFHost.exe",
      "FileVersion": "10.0.19041.3758 (WinBuild.160101.0800)",
      "Description": "Windows Driver Foundation - User-mode Driver Framework Host Process",
      "Product": "Microsoft® Windows® Operating System",
      "Company": "Microsoft Corporation",
      "OriginalFileName": "WUDFHost.exe",
      "CommandLine": "\"C:\\Windows\\System32\\WUDFHost.exe\" -HostGUID:{193a1820-d9ac-4997-8c55-be817523f6aa} -IoEventPortName:\\UMDFCommunicationPorts\\WUDF\\HostProcess-5ee544d8-3536-4276-be89-3e4961a1f285 -SystemEventPortName:\\UMDFCommunicationPorts\\WUDF\\HostProcess-fc03718c-8a69-41d1-a10f-8e15a085abf1 -IoCancelEventPortName:\\UMDFCommunicationPorts\\WUDF\\HostProcess-4582af06-6459-459d-8949-495040a432b4 -NonStateChangingEventPortName:\\UMDFCommunicationPorts\\WUDF\\HostProcess-82e76e12-5473-4f0d-83e3-c65122b7bf5c -LifetimeId:95b8c6d9-a0f0-4cee-bc14-ad081eb93c20 -DeviceGroupId:WpdFsGroup -HostArg:0",
      "CurrentDirectory": "C:\\Windows\\system32\\",
      "User": "NT AUTHORITY\\LOCAL SERVICE",
      "LogonGuid": "{3ba37a49-cbee-68d1-e503-000000000000}",
      "LogonId": "0x00000000000003e5",
      "TerminalSessionId": "0",
      "IntegrityLevel": "System",
      "Hashes": "MD5=F39650983CFD01CBBC6158C6BF7FE522,SHA256=4AFB76B497A7B1B37A9D597550827E829CABAF1F019B62A65A536D8F1832C90B,IMPHASH=3FB4FBF226FDE242843AE0A7C907D1D5",
      "ParentProcessGuid": "{00000000-0000-0000-0000-000000000000}",
      "ParentProcessId": "812",
      "ParentImage": "-",
      "ParentCommandLine": "-",
      "ParentUser": "-"
    }
  },
  {
    "event_id": "1",
    "time": "2025-09-22 10:08:25.133507+00:00",
    "record_id": "3",
    "computer": "D",
    "channel": "M",
    "provider": "Microsoft-Windows-Sysmon",
    "data": {
      "RuleName": "Context,DeviceConnectedOrUpdated",
      "EventType": "SetValue",
      "UtcTime": "2025-09-22 10:08:25.119",
      "ProcessGuid": "{3ba37a49-2018-68d1-be03-000000000100}",
      "ProcessId": "7172",
      "Image": "C:\\Windows\\System32\\WUDFHost.exe",
      "TargetObject": "HKLM\\SOFTWARE\\Microsoft\\Windows Portable Devices\\Devices\\SWD#WPDBUSENUM#{7B54DF2C-9802-11F0-AB29-F42679ADC914}#0000000000100000\\FriendlyName",
      "Details": "New Volume",
      "User": "NT AUTHORITY\\LOCAL SERVICE"
    }
  },
  {
    "event_id": "1",
    "time": "2025-09-22 10:08:25.133547+00:00",
    "record_id": "3",
    "computer": "D",
    "channel": "M",
    "provider": "Microsoft-Windows-Sysmon",
    "data": {
      "RuleName": "Context,DeviceConnectedOrUpdated",
      "EventType": "SetValue",
      "UtcTime": "2025-09-22 10:08:25.119",
      "ProcessGuid": "{3ba37a49-2018-68d1-be03-000000000100}",
      "ProcessId": "7172",
      "Image": "C:\\Windows\\System32\\WUDFHost.exe",
      "TargetObject": "HKLM\\System\\CurrentControlSet\\Enum\\SWD\\WPDBUSENUM\\{7b54df2c-9802-11f0-ab29-f42679adc914}#0000000000100000\\FriendlyName",
      "Details": "New Volume",
      "User": "NT AUTHORITY\\LOCAL SERVICE"
    }
  },
  {
    "event_id": "1",
    "time": "2025-09-22 10:08:31.953613+00:00",
    "record_id": "3",
    "computer": "D",
    "channel": "M",
    "provider": "Microsoft-Windows-Sysmon",
    "data": {
      "RuleName": "-",
      "UtcTime": "2025-09-22 10:08:31.938",
      "ProcessGuid": "{3ba37a49-201f-68d1-bf03-000000000100}",
      "ProcessId": "8308",
      "Image": "C:\\Windows\\System32\\notepad.exe",
      "FileVersion": "10.0.19041.3636 (WinBuild.160101.0800)",
      "Description": "Notepad",
      "Product": "Microsoft® Windows® Operating System",
      "Company": "Microsoft Corporation",
      "OriginalFileName": "NOTEPAD.EXE",
      "CommandLine": "\"C:\\Windows\\system32\\NOTEPAD.EXE\" E:\\memory_dump.sha256.txt",
      "CurrentDirectory": "C:\\Windows\\system32\\",
      "User": "DESKTOP-GTOLFFJ\\client 1",
      "LogonGuid": "{3ba37a49-fd37-68d0-095b-290000000000}",
      "LogonId": "0x0000000000295b09",
      "TerminalSessionId": "2",
      "IntegrityLevel": "Medium",
      "Hashes": "MD5=E60295D4D202496C1D689343BB58C9E0,SHA256=BAEFAFD4C558E8EC66A5772B8AC8DC18D51789CCAF97BE5FC66CD63A71CAF75C,IMPHASH=09ED737A03DB7295BF734A9953F6EB5E",
      "ParentProcessGuid": "{3ba37a49-fd39-68d0-2b01-000000000100}",
      "ParentProcessId": "4912",
      "ParentImage": "C:\\Windows\\explorer.exe",
      "ParentCommandLine": "C:\\Windows\\Explorer.EXE",
      "ParentUser": "DESKTOP-GTOLFFJ\\client 1"
    }
  },
  {
    "event_id": "1",
    "time": "2025-09-22 10:08:35.013103+00:00",
    "record_id": "3",
    "computer": "D",
    "channel": "M",
    "provider": "Microsoft-Windows-Sysmon",
    "data": {
      "RuleName": "InvDB-DriverVer",
      "EventType": "SetValue",
      "UtcTime": "2025-09-22 10:08:35.004",
      "ProcessGuid": "{3ba37a49-f924-68d0-7500-000000000100}",
      "ProcessId": "5016",
      "Image": "C:\\Windows\\system32\\svchost.exe",
      "TargetObject": "\\REGISTRY\\A\\{0232ed3c-56c9-167d-969a-b42679a62c79}\\Root\\InventoryDevicePnp\\swd/wpdbusenum/{7b54df2c-9802-11f0-ab29-f42679adc914}#0000000000100000\\DriverVerVersion",
      "Details": "10.0.19041.3636",
      "User": "NT AUTHORITY\\SYSTEM"
    }
  },
  {
    "event_id": "1",
    "time": "2025-09-22 10:08:37.766790+00:00",
    "record_id": "3",
    "computer": "D",
    "channel": "M",
    "provider": "Microsoft-Windows-Sysmon",
    "data": {
      "RuleName": "DLL",
      "UtcTime": "2025-09-22 10:08:37.731",
      "ProcessGuid": "{3ba37a49-1fa0-68d1-ab03-000000000100}",
      "ProcessId": "7884",
      "Image": "C:\\Windows\\system32\\svchost.exe",
      "TargetFilename": "C:\\Windows\\SoftwareDistribution\\Download\\fd29fb1092a8bbeb831dfbb5784174b9\\Metadata\\UpdateAgent.dll",
      "CreationUtcTime": "2025-09-22 10:08:37.731",
      "User": "NT AUTHORITY\\SYSTEM"
    }
  },
  {
    "event_id": "1",
    "time": "2025-09-22 10:08:37.791452+00:00",
    "record_id": "3",
    "computer": "D",
    "channel": "M",
    "provider": "Microsoft-Windows-Sysmon",
    "data": {
      "RuleName": "DLL",
      "UtcTime": "2025-09-22 10:08:37.762",
      "ProcessGuid": "{3ba37a49-1fa0-68d1-ab03-000000000100}",
      "ProcessId": "7884",
      "Image": "C:\\Windows\\system32\\svchost.exe",
      "TargetFilename": "C:\\Windows\\SoftwareDistribution\\Download\\fd29fb1092a8bbeb831dfbb5784174b9\\Metadata\\dpx.dll",
      "CreationUtcTime": "2025-09-22 10:08:37.762",
      "User": "NT AUTHORITY\\SYSTEM"
    }
  },
  {
    "event_id": "1",
    "time": "2025-09-22 10:08:37.791475+00:00",
    "record_id": "3",
    "computer": "D",
    "channel": "M",
    "provider": "Microsoft-Windows-Sysmon",
    "data": {
      "RuleName": "DLL",
      "UtcTime": "2025-09-22 10:08:37.777",
      "ProcessGuid": "{3ba37a49-1fa0-68d1-ab03-000000000100}",
      "ProcessId": "7884",
      "Image": "C:\\Windows\\system32\\svchost.exe",
      "TargetFilename": "C:\\Windows\\SoftwareDistribution\\Download\\fd29fb1092a8bbeb831dfbb5784174b9\\Metadata\\Mitigation.dll",
      "CreationUtcTime": "2025-09-22 10:08:37.777",
      "User": "NT AUTHORITY\\SYSTEM"
    }
  },
  {
    "event_id": "1",
    "time": "2025-09-22 10:08:37.799295+00:00",
    "record_id": "3",
    "computer": "D",
    "channel": "M",
    "provider": "Microsoft-Windows-Sysmon",
    "data": {
      "RuleName": "DLL",
      "UtcTime": "2025-09-22 10:08:37.793",
      "ProcessGuid": "{3ba37a49-1fa0-68d1-ab03-000000000100}",
      "ProcessId": "7884",
      "Image": "C:\\Windows\\system32\\svchost.exe",
      "TargetFilename": "C:\\Windows\\SoftwareDistribution\\Download\\fd29fb1092a8bbeb831dfbb5784174b9\\Metadata\\UAOneSettings.dll",
      "CreationUtcTime": "2025-09-22 10:08:37.793",
      "User": "NT AUTHORITY\\SYSTEM"
    }
  },
  {
    "event_id": "1",
    "time": "2025-09-22 10:08:37.825176+00:00",
    "record_id": "3",
    "computer": "D",
    "channel": "M",
    "provider": "Microsoft-Windows-Sysmon",
    "data": {
      "RuleName": "DLL",
      "UtcTime": "2025-09-22 10:08:37.799",
      "ProcessGuid": "{3ba37a49-1fa0-68d1-ab03-000000000100}",
      "ProcessId": "7884",
      "Image": "C:\\Windows\\system32\\svchost.exe",
      "TargetFilename": "C:\\Windows\\SoftwareDistribution\\Download\\fd29fb1092a8bbeb831dfbb5784174b9\\Metadata\\wcp.dll",
      "CreationUtcTime": "2025-09-22 10:08:37.799",
      "User": "NT AUTHORITY\\SYSTEM"
    }
  },
  {
    "event_id": "1",
    "time": "2025-09-22 10:08:37.872709+00:00",
    "record_id": "3",
    "computer": "D",
    "channel": "M",
    "provider": "Microsoft-Windows-Sysmon",
    "data": {
      "RuleName": "DLL",
      "UtcTime": "2025-09-22 10:08:37.844",
      "ProcessGuid": "{3ba37a49-1fa0-68d1-ab03-000000000100}",
      "ProcessId": "7884",
      "Image": "C:\\Windows\\system32\\svchost.exe",
      "TargetFilename": "C:\\Windows\\SoftwareDistribution\\Download\\fd29fb1092a8bbeb831dfbb5784174b9\\Metadata\\TurboStack.dll",
      "CreationUtcTime": "2025-09-22 10:08:37.844",
      "User": "NT AUTHORITY\\SYSTEM"
    }
  },
  {
    "event_id": "1",
    "time": "2025-09-22 10:08:37.872732+00:00",
    "record_id": "3",
    "computer": "D",
    "channel": "M",
    "provider": "Microsoft-Windows-Sysmon",
    "data": {
      "RuleName": "DLL",
      "UtcTime": "2025-09-22 10:08:37.856",
      "ProcessGuid": "{3ba37a49-1fa0-68d1-ab03-000000000100}",
      "ProcessId": "7884",
      "Image": "C:\\Windows\\system32\\svchost.exe",
      "TargetFilename": "C:\\Windows\\SoftwareDistribution\\Download\\fd29fb1092a8bbeb831dfbb5784174b9\\Metadata\\ReserveManager.dll",
      "CreationUtcTime": "2025-09-22 10:08:37.856",
      "User": "NT AUTHORITY\\SYSTEM"
    }
  },
  {
    "event_id": "1",
    "time": "2025-09-22 10:08:37.872753+00:00",
    "record_id": "3",
    "computer": "D",
    "channel": "M",
    "provider": "Microsoft-Windows-Sysmon",
    "data": {
      "RuleName": "DLL",
      "UtcTime": "2025-09-22 10:08:37.859",
      "ProcessGuid": "{3ba37a49-1fa0-68d1-ab03-000000000100}",
      "ProcessId": "7884",
      "Image": "C:\\Windows\\system32\\svchost.exe",
      "TargetFilename": "C:\\Windows\\SoftwareDistribution\\Download\\fd29fb1092a8bbeb831dfbb5784174b9\\Metadata\\WinREAgent.dll",
      "CreationUtcTime": "2025-09-22 10:08:37.859",
      "User": "NT AUTHORITY\\SYSTEM"
    }
  },
  {
    "event_id": "1",
    "time": "2025-09-22 10:08:37.889051+00:00",
    "record_id": "3",
    "computer": "D",
    "channel": "M",
    "provider": "Microsoft-Windows-Sysmon",
    "data": {
      "RuleName": "DLL",
      "UtcTime": "2025-09-22 10:08:37.870",
      "ProcessGuid": "{3ba37a49-1fa0-68d1-ab03-000000000100}",
      "ProcessId": "7884",
      "Image": "C:\\Windows\\system32\\svchost.exe",
      "TargetFilename": "C:\\Windows\\SoftwareDistribution\\Download\\fd29fb1092a8bbeb831dfbb5784174b9\\Metadata\\fvereseal.dll",
      "CreationUtcTime": "2025-09-22 10:08:37.870",
      "User": "NT AUTHORITY\\SYSTEM"
    }
  },
  {
    "event_id": "1",
    "time": "2025-09-22 10:09:10.354706+00:00",
    "record_id": "3",
    "computer": "D",
    "channel": "M",
    "provider": "Microsoft-Windows-Sysmon",
    "data": {
      "RuleName": "DLL",
      "UtcTime": "2025-09-22 10:09:10.329",
      "ProcessGuid": "{3ba37a49-1fa0-68d1-ab03-000000000100}",
      "ProcessId": "7884",
      "Image": "C:\\Windows\\system32\\svchost.exe",
      "TargetFilename": "C:\\Windows\\SoftwareDistribution\\Download\\fd29fb1092a8bbeb831dfbb5784174b9\\Metadata\\UpdateAgent.dll",
      "CreationUtcTime": "2025-09-04 02:35:18.000",
      "User": "NT AUTHORITY\\SYSTEM"
    }
  },
  {
    "event_id": "1",
    "time": "2025-09-22 10:09:10.418303+00:00",
    "record_id": "3",
    "computer": "D",
    "channel": "M",
    "provider": "Microsoft-Windows-Sysmon",
    "data": {
      "RuleName": "DLL",
      "UtcTime": "2025-09-22 10:09:10.361",
      "ProcessGuid": "{3ba37a49-1fa0-68d1-ab03-000000000100}",
      "ProcessId": "7884",
      "Image": "C:\\Windows\\system32\\svchost.exe",
      "TargetFilename": "C:\\Windows\\SoftwareDistribution\\Download\\fd29fb1092a8bbeb831dfbb5784174b9\\Metadata\\dpx.dll",
      "CreationUtcTime": "2025-09-04 02:35:18.000",
      "User": "NT AUTHORITY\\SYSTEM"
    }
  },
  {
    "event_id": "1",
    "time": "2025-09-22 10:09:10.418329+00:00",
    "record_id": "3",
    "computer": "D",
    "channel": "M",
    "provider": "Microsoft-Windows-Sysmon",
    "data": {
      "RuleName": "DLL",
      "UtcTime": "2025-09-22 10:09:10.376",
      "ProcessGuid": "{3ba37a49-1fa0-68d1-ab03-000000000100}",
      "ProcessId": "7884",
      "Image": "C:\\Windows\\system32\\svchost.exe",
      "TargetFilename": "C:\\Windows\\SoftwareDistribution\\Download\\fd29fb1092a8bbeb831dfbb5784174b9\\Metadata\\Mitigation.dll",
      "CreationUtcTime": "2025-09-04 02:35:16.000",
      "User": "NT AUTHORITY\\SYSTEM"
    }
  },
  {
    "event_id": "1",
    "time": "2025-09-22 10:09:10.418350+00:00",
    "record_id": "3",
    "computer": "D",
    "channel": "M",
    "provider": "Microsoft-Windows-Sysmon",
    "data": {
      "RuleName": "DLL",
      "UtcTime": "2025-09-22 10:09:10.376",
      "ProcessGuid": "{3ba37a49-1fa0-68d1-ab03-000000000100}",
      "ProcessId": "7884",
      "Image": "C:\\Windows\\system32\\svchost.exe",
      "TargetFilename": "C:\\Windows\\SoftwareDistribution\\Download\\fd29fb1092a8bbeb831dfbb5784174b9\\Metadata\\UAOneSettings.dll",
      "CreationUtcTime": "2025-09-04 02:35:16.000",
      "User": "NT AUTHORITY\\SYSTEM"
    }
  },
  {
    "event_id": "1",
    "time": "2025-09-22 10:09:10.418369+00:00",
    "record_id": "3",
    "computer": "D",
    "channel": "M",
    "provider": "Microsoft-Windows-Sysmon",
    "data": {
      "RuleName": "DLL",
      "UtcTime": "2025-09-22 10:09:10.392",
      "ProcessGuid": "{3ba37a49-1fa0-68d1-ab03-000000000100}",
      "ProcessId": "7884",
      "Image": "C:\\Windows\\system32\\svchost.exe",
      "TargetFilename": "C:\\Windows\\SoftwareDistribution\\Download\\fd29fb1092a8bbeb831dfbb5784174b9\\Metadata\\wcp.dll",
      "CreationUtcTime": "2025-09-04 02:35:18.000",
      "User": "NT AUTHORITY\\SYSTEM"
    }
  },
  {
    "event_id": "1",
    "time": "2025-09-22 10:09:10.497183+00:00",
    "record_id": "3",
    "computer": "D",
    "channel": "M",
    "provider": "Microsoft-Windows-Sysmon",
    "data": {
      "RuleName": "DLL",
      "UtcTime": "2025-09-22 10:09:10.454",
      "ProcessGuid": "{3ba37a49-1fa0-68d1-ab03-000000000100}",
      "ProcessId": "7884",
      "Image": "C:\\Windows\\system32\\svchost.exe",
      "TargetFilename": "C:\\Windows\\SoftwareDistribution\\Download\\fd29fb1092a8bbeb831dfbb5784174b9\\Metadata\\TurboStack.dll",
      "CreationUtcTime": "2025-09-04 02:35:18.000",
      "User": "NT AUTHORITY\\SYSTEM"
    }
  },
  {
    "event_id": "1",
    "time": "2025-09-22 10:09:10.536959+00:00",
    "record_id": "3",
    "computer": "D",
    "channel": "M",
    "provider": "Microsoft-Windows-Sysmon",
    "data": {
      "RuleName": "DLL",
      "UtcTime": "2025-09-22 10:09:10.486",
      "ProcessGuid": "{3ba37a49-1fa0-68d1-ab03-000000000100}",
      "ProcessId": "7884",
      "Image": "C:\\Windows\\system32\\svchost.exe",
      "TargetFilename": "C:\\Windows\\SoftwareDistribution\\Download\\fd29fb1092a8bbeb831dfbb5784174b9\\Metadata\\ReserveManager.dll",
      "CreationUtcTime": "2025-09-04 02:35:16.000",
      "User": "NT AUTHORITY\\SYSTEM"
    }
  },
  {
    "event_id": "1",
    "time": "2025-09-22 10:09:10.537075+00:00",
    "record_id": "3",
    "computer": "D",
    "channel": "M",
    "provider": "Microsoft-Windows-Sysmon",
    "data": {
      "RuleName": "DLL",
      "UtcTime": "2025-09-22 10:09:10.501",
      "ProcessGuid": "{3ba37a49-1fa0-68d1-ab03-000000000100}",
      "ProcessId": "7884",
      "Image": "C:\\Windows\\system32\\svchost.exe",
      "TargetFilename": "C:\\Windows\\SoftwareDistribution\\Download\\fd29fb1092a8bbeb831dfbb5784174b9\\Metadata\\WinREAgent.dll",
      "CreationUtcTime": "2025-09-04 02:35:18.000",
      "User": "NT AUTHORITY\\SYSTEM"
    }
  },
  {
    "event_id": "1",
    "time": "2025-09-22 10:09:10.537104+00:00",
    "record_id": "3",
    "computer": "D",
    "channel": "M",
    "provider": "Microsoft-Windows-Sysmon",
    "data": {
      "RuleName": "DLL",
      "UtcTime": "2025-09-22 10:09:10.501",
      "ProcessGuid": "{3ba37a49-1fa0-68d1-ab03-000000000100}",
      "ProcessId": "7884",
      "Image": "C:\\Windows\\system32\\svchost.exe",
      "TargetFilename": "C:\\Windows\\SoftwareDistribution\\Download\\fd29fb1092a8bbeb831dfbb5784174b9\\Metadata\\fvereseal.dll",
      "CreationUtcTime": "2025-09-04 02:35:18.000",
      "User": "NT AUTHORITY\\SYSTEM"
    }
  },
  {
    "event_id": "1",
    "time": "2025-09-22 10:09:20.948551+00:00",
    "record_id": "3",
    "computer": "D",
    "channel": "M",
    "provider": "Microsoft-Windows-Sysmon",
    "data": {
      "RuleName": "-",
      "UtcTime": "2025-09-22 10:09:20.821",
      "ProcessGuid": "{3ba37a49-2050-68d1-c103-000000000100}",
      "ProcessId": "3968",
      "Image": "C:\\Windows\\System32\\notepad.exe",
      "FileVersion": "10.0.19041.3636 (WinBuild.160101.0800)",
      "Description": "Notepad",
      "Product": "Microsoft® Windows® Operating System",
      "Company": "Microsoft Corporation",
      "OriginalFileName": "NOTEPAD.EXE",
      "CommandLine": "\"C:\\Windows\\system32\\notepad.exe\"",
      "CurrentDirectory": "C:\\Users\\client 1\\",
      "User": "DESKTOP-GTOLFFJ\\client 1",
      "LogonGuid": "{3ba37a49-fd37-68d0-095b-290000000000}",
      "LogonId": "0x0000000000295b09",
      "TerminalSessionId": "2",
      "IntegrityLevel": "Medium",
      "Hashes": "MD5=E60295D4D202496C1D689343BB58C9E0,SHA256=BAEFAFD4C558E8EC66A5772B8AC8DC18D51789CCAF97BE5FC66CD63A71CAF75C,IMPHASH=09ED737A03DB7295BF734A9953F6EB5E",
      "ParentProcessGuid": "{3ba37a49-fd39-68d0-2b01-000000000100}",
      "ParentProcessId": "4912",
      "ParentImage": "C:\\Windows\\explorer.exe",
      "ParentCommandLine": "C:\\Windows\\Explorer.EXE",
      "ParentUser": "DESKTOP-GTOLFFJ\\client 1"
    }
  },
  {
    "event_id": "1",
    "time": "2025-09-22 10:09:22.605846+00:00",
    "record_id": "3",
    "computer": "D",
    "channel": "M",
    "provider": "Microsoft-Windows-Sysmon",
    "data": {
      "RuleName": "DLL",
      "UtcTime": "2025-09-22 10:09:22.596",
      "ProcessGuid": "{3ba37a49-1fa0-68d1-ab03-000000000100}",
      "ProcessId": "7884",
      "Image": "C:\\Windows\\system32\\svchost.exe",
      "TargetFilename": "C:\\Windows\\SoftwareDistribution\\Download\\574ea5e93a93625d3c1b7092246bf566\\Metadata\\UpdateAgent.dll",
      "CreationUtcTime": "2025-09-22 10:09:22.596",
      "User": "NT AUTHORITY\\SYSTEM"
    }
  },
  {
    "event_id": "1",
    "time": "2025-09-22 10:09:22.692511+00:00",
    "record_id": "3",
    "computer": "D",
    "channel": "M",
    "provider": "Microsoft-Windows-Sysmon",
    "data": {
      "RuleName": "DLL",
      "UtcTime": "2025-09-22 10:09:22.643",
      "ProcessGuid": "{3ba37a49-1fa0-68d1-ab03-000000000100}",
      "ProcessId": "7884",
      "Image": "C:\\Windows\\system32\\svchost.exe",
      "TargetFilename": "C:\\Windows\\SoftwareDistribution\\Download\\574ea5e93a93625d3c1b7092246bf566\\Metadata\\ExeUpdateAgent.dll",
      "CreationUtcTime": "2025-09-22 10:09:22.643",
      "User": "NT AUTHORITY\\SYSTEM"
    }
  },
  {
    "event_id": "1",
    "time": "2025-09-22 10:09:22.769922+00:00",
    "record_id": "3",
    "computer": "D",
    "channel": "M",
    "provider": "Microsoft-Windows-Sysmon",
    "data": {
      "RuleName": "DLL",
      "UtcTime": "2025-09-22 10:09:22.690",
      "ProcessGuid": "{3ba37a49-1fa0-68d1-ab03-000000000100}",
      "ProcessId": "7884",
      "Image": "C:\\Windows\\system32\\svchost.exe",
      "TargetFilename": "C:\\Windows\\SoftwareDistribution\\Download\\574ea5e93a93625d3c1b7092246bf566\\Metadata\\Dpx.dll",
      "CreationUtcTime": "2025-09-22 10:09:22.690",
      "User": "NT AUTHORITY\\SYSTEM"
    }
  },
  {
    "event_id": "1",
    "time": "2025-09-22 10:09:22.769943+00:00",
    "record_id": "3",
    "computer": "D",
    "channel": "M",
    "provider": "Microsoft-Windows-Sysmon",
    "data": {
      "RuleName": "DLL",
      "UtcTime": "2025-09-22 10:09:22.705",
      "ProcessGuid": "{3ba37a49-1fa0-68d1-ab03-000000000100}",
      "ProcessId": "7884",
      "Image": "C:\\Windows\\system32\\svchost.exe",
      "TargetFilename": "C:\\Windows\\SoftwareDistribution\\Download\\574ea5e93a93625d3c1b7092246bf566\\Metadata\\Mitigation.dll",
      "CreationUtcTime": "2025-09-22 10:09:22.705",
      "User": "NT AUTHORITY\\SYSTEM"
    }
  },
  {
    "event_id": "1",
    "time": "2025-09-22 10:09:22.790066+00:00",
    "record_id": "3",
    "computer": "D",
    "channel": "M",
    "provider": "Microsoft-Windows-Sysmon",
    "data": {
      "RuleName": "DLL",
      "UtcTime": "2025-09-22 10:09:22.768",
      "ProcessGuid": "{3ba37a49-1fa0-68d1-ab03-000000000100}",
      "ProcessId": "7884",
      "Image": "C:\\Windows\\system32\\svchost.exe",
      "TargetFilename": "C:\\Windows\\SoftwareDistribution\\Download\\574ea5e93a93625d3c1b7092246bf566\\Metadata\\UAOneSettings.dll",
      "CreationUtcTime": "2025-09-22 10:09:22.768",
      "User": "NT AUTHORITY\\SYSTEM"
    }
  },
  {
    "event_id": "1",
    "time": "2025-09-22 10:09:29.351318+00:00",
    "record_id": "3",
    "computer": "D",
    "channel": "M",
    "provider": "Microsoft-Windows-Sysmon",
    "data": {
      "RuleName": "EXE",
      "UtcTime": "2025-09-22 10:09:29.330",
      "ProcessGuid": "{3ba37a49-1fc4-68d1-b603-000000000100}",
      "ProcessId": "5272",
      "Image": "C:\\Windows\\System32\\svchost.exe",
      "TargetFilename": "C:\\Windows\\SoftwareDistribution\\Download\\574ea5e93a93625d3c1b7092246bf566\\unifiedinstaller.exe",
      "CreationUtcTime": "2025-09-22 10:09:29.330",
      "User": "NT AUTHORITY\\NETWORK SERVICE"
    }
  },
  {
    "event_id": "1",
    "time": "2025-09-22 10:09:43.905954+00:00",
    "record_id": "3",
    "computer": "D",
    "channel": "M",
    "provider": "Microsoft-Windows-Sysmon",
    "data": {
      "RuleName": "DLL",
      "UtcTime": "2025-09-22 10:09:43.831",
      "ProcessGuid": "{3ba37a49-1fa0-68d1-ab03-000000000100}",
      "ProcessId": "7884",
      "Image": "C:\\Windows\\system32\\svchost.exe",
      "TargetFilename": "C:\\Windows\\SoftwareDistribution\\Download\\574ea5e93a93625d3c1b7092246bf566\\Metadata\\UpdateAgent.dll",
      "CreationUtcTime": "2023-09-14 06:47:30.000",
      "User": "NT AUTHORITY\\SYSTEM"
    }
  },
  {
    "event_id": "1",
    "time": "2025-09-22 10:09:43.906000+00:00",
    "record_id": "3",
    "computer": "D",
    "channel": "M",
    "provider": "Microsoft-Windows-Sysmon",
    "data": {
      "RuleName": "DLL",
      "UtcTime": "2025-09-22 10:09:43.877",
      "ProcessGuid": "{3ba37a49-1fa0-68d1-ab03-000000000100}",
      "ProcessId": "7884",
      "Image": "C:\\Windows\\system32\\svchost.exe",
      "TargetFilename": "C:\\Windows\\SoftwareDistribution\\Download\\574ea5e93a93625d3c1b7092246bf566\\Metadata\\ExeUpdateAgent.dll",
      "CreationUtcTime": "2023-09-14 07:02:12.000",
      "User": "NT AUTHORITY\\SYSTEM"
    }
  },
  {
    "event_id": "1",
    "time": "2025-09-22 10:09:43.945581+00:00",
    "record_id": "3",
    "computer": "D",
    "channel": "M",
    "provider": "Microsoft-Windows-Sysmon",
    "data": {
      "RuleName": "DLL",
      "UtcTime": "2025-09-22 10:09:43.909",
      "ProcessGuid": "{3ba37a49-1fa0-68d1-ab03-000000000100}",
      "ProcessId": "7884",
      "Image": "C:\\Windows\\system32\\svchost.exe",
      "TargetFilename": "C:\\Windows\\SoftwareDistribution\\Download\\574ea5e93a93625d3c1b7092246bf566\\Metadata\\Dpx.dll",
      "CreationUtcTime": "2023-09-14 06:47:40.000",
      "User": "NT AUTHORITY\\SYSTEM"
    }
  },
  {
    "event_id": "1",
    "time": "2025-09-22 10:09:43.945608+00:00",
    "record_id": "3",
    "computer": "D",
    "channel": "M",
    "provider": "Microsoft-Windows-Sysmon",
    "data": {
      "RuleName": "DLL",
      "UtcTime": "2025-09-22 10:09:43.909",
      "ProcessGuid": "{3ba37a49-1fa0-68d1-ab03-000000000100}",
      "ProcessId": "7884",
      "Image": "C:\\Windows\\system32\\svchost.exe",
      "TargetFilename": "C:\\Windows\\SoftwareDistribution\\Download\\574ea5e93a93625d3c1b7092246bf566\\Metadata\\Mitigation.dll",
      "CreationUtcTime": "2023-09-14 10:46:28.000",
      "User": "NT AUTHORITY\\SYSTEM"
    }
  },
  {
    "event_id": "1",
    "time": "2025-09-22 10:09:43.945629+00:00",
    "record_id": "3",
    "computer": "D",
    "channel": "M",
    "provider": "Microsoft-Windows-Sysmon",
    "data": {
      "RuleName": "DLL",
      "UtcTime": "2025-09-22 10:09:43.924",
      "ProcessGuid": "{3ba37a49-1fa0-68d1-ab03-000000000100}",
      "ProcessId": "7884",
      "Image": "C:\\Windows\\system32\\svchost.exe",
      "TargetFilename": "C:\\Windows\\SoftwareDistribution\\Download\\574ea5e93a93625d3c1b7092246bf566\\Metadata\\UAOneSettings.dll",
      "CreationUtcTime": "2023-09-14 07:01:58.000",
      "User": "NT AUTHORITY\\SYSTEM"
    }
  },
  {
    "event_id": "1",
    "time": "2025-09-22 10:09:46.434809+00:00",
    "record_id": "3",
    "computer": "D",
    "channel": "M",
    "provider": "Microsoft-Windows-Sysmon",
    "data": {
      "RuleName": "DLL",
      "UtcTime": "2025-09-22 10:09:46.393",
      "ProcessGuid": "{3ba37a49-1fa0-68d1-ab03-000000000100}",
      "ProcessId": "7884",
      "Image": "C:\\Windows\\system32\\svchost.exe",
      "TargetFilename": "C:\\Windows\\SoftwareDistribution\\Download\\574ea5e93a93625d3c1b7092246bf566\\Metadata\\UpdateAgent.dll",
      "CreationUtcTime": "2023-09-14 06:47:30.000",
      "User": "NT AUTHORITY\\SYSTEM"
    }
  },
  {
    "event_id": "1",
    "time": "2025-09-22 10:09:46.455246+00:00",
    "record_id": "3",
    "computer": "D",
    "channel": "M",
    "provider": "Microsoft-Windows-Sysmon",
    "data": {
      "RuleName": "DLL",
      "UtcTime": "2025-09-22 10:09:46.440",
      "ProcessGuid": "{3ba37a49-1fa0-68d1-ab03-000000000100}",
      "ProcessId": "7884",
      "Image": "C:\\Windows\\system32\\svchost.exe",
      "TargetFilename": "C:\\Windows\\SoftwareDistribution\\Download\\574ea5e93a93625d3c1b7092246bf566\\Metadata\\ExeUpdateAgent.dll",
      "CreationUtcTime": "2023-09-14 07:02:12.000",
      "User": "NT AUTHORITY\\SYSTEM"
    }
  },
  {
    "event_id": "1",
    "time": "2025-09-22 10:09:46.464849+00:00",
    "record_id": "3",
    "computer": "D",
    "channel": "M",
    "provider": "Microsoft-Windows-Sysmon",
    "data": {
      "RuleName": "DLL",
      "UtcTime": "2025-09-22 10:09:46.455",
      "ProcessGuid": "{3ba37a49-1fa0-68d1-ab03-000000000100}",
      "ProcessId": "7884",
      "Image": "C:\\Windows\\system32\\svchost.exe",
      "TargetFilename": "C:\\Windows\\SoftwareDistribution\\Download\\574ea5e93a93625d3c1b7092246bf566\\Metadata\\Dpx.dll",
      "CreationUtcTime": "2023-09-14 06:47:40.000",
      "User": "NT AUTHORITY\\SYSTEM"
    }
  },
  {
    "event_id": "1",
    "time": "2025-09-22 10:09:46.469288+00:00",
    "record_id": "4",
    "computer": "D",
    "channel": "M",
    "provider": "Microsoft-Windows-Sysmon",
    "data": {
      "RuleName": "DLL",
      "UtcTime": "2025-09-22 10:09:46.455",
      "ProcessGuid": "{3ba37a49-1fa0-68d1-ab03-000000000100}",
      "ProcessId": "7884",
      "Image": "C:\\Windows\\system32\\svchost.exe",
      "TargetFilename": "C:\\Windows\\SoftwareDistribution\\Download\\574ea5e93a93625d3c1b7092246bf566\\Metadata\\Mitigation.dll",
      "CreationUtcTime": "2023-09-14 10:46:28.000",
      "User": "NT AUTHORITY\\SYSTEM"
    }
  },
  {
    "event_id": "1",
    "time": "2025-09-22 10:09:46.471176+00:00",
    "record_id": "4",
    "computer": "D",
    "channel": "M",
    "provider": "Microsoft-Windows-Sysmon",
    "data": {
      "RuleName": "DLL",
      "UtcTime": "2025-09-22 10:09:46.455",
      "ProcessGuid": "{3ba37a49-1fa0-68d1-ab03-000000000100}",
      "ProcessId": "7884",
      "Image": "C:\\Windows\\system32\\svchost.exe",
      "TargetFilename": "C:\\Windows\\SoftwareDistribution\\Download\\574ea5e93a93625d3c1b7092246bf566\\Metadata\\UAOneSettings.dll",
      "CreationUtcTime": "2023-09-14 07:01:58.000",
      "User": "NT AUTHORITY\\SYSTEM"
    }
  },
  {
    "event_id": "1",
    "time": "2025-09-22 10:10:55.430288+00:00",
    "record_id": "4",
    "computer": "D",
    "channel": "M",
    "provider": "Microsoft-Windows-Sysmon",
    "data": {
      "RuleName": "-",
      "UtcTime": "2025-09-22 10:10:55.291",
      "ProcessGuid": "{3ba37a49-20af-68d1-c903-000000000100}",
      "ProcessId": "5176",
      "Image": "C:\\Windows\\System32\\svchost.exe",
      "FileVersion": "10.0.19041.3636 (WinBuild.160101.0800)",
      "Description": "Host Process for Windows Services",
      "Product": "Microsoft® Windows® Operating System",
      "Company": "Microsoft Corporation",
      "OriginalFileName": "svchost.exe",
      "CommandLine": "C:\\Windows\\system32\\svchost.exe -k netsvcs -p -s DsmSvc",
      "CurrentDirectory": "C:\\Windows\\system32\\",
      "User": "NT AUTHORITY\\SYSTEM",
      "LogonGuid": "{3ba37a49-cbed-68d1-e703-000000000000}",
      "LogonId": "0x00000000000003e7",
      "TerminalSessionId": "0",
      "IntegrityLevel": "System",
      "Hashes": "MD5=145DCF6706EEEA5B066885EE17964C09,SHA256=F13DE58416730D210DAB465B242E9C949FB0A0245EEF45B07C381F0C6C8A43C3,IMPHASH=247B9220E5D9B720A82B2C8B5069AD69",
      "ParentProcessGuid": "{00000000-0000-0000-0000-000000000000}",
      "ParentProcessId": "812",
      "ParentImage": "-",
      "ParentCommandLine": "-",
      "ParentUser": "-"
    }
  },
  {
    "event_id": "1",
    "time": "2025-09-22 10:10:55.531406+00:00",
    "record_id": "4",
    "computer": "D",
    "channel": "M",
    "provider": "Microsoft-Windows-Sysmon",
    "data": {
      "RuleName": "-",
      "UtcTime": "2025-09-22 10:10:55.489",
      "ProcessGuid": "{3ba37a49-20af-68d1-ca03-000000000100}",
      "ProcessId": "4068",
      "Image": "C:\\Windows\\System32\\svchost.exe",
      "FileVersion": "10.0.19041.3636 (WinBuild.160101.0800)",
      "Description": "Host Process for Windows Services",
      "Product": "Microsoft® Windows® Operating System",
      "Company": "Microsoft Corporation",
      "OriginalFileName": "svchost.exe",
      "CommandLine": "C:\\Windows\\system32\\svchost.exe -k BthAppGroup -p -s BluetoothUserService",
      "CurrentDirectory": "C:\\Windows\\system32\\",
      "User": "DESKTOP-GTOLFFJ\\client 1",
      "LogonGuid": "{3ba37a49-fd37-68d0-095b-290000000000}",
      "LogonId": "0x0000000000295b09",
      "TerminalSessionId": "2",
      "IntegrityLevel": "Medium",
      "Hashes": "MD5=145DCF6706EEEA5B066885EE17964C09,SHA256=F13DE58416730D210DAB465B242E9C949FB0A0245EEF45B07C381F0C6C8A43C3,IMPHASH=247B9220E5D9B720A82B2C8B5069AD69",
      "ParentProcessGuid": "{00000000-0000-0000-0000-000000000000}",
      "ParentProcessId": "812",
      "ParentImage": "-",
      "ParentCommandLine": "-",
      "ParentUser": "-"
    }
  },
