  {
    "event_id": "1",
    "time": "2025-09-22 08:41:41.519299+00:00",
    "record_id": "2",
    "computer": "D",
    "channel": "M",
    "provider": "Microsoft-Windows-Sysmon",
    "data": {
      "RuleName": "-",
      "UtcTime": "2025-09-22 08:41:41.514",
      "ProcessGuid": "{3ba37a49-0bc5-68d1-4c03-000000000100}",
      "ProcessId": "4180",
      "Image": "C:\\Windows\\System32\\WUDFHost.exe",
      "FileVersion": "10.0.19041.3758 (WinBuild.160101.0800)",
      "Description": "Windows Driver Foundation - User-mode Driver Framework Host Process",
      "Product": "Microsoft® Windows® Operating System",
      "Company": "Microsoft Corporation",
      "OriginalFileName": "WUDFHost.exe",
      "CommandLine": "\"C:\\Windows\\System32\\WUDFHost.exe\" -HostGUID:{193a1820-d9ac-4997-8c55-be817523f6aa} -IoEventPortName:\\UMDFCommunicationPorts\\WUDF\\HostProcess-0d0ffe70-fef1-4786-a319-f10bb3b19837 -SystemEventPortName:\\UMDFCommunicationPorts\\WUDF\\HostProcess-f3be4113-4fa3-4f9c-9aae-655cc5daa425 -IoCancelEventPortName:\\UMDFCommunicationPorts\\WUDF\\HostProcess-90435268-0c0a-4427-a8ff-c765cf8239db -NonStateChangingEventPortName:\\UMDFCommunicationPorts\\WUDF\\HostProcess-7ae8ea8d-ec49-444a-8e52-77a8b2e9d2b4 -LifetimeId:4aa40b90-02bb-48c7-991a-16523df699a6 -DeviceGroupId:WpdFsGroup -HostArg:0",
      "CurrentDirectory": "C:\\Windows\\system32\\",
      "User": "NT AUTHORITY\\LOCAL SERVICE",
      "LogonGuid": "{3ba37a49-cbee-68d1-e503-000000000000}",
      "LogonId": "0x00000000000003e5",
      "TerminalSessionId": "0",
      "IntegrityLevel": "System",
      "Hashes": "MD5=F39650983CFD01CBBC6158C6BF7FE522,SHA256=4AFB76B497A7B1B37A9D597550827E829CABAF1F019B62A65A536D8F1832C90B,IMPHASH=3FB4FBF226FDE242843AE0A7C907D1D5",
      "ParentProcessGuid": "{00000000-0000-0000-0000-000000000000}",
      "ParentProcessId": "812",
      "ParentImage": "-",
      "ParentCommandLine": "-",
      "ParentUser": "-"
    }
  },
  {
    "event_id": "1",
    "time": "2025-09-22 08:41:41.741697+00:00",
    "record_id": "2",
    "computer": "D",
    "channel": "M",
    "provider": "Microsoft-Windows-Sysmon",
    "data": {
      "RuleName": "Context,DeviceConnectedOrUpdated",
      "EventType": "SetValue",
      "UtcTime": "2025-09-22 08:41:41.729",
      "ProcessGuid": "{3ba37a49-0bc5-68d1-4c03-000000000100}",
      "ProcessId": "4180",
      "Image": "C:\\Windows\\System32\\WUDFHost.exe",
      "TargetObject": "HKLM\\SOFTWARE\\Microsoft\\Windows Portable Devices\\Devices\\SWD#WPDBUSENUM#{7B54DF2C-9802-11F0-AB29-F42679ADC914}#0000000000100000\\FriendlyName",
      "Details": "New Volume",
      "User": "NT AUTHORITY\\LOCAL SERVICE"
    }
  },
  {
    "event_id": "1",
    "time": "2025-09-22 08:41:41.741737+00:00",
    "record_id": "2",
    "computer": "D",
    "channel": "M",
    "provider": "Microsoft-Windows-Sysmon",
    "data": {
      "RuleName": "Context,DeviceConnectedOrUpdated",
      "EventType": "SetValue",
      "UtcTime": "2025-09-22 08:41:41.729",
      "ProcessGuid": "{3ba37a49-0bc5-68d1-4c03-000000000100}",
      "ProcessId": "4180",
      "Image": "C:\\Windows\\System32\\WUDFHost.exe",
      "TargetObject": "HKLM\\System\\CurrentControlSet\\Enum\\SWD\\WPDBUSENUM\\{7b54df2c-9802-11f0-ab29-f42679adc914}#0000000000100000\\FriendlyName",
      "Details": "New Volume",
      "User": "NT AUTHORITY\\LOCAL SERVICE"
    }
  },
  {
    "event_id": "1",
    "time": "2025-09-22 08:41:41.805859+00:00",
    "record_id": "2",
    "computer": "D",
    "channel": "M",
    "provider": "Microsoft-Windows-Sysmon",
    "data": {
      "RuleName": "Context,DeviceConnectedOrUpdated",
      "EventType": "SetValue",
      "UtcTime": "2025-09-22 08:41:41.792",
      "ProcessGuid": "{3ba37a49-0bc4-68d1-4a03-000000000100}",
      "ProcessId": "3816",
      "Image": "C:\\Windows\\system32\\DrvInst.exe",
      "TargetObject": "HKLM\\SOFTWARE\\Microsoft\\Windows Portable Devices\\Devices\\SWD#WPDBUSENUM#{7B54DF2C-9802-11F0-AB29-F42679ADC914}#0000000000100000\\FriendlyName",
      "Details": "New Volume",
      "User": "NT AUTHORITY\\SYSTEM"
    }
  },
  {
    "event_id": "1",
    "time": "2025-09-22 08:41:50.458153+00:00",
    "record_id": "2",
    "computer": "D",
    "channel": "M",
    "provider": "Microsoft-Windows-Sysmon",
    "data": {
      "RuleName": "InvDB-DriverVer",
      "EventType": "SetValue",
      "UtcTime": "2025-09-22 08:41:50.444",
      "ProcessGuid": "{3ba37a49-f924-68d0-7500-000000000100}",
      "ProcessId": "5016",
      "Image": "C:\\Windows\\system32\\svchost.exe",
      "TargetObject": "\\REGISTRY\\A\\{0232ed3c-56c9-167d-969a-b42679a62c79}\\Root\\InventoryDevicePnp\\storage/volume/{7b54df2c-9802-11f0-ab29-f42679adc914}#0000000000100000\\DriverVerVersion",
      "Details": "10.0.19041.1",
      "User": "NT AUTHORITY\\SYSTEM"
    }
  },
  {
    "event_id": "1",
    "time": "2025-09-22 08:41:50.466106+00:00",
    "record_id": "2",
    "computer": "D",
    "channel": "M",
    "provider": "Microsoft-Windows-Sysmon",
    "data": {
      "RuleName": "InvDB-DriverVer",
      "EventType": "SetValue",
      "UtcTime": "2025-09-22 08:41:50.460",
      "ProcessGuid": "{3ba37a49-f924-68d0-7500-000000000100}",
      "ProcessId": "5016",
      "Image": "C:\\Windows\\system32\\svchost.exe",
      "TargetObject": "\\REGISTRY\\A\\{0232ed3c-56c9-167d-969a-b42679a62c79}\\Root\\InventoryDevicePnp\\swd/wpdbusenum/{7b54df2c-9802-11f0-ab29-f42679adc914}#0000000000100000\\DriverVerVersion",
      "Details": "10.0.19041.3636",
      "User": "NT AUTHORITY\\SYSTEM"
    }
  },
  {
    "event_id": "1",
    "time": "2025-09-22 08:41:54.795229+00:00",
    "record_id": "2",
    "computer": "D",
    "channel": "M",
    "provider": "Microsoft-Windows-Sysmon",
    "data": {
      "RuleName": "-",
      "UtcTime": "2025-09-22 08:41:54.789",
      "ProcessGuid": "{3ba37a49-0bd2-68d1-4d03-000000000100}",
      "ProcessId": "372",
      "Image": "C:\\Program Files (x86)\\Microsoft\\EdgeUpdate\\MicrosoftEdgeUpdate.exe",
      "FileVersion": "1.3.147.37",
      "Description": "Microsoft Edge Update",
      "Product": "Microsoft Edge Update",
      "Company": "Microsoft Corporation",
      "OriginalFileName": "msedgeupdate.dll",
      "CommandLine": "\"C:\\Program Files (x86)\\Microsoft\\EdgeUpdate\\MicrosoftEdgeUpdate.exe\" /ua /installsource core",
      "CurrentDirectory": "C:\\Program Files (x86)\\Microsoft\\EdgeUpdate\\1.3.199.11\\",
      "User": "NT AUTHORITY\\SYSTEM",
      "LogonGuid": "{3ba37a49-cbed-68d1-e703-000000000000}",
      "LogonId": "0x00000000000003e7",
      "TerminalSessionId": "0",
      "IntegrityLevel": "System",
      "Hashes": "MD5=C019E421D9F897108E51666CBAE2C8B0,SHA256=3096D8E82917A9B73F322F4B1743E52E9B0C8B3C5933A957E73E29D6973CDD5B,IMPHASH=E00D60405A249A05D3B09AA7FE924B17",
      "ParentProcessGuid": "{3ba37a49-f974-68d0-a100-000000000100}",
      "ParentProcessId": "4232",
      "ParentImage": "C:\\Program Files (x86)\\Microsoft\\EdgeUpdate\\MicrosoftEdgeUpdate.exe",
      "ParentCommandLine": "\"C:\\Program Files (x86)\\Microsoft\\EdgeUpdate\\MicrosoftEdgeUpdate.exe\" /c",
      "ParentUser": "NT AUTHORITY\\SYSTEM"
    }
  },
  {
    "event_id": "1",
    "time": "2025-09-22 08:42:11.694691+00:00",
    "record_id": "2",
    "computer": "D",
    "channel": "M",
    "provider": "Microsoft-Windows-Sysmon",
    "data": {
      "RuleName": "-",
      "UtcTime": "2025-09-22 08:42:11.683",
      "ProcessGuid": "{3ba37a49-0be3-68d1-4f03-000000000100}",
      "ProcessId": "5964",
      "Image": "C:\\Program Files (x86)\\Microsoft\\Edge\\Application\\msedge.exe",
      "FileVersion": "140.0.3485.81",
      "Description": "Microsoft Edge",
      "Product": "Microsoft Edge",
      "Company": "Microsoft Corporation",
      "OriginalFileName": "msedge.exe",
      "CommandLine": "\"C:\\Program Files (x86)\\Microsoft\\Edge\\Application\\msedge.exe\" --type=utility --utility-sub-type=unzip.mojom.Unzipper --lang=en-US --service-sandbox-type=service --no-pre-read-main-dll --ram-no-pressure-read-main-dll --metrics-shmem-handle=8804,i,7207343422738852752,10801813040847537199,524288 --field-trial-handle=2528,i,7697915212337388755,10769669130442954102,262144 --variations-seed-version --mojo-platform-channel-handle=9256 /prefetch:8",
      "CurrentDirectory": "C:\\Program Files (x86)\\Microsoft\\Edge\\Application\\140.0.3485.81\\",
      "User": "DESKTOP-GTOLFFJ\\client 1",
      "LogonGuid": "{3ba37a49-fd37-68d0-095b-290000000000}",
      "LogonId": "0x0000000000295b09",
      "TerminalSessionId": "2",
      "IntegrityLevel": "Low",
      "Hashes": "MD5=1528CB9EF98D45785723BB69D9AB696F,SHA256=4A855A4DD286DADA7E700D325B1E25AA6DF43350125237C4276BF6C3A8452FCD,IMPHASH=9ACEBDFAC77931C2B0DFBBEA2D494BA9",
      "ParentProcessGuid": "{3ba37a49-fe7f-68d0-ea01-000000000100}",
      "ParentProcessId": "4976",
      "ParentImage": "C:\\Program Files (x86)\\Microsoft\\Edge\\Application\\msedge.exe",
      "ParentCommandLine": "\"C:\\Program Files (x86)\\Microsoft\\Edge\\Application\\msedge.exe\" --no-startup-window",
      "ParentUser": "DESKTOP-GTOLFFJ\\client 1"
    }
  },
  {
    "event_id": "1",
    "time": "2025-09-22 08:42:27.442156+00:00",
    "record_id": "2",
    "computer": "D",
    "channel": "M",
    "provider": "Microsoft-Windows-Sysmon",
    "data": {
      "RuleName": "-",
      "UtcTime": "2025-09-22 08:42:27.432",
      "ProcessGuid": "{3ba37a49-0bf3-68d1-5003-000000000100}",
      "ProcessId": "4156",
      "Image": "C:\\Windows\\System32\\cleanmgr.exe",
      "FileVersion": "10.0.19041.3636 (WinBuild.160101.0800)",
      "Description": "Disk Space Cleanup Manager for Windows",
      "Product": "Microsoft® Windows® Operating System",
      "Company": "Microsoft Corporation",
      "OriginalFileName": "CLEANMGR.DLL",
      "CommandLine": "\"C:\\Windows\\system32\\cleanmgr.exe\" /autoclean /d C:",
      "CurrentDirectory": "C:\\Windows\\system32\\",
      "User": "DESKTOP-GTOLFFJ\\client 1",
      "LogonGuid": "{3ba37a49-fd37-68d0-ec5a-290000000000}",
      "LogonId": "0x0000000000295aec",
      "TerminalSessionId": "2",
      "IntegrityLevel": "High",
      "Hashes": "MD5=EF6CBB71E2CBD4F731B97DC521A99348,SHA256=FE4DEC66C024EDDDE694722025D4D695F36F89209EF3139411FA4E05D4E74475,IMPHASH=E87FE0E719AEBF64A395EDE5A983E9B7",
      "ParentProcessGuid": "{00000000-0000-0000-0000-000000000000}",
      "ParentProcessId": "1788",
      "ParentImage": "-",
      "ParentCommandLine": "-",
      "ParentUser": "-"
    }
  },
  {
    "event_id": "1",
    "time": "2025-09-22 08:42:28.256187+00:00",
    "record_id": "2",
    "computer": "D",
    "channel": "M",
    "provider": "Microsoft-Windows-Sysmon",
    "data": {
      "RuleName": "DLL",
      "UtcTime": "2025-09-22 08:42:28.248",
      "ProcessGuid": "{3ba37a49-0bf3-68d1-5003-000000000100}",
      "ProcessId": "4156",
      "Image": "C:\\Windows\\system32\\cleanmgr.exe",
      "TargetFilename": "C:\\Users\\CLIENT~1\\AppData\\Local\\Temp\\6BBE2B85-055B-48E7-839B-600F3C22B172\\AppxProvider.dll",
      "CreationUtcTime": "2025-09-22 08:42:28.248",
      "User": "DESKTOP-GTOLFFJ\\client 1"
    }
  },
  {
    "event_id": "1",
    "time": "2025-09-22 08:42:28.262362+00:00",
    "record_id": "2",
    "computer": "D",
    "channel": "M",
    "provider": "Microsoft-Windows-Sysmon",
    "data": {
      "RuleName": "DLL",
      "UtcTime": "2025-09-22 08:42:28.248",
      "ProcessGuid": "{3ba37a49-0bf3-68d1-5003-000000000100}",
      "ProcessId": "4156",
      "Image": "C:\\Windows\\system32\\cleanmgr.exe",
      "TargetFilename": "C:\\Users\\CLIENT~1\\AppData\\Local\\Temp\\6BBE2B85-055B-48E7-839B-600F3C22B172\\AssocProvider.dll",
      "CreationUtcTime": "2025-09-22 08:42:28.248",
      "User": "DESKTOP-GTOLFFJ\\client 1"
    }
  },
  {
    "event_id": "1",
    "time": "2025-09-22 08:42:28.265018+00:00",
    "record_id": "2",
    "computer": "D",
    "channel": "M",
    "provider": "Microsoft-Windows-Sysmon",
    "data": {
      "RuleName": "DLL",
      "UtcTime": "2025-09-22 08:42:28.263",
      "ProcessGuid": "{3ba37a49-0bf3-68d1-5003-000000000100}",
      "ProcessId": "4156",
      "Image": "C:\\Windows\\system32\\cleanmgr.exe",
      "TargetFilename": "C:\\Users\\CLIENT~1\\AppData\\Local\\Temp\\6BBE2B85-055B-48E7-839B-600F3C22B172\\CbsProvider.dll",
      "CreationUtcTime": "2025-09-22 08:42:28.263",
      "User": "DESKTOP-GTOLFFJ\\client 1"
    }
  },
  {
    "event_id": "1",
    "time": "2025-09-22 08:42:28.268927+00:00",
    "record_id": "2",
    "computer": "D",
    "channel": "M",
    "provider": "Microsoft-Windows-Sysmon",
    "data": {
      "RuleName": "DLL",
      "UtcTime": "2025-09-22 08:42:28.263",
      "ProcessGuid": "{3ba37a49-0bf3-68d1-5003-000000000100}",
      "ProcessId": "4156",
      "Image": "C:\\Windows\\system32\\cleanmgr.exe",
      "TargetFilename": "C:\\Users\\CLIENT~1\\AppData\\Local\\Temp\\6BBE2B85-055B-48E7-839B-600F3C22B172\\DismCore.dll",
      "CreationUtcTime": "2025-09-22 08:42:28.263",
      "User": "DESKTOP-GTOLFFJ\\client 1"
    }
  },
  {
    "event_id": "1",
    "time": "2025-09-22 08:42:28.274944+00:00",
    "record_id": "2",
    "computer": "D",
    "channel": "M",
    "provider": "Microsoft-Windows-Sysmon",
    "data": {
      "RuleName": "DLL",
      "UtcTime": "2025-09-22 08:42:28.263",
      "ProcessGuid": "{3ba37a49-0bf3-68d1-5003-000000000100}",
      "ProcessId": "4156",
      "Image": "C:\\Windows\\system32\\cleanmgr.exe",
      "TargetFilename": "C:\\Users\\CLIENT~1\\AppData\\Local\\Temp\\6BBE2B85-055B-48E7-839B-600F3C22B172\\DismCorePS.dll",
      "CreationUtcTime": "2025-09-22 08:42:28.263",
      "User": "DESKTOP-GTOLFFJ\\client 1"
    }
  },
  {
    "event_id": "1",
    "time": "2025-09-22 08:42:28.277060+00:00",
    "record_id": "2",
    "computer": "D",
    "channel": "M",
    "provider": "Microsoft-Windows-Sysmon",
    "data": {
      "RuleName": "EXE",
      "UtcTime": "2025-09-22 08:42:28.263",
      "ProcessGuid": "{3ba37a49-0bf3-68d1-5003-000000000100}",
      "ProcessId": "4156",
      "Image": "C:\\Windows\\system32\\cleanmgr.exe",
      "TargetFilename": "C:\\Users\\CLIENT~1\\AppData\\Local\\Temp\\6BBE2B85-055B-48E7-839B-600F3C22B172\\DismHost.exe",
      "CreationUtcTime": "2025-09-22 08:42:28.263",
      "User": "DESKTOP-GTOLFFJ\\client 1"
    }
  },
  {
    "event_id": "1",
    "time": "2025-09-22 08:42:28.278799+00:00",
    "record_id": "2",
    "computer": "D",
    "channel": "M",
    "provider": "Microsoft-Windows-Sysmon",
    "data": {
      "RuleName": "DLL",
      "UtcTime": "2025-09-22 08:42:28.263",
      "ProcessGuid": "{3ba37a49-0bf3-68d1-5003-000000000100}",
      "ProcessId": "4156",
      "Image": "C:\\Windows\\system32\\cleanmgr.exe",
      "TargetFilename": "C:\\Users\\CLIENT~1\\AppData\\Local\\Temp\\6BBE2B85-055B-48E7-839B-600F3C22B172\\DismProv.dll",
      "CreationUtcTime": "2025-09-22 08:42:28.263",
      "User": "DESKTOP-GTOLFFJ\\client 1"
    }
  },
  {
    "event_id": "1",
    "time": "2025-09-22 08:42:28.289251+00:00",
    "record_id": "2",
    "computer": "D",
    "channel": "M",
    "provider": "Microsoft-Windows-Sysmon",
    "data": {
      "RuleName": "DLL",
      "UtcTime": "2025-09-22 08:42:28.279",
      "ProcessGuid": "{3ba37a49-0bf3-68d1-5003-000000000100}",
      "ProcessId": "4156",
      "Image": "C:\\Windows\\system32\\cleanmgr.exe",
      "TargetFilename": "C:\\Users\\CLIENT~1\\AppData\\Local\\Temp\\6BBE2B85-055B-48E7-839B-600F3C22B172\\DmiProvider.dll",
      "CreationUtcTime": "2025-09-22 08:42:28.279",
      "User": "DESKTOP-GTOLFFJ\\client 1"
    }
  },
  {
    "event_id": "1",
    "time": "2025-09-22 08:42:28.360279+00:00",
    "record_id": "2",
    "computer": "D",
    "channel": "M",
    "provider": "Microsoft-Windows-Sysmon",
    "data": {
      "RuleName": "DLL",
      "UtcTime": "2025-09-22 08:42:28.357",
      "ProcessGuid": "{3ba37a49-0bf3-68d1-5003-000000000100}",
      "ProcessId": "4156",
      "Image": "C:\\Windows\\system32\\cleanmgr.exe",
      "TargetFilename": "C:\\Users\\CLIENT~1\\AppData\\Local\\Temp\\6BBE2B85-055B-48E7-839B-600F3C22B172\\FfuProvider.dll",
      "CreationUtcTime": "2025-09-22 08:42:28.357",
      "User": "DESKTOP-GTOLFFJ\\client 1"
    }
  },
  {
    "event_id": "1",
    "time": "2025-09-22 08:42:28.362770+00:00",
    "record_id": "2",
    "computer": "D",
    "channel": "M",
    "provider": "Microsoft-Windows-Sysmon",
    "data": {
      "RuleName": "DLL",
      "UtcTime": "2025-09-22 08:42:28.357",
      "ProcessGuid": "{3ba37a49-0bf3-68d1-5003-000000000100}",
      "ProcessId": "4156",
      "Image": "C:\\Windows\\system32\\cleanmgr.exe",
      "TargetFilename": "C:\\Users\\CLIENT~1\\AppData\\Local\\Temp\\6BBE2B85-055B-48E7-839B-600F3C22B172\\FolderProvider.dll",
      "CreationUtcTime": "2025-09-22 08:42:28.357",
      "User": "DESKTOP-GTOLFFJ\\client 1"
    }
  },
  {
    "event_id": "1",
    "time": "2025-09-22 08:42:28.366955+00:00",
    "record_id": "2",
    "computer": "D",
    "channel": "M",
    "provider": "Microsoft-Windows-Sysmon",
    "data": {
      "RuleName": "DLL",
      "UtcTime": "2025-09-22 08:42:28.357",
      "ProcessGuid": "{3ba37a49-0bf3-68d1-5003-000000000100}",
      "ProcessId": "4156",
      "Image": "C:\\Windows\\system32\\cleanmgr.exe",
      "TargetFilename": "C:\\Users\\CLIENT~1\\AppData\\Local\\Temp\\6BBE2B85-055B-48E7-839B-600F3C22B172\\GenericProvider.dll",
      "CreationUtcTime": "2025-09-22 08:42:28.357",
      "User": "DESKTOP-GTOLFFJ\\client 1"
    }
  },
  {
    "event_id": "1",
    "time": "2025-09-22 08:42:28.369581+00:00",
    "record_id": "2",
    "computer": "D",
    "channel": "M",
    "provider": "Microsoft-Windows-Sysmon",
    "data": {
      "RuleName": "DLL",
      "UtcTime": "2025-09-22 08:42:28.357",
      "ProcessGuid": "{3ba37a49-0bf3-68d1-5003-000000000100}",
      "ProcessId": "4156",
      "Image": "C:\\Windows\\system32\\cleanmgr.exe",
      "TargetFilename": "C:\\Users\\CLIENT~1\\AppData\\Local\\Temp\\6BBE2B85-055B-48E7-839B-600F3C22B172\\IBSProvider.dll",
      "CreationUtcTime": "2025-09-22 08:42:28.357",
      "User": "DESKTOP-GTOLFFJ\\client 1"
    }
  },
  {
    "event_id": "1",
    "time": "2025-09-22 08:42:28.371313+00:00",
    "record_id": "2",
    "computer": "D",
    "channel": "M",
    "provider": "Microsoft-Windows-Sysmon",
    "data": {
      "RuleName": "DLL",
      "UtcTime": "2025-09-22 08:42:28.357",
      "ProcessGuid": "{3ba37a49-0bf3-68d1-5003-000000000100}",
      "ProcessId": "4156",
      "Image": "C:\\Windows\\system32\\cleanmgr.exe",
      "TargetFilename": "C:\\Users\\CLIENT~1\\AppData\\Local\\Temp\\6BBE2B85-055B-48E7-839B-600F3C22B172\\ImagingProvider.dll",
      "CreationUtcTime": "2025-09-22 08:42:28.357",
      "User": "DESKTOP-GTOLFFJ\\client 1"
    }
  },
  {
    "event_id": "1",
    "time": "2025-09-22 08:42:28.372995+00:00",
    "record_id": "2",
    "computer": "D",
    "channel": "M",
    "provider": "Microsoft-Windows-Sysmon",
    "data": {
      "RuleName": "DLL",
      "UtcTime": "2025-09-22 08:42:28.357",
      "ProcessGuid": "{3ba37a49-0bf3-68d1-5003-000000000100}",
      "ProcessId": "4156",
      "Image": "C:\\Windows\\system32\\cleanmgr.exe",
      "TargetFilename": "C:\\Users\\CLIENT~1\\AppData\\Local\\Temp\\6BBE2B85-055B-48E7-839B-600F3C22B172\\IntlProvider.dll",
      "CreationUtcTime": "2025-09-22 08:42:28.357",
      "User": "DESKTOP-GTOLFFJ\\client 1"
    }
  },
  {
    "event_id": "1",
    "time": "2025-09-22 08:42:28.377857+00:00",
    "record_id": "2",
    "computer": "D",
    "channel": "M",
    "provider": "Microsoft-Windows-Sysmon",
    "data": {
      "RuleName": "DLL",
      "UtcTime": "2025-09-22 08:42:28.373",
      "ProcessGuid": "{3ba37a49-0bf3-68d1-5003-000000000100}",
      "ProcessId": "4156",
      "Image": "C:\\Windows\\system32\\cleanmgr.exe",
      "TargetFilename": "C:\\Users\\CLIENT~1\\AppData\\Local\\Temp\\6BBE2B85-055B-48E7-839B-600F3C22B172\\LogProvider.dll",
      "CreationUtcTime": "2025-09-22 08:42:28.373",
      "User": "DESKTOP-GTOLFFJ\\client 1"
    }
  },
  {
    "event_id": "1",
    "time": "2025-09-22 08:42:28.380596+00:00",
    "record_id": "2",
    "computer": "D",
    "channel": "M",
    "provider": "Microsoft-Windows-Sysmon",
    "data": {
      "RuleName": "DLL",
      "UtcTime": "2025-09-22 08:42:28.373",
      "ProcessGuid": "{3ba37a49-0bf3-68d1-5003-000000000100}",
      "ProcessId": "4156",
      "Image": "C:\\Windows\\system32\\cleanmgr.exe",
      "TargetFilename": "C:\\Users\\CLIENT~1\\AppData\\Local\\Temp\\6BBE2B85-055B-48E7-839B-600F3C22B172\\MsiProvider.dll",
      "CreationUtcTime": "2025-09-22 08:42:28.373",
      "User": "DESKTOP-GTOLFFJ\\client 1"
    }
  },
  {
    "event_id": "1",
    "time": "2025-09-22 08:42:28.382524+00:00",
    "record_id": "2",
    "computer": "D",
    "channel": "M",
    "provider": "Microsoft-Windows-Sysmon",
    "data": {
      "RuleName": "DLL",
      "UtcTime": "2025-09-22 08:42:28.373",
      "ProcessGuid": "{3ba37a49-0bf3-68d1-5003-000000000100}",
      "ProcessId": "4156",
      "Image": "C:\\Windows\\system32\\cleanmgr.exe",
      "TargetFilename": "C:\\Users\\CLIENT~1\\AppData\\Local\\Temp\\6BBE2B85-055B-48E7-839B-600F3C22B172\\OfflineSetupProvider.dll",
      "CreationUtcTime": "2025-09-22 08:42:28.373",
      "User": "DESKTOP-GTOLFFJ\\client 1"
    }
  },
  {
    "event_id": "1",
    "time": "2025-09-22 08:42:28.384693+00:00",
    "record_id": "2",
    "computer": "D",
    "channel": "M",
    "provider": "Microsoft-Windows-Sysmon",
    "data": {
      "RuleName": "DLL",
      "UtcTime": "2025-09-22 08:42:28.373",
      "ProcessGuid": "{3ba37a49-0bf3-68d1-5003-000000000100}",
      "ProcessId": "4156",
      "Image": "C:\\Windows\\system32\\cleanmgr.exe",
      "TargetFilename": "C:\\Users\\CLIENT~1\\AppData\\Local\\Temp\\6BBE2B85-055B-48E7-839B-600F3C22B172\\OSProvider.dll",
      "CreationUtcTime": "2025-09-22 08:42:28.373",
      "User": "DESKTOP-GTOLFFJ\\client 1"
    }
  },
  {
    "event_id": "1",
    "time": "2025-09-22 08:42:28.392344+00:00",
    "record_id": "2",
    "computer": "D",
    "channel": "M",
    "provider": "Microsoft-Windows-Sysmon",
    "data": {
      "RuleName": "DLL",
      "UtcTime": "2025-09-22 08:42:28.388",
      "ProcessGuid": "{3ba37a49-0bf3-68d1-5003-000000000100}",
      "ProcessId": "4156",
      "Image": "C:\\Windows\\system32\\cleanmgr.exe",
      "TargetFilename": "C:\\Users\\CLIENT~1\\AppData\\Local\\Temp\\6BBE2B85-055B-48E7-839B-600F3C22B172\\ProvProvider.dll",
      "CreationUtcTime": "2025-09-22 08:42:28.388",
      "User": "DESKTOP-GTOLFFJ\\client 1"
    }
  },
  {
    "event_id": "1",
    "time": "2025-09-22 08:42:28.397585+00:00",
    "record_id": "2",
    "computer": "D",
    "channel": "M",
    "provider": "Microsoft-Windows-Sysmon",
    "data": {
      "RuleName": "DLL",
      "UtcTime": "2025-09-22 08:42:28.388",
      "ProcessGuid": "{3ba37a49-0bf3-68d1-5003-000000000100}",
      "ProcessId": "4156",
      "Image": "C:\\Windows\\system32\\cleanmgr.exe",
      "TargetFilename": "C:\\Users\\CLIENT~1\\AppData\\Local\\Temp\\6BBE2B85-055B-48E7-839B-600F3C22B172\\SetupPlatformProvider.dll",
      "CreationUtcTime": "2025-09-22 08:42:28.388",
      "User": "DESKTOP-GTOLFFJ\\client 1"
    }
  },
  {
    "event_id": "1",
    "time": "2025-09-22 08:42:28.402227+00:00",
    "record_id": "2",
    "computer": "D",
    "channel": "M",
    "provider": "Microsoft-Windows-Sysmon",
    "data": {
      "RuleName": "DLL",
      "UtcTime": "2025-09-22 08:42:28.388",
      "ProcessGuid": "{3ba37a49-0bf3-68d1-5003-000000000100}",
      "ProcessId": "4156",
      "Image": "C:\\Windows\\system32\\cleanmgr.exe",
      "TargetFilename": "C:\\Users\\CLIENT~1\\AppData\\Local\\Temp\\6BBE2B85-055B-48E7-839B-600F3C22B172\\SmiProvider.dll",
      "CreationUtcTime": "2025-09-22 08:42:28.388",
      "User": "DESKTOP-GTOLFFJ\\client 1"
    }
  },
  {
    "event_id": "1",
    "time": "2025-09-22 08:42:28.407932+00:00",
    "record_id": "2",
    "computer": "D",
    "channel": "M",
    "provider": "Microsoft-Windows-Sysmon",
    "data": {
      "RuleName": "DLL",
      "UtcTime": "2025-09-22 08:42:28.404",
      "ProcessGuid": "{3ba37a49-0bf3-68d1-5003-000000000100}",
      "ProcessId": "4156",
      "Image": "C:\\Windows\\system32\\cleanmgr.exe",
      "TargetFilename": "C:\\Users\\CLIENT~1\\AppData\\Local\\Temp\\6BBE2B85-055B-48E7-839B-600F3C22B172\\SysprepProvider.dll",
      "CreationUtcTime": "2025-09-22 08:42:28.404",
      "User": "DESKTOP-GTOLFFJ\\client 1"
    }
  },
  {
    "event_id": "1",
    "time": "2025-09-22 08:42:28.415016+00:00",
    "record_id": "2",
    "computer": "D",
    "channel": "M",
    "provider": "Microsoft-Windows-Sysmon",
    "data": {
      "RuleName": "DLL",
      "UtcTime": "2025-09-22 08:42:28.404",
      "ProcessGuid": "{3ba37a49-0bf3-68d1-5003-000000000100}",
      "ProcessId": "4156",
      "Image": "C:\\Windows\\system32\\cleanmgr.exe",
      "TargetFilename": "C:\\Users\\CLIENT~1\\AppData\\Local\\Temp\\6BBE2B85-055B-48E7-839B-600F3C22B172\\TransmogProvider.dll",
      "CreationUtcTime": "2025-09-22 08:42:28.404",
      "User": "DESKTOP-GTOLFFJ\\client 1"
    }
  },
  {
    "event_id": "1",
    "time": "2025-09-22 08:42:28.419573+00:00",
    "record_id": "2",
    "computer": "D",
    "channel": "M",
    "provider": "Microsoft-Windows-Sysmon",
    "data": {
      "RuleName": "DLL",
      "UtcTime": "2025-09-22 08:42:28.404",
      "ProcessGuid": "{3ba37a49-0bf3-68d1-5003-000000000100}",
      "ProcessId": "4156",
      "Image": "C:\\Windows\\system32\\cleanmgr.exe",
      "TargetFilename": "C:\\Users\\CLIENT~1\\AppData\\Local\\Temp\\6BBE2B85-055B-48E7-839B-600F3C22B172\\UnattendProvider.dll",
      "CreationUtcTime": "2025-09-22 08:42:28.404",
      "User": "DESKTOP-GTOLFFJ\\client 1"
    }
  },
  {
    "event_id": "1",
    "time": "2025-09-22 08:42:28.424999+00:00",
    "record_id": "2",
    "computer": "D",
    "channel": "M",
    "provider": "Microsoft-Windows-Sysmon",
    "data": {
      "RuleName": "DLL",
      "UtcTime": "2025-09-22 08:42:28.420",
      "ProcessGuid": "{3ba37a49-0bf3-68d1-5003-000000000100}",
      "ProcessId": "4156",
      "Image": "C:\\Windows\\system32\\cleanmgr.exe",
      "TargetFilename": "C:\\Users\\CLIENT~1\\AppData\\Local\\Temp\\6BBE2B85-055B-48E7-839B-600F3C22B172\\VhdProvider.dll",
      "CreationUtcTime": "2025-09-22 08:42:28.420",
      "User": "DESKTOP-GTOLFFJ\\client 1"
    }
  },
  {
    "event_id": "1",
    "time": "2025-09-22 08:42:28.428192+00:00",
    "record_id": "2",
    "computer": "D",
    "channel": "M",
    "provider": "Microsoft-Windows-Sysmon",
    "data": {
      "RuleName": "DLL",
      "UtcTime": "2025-09-22 08:42:28.420",
      "ProcessGuid": "{3ba37a49-0bf3-68d1-5003-000000000100}",
      "ProcessId": "4156",
      "Image": "C:\\Windows\\system32\\cleanmgr.exe",
      "TargetFilename": "C:\\Users\\CLIENT~1\\AppData\\Local\\Temp\\6BBE2B85-055B-48E7-839B-600F3C22B172\\WimProvider.dll",
      "CreationUtcTime": "2025-09-22 08:42:28.420",
      "User": "DESKTOP-GTOLFFJ\\client 1"
    }
  },
  {
    "event_id": "1",
    "time": "2025-09-22 08:42:28.507408+00:00",
    "record_id": "2",
    "computer": "D",
    "channel": "M",
    "provider": "Microsoft-Windows-Sysmon",
    "data": {
      "RuleName": "-",
      "UtcTime": "2025-09-22 08:42:28.436",
      "ProcessGuid": "{3ba37a49-0bf4-68d1-5203-000000000100}",
      "ProcessId": "256",
      "Image": "C:\\Users\\CLIENT~1\\AppData\\Local\\Temp\\6BBE2B85-055B-48E7-839B-600F3C22B172\\DismHost.exe",
      "FileVersion": "10.0.19041.3636 (WinBuild.160101.0800)",
      "Description": "Dism Host Servicing Process",
      "Product": "Microsoft® Windows® Operating System",
      "Company": "Microsoft Corporation",
      "OriginalFileName": "DismHost.exe",
      "CommandLine": "C:\\Users\\CLIENT~1\\AppData\\Local\\Temp\\6BBE2B85-055B-48E7-839B-600F3C22B172\\dismhost.exe {BD36E3C2-278F-4E16-9383-56B60DF32B0D}",
      "CurrentDirectory": "C:\\Windows\\system32\\",
      "User": "DESKTOP-GTOLFFJ\\client 1",
      "LogonGuid": "{3ba37a49-fd37-68d0-ec5a-290000000000}",
      "LogonId": "0x0000000000295aec",
      "TerminalSessionId": "2",
      "IntegrityLevel": "High",
      "Hashes": "MD5=97CB1E2FCAB378421C4B91DF0C9F8310,SHA256=E36BCF02BC11F560761E943D0FAD37417078F6CBB473F85C72FCBC89E2600C58,IMPHASH=D204EB506D6ABBEB4C51A54E8F6C1789",
      "ParentProcessGuid": "{3ba37a49-0bf3-68d1-5003-000000000100}",
      "ParentProcessId": "4156",
      "ParentImage": "C:\\Windows\\System32\\cleanmgr.exe",
      "ParentCommandLine": "\"C:\\Windows\\system32\\cleanmgr.exe\" /autoclean /d C:",
      "ParentUser": "DESKTOP-GTOLFFJ\\client 1"
    }
  },
  {
    "event_id": "1",
    "time": "2025-09-22 08:42:29.440325+00:00",
    "record_id": "2",
    "computer": "D",
    "channel": "M",
    "provider": "Microsoft-Windows-Sysmon",
    "data": {
      "RuleName": "-",
      "UtcTime": "2025-09-22 08:42:29.433",
      "ProcessGuid": "{3ba37a49-0bf5-68d1-5303-000000000100}",
      "ProcessId": "8760",
      "Image": "C:\\Windows\\servicing\\TrustedInstaller.exe",
      "FileVersion": "10.0.19041.3636 (WinBuild.160101.0800)",
      "Description": "Windows Modules Installer",
      "Product": "Microsoft® Windows® Operating System",
      "Company": "Microsoft Corporation",
      "OriginalFileName": "TrustedInstaller.exe",
      "CommandLine": "C:\\Windows\\servicing\\TrustedInstaller.exe",
      "CurrentDirectory": "C:\\Windows\\system32\\",
      "User": "NT AUTHORITY\\SYSTEM",
      "LogonGuid": "{3ba37a49-cbed-68d1-e703-000000000000}",
      "LogonId": "0x00000000000003e7",
      "TerminalSessionId": "0",
      "IntegrityLevel": "System",
      "Hashes": "MD5=CCD5B1323B66CCF68A8DF9B0A89CF1C0,SHA256=D6C9EAE7AEA81997D17DBFDB3218D18A1F3421A19C085E3CAB6A9F17919AAF07,IMPHASH=A36251F871E741F4ABE36BD6D61A9C01",
      "ParentProcessGuid": "{00000000-0000-0000-0000-000000000000}",
      "ParentProcessId": "812",
      "ParentImage": "-",
      "ParentCommandLine": "-",
      "ParentUser": "-"
    }
  },
  {
    "event_id": "1",
    "time": "2025-09-22 08:42:29.529455+00:00",
    "record_id": "2",
    "computer": "D",
    "channel": "M",
    "provider": "Microsoft-Windows-Sysmon",
    "data": {
      "RuleName": "-",
      "UtcTime": "2025-09-22 08:42:29.526",
      "ProcessGuid": "{3ba37a49-0bf5-68d1-5403-000000000100}",
      "ProcessId": "5424",
      "Image": "C:\\Windows\\WinSxS\\amd64_microsoft-windows-servicingstack_31bf3856ad364e35_10.0.19041.3745_none_7ded3f327ca60a41\\TiWorker.exe",
      "FileVersion": "10.0.19041.3745 (WinBuild.160101.0800)",
      "Description": "Windows Modules Installer Worker",
      "Product": "Microsoft® Windows® Operating System",
      "Company": "Microsoft Corporation",
      "OriginalFileName": "TiWorker.exe",
      "CommandLine": "C:\\Windows\\winsxs\\amd64_microsoft-windows-servicingstack_31bf3856ad364e35_10.0.19041.3745_none_7ded3f327ca60a41\\TiWorker.exe -Embedding",
      "CurrentDirectory": "C:\\Windows\\system32\\",
      "User": "NT AUTHORITY\\SYSTEM",
      "LogonGuid": "{3ba37a49-cbed-68d1-e703-000000000000}",
      "LogonId": "0x00000000000003e7",
      "TerminalSessionId": "0",
      "IntegrityLevel": "System",
      "Hashes": "MD5=6C9A7E436A9F8805EC6C7D0F67247AEC,SHA256=32375C229191BED9C301606AA7D3ABE6C8A368417DDDC82E59622957084AA942,IMPHASH=A85EB04C60D9F7AE6C25298B2A8FE3E9",
      "ParentProcessGuid": "{00000000-0000-0000-0000-000000000000}",
      "ParentProcessId": "960",
      "ParentImage": "-",
      "ParentCommandLine": "-",
      "ParentUser": "-"
    }
  },
  {
    "event_id": "1",
    "time": "2025-09-22 08:42:38.740812+00:00",
    "record_id": "2",
    "computer": "D",
    "channel": "M",
    "provider": "Microsoft-Windows-Sysmon",
    "data": {
      "RuleName": "-",
      "UtcTime": "2025-09-22 08:42:38.729",
      "ProcessGuid": "{3ba37a49-0bfe-68d1-5503-000000000100}",
      "ProcessId": "6196",
      "Image": "C:\\Windows\\System32\\wermgr.exe",
      "FileVersion": "10.0.19041.3636 (WinBuild.160101.0800)",
      "Description": "Windows Problem Reporting",
      "Product": "Microsoft® Windows® Operating System",
      "Company": "Microsoft Corporation",
      "OriginalFileName": "WerMgr",
      "CommandLine": "wermgr.exe -purgestores",
      "CurrentDirectory": "C:\\Windows\\system32\\",
      "User": "DESKTOP-GTOLFFJ\\client 1",
      "LogonGuid": "{3ba37a49-fd37-68d0-ec5a-290000000000}",
      "LogonId": "0x0000000000295aec",
      "TerminalSessionId": "2",
      "IntegrityLevel": "High",
      "Hashes": "MD5=0A9EE8F50EF336B422521E133F6CC751,SHA256=4A135F60A5193F543D452C9D01E98546C44680E7BDF6C043E8837B1DFEAE3875,IMPHASH=9F236556F51749A0CA4BDF2040EA2478",
      "ParentProcessGuid": "{3ba37a49-0bf3-68d1-5003-000000000100}",
      "ParentProcessId": "4156",
      "ParentImage": "C:\\Windows\\System32\\cleanmgr.exe",
      "ParentCommandLine": "\"C:\\Windows\\system32\\cleanmgr.exe\" /autoclean /d C:",
      "ParentUser": "DESKTOP-GTOLFFJ\\client 1"
    }
  },
  {
    "event_id": "1",
    "time": "2025-09-22 08:44:27.808628+00:00",
    "record_id": "2",
    "computer": "D",
    "channel": "M",
    "provider": "Microsoft-Windows-Sysmon",
    "data": {
      "RuleName": "-",
      "UtcTime": "2025-09-22 08:44:27.805",
      "ProcessGuid": "{3ba37a49-0c6b-68d1-5a03-000000000100}",
      "ProcessId": "9176",
      "Image": "C:\\Windows\\System32\\svchost.exe",
      "FileVersion": "10.0.19041.3636 (WinBuild.160101.0800)",
      "Description": "Host Process for Windows Services",
      "Product": "Microsoft® Windows® Operating System",
      "Company": "Microsoft Corporation",
      "OriginalFileName": "svchost.exe",
      "CommandLine": "C:\\Windows\\system32\\svchost.exe -k netsvcs -p -s gpsvc",
      "CurrentDirectory": "C:\\Windows\\system32\\",
      "User": "NT AUTHORITY\\SYSTEM",
      "LogonGuid": "{3ba37a49-cbed-68d1-e703-000000000000}",
      "LogonId": "0x00000000000003e7",
      "TerminalSessionId": "0",
      "IntegrityLevel": "System",
      "Hashes": "MD5=145DCF6706EEEA5B066885EE17964C09,SHA256=F13DE58416730D210DAB465B242E9C949FB0A0245EEF45B07C381F0C6C8A43C3,IMPHASH=247B9220E5D9B720A82B2C8B5069AD69",
      "ParentProcessGuid": "{00000000-0000-0000-0000-000000000000}",
      "ParentProcessId": "812",
      "ParentImage": "-",
      "ParentCommandLine": "-",
      "ParentUser": "-"
    }
  },
  {
    "event_id": "1",
    "time": "2025-09-22 08:44:55.070932+00:00",
    "record_id": "2",
    "computer": "D",
    "channel": "M",
    "provider": "Microsoft-Windows-Sysmon",
    "data": {
      "RuleName": "-",
      "UtcTime": "2025-09-22 08:44:55.056",
      "ProcessGuid": "{3ba37a49-0c87-68d1-5b03-000000000100}",
      "ProcessId": "7972",
      "Image": "C:\\Windows\\System32\\svchost.exe",
      "FileVersion": "10.0.19041.3636 (WinBuild.160101.0800)",
      "Description": "Host Process for Windows Services",
      "Product": "Microsoft® Windows® Operating System",
      "Company": "Microsoft Corporation",
      "OriginalFileName": "svchost.exe",
      "CommandLine": "C:\\Windows\\system32\\svchost.exe -k netsvcs -p -s DsmSvc",
      "CurrentDirectory": "C:\\Windows\\system32\\",
      "User": "NT AUTHORITY\\SYSTEM",
      "LogonGuid": "{3ba37a49-cbed-68d1-e703-000000000000}",
      "LogonId": "0x00000000000003e7",
      "TerminalSessionId": "0",
      "IntegrityLevel": "System",
      "Hashes": "MD5=145DCF6706EEEA5B066885EE17964C09,SHA256=F13DE58416730D210DAB465B242E9C949FB0A0245EEF45B07C381F0C6C8A43C3,IMPHASH=247B9220E5D9B720A82B2C8B5069AD69",
      "ParentProcessGuid": "{00000000-0000-0000-0000-000000000000}",
      "ParentProcessId": "812",
      "ParentImage": "-",
      "ParentCommandLine": "-",
      "ParentUser": "-"
    }
  },
  {
    "event_id": "1",
    "time": "2025-09-22 08:46:45.683418+00:00",
    "record_id": "2",
    "computer": "D",
    "channel": "M",
    "provider": "Microsoft-Windows-Sysmon",
    "data": {
      "RuleName": "Context,DeviceConnectedOrUpdated",
      "EventType": "SetValue",
      "UtcTime": "2025-09-22 08:46:45.503",
      "ProcessGuid": "{3ba37a49-0bc5-68d1-4c03-000000000100}",
      "ProcessId": "4180",
      "Image": "C:\\Windows\\System32\\WUDFHost.exe",
      "TargetObject": "HKLM\\SOFTWARE\\Microsoft\\Windows Portable Devices\\Devices\\SWD#WPDBUSENUM#{7B54DF2C-9802-11F0-AB29-F42679ADC914}#0000000000100000\\FriendlyName",
      "Details": "E:\\",
      "User": "NT AUTHORITY\\LOCAL SERVICE"
    }
  },
  {
    "event_id": "1",
    "time": "2025-09-22 08:46:45.683455+00:00",
    "record_id": "2",
    "computer": "D",
    "channel": "M",
    "provider": "Microsoft-Windows-Sysmon",
    "data": {
      "RuleName": "Context,DeviceConnectedOrUpdated",
      "EventType": "SetValue",
      "UtcTime": "2025-09-22 08:46:45.503",
      "ProcessGuid": "{3ba37a49-0bc5-68d1-4c03-000000000100}",
      "ProcessId": "4180",
      "Image": "C:\\Windows\\System32\\WUDFHost.exe",
      "TargetObject": "HKLM\\System\\CurrentControlSet\\Enum\\SWD\\WPDBUSENUM\\{7b54df2c-9802-11f0-ab29-f42679adc914}#0000000000100000\\FriendlyName",
      "Details": "E:\\",
      "User": "NT AUTHORITY\\LOCAL SERVICE"
    }
  },
  {
    "event_id": "1",
    "time": "2025-09-22 08:46:45.923981+00:00",
    "record_id": "2",
    "computer": "D",
    "channel": "M",
    "provider": "Microsoft-Windows-Sysmon",
    "data": {
      "RuleName": "-",
      "UtcTime": "2025-09-22 08:46:45.830",
      "ProcessGuid": "{3ba37a49-0cf5-68d1-6003-000000000100}",
      "ProcessId": "3900",
      "Image": "C:\\Windows\\System32\\svchost.exe",
      "FileVersion": "10.0.19041.3636 (WinBuild.160101.0800)",
      "Description": "Host Process for Windows Services",
      "Product": "Microsoft® Windows® Operating System",
      "Company": "Microsoft Corporation",
      "OriginalFileName": "svchost.exe",
      "CommandLine": "C:\\Windows\\system32\\svchost.exe -k netsvcs -p -s DsmSvc",
      "CurrentDirectory": "C:\\Windows\\system32\\",
      "User": "NT AUTHORITY\\SYSTEM",
      "LogonGuid": "{3ba37a49-cbed-68d1-e703-000000000000}",
      "LogonId": "0x00000000000003e7",
      "TerminalSessionId": "0",
      "IntegrityLevel": "System",
      "Hashes": "MD5=145DCF6706EEEA5B066885EE17964C09,SHA256=F13DE58416730D210DAB465B242E9C949FB0A0245EEF45B07C381F0C6C8A43C3,IMPHASH=247B9220E5D9B720A82B2C8B5069AD69",
      "ParentProcessGuid": "{00000000-0000-0000-0000-000000000000}",
      "ParentProcessId": "812",
      "ParentImage": "-",
      "ParentCommandLine": "-",
      "ParentUser": "-"
    }
  },
  {
    "event_id": "1",
    "time": "2025-09-22 08:48:18.519424+00:00",
    "record_id": "2",
    "computer": "D",
    "channel": "M",
    "provider": "Microsoft-Windows-Sysmon",
    "data": {
      "RuleName": "-",
      "UtcTime": "2025-09-22 08:48:18.508",
      "ProcessGuid": "{3ba37a49-0d52-68d1-6203-000000000100}",
      "ProcessId": "5088",
      "Image": "C:\\Program Files (x86)\\Microsoft\\Edge\\Application\\msedge.exe",
      "FileVersion": "140.0.3485.81",
      "Description": "Microsoft Edge",
      "Product": "Microsoft Edge",
      "Company": "Microsoft Corporation",
      "OriginalFileName": "msedge.exe",
      "CommandLine": "\"C:\\Program Files (x86)\\Microsoft\\Edge\\Application\\msedge.exe\" --type=utility --utility-sub-type=unzip.mojom.Unzipper --lang=en-US --service-sandbox-type=service --no-pre-read-main-dll --ram-no-pressure-read-main-dll --metrics-shmem-handle=4868,i,2874481681804231662,13965506131828061979,524288 --field-trial-handle=2528,i,7697915212337388755,10769669130442954102,262144 --variations-seed-version --mojo-platform-channel-handle=9228 /prefetch:8",
      "CurrentDirectory": "C:\\Program Files (x86)\\Microsoft\\Edge\\Application\\140.0.3485.81\\",
      "User": "DESKTOP-GTOLFFJ\\client 1",
      "LogonGuid": "{3ba37a49-fd37-68d0-095b-290000000000}",
      "LogonId": "0x0000000000295b09",
      "TerminalSessionId": "2",
      "IntegrityLevel": "Low",
      "Hashes": "MD5=1528CB9EF98D45785723BB69D9AB696F,SHA256=4A855A4DD286DADA7E700D325B1E25AA6DF43350125237C4276BF6C3A8452FCD,IMPHASH=9ACEBDFAC77931C2B0DFBBEA2D494BA9",
      "ParentProcessGuid": "{3ba37a49-fe7f-68d0-ea01-000000000100}",
      "ParentProcessId": "4976",
      "ParentImage": "C:\\Program Files (x86)\\Microsoft\\Edge\\Application\\msedge.exe",
      "ParentCommandLine": "\"C:\\Program Files (x86)\\Microsoft\\Edge\\Application\\msedge.exe\" --no-startup-window",
      "ParentUser": "DESKTOP-GTOLFFJ\\client 1"
    }
  },
  {
    "event_id": "1",
    "time": "2025-09-22 08:48:33.038296+00:00",
    "record_id": "2",
    "computer": "D",
    "channel": "M",
    "provider": "Microsoft-Windows-Sysmon",
    "data": {
      "RuleName": "-",
      "UtcTime": "2025-09-22 08:48:33.035",
      "ProcessGuid": "{3ba37a49-0d61-68d1-6303-000000000100}",
      "ProcessId": "3620",
      "Image": "C:\\Windows\\System32\\smartscreen.exe",
      "FileVersion": "10.0.19041.3636 (WinBuild.160101.0800)",
      "Description": "Windows Defender SmartScreen",
      "Product": "Microsoft® Windows® Operating System",
      "Company": "Microsoft Corporation",
      "OriginalFileName": "smartscreen.exe",
      "CommandLine": "C:\\Windows\\System32\\smartscreen.exe -Embedding",
      "CurrentDirectory": "C:\\Windows\\system32\\",
      "User": "DESKTOP-GTOLFFJ\\client 1",
      "LogonGuid": "{3ba37a49-fd37-68d0-095b-290000000000}",
      "LogonId": "0x0000000000295b09",
      "TerminalSessionId": "2",
      "IntegrityLevel": "Medium",
      "Hashes": "MD5=FCEF02A990181FF75D901624C992ACA8,SHA256=AB8D788E0116C9216FCA7E9F40D014E7AE2FE64123FCC81FA98AB2BCC7946B3A,IMPHASH=CE3B5F238DD7A7EBC8F28D4250477A41",
      "ParentProcessGuid": "{00000000-0000-0000-0000-000000000000}",
      "ParentProcessId": "960",
      "ParentImage": "-",
      "ParentCommandLine": "-",
      "ParentUser": "-"
    }
  },
  {
    "event_id": "1",
    "time": "2025-09-22 08:48:33.171152+00:00",
    "record_id": "2",
    "computer": "D",
    "channel": "M",
    "provider": "Microsoft-Windows-Sysmon",
    "data": {
      "RuleName": "-",
      "UtcTime": "2025-09-22 08:48:33.151",
      "ProcessGuid": "{3ba37a49-0d61-68d1-6403-000000000100}",
      "ProcessId": "6844",
      "Image": "C:\\Windows\\System32\\Taskmgr.exe",
      "FileVersion": "10.0.19041.3636 (WinBuild.160101.0800)",
      "Description": "Task Manager",
      "Product": "Microsoft® Windows® Operating System",
      "Company": "Microsoft Corporation",
      "OriginalFileName": "Taskmgr.exe",
      "CommandLine": "\"C:\\Windows\\system32\\taskmgr.exe\" /4",
      "CurrentDirectory": "C:\\Windows\\system32\\",
      "User": "DESKTOP-GTOLFFJ\\client 1",
      "LogonGuid": "{3ba37a49-fd37-68d0-095b-290000000000}",
      "LogonId": "0x0000000000295b09",
      "TerminalSessionId": "2",
      "IntegrityLevel": "Medium",
      "Hashes": "MD5=67E28912DBE077031FCF2F295F80F68C,SHA256=4CFAB2C56ED6A5312FAA8A95A0635E0D27CAD29F8845FF21D2E521C4E208CE18,IMPHASH=E0B20B2FFB8E5455773387F528CDDA26",
      "ParentProcessGuid": "{3ba37a49-fd39-68d0-2b01-000000000100}",
      "ParentProcessId": "4912",
      "ParentImage": "C:\\Windows\\explorer.exe",
      "ParentCommandLine": "C:\\Windows\\Explorer.EXE",
      "ParentUser": "DESKTOP-GTOLFFJ\\client 1"
    }
  },
  {
    "event_id": "1",
    "time": "2025-09-22 08:48:33.193344+00:00",
    "record_id": "2",
    "computer": "D",
    "channel": "M",
    "provider": "Microsoft-Windows-Sysmon",
    "data": {
      "RuleName": "-",
      "UtcTime": "2025-09-22 08:48:33.189",
      "ProcessGuid": "{3ba37a49-0d61-68d1-6503-000000000100}",
      "ProcessId": "8484",
      "Image": "C:\\Windows\\System32\\consent.exe",
      "FileVersion": "10.0.19041.3636 (WinBuild.160101.0800)",
      "Description": "Consent UI for administrative applications",
      "Product": "Microsoft® Windows® Operating System",
      "Company": "Microsoft Corporation",
      "OriginalFileName": "consent.exe",
      "CommandLine": "consent.exe 4812 316 000002034AA36740",
      "CurrentDirectory": "C:\\Windows\\system32\\",
      "User": "NT AUTHORITY\\SYSTEM",
      "LogonGuid": "{3ba37a49-cbed-68d1-e703-000000000000}",
      "LogonId": "0x00000000000003e7",
      "TerminalSessionId": "2",
      "IntegrityLevel": "System",
      "Hashes": "MD5=959461FE7E338B2BF1F75D6F860DAAE1,SHA256=BC1AC9C190C716778D80EF36AAE620F2B7B334D3776B628907581301ED97128C,IMPHASH=7001337914CFB426620F508E54CDF72F",
      "ParentProcessGuid": "{3ba37a49-fd40-68d0-3c01-000000000100}",
      "ParentProcessId": "4812",
      "ParentImage": "C:\\Windows\\System32\\svchost.exe",
      "ParentCommandLine": "C:\\Windows\\system32\\svchost.exe -k netsvcs -p -s Appinfo",
      "ParentUser": "NT AUTHORITY\\SYSTEM"
    }
  },
  {
    "event_id": "1",
    "time": "2025-09-22 08:48:33.322603+00:00",
    "record_id": "2",
    "computer": "D",
    "channel": "M",
    "provider": "Microsoft-Windows-Sysmon",
    "data": {
      "RuleName": "-",
      "UtcTime": "2025-09-22 08:48:33.316",
      "ProcessGuid": "{3ba37a49-0d61-68d1-6603-000000000100}",
      "ProcessId": "6368",
      "Image": "C:\\Windows\\System32\\Taskmgr.exe",
      "FileVersion": "10.0.19041.3636 (WinBuild.160101.0800)",
      "Description": "Task Manager",
      "Product": "Microsoft® Windows® Operating System",
      "Company": "Microsoft Corporation",
      "OriginalFileName": "Taskmgr.exe",
      "CommandLine": "\"C:\\Windows\\system32\\taskmgr.exe\" /4",
      "CurrentDirectory": "C:\\Windows\\system32\\",
      "User": "DESKTOP-GTOLFFJ\\client 1",
      "LogonGuid": "{3ba37a49-fd37-68d0-ec5a-290000000000}",
      "LogonId": "0x0000000000295aec",
      "TerminalSessionId": "2",
      "IntegrityLevel": "High",
      "Hashes": "MD5=67E28912DBE077031FCF2F295F80F68C,SHA256=4CFAB2C56ED6A5312FAA8A95A0635E0D27CAD29F8845FF21D2E521C4E208CE18,IMPHASH=E0B20B2FFB8E5455773387F528CDDA26",
      "ParentProcessGuid": "{3ba37a49-fd39-68d0-2b01-000000000100}",
      "ParentProcessId": "4912",
      "ParentImage": "C:\\Windows\\explorer.exe",
      "ParentCommandLine": "C:\\Windows\\Explorer.EXE",
      "ParentUser": "DESKTOP-GTOLFFJ\\client 1"
    }
  },
  {
    "event_id": "1",
    "time": "2025-09-22 08:50:43.488529+00:00",
    "record_id": "2",
    "computer": "D",
    "channel": "M",
    "provider": "Microsoft-Windows-Sysmon",
    "data": {
      "RuleName": "Downloads",
      "UtcTime": "2025-09-22 08:50:43.476",
      "ProcessGuid": "{3ba37a49-fd39-68d0-2b01-000000000100}",
      "ProcessId": "4912",
      "Image": "C:\\Windows\\Explorer.EXE",
      "TargetFilename": "C:\\Users\\client 1\\Downloads\\memory.zip",
      "CreationUtcTime": "2025-09-22 08:50:43.476",
      "User": "DESKTOP-GTOLFFJ\\client 1"
    }
  },
  {
    "event_id": "1",
    "time": "2025-09-22 08:51:20.907160+00:00",
    "record_id": "2",
    "computer": "D",
    "channel": "M",
    "provider": "Microsoft-Windows-Sysmon",
    "data": {
      "RuleName": "-",
      "UtcTime": "2025-09-22 08:51:20.840",
      "ProcessGuid": "{3ba37a49-0e08-68d1-6703-000000000100}",
      "ProcessId": "3292",
      "Image": "C:\\Windows\\System32\\certutil.exe",
      "FileVersion": "10.0.19041.3636 (WinBuild.160101.0800)",
      "Description": "CertUtil.exe",
      "Product": "Microsoft® Windows® Operating System",
      "Company": "Microsoft Corporation",
      "OriginalFileName": "CertUtil.exe",
      "CommandLine": "certutil  -hashfile \"C:\\Users\\client 1\\Downloads\\memory.raw\" SHA2526",
      "CurrentDirectory": "C:\\Windows\\system32\\",
      "User": "DESKTOP-GTOLFFJ\\client 1",
      "LogonGuid": "{3ba37a49-fd37-68d0-ec5a-290000000000}",
      "LogonId": "0x0000000000295aec",
      "TerminalSessionId": "2",
      "IntegrityLevel": "High",
      "Hashes": "MD5=A7A5B67EC704EAC6D6E6AF0489353F42,SHA256=BF072F9A6A15B550B13AE86A4FBD3FA809D2A13236847AE9FA9A68F41386106E,IMPHASH=5AFC8346D5AFF4A4862E8A7C91042465",
      "ParentProcessGuid": "{3ba37a49-0a27-68d1-2b03-000000000100}",
      "ParentProcessId": "8136",
      "ParentImage": "C:\\Windows\\System32\\cmd.exe",
      "ParentCommandLine": "\"C:\\Windows\\system32\\cmd.exe\"",
      "ParentUser": "DESKTOP-GTOLFFJ\\client 1"
    }
  },
  {
    "event_id": "1",
    "time": "2025-09-22 08:52:34.061186+00:00",
    "record_id": "2",
    "computer": "D",
    "channel": "M",
    "provider": "Microsoft-Windows-Sysmon",
    "data": {
      "RuleName": "-",
      "UtcTime": "2025-09-22 08:52:33.942",
      "ProcessGuid": "{3ba37a49-0e51-68d1-6a03-000000000100}",
      "ProcessId": "7236",
      "Image": "C:\\Windows\\System32\\Taskmgr.exe",
      "FileVersion": "10.0.19041.3636 (WinBuild.160101.0800)",
      "Description": "Task Manager",
      "Product": "Microsoft® Windows® Operating System",
      "Company": "Microsoft Corporation",
      "OriginalFileName": "Taskmgr.exe",
      "CommandLine": "\"C:\\Windows\\system32\\taskmgr.exe\" /4",
      "CurrentDirectory": "C:\\Windows\\system32\\",
      "User": "DESKTOP-GTOLFFJ\\client 1",
      "LogonGuid": "{3ba37a49-fd37-68d0-095b-290000000000}",
      "LogonId": "0x0000000000295b09",
      "TerminalSessionId": "2",
      "IntegrityLevel": "Medium",
      "Hashes": "MD5=67E28912DBE077031FCF2F295F80F68C,SHA256=4CFAB2C56ED6A5312FAA8A95A0635E0D27CAD29F8845FF21D2E521C4E208CE18,IMPHASH=E0B20B2FFB8E5455773387F528CDDA26",
      "ParentProcessGuid": "{3ba37a49-fd39-68d0-2b01-000000000100}",
      "ParentProcessId": "4912",
      "ParentImage": "C:\\Windows\\explorer.exe",
      "ParentCommandLine": "C:\\Windows\\Explorer.EXE",
      "ParentUser": "DESKTOP-GTOLFFJ\\client 1"
    }
  },
