  {
    "event_id": "1",
    "time": "2025-09-22 08:52:34.631489+00:00",
    "record_id": "2",
    "computer": "D",
    "channel": "M",
    "provider": "Microsoft-Windows-Sysmon",
    "data": {
      "RuleName": "-",
      "UtcTime": "2025-09-22 08:52:34.433",
      "ProcessGuid": "{3ba37a49-0e52-68d1-6b03-000000000100}",
      "ProcessId": "4144",
      "Image": "C:\\Windows\\System32\\consent.exe",
      "FileVersion": "10.0.19041.3636 (WinBuild.160101.0800)",
      "Description": "Consent UI for administrative applications",
      "Product": "Microsoft® Windows® Operating System",
      "Company": "Microsoft Corporation",
      "OriginalFileName": "consent.exe",
      "CommandLine": "consent.exe 4812 316 000002034AA36740",
      "CurrentDirectory": "C:\\Windows\\system32\\",
      "User": "NT AUTHORITY\\SYSTEM",
      "LogonGuid": "{3ba37a49-cbed-68d1-e703-000000000000}",
      "LogonId": "0x00000000000003e7",
      "TerminalSessionId": "2",
      "IntegrityLevel": "System",
      "Hashes": "MD5=959461FE7E338B2BF1F75D6F860DAAE1,SHA256=BC1AC9C190C716778D80EF36AAE620F2B7B334D3776B628907581301ED97128C,IMPHASH=7001337914CFB426620F508E54CDF72F",
      "ParentProcessGuid": "{3ba37a49-fd40-68d0-3c01-000000000100}",
      "ParentProcessId": "4812",
      "ParentImage": "C:\\Windows\\System32\\svchost.exe",
      "ParentCommandLine": "C:\\Windows\\system32\\svchost.exe -k netsvcs -p -s Appinfo",
      "ParentUser": "NT AUTHORITY\\SYSTEM"
    }
  },
  {
    "event_id": "1",
    "time": "2025-09-22 08:52:38.457245+00:00",
    "record_id": "3",
    "computer": "D",
    "channel": "M",
    "provider": "Microsoft-Windows-Sysmon",
    "data": {
      "RuleName": "-",
      "UtcTime": "2025-09-22 08:52:38.134",
      "ProcessGuid": "{3ba37a49-0e56-68d1-6c03-000000000100}",
      "ProcessId": "8488",
      "Image": "C:\\Windows\\System32\\Taskmgr.exe",
      "FileVersion": "10.0.19041.3636 (WinBuild.160101.0800)",
      "Description": "Task Manager",
      "Product": "Microsoft® Windows® Operating System",
      "Company": "Microsoft Corporation",
      "OriginalFileName": "Taskmgr.exe",
      "CommandLine": "\"C:\\Windows\\system32\\taskmgr.exe\" /4",
      "CurrentDirectory": "C:\\Windows\\system32\\",
      "User": "DESKTOP-GTOLFFJ\\client 1",
      "LogonGuid": "{3ba37a49-fd37-68d0-ec5a-290000000000}",
      "LogonId": "0x0000000000295aec",
      "TerminalSessionId": "2",
      "IntegrityLevel": "High",
      "Hashes": "MD5=67E28912DBE077031FCF2F295F80F68C,SHA256=4CFAB2C56ED6A5312FAA8A95A0635E0D27CAD29F8845FF21D2E521C4E208CE18,IMPHASH=E0B20B2FFB8E5455773387F528CDDA26",
      "ParentProcessGuid": "{3ba37a49-fd39-68d0-2b01-000000000100}",
      "ParentProcessId": "4912",
      "ParentImage": "C:\\Windows\\explorer.exe",
      "ParentCommandLine": "C:\\Windows\\Explorer.EXE",
      "ParentUser": "DESKTOP-GTOLFFJ\\client 1"
    }
  },
  {
    "event_id": "1",
    "time": "2025-09-22 08:53:54.197327+00:00",
    "record_id": "3",
    "computer": "D",
    "channel": "M",
    "provider": "Microsoft-Windows-Sysmon",
    "data": {
      "RuleName": "Downloads",
      "UtcTime": "2025-09-22 08:53:54.185",
      "ProcessGuid": "{3ba37a49-fd39-68d0-2b01-000000000100}",
      "ProcessId": "4912",
      "Image": "C:\\Windows\\Explorer.EXE",
      "TargetFilename": "C:\\Users\\client 1\\Downloads\\memory.zip~RF54a465.TMP",
      "CreationUtcTime": "2025-09-22 08:53:54.185",
      "User": "DESKTOP-GTOLFFJ\\client 1"
    }
  },
  {
    "event_id": "1",
    "time": "2025-09-22 08:53:54.354139+00:00",
    "record_id": "3",
    "computer": "D",
    "channel": "M",
    "provider": "Microsoft-Windows-Sysmon",
    "data": {
      "RuleName": "Downloads",
      "UtcTime": "2025-09-22 08:53:54.342",
      "ProcessGuid": "{3ba37a49-fd39-68d0-2b01-000000000100}",
      "ProcessId": "4912",
      "Image": "C:\\Windows\\Explorer.EXE",
      "TargetFilename": "C:\\Users\\client 1\\Downloads\\memory.zip",
      "CreationUtcTime": "2025-09-22 08:50:43.476",
      "User": "DESKTOP-GTOLFFJ\\client 1"
    }
  },
  {
    "event_id": "1",
    "time": "2025-09-22 08:54:45.489902+00:00",
    "record_id": "3",
    "computer": "D",
    "channel": "M",
    "provider": "Microsoft-Windows-Sysmon",
    "data": {
      "RuleName": "-",
      "UtcTime": "2025-09-22 08:54:45.483",
      "ProcessGuid": "{3ba37a49-0ed5-68d1-7103-000000000100}",
      "ProcessId": "1960",
      "Image": "C:\\Program Files (x86)\\Microsoft\\Edge\\Application\\msedge.exe",
      "FileVersion": "140.0.3485.81",
      "Description": "Microsoft Edge",
      "Product": "Microsoft Edge",
      "Company": "Microsoft Corporation",
      "OriginalFileName": "msedge.exe",
      "CommandLine": "\"C:\\Program Files (x86)\\Microsoft\\Edge\\Application\\msedge.exe\" --type=utility --utility-sub-type=unzip.mojom.Unzipper --lang=en-US --service-sandbox-type=service --no-pre-read-main-dll --ram-no-pressure-read-main-dll --metrics-shmem-handle=9584,i,4254733445008123241,6140941235857921871,524288 --field-trial-handle=2528,i,7697915212337388755,10769669130442954102,262144 --variations-seed-version --mojo-platform-channel-handle=7792 /prefetch:8",
      "CurrentDirectory": "C:\\Program Files (x86)\\Microsoft\\Edge\\Application\\140.0.3485.81\\",
      "User": "DESKTOP-GTOLFFJ\\client 1",
      "LogonGuid": "{3ba37a49-fd37-68d0-095b-290000000000}",
      "LogonId": "0x0000000000295b09",
      "TerminalSessionId": "2",
      "IntegrityLevel": "Low",
      "Hashes": "MD5=1528CB9EF98D45785723BB69D9AB696F,SHA256=4A855A4DD286DADA7E700D325B1E25AA6DF43350125237C4276BF6C3A8452FCD,IMPHASH=9ACEBDFAC77931C2B0DFBBEA2D494BA9",
      "ParentProcessGuid": "{3ba37a49-fe7f-68d0-ea01-000000000100}",
      "ParentProcessId": "4976",
      "ParentImage": "C:\\Program Files (x86)\\Microsoft\\Edge\\Application\\msedge.exe",
      "ParentCommandLine": "\"C:\\Program Files (x86)\\Microsoft\\Edge\\Application\\msedge.exe\" --no-startup-window",
      "ParentUser": "DESKTOP-GTOLFFJ\\client 1"
    }
  },
  {
    "event_id": "1",
    "time": "2025-09-22 09:00:06.629280+00:00",
    "record_id": "3",
    "computer": "D",
    "channel": "M",
    "provider": "Microsoft-Windows-Sysmon",
    "data": {
      "RuleName": "-",
      "UtcTime": "2025-09-22 09:00:06.622",
      "ProcessGuid": "{3ba37a49-1016-68d1-7403-000000000100}",
      "ProcessId": "8436",
      "Image": "C:\\Windows\\System32\\svchost.exe",
      "FileVersion": "10.0.19041.3636 (WinBuild.160101.0800)",
      "Description": "Host Process for Windows Services",
      "Product": "Microsoft® Windows® Operating System",
      "Company": "Microsoft Corporation",
      "OriginalFileName": "svchost.exe",
      "CommandLine": "C:\\Windows\\system32\\svchost.exe -k netsvcs -p -s gpsvc",
      "CurrentDirectory": "C:\\Windows\\system32\\",
      "User": "NT AUTHORITY\\SYSTEM",
      "LogonGuid": "{3ba37a49-cbed-68d1-e703-000000000000}",
      "LogonId": "0x00000000000003e7",
      "TerminalSessionId": "0",
      "IntegrityLevel": "System",
      "Hashes": "MD5=145DCF6706EEEA5B066885EE17964C09,SHA256=F13DE58416730D210DAB465B242E9C949FB0A0245EEF45B07C381F0C6C8A43C3,IMPHASH=247B9220E5D9B720A82B2C8B5069AD69",
      "ParentProcessGuid": "{00000000-0000-0000-0000-000000000000}",
      "ParentProcessId": "812",
      "ParentImage": "-",
      "ParentCommandLine": "-",
      "ParentUser": "-"
    }
  },
  {
    "event_id": "1",
    "time": "2025-09-22 09:01:33.613306+00:00",
    "record_id": "3",
    "computer": "D",
    "channel": "M",
    "provider": "Microsoft-Windows-Sysmon",
    "data": {
      "RuleName": "-",
      "UtcTime": "2025-09-22 09:01:33.605",
      "ProcessGuid": "{3ba37a49-106d-68d1-7603-000000000100}",
      "ProcessId": "2612",
      "Image": "C:\\Program Files (x86)\\Microsoft\\Edge\\Application\\msedge.exe",
      "FileVersion": "140.0.3485.81",
      "Description": "Microsoft Edge",
      "Product": "Microsoft Edge",
      "Company": "Microsoft Corporation",
      "OriginalFileName": "msedge.exe",
      "CommandLine": "\"C:\\Program Files (x86)\\Microsoft\\Edge\\Application\\msedge.exe\" --type=utility --utility-sub-type=unzip.mojom.Unzipper --lang=en-US --service-sandbox-type=service --no-pre-read-main-dll --ram-no-pressure-read-main-dll --metrics-shmem-handle=9296,i,3458197639463405961,5163508370540216287,524288 --field-trial-handle=2528,i,7697915212337388755,10769669130442954102,262144 --variations-seed-version --mojo-platform-channel-handle=9264 /prefetch:8",
      "CurrentDirectory": "C:\\Program Files (x86)\\Microsoft\\Edge\\Application\\140.0.3485.81\\",
      "User": "DESKTOP-GTOLFFJ\\client 1",
      "LogonGuid": "{3ba37a49-fd37-68d0-095b-290000000000}",
      "LogonId": "0x0000000000295b09",
      "TerminalSessionId": "2",
      "IntegrityLevel": "Low",
      "Hashes": "MD5=1528CB9EF98D45785723BB69D9AB696F,SHA256=4A855A4DD286DADA7E700D325B1E25AA6DF43350125237C4276BF6C3A8452FCD,IMPHASH=9ACEBDFAC77931C2B0DFBBEA2D494BA9",
      "ParentProcessGuid": "{3ba37a49-fe7f-68d0-ea01-000000000100}",
      "ParentProcessId": "4976",
      "ParentImage": "C:\\Program Files (x86)\\Microsoft\\Edge\\Application\\msedge.exe",
      "ParentCommandLine": "\"C:\\Program Files (x86)\\Microsoft\\Edge\\Application\\msedge.exe\" --no-startup-window",
      "ParentUser": "DESKTOP-GTOLFFJ\\client 1"
    }
  },
  {
    "event_id": "1",
    "time": "2025-09-22 09:07:05.621820+00:00",
    "record_id": "3",
    "computer": "D",
    "channel": "M",
    "provider": "Microsoft-Windows-Sysmon",
    "data": {
      "RuleName": "-",
      "UtcTime": "2025-09-22 09:07:05.616",
      "ProcessGuid": "{3ba37a49-11b9-68d1-7803-000000000100}",
      "ProcessId": "3676",
      "Image": "C:\\Windows\\System32\\certutil.exe",
      "FileVersion": "10.0.19041.3636 (WinBuild.160101.0800)",
      "Description": "CertUtil.exe",
      "Product": "Microsoft® Windows® Operating System",
      "Company": "Microsoft Corporation",
      "OriginalFileName": "CertUtil.exe",
      "CommandLine": "certutil  -hashfile \"C:\\Users\\client 1\\Downloads\\memory.raw\" SHA256",
      "CurrentDirectory": "C:\\Windows\\system32\\",
      "User": "DESKTOP-GTOLFFJ\\client 1",
      "LogonGuid": "{3ba37a49-fd37-68d0-ec5a-290000000000}",
      "LogonId": "0x0000000000295aec",
      "TerminalSessionId": "2",
      "IntegrityLevel": "High",
      "Hashes": "MD5=A7A5B67EC704EAC6D6E6AF0489353F42,SHA256=BF072F9A6A15B550B13AE86A4FBD3FA809D2A13236847AE9FA9A68F41386106E,IMPHASH=5AFC8346D5AFF4A4862E8A7C91042465",
      "ParentProcessGuid": "{3ba37a49-0a27-68d1-2b03-000000000100}",
      "ParentProcessId": "8136",
      "ParentImage": "C:\\Windows\\System32\\cmd.exe",
      "ParentCommandLine": "\"C:\\Windows\\system32\\cmd.exe\"",
      "ParentUser": "DESKTOP-GTOLFFJ\\client 1"
    }
  },
  {
    "event_id": "1",
    "time": "2025-09-22 09:08:47.140694+00:00",
    "record_id": "3",
    "computer": "D",
    "channel": "M",
    "provider": "Microsoft-Windows-Sysmon",
    "data": {
      "RuleName": "-",
      "UtcTime": "2025-09-22 09:08:47.133",
      "ProcessGuid": "{3ba37a49-121f-68d1-7d03-000000000100}",
      "ProcessId": "6896",
      "Image": "C:\\Windows\\System32\\svchost.exe",
      "FileVersion": "10.0.19041.3636 (WinBuild.160101.0800)",
      "Description": "Host Process for Windows Services",
      "Product": "Microsoft® Windows® Operating System",
      "Company": "Microsoft Corporation",
      "OriginalFileName": "svchost.exe",
      "CommandLine": "C:\\Windows\\system32\\svchost.exe -k netsvcs -p -s DsmSvc",
      "CurrentDirectory": "C:\\Windows\\system32\\",
      "User": "NT AUTHORITY\\SYSTEM",
      "LogonGuid": "{3ba37a49-cbed-68d1-e703-000000000000}",
      "LogonId": "0x00000000000003e7",
      "TerminalSessionId": "0",
      "IntegrityLevel": "System",
      "Hashes": "MD5=145DCF6706EEEA5B066885EE17964C09,SHA256=F13DE58416730D210DAB465B242E9C949FB0A0245EEF45B07C381F0C6C8A43C3,IMPHASH=247B9220E5D9B720A82B2C8B5069AD69",
      "ParentProcessGuid": "{00000000-0000-0000-0000-000000000000}",
      "ParentProcessId": "812",
      "ParentImage": "-",
      "ParentCommandLine": "-",
      "ParentUser": "-"
    }
  },
  {
    "event_id": "1",
    "time": "2025-09-22 09:08:47.531092+00:00",
    "record_id": "3",
    "computer": "D",
    "channel": "M",
    "provider": "Microsoft-Windows-Sysmon",
    "data": {
      "RuleName": "-",
      "UtcTime": "2025-09-22 09:08:47.516",
      "ProcessGuid": "{3ba37a49-121f-68d1-7f03-000000000100}",
      "ProcessId": "8372",
      "Image": "C:\\Windows\\System32\\WUDFHost.exe",
      "FileVersion": "10.0.19041.3758 (WinBuild.160101.0800)",
      "Description": "Windows Driver Foundation - User-mode Driver Framework Host Process",
      "Product": "Microsoft® Windows® Operating System",
      "Company": "Microsoft Corporation",
      "OriginalFileName": "WUDFHost.exe",
      "CommandLine": "\"C:\\Windows\\System32\\WUDFHost.exe\" -HostGUID:{193a1820-d9ac-4997-8c55-be817523f6aa} -IoEventPortName:\\UMDFCommunicationPorts\\WUDF\\HostProcess-05718133-f722-4740-934c-a5490f420806 -SystemEventPortName:\\UMDFCommunicationPorts\\WUDF\\HostProcess-7c49deef-10ef-4bbc-9edf-fd7efe4a23f9 -IoCancelEventPortName:\\UMDFCommunicationPorts\\WUDF\\HostProcess-f6e9dc84-9412-4190-962b-2563330d848c -NonStateChangingEventPortName:\\UMDFCommunicationPorts\\WUDF\\HostProcess-8360d7c0-1303-4fbb-8892-3bfccb55fc73 -LifetimeId:0b47370f-1e39-4c95-be15-5232601f7889 -DeviceGroupId:WpdFsGroup -HostArg:0",
      "CurrentDirectory": "C:\\Windows\\system32\\",
      "User": "NT AUTHORITY\\LOCAL SERVICE",
      "LogonGuid": "{3ba37a49-cbee-68d1-e503-000000000000}",
      "LogonId": "0x00000000000003e5",
      "TerminalSessionId": "0",
      "IntegrityLevel": "System",
      "Hashes": "MD5=F39650983CFD01CBBC6158C6BF7FE522,SHA256=4AFB76B497A7B1B37A9D597550827E829CABAF1F019B62A65A536D8F1832C90B,IMPHASH=3FB4FBF226FDE242843AE0A7C907D1D5",
      "ParentProcessGuid": "{00000000-0000-0000-0000-000000000000}",
      "ParentProcessId": "812",
      "ParentImage": "-",
      "ParentCommandLine": "-",
      "ParentUser": "-"
    }
  },
  {
    "event_id": "1",
    "time": "2025-09-22 09:08:48.038511+00:00",
    "record_id": "3",
    "computer": "D",
    "channel": "M",
    "provider": "Microsoft-Windows-Sysmon",
    "data": {
      "RuleName": "Context,DeviceConnectedOrUpdated",
      "EventType": "SetValue",
      "UtcTime": "2025-09-22 09:08:48.032",
      "ProcessGuid": "{3ba37a49-121f-68d1-7f03-000000000100}",
      "ProcessId": "8372",
      "Image": "C:\\Windows\\System32\\WUDFHost.exe",
      "TargetObject": "HKLM\\SOFTWARE\\Microsoft\\Windows Portable Devices\\Devices\\SWD#WPDBUSENUM#_??_USBSTOR#DISK&VEN_TOSHIBA&PROD_TRANSMEMORY&REV_1.00#C412F52D61FDC26040028198&0#{53F56307-B6BF-11D0-94F2-00A0C91EFB8B}\\FriendlyName",
      "Details": "ESD-USB",
      "User": "NT AUTHORITY\\LOCAL SERVICE"
    }
  },
  {
    "event_id": "1",
    "time": "2025-09-22 09:09:54.948269+00:00",
    "record_id": "3",
    "computer": "D",
    "channel": "M",
    "provider": "Microsoft-Windows-Sysmon",
    "data": {
      "RuleName": "-",
      "EventType": "SetValue",
      "UtcTime": "2025-09-22 09:09:54.928",
      "ProcessGuid": "{3ba37a49-fd39-68d0-2b01-000000000100}",
      "ProcessId": "4912",
      "Image": "C:\\Windows\\Explorer.EXE",
      "TargetObject": "HKU\\S-1-5-21-2437830779-3302432962-562250718-1001\\SOFTWARE\\Microsoft\\Windows\\CurrentVersion\\Shell Extensions\\Cached\\{D6791A63-E7E2-4FEE-BF52-5DED8E86E9B8} {000214E4-0000-0000-C000-000000000046} 0xFFFF",
      "Details": "Binary Data",
      "User": "DESKTOP-GTOLFFJ\\client 1"
    }
  },
  {
    "event_id": "1",
    "time": "2025-09-22 09:09:57.117310+00:00",
    "record_id": "3",
    "computer": "D",
    "channel": "M",
    "provider": "Microsoft-Windows-Sysmon",
    "data": {
      "RuleName": "-",
      "EventType": "SetValue",
      "UtcTime": "2025-09-22 09:09:57.100",
      "ProcessGuid": "{3ba37a49-fd39-68d0-2b01-000000000100}",
      "ProcessId": "4912",
      "Image": "C:\\Windows\\Explorer.EXE",
      "TargetObject": "HKU\\S-1-5-21-2437830779-3302432962-562250718-1001\\SOFTWARE\\Microsoft\\Windows\\CurrentVersion\\Shell Extensions\\Cached\\{55B3A0BD-4D28-42FE-8CFB-FA3EDFF969B8} {000214E9-0000-0000-C000-000000000046} 0xFFFF",
      "Details": "Binary Data",
      "User": "DESKTOP-GTOLFFJ\\client 1"
    }
  },
  {
    "event_id": "1",
    "time": "2025-09-22 09:09:57.139471+00:00",
    "record_id": "3",
    "computer": "D",
    "channel": "M",
    "provider": "Microsoft-Windows-Sysmon",
    "data": {
      "RuleName": "-",
      "EventType": "SetValue",
      "UtcTime": "2025-09-22 09:09:57.131",
      "ProcessGuid": "{3ba37a49-fd39-68d0-2b01-000000000100}",
      "ProcessId": "4912",
      "Image": "C:\\Windows\\Explorer.EXE",
      "TargetObject": "HKU\\S-1-5-21-2437830779-3302432962-562250718-1001\\SOFTWARE\\Microsoft\\Windows\\CurrentVersion\\Shell Extensions\\Cached\\{7988B573-EC89-11CF-9C00-00AA00A14F56} {000214E9-0000-0000-C000-000000000046} 0xFFFF",
      "Details": "Binary Data",
      "User": "DESKTOP-GTOLFFJ\\client 1"
    }
  },
  {
    "event_id": "1",
    "time": "2025-09-22 09:10:50.694622+00:00",
    "record_id": "3",
    "computer": "D",
    "channel": "M",
    "provider": "Microsoft-Windows-Sysmon",
    "data": {
      "RuleName": "-",
      "UtcTime": "2025-09-22 09:10:50.686",
      "ProcessGuid": "{3ba37a49-129a-68d1-8203-000000000100}",
      "ProcessId": "6780",
      "Image": "C:\\Windows\\System32\\svchost.exe",
      "FileVersion": "10.0.19041.3636 (WinBuild.160101.0800)",
      "Description": "Host Process for Windows Services",
      "Product": "Microsoft® Windows® Operating System",
      "Company": "Microsoft Corporation",
      "OriginalFileName": "svchost.exe",
      "CommandLine": "C:\\Windows\\system32\\svchost.exe -k netsvcs -p -s DsmSvc",
      "CurrentDirectory": "C:\\Windows\\system32\\",
      "User": "NT AUTHORITY\\SYSTEM",
      "LogonGuid": "{3ba37a49-cbed-68d1-e703-000000000000}",
      "LogonId": "0x00000000000003e7",
      "TerminalSessionId": "0",
      "IntegrityLevel": "System",
      "Hashes": "MD5=145DCF6706EEEA5B066885EE17964C09,SHA256=F13DE58416730D210DAB465B242E9C949FB0A0245EEF45B07C381F0C6C8A43C3,IMPHASH=247B9220E5D9B720A82B2C8B5069AD69",
      "ParentProcessGuid": "{00000000-0000-0000-0000-000000000000}",
      "ParentProcessId": "812",
      "ParentImage": "-",
      "ParentCommandLine": "-",
      "ParentUser": "-"
    }
  },
  {
    "event_id": "1",
    "time": "2025-09-22 09:10:50.974930+00:00",
    "record_id": "3",
    "computer": "D",
    "channel": "M",
    "provider": "Microsoft-Windows-Sysmon",
    "data": {
      "RuleName": "-",
      "UtcTime": "2025-09-22 09:10:50.963",
      "ProcessGuid": "{3ba37a49-129a-68d1-8303-000000000100}",
      "ProcessId": "8880",
      "Image": "C:\\Windows\\System32\\WUDFHost.exe",
      "FileVersion": "10.0.19041.3758 (WinBuild.160101.0800)",
      "Description": "Windows Driver Foundation - User-mode Driver Framework Host Process",
      "Product": "Microsoft® Windows® Operating System",
      "Company": "Microsoft Corporation",
      "OriginalFileName": "WUDFHost.exe",
      "CommandLine": "\"C:\\Windows\\System32\\WUDFHost.exe\" -HostGUID:{193a1820-d9ac-4997-8c55-be817523f6aa} -IoEventPortName:\\UMDFCommunicationPorts\\WUDF\\HostProcess-d7f2a3fb-4619-465f-8388-a26fd120ff3f -SystemEventPortName:\\UMDFCommunicationPorts\\WUDF\\HostProcess-af9ff265-32be-4be2-876e-5a8e9ce1f912 -IoCancelEventPortName:\\UMDFCommunicationPorts\\WUDF\\HostProcess-a2690d97-9c07-496d-b005-72091916719b -NonStateChangingEventPortName:\\UMDFCommunicationPorts\\WUDF\\HostProcess-7f0104e7-e13c-43cd-ae11-f769c51e8547 -LifetimeId:0ab51981-d450-4794-b537-7f9af7caeb44 -DeviceGroupId:WpdFsGroup -HostArg:0",
      "CurrentDirectory": "C:\\Windows\\system32\\",
      "User": "NT AUTHORITY\\LOCAL SERVICE",
      "LogonGuid": "{3ba37a49-cbee-68d1-e503-000000000000}",
      "LogonId": "0x00000000000003e5",
      "TerminalSessionId": "0",
      "IntegrityLevel": "System",
      "Hashes": "MD5=F39650983CFD01CBBC6158C6BF7FE522,SHA256=4AFB76B497A7B1B37A9D597550827E829CABAF1F019B62A65A536D8F1832C90B,IMPHASH=3FB4FBF226FDE242843AE0A7C907D1D5",
      "ParentProcessGuid": "{00000000-0000-0000-0000-000000000000}",
      "ParentProcessId": "812",
      "ParentImage": "-",
      "ParentCommandLine": "-",
      "ParentUser": "-"
    }
  },
  {
    "event_id": "1",
    "time": "2025-09-22 09:10:51.352135+00:00",
    "record_id": "3",
    "computer": "D",
    "channel": "M",
    "provider": "Microsoft-Windows-Sysmon",
    "data": {
      "RuleName": "Context,DeviceConnectedOrUpdated",
      "EventType": "SetValue",
      "UtcTime": "2025-09-22 09:10:51.349",
      "ProcessGuid": "{3ba37a49-129a-68d1-8303-000000000100}",
      "ProcessId": "8880",
      "Image": "C:\\Windows\\System32\\WUDFHost.exe",
      "TargetObject": "HKLM\\SOFTWARE\\Microsoft\\Windows Portable Devices\\Devices\\SWD#WPDBUSENUM#_??_USBSTOR#DISK&VEN_TOSHIBA&PROD_TRANSMEMORY&REV_1.00#C412F52D61FDC26040028198&0#{53F56307-B6BF-11D0-94F2-00A0C91EFB8B}\\FriendlyName",
      "Details": "ESD-USB",
      "User": "NT AUTHORITY\\LOCAL SERVICE"
    }
  },
  {
    "event_id": "1",
    "time": "2025-09-22 09:11:07.614941+00:00",
    "record_id": "3",
    "computer": "D",
    "channel": "M",
    "provider": "Microsoft-Windows-Sysmon",
    "data": {
      "RuleName": "-",
      "UtcTime": "2025-09-22 09:11:07.609",
      "ProcessGuid": "{3ba37a49-12ab-68d1-8503-000000000100}",
      "ProcessId": "4944",
      "Image": "C:\\Windows\\System32\\mmc.exe",
      "FileVersion": "10.0.19041.3758 (WinBuild.160101.0800)",
      "Description": "Microsoft Management Console",
      "Product": "Microsoft® Windows® Operating System",
      "Company": "Microsoft Corporation",
      "OriginalFileName": "mmc.exe",
      "CommandLine": "\"C:\\Windows\\system32\\mmc.exe\" C:\\Windows\\system32\\diskmgmt.msc",
      "CurrentDirectory": "C:\\Windows\\system32\\",
      "User": "DESKTOP-GTOLFFJ\\client 1",
      "LogonGuid": "{3ba37a49-fd37-68d0-095b-290000000000}",
      "LogonId": "0x0000000000295b09",
      "TerminalSessionId": "2",
      "IntegrityLevel": "Medium",
      "Hashes": "MD5=268D768255CDF00BF1B0AB97F146D12A,SHA256=CEB418CB93957EAE0D4ECFC17455F9677452E752E02D60A9A80F0A48E0AD5AF4,IMPHASH=5AEF584EA4BCED674B66847FE9D61F23",
      "ParentProcessGuid": "{3ba37a49-fd38-68d0-2201-000000000100}",
      "ParentProcessId": "1432",
      "ParentImage": "C:\\Windows\\System32\\sihost.exe",
      "ParentCommandLine": "sihost.exe",
      "ParentUser": "DESKTOP-GTOLFFJ\\client 1"
    }
  },
  {
    "event_id": "1",
    "time": "2025-09-22 09:11:07.894161+00:00",
    "record_id": "3",
    "computer": "D",
    "channel": "M",
    "provider": "Microsoft-Windows-Sysmon",
    "data": {
      "RuleName": "-",
      "UtcTime": "2025-09-22 09:11:07.871",
      "ProcessGuid": "{3ba37a49-12ab-68d1-8603-000000000100}",
      "ProcessId": "9060",
      "Image": "C:\\Windows\\System32\\consent.exe",
      "FileVersion": "10.0.19041.3636 (WinBuild.160101.0800)",
      "Description": "Consent UI for administrative applications",
      "Product": "Microsoft® Windows® Operating System",
      "Company": "Microsoft Corporation",
      "OriginalFileName": "consent.exe",
      "CommandLine": "consent.exe 4812 416 000002034AA51900",
      "CurrentDirectory": "C:\\Windows\\system32\\",
      "User": "NT AUTHORITY\\SYSTEM",
      "LogonGuid": "{3ba37a49-cbed-68d1-e703-000000000000}",
      "LogonId": "0x00000000000003e7",
      "TerminalSessionId": "2",
      "IntegrityLevel": "System",
      "Hashes": "MD5=959461FE7E338B2BF1F75D6F860DAAE1,SHA256=BC1AC9C190C716778D80EF36AAE620F2B7B334D3776B628907581301ED97128C,IMPHASH=7001337914CFB426620F508E54CDF72F",
      "ParentProcessGuid": "{3ba37a49-fd40-68d0-3c01-000000000100}",
      "ParentProcessId": "4812",
      "ParentImage": "C:\\Windows\\System32\\svchost.exe",
      "ParentCommandLine": "C:\\Windows\\system32\\svchost.exe -k netsvcs -p -s Appinfo",
      "ParentUser": "NT AUTHORITY\\SYSTEM"
    }
  },
  {
    "event_id": "1",
    "time": "2025-09-22 09:11:08.169325+00:00",
    "record_id": "3",
    "computer": "D",
    "channel": "M",
    "provider": "Microsoft-Windows-Sysmon",
    "data": {
      "RuleName": "-",
      "UtcTime": "2025-09-22 09:11:08.162",
      "ProcessGuid": "{3ba37a49-12ac-68d1-8703-000000000100}",
      "ProcessId": "7360",
      "Image": "C:\\Windows\\System32\\mmc.exe",
      "FileVersion": "10.0.19041.3758 (WinBuild.160101.0800)",
      "Description": "Microsoft Management Console",
      "Product": "Microsoft® Windows® Operating System",
      "Company": "Microsoft Corporation",
      "OriginalFileName": "mmc.exe",
      "CommandLine": "\"C:\\Windows\\system32\\mmc.exe\" C:\\Windows\\system32\\diskmgmt.msc",
      "CurrentDirectory": "C:\\Windows\\system32\\",
      "User": "DESKTOP-GTOLFFJ\\client 1",
      "LogonGuid": "{3ba37a49-fd37-68d0-ec5a-290000000000}",
      "LogonId": "0x0000000000295aec",
      "TerminalSessionId": "2",
      "IntegrityLevel": "High",
      "Hashes": "MD5=268D768255CDF00BF1B0AB97F146D12A,SHA256=CEB418CB93957EAE0D4ECFC17455F9677452E752E02D60A9A80F0A48E0AD5AF4,IMPHASH=5AEF584EA4BCED674B66847FE9D61F23",
      "ParentProcessGuid": "{3ba37a49-fd6f-68d0-5501-000000000100}",
      "ParentProcessId": "1216",
      "ParentImage": "C:\\Windows\\System32\\RuntimeBroker.exe",
      "ParentCommandLine": "C:\\Windows\\System32\\RuntimeBroker.exe -Embedding",
      "ParentUser": "DESKTOP-GTOLFFJ\\client 1"
    }
  },
  {
    "event_id": "1",
    "time": "2025-09-22 09:11:08.648420+00:00",
    "record_id": "3",
    "computer": "D",
    "channel": "M",
    "provider": "Microsoft-Windows-Sysmon",
    "data": {
      "RuleName": "-",
      "UtcTime": "2025-09-22 09:11:08.640",
      "ProcessGuid": "{3ba37a49-12ac-68d1-8803-000000000100}",
      "ProcessId": "256",
      "Image": "C:\\Windows\\System32\\vdsldr.exe",
      "FileVersion": "10.0.19041.3636 (WinBuild.160101.0800)",
      "Description": "Virtual Disk Service Loader",
      "Product": "Microsoft® Windows® Operating System",
      "Company": "Microsoft Corporation",
      "OriginalFileName": "vdsldr.exe",
      "CommandLine": "C:\\Windows\\System32\\vdsldr.exe -Embedding",
      "CurrentDirectory": "C:\\Windows\\system32\\",
      "User": "DESKTOP-GTOLFFJ\\client 1",
      "LogonGuid": "{3ba37a49-fd37-68d0-ec5a-290000000000}",
      "LogonId": "0x0000000000295aec",
      "TerminalSessionId": "2",
      "IntegrityLevel": "High",
      "Hashes": "MD5=04937965D768BF16FE3ECDD4C62AAF05,SHA256=B77DD867F616AEA1219472F0AFF3D14F75562D10EEE7E0817F4508FD11717FD9,IMPHASH=9603C9CE05A128F079B59510B5F4D75C",
      "ParentProcessGuid": "{00000000-0000-0000-0000-000000000000}",
      "ParentProcessId": "960",
      "ParentImage": "-",
      "ParentCommandLine": "-",
      "ParentUser": "-"
    }
  },
  {
    "event_id": "1",
    "time": "2025-09-22 09:11:08.782198+00:00",
    "record_id": "3",
    "computer": "D",
    "channel": "M",
    "provider": "Microsoft-Windows-Sysmon",
    "data": {
      "RuleName": "-",
      "UtcTime": "2025-09-22 09:11:08.742",
      "ProcessGuid": "{3ba37a49-12ac-68d1-8903-000000000100}",
      "ProcessId": "7996",
      "Image": "C:\\Windows\\System32\\vds.exe",
      "FileVersion": "10.0.19041.3636 (WinBuild.160101.0800)",
      "Description": "Virtual Disk Service",
      "Product": "Microsoft® Windows® Operating System",
      "Company": "Microsoft Corporation",
      "OriginalFileName": "vds.exe",
      "CommandLine": "C:\\Windows\\System32\\vds.exe",
      "CurrentDirectory": "C:\\Windows\\system32\\",
      "User": "NT AUTHORITY\\SYSTEM",
      "LogonGuid": "{3ba37a49-cbed-68d1-e703-000000000000}",
      "LogonId": "0x00000000000003e7",
      "TerminalSessionId": "0",
      "IntegrityLevel": "System",
      "Hashes": "MD5=EF731E3562CC0C4D3E70D0AF34687F27,SHA256=D6671F9B3787BC179FE96288D67BF028EC0DA2B0E4A9EAD9787F103751AE004F,IMPHASH=AF0B832B06A6C6368E2645292492D355",
      "ParentProcessGuid": "{00000000-0000-0000-0000-000000000000}",
      "ParentProcessId": "812",
      "ParentImage": "-",
      "ParentCommandLine": "-",
      "ParentUser": "-"
    }
  },
  {
    "event_id": "1",
    "time": "2025-09-22 09:11:51.250027+00:00",
    "record_id": "3",
    "computer": "D",
    "channel": "M",
    "provider": "Microsoft-Windows-Sysmon",
    "data": {
      "RuleName": "Context,DeviceConnectedOrUpdated",
      "EventType": "SetValue",
      "UtcTime": "2025-09-22 09:11:51.227",
      "ProcessGuid": "{3ba37a49-129a-68d1-8303-000000000100}",
      "ProcessId": "8880",
      "Image": "C:\\Windows\\System32\\WUDFHost.exe",
      "TargetObject": "HKLM\\SOFTWARE\\Microsoft\\Windows Portable Devices\\Devices\\SWD#WPDBUSENUM#_??_USBSTOR#DISK&VEN_TOSHIBA&PROD_TRANSMEMORY&REV_1.00#C412F52D61FDC26040028198&0#{53F56307-B6BF-11D0-94F2-00A0C91EFB8B}\\FriendlyName",
      "Details": "ESD-USB",
      "User": "NT AUTHORITY\\LOCAL SERVICE"
    }
  },
  {
    "event_id": "1",
    "time": "2025-09-22 09:14:09.278297+00:00",
    "record_id": "3",
    "computer": "D",
    "channel": "M",
    "provider": "Microsoft-Windows-Sysmon",
    "data": {
      "RuleName": "-",
      "UtcTime": "2025-09-22 09:14:09.273",
      "ProcessGuid": "{3ba37a49-1361-68d1-8c03-000000000100}",
      "ProcessId": "2128",
      "Image": "C:\\Windows\\System32\\smartscreen.exe",
      "FileVersion": "10.0.19041.3636 (WinBuild.160101.0800)",
      "Description": "Windows Defender SmartScreen",
      "Product": "Microsoft® Windows® Operating System",
      "Company": "Microsoft Corporation",
      "OriginalFileName": "smartscreen.exe",
      "CommandLine": "C:\\Windows\\System32\\smartscreen.exe -Embedding",
      "CurrentDirectory": "C:\\Windows\\system32\\",
      "User": "DESKTOP-GTOLFFJ\\client 1",
      "LogonGuid": "{3ba37a49-fd37-68d0-095b-290000000000}",
      "LogonId": "0x0000000000295b09",
      "TerminalSessionId": "2",
      "IntegrityLevel": "Medium",
      "Hashes": "MD5=FCEF02A990181FF75D901624C992ACA8,SHA256=AB8D788E0116C9216FCA7E9F40D014E7AE2FE64123FCC81FA98AB2BCC7946B3A,IMPHASH=CE3B5F238DD7A7EBC8F28D4250477A41",
      "ParentProcessGuid": "{00000000-0000-0000-0000-000000000000}",
      "ParentProcessId": "960",
      "ParentImage": "-",
      "ParentCommandLine": "-",
      "ParentUser": "-"
    }
  },
  {
    "event_id": "1",
    "time": "2025-09-22 09:14:09.616919+00:00",
    "record_id": "3",
    "computer": "D",
    "channel": "M",
    "provider": "Microsoft-Windows-Sysmon",
    "data": {
      "RuleName": "-",
      "UtcTime": "2025-09-22 09:14:09.485",
      "ProcessGuid": "{3ba37a49-1361-68d1-8d03-000000000100}",
      "ProcessId": "6984",
      "Image": "C:\\Windows\\System32\\notepad.exe",
      "FileVersion": "10.0.19041.3636 (WinBuild.160101.0800)",
      "Description": "Notepad",
      "Product": "Microsoft® Windows® Operating System",
      "Company": "Microsoft Corporation",
      "OriginalFileName": "NOTEPAD.EXE",
      "CommandLine": "\"C:\\Windows\\system32\\notepad.exe\"",
      "CurrentDirectory": "C:\\Users\\client 1\\",
      "User": "DESKTOP-GTOLFFJ\\client 1",
      "LogonGuid": "{3ba37a49-fd37-68d0-095b-290000000000}",
      "LogonId": "0x0000000000295b09",
      "TerminalSessionId": "2",
      "IntegrityLevel": "Medium",
      "Hashes": "MD5=E60295D4D202496C1D689343BB58C9E0,SHA256=BAEFAFD4C558E8EC66A5772B8AC8DC18D51789CCAF97BE5FC66CD63A71CAF75C,IMPHASH=09ED737A03DB7295BF734A9953F6EB5E",
      "ParentProcessGuid": "{3ba37a49-fd39-68d0-2b01-000000000100}",
      "ParentProcessId": "4912",
      "ParentImage": "C:\\Windows\\explorer.exe",
      "ParentCommandLine": "C:\\Windows\\Explorer.EXE",
      "ParentUser": "DESKTOP-GTOLFFJ\\client 1"
    }
  },
  {
    "event_id": "1",
    "time": "2025-09-22 09:15:06.735430+00:00",
    "record_id": "3",
    "computer": "D",
    "channel": "M",
    "provider": "Microsoft-Windows-Sysmon",
    "data": {
      "RuleName": "-",
      "UtcTime": "2025-09-22 09:15:06.730",
      "ProcessGuid": "{3ba37a49-139a-68d1-8f03-000000000100}",
      "ProcessId": "3856",
      "Image": "C:\\Windows\\System32\\svchost.exe",
      "FileVersion": "10.0.19041.3636 (WinBuild.160101.0800)",
      "Description": "Host Process for Windows Services",
      "Product": "Microsoft® Windows® Operating System",
      "Company": "Microsoft Corporation",
      "OriginalFileName": "svchost.exe",
      "CommandLine": "C:\\Windows\\system32\\svchost.exe -k netsvcs -p -s gpsvc",
      "CurrentDirectory": "C:\\Windows\\system32\\",
      "User": "NT AUTHORITY\\SYSTEM",
      "LogonGuid": "{3ba37a49-cbed-68d1-e703-000000000000}",
      "LogonId": "0x00000000000003e7",
      "TerminalSessionId": "0",
      "IntegrityLevel": "System",
      "Hashes": "MD5=145DCF6706EEEA5B066885EE17964C09,SHA256=F13DE58416730D210DAB465B242E9C949FB0A0245EEF45B07C381F0C6C8A43C3,IMPHASH=247B9220E5D9B720A82B2C8B5069AD69",
      "ParentProcessGuid": "{00000000-0000-0000-0000-000000000000}",
      "ParentProcessId": "812",
      "ParentImage": "-",
      "ParentCommandLine": "-",
      "ParentUser": "-"
    }
  },
  {
    "event_id": "1",
    "time": "2025-09-22 09:18:24.775003+00:00",
    "record_id": "3",
    "computer": "D",
    "channel": "M",
    "provider": "Microsoft-Windows-Sysmon",
    "data": {
      "RuleName": "-",
      "UtcTime": "2025-09-22 09:18:24.737",
      "ProcessGuid": "{3ba37a49-1460-68d1-9403-000000000100}",
      "ProcessId": "8708",
      "Image": "C:\\Windows\\System32\\svchost.exe",
      "FileVersion": "10.0.19041.3636 (WinBuild.160101.0800)",
      "Description": "Host Process for Windows Services",
      "Product": "Microsoft® Windows® Operating System",
      "Company": "Microsoft Corporation",
      "OriginalFileName": "svchost.exe",
      "CommandLine": "C:\\Windows\\system32\\svchost.exe -k netsvcs -p -s DsmSvc",
      "CurrentDirectory": "C:\\Windows\\system32\\",
      "User": "NT AUTHORITY\\SYSTEM",
      "LogonGuid": "{3ba37a49-cbed-68d1-e703-000000000000}",
      "LogonId": "0x00000000000003e7",
      "TerminalSessionId": "0",
      "IntegrityLevel": "System",
      "Hashes": "MD5=145DCF6706EEEA5B066885EE17964C09,SHA256=F13DE58416730D210DAB465B242E9C949FB0A0245EEF45B07C381F0C6C8A43C3,IMPHASH=247B9220E5D9B720A82B2C8B5069AD69",
      "ParentProcessGuid": "{00000000-0000-0000-0000-000000000000}",
      "ParentProcessId": "812",
      "ParentImage": "-",
      "ParentCommandLine": "-",
      "ParentUser": "-"
    }
  },
  {
    "event_id": "1",
    "time": "2025-09-22 09:18:29.214117+00:00",
    "record_id": "3",
    "computer": "D",
    "channel": "M",
    "provider": "Microsoft-Windows-Sysmon",
    "data": {
      "RuleName": "-",
      "UtcTime": "2025-09-22 09:18:29.211",
      "ProcessGuid": "{3ba37a49-1465-68d1-9703-000000000100}",
      "ProcessId": "1008",
      "Image": "C:\\Windows\\System32\\WUDFHost.exe",
      "FileVersion": "10.0.19041.3758 (WinBuild.160101.0800)",
      "Description": "Windows Driver Foundation - User-mode Driver Framework Host Process",
      "Product": "Microsoft® Windows® Operating System",
      "Company": "Microsoft Corporation",
      "OriginalFileName": "WUDFHost.exe",
      "CommandLine": "\"C:\\Windows\\System32\\WUDFHost.exe\" -HostGUID:{193a1820-d9ac-4997-8c55-be817523f6aa} -IoEventPortName:\\UMDFCommunicationPorts\\WUDF\\HostProcess-3522ce5a-ab21-4d31-869d-112f274dcbea -SystemEventPortName:\\UMDFCommunicationPorts\\WUDF\\HostProcess-7ff39385-80e4-48e8-a623-d38b0f9ad811 -IoCancelEventPortName:\\UMDFCommunicationPorts\\WUDF\\HostProcess-c90b2238-66a0-4360-aaa9-5b066c80aafb -NonStateChangingEventPortName:\\UMDFCommunicationPorts\\WUDF\\HostProcess-7eb7a1a8-e451-46b7-a17e-13fd70ff4ae3 -LifetimeId:57f0547a-9bf6-492e-b960-3c991dfe4be3 -DeviceGroupId:WpdFsGroup -HostArg:0",
      "CurrentDirectory": "C:\\Windows\\system32\\",
      "User": "NT AUTHORITY\\LOCAL SERVICE",
      "LogonGuid": "{3ba37a49-cbee-68d1-e503-000000000000}",
      "LogonId": "0x00000000000003e5",
      "TerminalSessionId": "0",
      "IntegrityLevel": "System",
      "Hashes": "MD5=F39650983CFD01CBBC6158C6BF7FE522,SHA256=4AFB76B497A7B1B37A9D597550827E829CABAF1F019B62A65A536D8F1832C90B,IMPHASH=3FB4FBF226FDE242843AE0A7C907D1D5",
      "ParentProcessGuid": "{00000000-0000-0000-0000-000000000000}",
      "ParentProcessId": "812",
      "ParentImage": "-",
      "ParentCommandLine": "-",
      "ParentUser": "-"
    }
  },
  {
    "event_id": "1",
    "time": "2025-09-22 09:18:39.622017+00:00",
    "record_id": "3",
    "computer": "D",
    "channel": "M",
    "provider": "Microsoft-Windows-Sysmon",
    "data": {
      "RuleName": "InvDB-DriverVer",
      "EventType": "SetValue",
      "UtcTime": "2025-09-22 09:18:39.614",
      "ProcessGuid": "{3ba37a49-f924-68d0-7500-000000000100}",
      "ProcessId": "5016",
      "Image": "C:\\Windows\\system32\\svchost.exe",
      "TargetObject": "\\REGISTRY\\A\\{0232ed3c-56c9-167d-969a-b42679a62c79}\\Root\\InventoryDevicePnp\\swd/wpdbusenum/{7b54df2c-9802-11f0-ab29-f42679adc914}#0000000000100000\\DriverVerVersion",
      "Details": "10.0.19041.3636",
      "User": "NT AUTHORITY\\SYSTEM"
    }
  },
  {
    "event_id": "1",
    "time": "2025-09-22 09:19:11.602879+00:00",
    "record_id": "3",
    "computer": "D",
    "channel": "M",
    "provider": "Microsoft-Windows-Sysmon",
    "data": {
      "RuleName": "-",
      "UtcTime": "2025-09-22 09:19:11.581",
      "ProcessGuid": "{3ba37a49-148f-68d1-9903-000000000100}",
      "ProcessId": "8916",
      "Image": "C:\\Windows\\System32\\smartscreen.exe",
      "FileVersion": "10.0.19041.3636 (WinBuild.160101.0800)",
      "Description": "Windows Defender SmartScreen",
      "Product": "Microsoft® Windows® Operating System",
      "Company": "Microsoft Corporation",
      "OriginalFileName": "smartscreen.exe",
      "CommandLine": "C:\\Windows\\System32\\smartscreen.exe -Embedding",
      "CurrentDirectory": "C:\\Windows\\system32\\",
      "User": "DESKTOP-GTOLFFJ\\client 1",
      "LogonGuid": "{3ba37a49-fd37-68d0-095b-290000000000}",
      "LogonId": "0x0000000000295b09",
      "TerminalSessionId": "2",
      "IntegrityLevel": "Medium",
      "Hashes": "MD5=FCEF02A990181FF75D901624C992ACA8,SHA256=AB8D788E0116C9216FCA7E9F40D014E7AE2FE64123FCC81FA98AB2BCC7946B3A,IMPHASH=CE3B5F238DD7A7EBC8F28D4250477A41",
      "ParentProcessGuid": "{00000000-0000-0000-0000-000000000000}",
      "ParentProcessId": "960",
      "ParentImage": "-",
      "ParentCommandLine": "-",
      "ParentUser": "-"
    }
  },
  {
    "event_id": "1",
    "time": "2025-09-22 09:19:59.258299+00:00",
    "record_id": "3",
    "computer": "D",
    "channel": "M",
    "provider": "Microsoft-Windows-Sysmon",
    "data": {
      "RuleName": "-",
      "UtcTime": "2025-09-22 09:19:59.243",
      "ProcessGuid": "{3ba37a49-14bf-68d1-9a03-000000000100}",
      "ProcessId": "3836",
      "Image": "C:\\Windows\\System32\\Taskmgr.exe",
      "FileVersion": "10.0.19041.3636 (WinBuild.160101.0800)",
      "Description": "Task Manager",
      "Product": "Microsoft® Windows® Operating System",
      "Company": "Microsoft Corporation",
      "OriginalFileName": "Taskmgr.exe",
      "CommandLine": "\"C:\\Windows\\system32\\taskmgr.exe\" /4",
      "CurrentDirectory": "C:\\Windows\\system32\\",
      "User": "DESKTOP-GTOLFFJ\\client 1",
      "LogonGuid": "{3ba37a49-fd37-68d0-095b-290000000000}",
      "LogonId": "0x0000000000295b09",
      "TerminalSessionId": "2",
      "IntegrityLevel": "Medium",
      "Hashes": "MD5=67E28912DBE077031FCF2F295F80F68C,SHA256=4CFAB2C56ED6A5312FAA8A95A0635E0D27CAD29F8845FF21D2E521C4E208CE18,IMPHASH=E0B20B2FFB8E5455773387F528CDDA26",
      "ParentProcessGuid": "{3ba37a49-fd39-68d0-2b01-000000000100}",
      "ParentProcessId": "4912",
      "ParentImage": "C:\\Windows\\explorer.exe",
      "ParentCommandLine": "C:\\Windows\\Explorer.EXE",
      "ParentUser": "DESKTOP-GTOLFFJ\\client 1"
    }
  },
  {
    "event_id": "1",
    "time": "2025-09-22 09:19:59.285789+00:00",
    "record_id": "3",
    "computer": "D",
    "channel": "M",
    "provider": "Microsoft-Windows-Sysmon",
    "data": {
      "RuleName": "-",
      "UtcTime": "2025-09-22 09:19:59.281",
      "ProcessGuid": "{3ba37a49-14bf-68d1-9b03-000000000100}",
      "ProcessId": "928",
      "Image": "C:\\Windows\\System32\\consent.exe",
      "FileVersion": "10.0.19041.3636 (WinBuild.160101.0800)",
      "Description": "Consent UI for administrative applications",
      "Product": "Microsoft® Windows® Operating System",
      "Company": "Microsoft Corporation",
      "OriginalFileName": "consent.exe",
      "CommandLine": "consent.exe 4812 316 000002034AAB8D70",
      "CurrentDirectory": "C:\\Windows\\system32\\",
      "User": "NT AUTHORITY\\SYSTEM",
      "LogonGuid": "{3ba37a49-cbed-68d1-e703-000000000000}",
      "LogonId": "0x00000000000003e7",
      "TerminalSessionId": "2",
      "IntegrityLevel": "System",
      "Hashes": "MD5=959461FE7E338B2BF1F75D6F860DAAE1,SHA256=BC1AC9C190C716778D80EF36AAE620F2B7B334D3776B628907581301ED97128C,IMPHASH=7001337914CFB426620F508E54CDF72F",
      "ParentProcessGuid": "{3ba37a49-fd40-68d0-3c01-000000000100}",
      "ParentProcessId": "4812",
      "ParentImage": "C:\\Windows\\System32\\svchost.exe",
      "ParentCommandLine": "C:\\Windows\\system32\\svchost.exe -k netsvcs -p -s Appinfo",
      "ParentUser": "NT AUTHORITY\\SYSTEM"
    }
  },
  {
    "event_id": "1",
    "time": "2025-09-22 09:19:59.422577+00:00",
    "record_id": "3",
    "computer": "D",
    "channel": "M",
    "provider": "Microsoft-Windows-Sysmon",
    "data": {
      "RuleName": "-",
      "UtcTime": "2025-09-22 09:19:59.419",
      "ProcessGuid": "{3ba37a49-14bf-68d1-9c03-000000000100}",
      "ProcessId": "7980",
      "Image": "C:\\Windows\\System32\\Taskmgr.exe",
      "FileVersion": "10.0.19041.3636 (WinBuild.160101.0800)",
      "Description": "Task Manager",
      "Product": "Microsoft® Windows® Operating System",
      "Company": "Microsoft Corporation",
      "OriginalFileName": "Taskmgr.exe",
      "CommandLine": "\"C:\\Windows\\system32\\taskmgr.exe\" /4",
      "CurrentDirectory": "C:\\Windows\\system32\\",
      "User": "DESKTOP-GTOLFFJ\\client 1",
      "LogonGuid": "{3ba37a49-fd37-68d0-ec5a-290000000000}",
      "LogonId": "0x0000000000295aec",
      "TerminalSessionId": "2",
      "IntegrityLevel": "High",
      "Hashes": "MD5=67E28912DBE077031FCF2F295F80F68C,SHA256=4CFAB2C56ED6A5312FAA8A95A0635E0D27CAD29F8845FF21D2E521C4E208CE18,IMPHASH=E0B20B2FFB8E5455773387F528CDDA26",
      "ParentProcessGuid": "{3ba37a49-fd39-68d0-2b01-000000000100}",
      "ParentProcessId": "4912",
      "ParentImage": "C:\\Windows\\explorer.exe",
      "ParentCommandLine": "C:\\Windows\\Explorer.EXE",
      "ParentUser": "DESKTOP-GTOLFFJ\\client 1"
    }
  },
  {
    "event_id": "1",
    "time": "2025-09-22 09:20:03.653660+00:00",
    "record_id": "3",
    "computer": "D",
    "channel": "M",
    "provider": "Microsoft-Windows-Sysmon",
    "data": {
      "RuleName": "Context,DeviceConnectedOrUpdated",
      "EventType": "SetValue",
      "UtcTime": "2025-09-22 09:20:03.549",
      "ProcessGuid": "{3ba37a49-1465-68d1-9703-000000000100}",
      "ProcessId": "1008",
      "Image": "C:\\Windows\\System32\\WUDFHost.exe",
      "TargetObject": "HKLM\\SOFTWARE\\Microsoft\\Windows Portable Devices\\Devices\\SWD#WPDBUSENUM#{7B54DF2C-9802-11F0-AB29-F42679ADC914}#0000000000100000\\FriendlyName",
      "Details": "E:\\",
      "User": "NT AUTHORITY\\LOCAL SERVICE"
    }
  },
  {
    "event_id": "1",
    "time": "2025-09-22 10:06:18.568668+00:00",
    "record_id": "3",
    "computer": "D",
    "channel": "M",
    "provider": "Microsoft-Windows-Sysmon",
    "data": {
      "RuleName": "-",
      "UtcTime": "2025-09-22 10:06:18.527",
      "ProcessGuid": "{3ba37a49-1f9a-68d1-a003-000000000100}",
      "ProcessId": "8604",
      "Image": "C:\\Program Files (x86)\\Microsoft\\EdgeUpdate\\MicrosoftEdgeUpdate.exe",
      "FileVersion": "1.3.147.37",
      "Description": "Microsoft Edge Update",
      "Product": "Microsoft Edge Update",
      "Company": "Microsoft Corporation",
      "OriginalFileName": "msedgeupdate.dll",
      "CommandLine": "\"C:\\Program Files (x86)\\Microsoft\\EdgeUpdate\\MicrosoftEdgeUpdate.exe\" /ua /installsource scheduler",
      "CurrentDirectory": "C:\\Windows\\system32\\",
      "User": "NT AUTHORITY\\SYSTEM",
      "LogonGuid": "{3ba37a49-cbed-68d1-e703-000000000000}",
      "LogonId": "0x00000000000003e7",
      "TerminalSessionId": "0",
      "IntegrityLevel": "System",
      "Hashes": "MD5=C019E421D9F897108E51666CBAE2C8B0,SHA256=3096D8E82917A9B73F322F4B1743E52E9B0C8B3C5933A957E73E29D6973CDD5B,IMPHASH=E00D60405A249A05D3B09AA7FE924B17",
      "ParentProcessGuid": "{00000000-0000-0000-0000-000000000000}",
      "ParentProcessId": "1788",
      "ParentImage": "-",
      "ParentCommandLine": "-",
      "ParentUser": "-"
    }
  },
  {
    "event_id": "1",
    "time": "2025-09-22 10:06:18.569075+00:00",
    "record_id": "3",
    "computer": "D",
    "channel": "M",
    "provider": "Microsoft-Windows-Sysmon",
    "data": {
      "RuleName": "-",
      "UtcTime": "2025-09-22 10:06:18.532",
      "ProcessGuid": "{3ba37a49-1f9a-68d1-a103-000000000100}",
      "ProcessId": "9172",
      "Image": "C:\\Windows\\System32\\taskhostw.exe",
      "FileVersion": "10.0.19041.3636 (WinBuild.160101.0800)",
      "Description": "Host Process for Windows Tasks",
      "Product": "Microsoft® Windows® Operating System",
      "Company": "Microsoft Corporation",
      "OriginalFileName": "taskhostw.exe",
      "CommandLine": "taskhostw.exe",
      "CurrentDirectory": "C:\\Windows\\system32\\",
      "User": "DESKTOP-GTOLFFJ\\client 1",
      "LogonGuid": "{3ba37a49-fd37-68d0-095b-290000000000}",
      "LogonId": "0x0000000000295b09",
      "TerminalSessionId": "2",
      "IntegrityLevel": "Medium",
      "Hashes": "MD5=9D68EEF2D82A328F0ECE1B641E5728CC,SHA256=976BB3FB062818E9643EC7F65BE2F267B90F63BD9F8BE0E6212D131183136140,IMPHASH=3A0C6863CDE566AF997DB2DEFFF9D924",
      "ParentProcessGuid": "{00000000-0000-0000-0000-000000000000}",
      "ParentProcessId": "1788",
      "ParentImage": "-",
      "ParentCommandLine": "-",
      "ParentUser": "-"
    }
  },
  {
    "event_id": "1",
    "time": "2025-09-22 10:06:18.630816+00:00",
    "record_id": "3",
    "computer": "D",
    "channel": "M",
    "provider": "Microsoft-Windows-Sysmon",
    "data": {
      "RuleName": "-",
      "UtcTime": "2025-09-22 10:06:18.564",
      "ProcessGuid": "{3ba37a49-1f9a-68d1-a203-000000000100}",
      "ProcessId": "8772",
      "Image": "C:\\Windows\\System32\\UsoClient.exe",
      "FileVersion": "10.0.19041.3758 (WinBuild.160101.0800)",
      "Description": "UsoClient",
      "Product": "Microsoft® Windows® Operating System",
      "Company": "Microsoft Corporation",
      "OriginalFileName": "UsoClient",
      "CommandLine": "\"C:\\Windows\\system32\\usoclient.exe\" StartScan",
      "CurrentDirectory": "C:\\Windows\\system32\\",
      "User": "NT AUTHORITY\\SYSTEM",
      "LogonGuid": "{3ba37a49-cbed-68d1-e703-000000000000}",
      "LogonId": "0x00000000000003e7",
      "TerminalSessionId": "0",
      "IntegrityLevel": "System",
      "Hashes": "MD5=56AA8F087C6BE7911A0C567DD4FC94CB,SHA256=AC1DD7DE072C0114635FD7F05C8033518B6B480CB925B3DD789C0B815F6D20BA,IMPHASH=6E7DA394C3973D54667DAA437FA88BE5",
      "ParentProcessGuid": "{00000000-0000-0000-0000-000000000000}",
      "ParentProcessId": "1788",
      "ParentImage": "-",
      "ParentCommandLine": "-",
      "ParentUser": "-"
    }
  },
  {
    "event_id": "1",
    "time": "2025-09-22 10:06:18.849701+00:00",
    "record_id": "3",
    "computer": "D",
    "channel": "M",
    "provider": "Microsoft-Windows-Sysmon",
    "data": {
      "RuleName": "-",
      "UtcTime": "2025-09-22 10:06:18.844",
      "ProcessGuid": "{3ba37a49-1f9a-68d1-a303-000000000100}",
      "ProcessId": "368",
      "Image": "C:\\Windows\\System32\\svchost.exe",
      "FileVersion": "10.0.19041.3636 (WinBuild.160101.0800)",
      "Description": "Host Process for Windows Services",
      "Product": "Microsoft® Windows® Operating System",
      "Company": "Microsoft Corporation",
      "OriginalFileName": "svchost.exe",
      "CommandLine": "C:\\Windows\\system32\\svchost.exe -k netsvcs -s LxpSvc",
      "CurrentDirectory": "C:\\Windows\\system32\\",
      "User": "NT AUTHORITY\\SYSTEM",
      "LogonGuid": "{3ba37a49-cbed-68d1-e703-000000000000}",
      "LogonId": "0x00000000000003e7",
      "TerminalSessionId": "0",
      "IntegrityLevel": "System",
      "Hashes": "MD5=145DCF6706EEEA5B066885EE17964C09,SHA256=F13DE58416730D210DAB465B242E9C949FB0A0245EEF45B07C381F0C6C8A43C3,IMPHASH=247B9220E5D9B720A82B2C8B5069AD69",
      "ParentProcessGuid": "{00000000-0000-0000-0000-000000000000}",
      "ParentProcessId": "812",
      "ParentImage": "-",
      "ParentCommandLine": "-",
      "ParentUser": "-"
    }
  },
