  {
    "event_id": "1",
    "time": "2025-09-22 10:10:55.821283+00:00",
    "record_id": "4",
    "computer": "D",
    "channel": "M",
    "provider": "Microsoft-Windows-Sysmon",
    "data": {
      "RuleName": "-",
      "UtcTime": "2025-09-22 10:10:55.728",
      "ProcessGuid": "{3ba37a49-20af-68d1-cb03-000000000100}",
      "ProcessId": "7944",
      "Image": "C:\\Windows\\System32\\taskhostw.exe",
      "FileVersion": "10.0.19041.3636 (WinBuild.160101.0800)",
      "Description": "Host Process for Windows Tasks",
      "Product": "Microsoft® Windows® Operating System",
      "Company": "Microsoft Corporation",
      "OriginalFileName": "taskhostw.exe",
      "CommandLine": "taskhostw.exe network",
      "CurrentDirectory": "C:\\Windows\\system32\\",
      "User": "NT AUTHORITY\\NETWORK SERVICE",
      "LogonGuid": "{3ba37a49-cbee-68d1-e403-000000000000}",
      "LogonId": "0x00000000000003e4",
      "TerminalSessionId": "0",
      "IntegrityLevel": "System",
      "Hashes": "MD5=9D68EEF2D82A328F0ECE1B641E5728CC,SHA256=976BB3FB062818E9643EC7F65BE2F267B90F63BD9F8BE0E6212D131183136140,IMPHASH=3A0C6863CDE566AF997DB2DEFFF9D924",
      "ParentProcessGuid": "{00000000-0000-0000-0000-000000000000}",
      "ParentProcessId": "1788",
      "ParentImage": "-",
      "ParentCommandLine": "-",
      "ParentUser": "-"
    }
  },
  {
    "event_id": "1",
    "time": "2025-09-22 10:10:56.042715+00:00",
    "record_id": "4",
    "computer": "D",
    "channel": "M",
    "provider": "Microsoft-Windows-Sysmon",
    "data": {
      "RuleName": "-",
      "EventType": "SetValue",
      "UtcTime": "2025-09-22 10:10:55.854",
      "ProcessGuid": "{3ba37a49-cbf8-68d1-2f00-000000000100}",
      "ProcessId": "2136",
      "Image": "C:\\Windows\\System32\\svchost.exe",
      "TargetObject": "HKLM\\SOFTWARE\\Microsoft\\Windows NT\\CurrentVersion\\NetworkList\\Profiles\\{0C6B4108-ABDC-452D-8C8E-79A6DAB25C26}\\DateLastConnected",
      "Details": "Binary Data",
      "User": "NT AUTHORITY\\LOCAL SERVICE"
    }
  },
  {
    "event_id": "1",
    "time": "2025-09-22 10:10:57.691706+00:00",
    "record_id": "4",
    "computer": "D",
    "channel": "M",
    "provider": "Microsoft-Windows-Sysmon",
    "data": {
      "RuleName": "-",
      "UtcTime": "2025-09-22 10:10:57.632",
      "ProcessGuid": "{3ba37a49-20b1-68d1-cd03-000000000100}",
      "ProcessId": "5524",
      "Image": "C:\\Windows\\System32\\svchost.exe",
      "FileVersion": "10.0.19041.3636 (WinBuild.160101.0800)",
      "Description": "Host Process for Windows Services",
      "Product": "Microsoft® Windows® Operating System",
      "Company": "Microsoft Corporation",
      "OriginalFileName": "svchost.exe",
      "CommandLine": "C:\\Windows\\system32\\svchost.exe -k netsvcs -p -s gpsvc",
      "CurrentDirectory": "C:\\Windows\\system32\\",
      "User": "NT AUTHORITY\\SYSTEM",
      "LogonGuid": "{3ba37a49-cbed-68d1-e703-000000000000}",
      "LogonId": "0x00000000000003e7",
      "TerminalSessionId": "0",
      "IntegrityLevel": "System",
      "Hashes": "MD5=145DCF6706EEEA5B066885EE17964C09,SHA256=F13DE58416730D210DAB465B242E9C949FB0A0245EEF45B07C381F0C6C8A43C3,IMPHASH=247B9220E5D9B720A82B2C8B5069AD69",
      "ParentProcessGuid": "{00000000-0000-0000-0000-000000000000}",
      "ParentProcessId": "812",
      "ParentImage": "-",
      "ParentCommandLine": "-",
      "ParentUser": "-"
    }
  },
  {
    "event_id": "1",
    "time": "2025-09-22 10:10:59.905785+00:00",
    "record_id": "4",
    "computer": "D",
    "channel": "M",
    "provider": "Microsoft-Windows-Sysmon",
    "data": {
      "RuleName": "-",
      "UtcTime": "2025-09-22 10:10:59.895",
      "ProcessGuid": "{3ba37a49-20b3-68d1-d103-000000000100}",
      "ProcessId": "8840",
      "Image": "C:\\Windows\\System32\\slui.exe",
      "FileVersion": "10.0.19041.3636 (WinBuild.160101.0800)",
      "Description": "Windows Activation Client",
      "Product": "Microsoft® Windows® Operating System",
      "Company": "Microsoft Corporation",
      "OriginalFileName": "slui.exe",
      "CommandLine": "\"C:\\Windows\\System32\\SLUI.exe\" RuleId=31e71c49-8da7-4a2f-ad92-45d98a1c79ba;Action=AutoActivate;AppId=55c92734-d682-4d71-983e-d6ec3f16059f;SkuId=4de7cb65-cdf1-4de9-8ae8-e3cce27b9f2c;NotificationInterval=1440;Trigger=NetworkAvailable",
      "CurrentDirectory": "C:\\Windows\\system32\\",
      "User": "NT AUTHORITY\\NETWORK SERVICE",
      "LogonGuid": "{3ba37a49-cbee-68d1-e403-000000000000}",
      "LogonId": "0x00000000000003e4",
      "TerminalSessionId": "0",
      "IntegrityLevel": "System",
      "Hashes": "MD5=D46E8D1455C8CB43555F76FB77BF7E99,SHA256=E8AEDE3B2E70E058FF15091FFC5C9694A0B5AB0A83D9E1EE31FF3A1DB2D1DB21,IMPHASH=F2014F5555EEFEC494A169DEEBA0FEE5",
      "ParentProcessGuid": "{3ba37a49-20b3-68d1-d003-000000000100}",
      "ParentProcessId": "2640",
      "ParentImage": "C:\\Windows\\System32\\SppExtComObj.Exe",
      "ParentCommandLine": "C:\\Windows\\system32\\SppExtComObj.exe -Embedding",
      "ParentUser": "NT AUTHORITY\\NETWORK SERVICE"
    }
  },
  {
    "event_id": "1",
    "time": "2025-09-22 10:11:01.060617+00:00",
    "record_id": "4",
    "computer": "D",
    "channel": "M",
    "provider": "Microsoft-Windows-Sysmon",
    "data": {
      "RuleName": "-",
      "UtcTime": "2025-09-22 10:11:01.049",
      "ProcessGuid": "{3ba37a49-20b5-68d1-d303-000000000100}",
      "ProcessId": "556",
      "Image": "C:\\Windows\\System32\\slui.exe",
      "FileVersion": "10.0.19041.3636 (WinBuild.160101.0800)",
      "Description": "Windows Activation Client",
      "Product": "Microsoft® Windows® Operating System",
      "Company": "Microsoft Corporation",
      "OriginalFileName": "slui.exe",
      "CommandLine": "C:\\Windows\\System32\\slui.exe -Embedding",
      "CurrentDirectory": "C:\\Windows\\system32\\",
      "User": "DESKTOP-GTOLFFJ\\client 1",
      "LogonGuid": "{3ba37a49-fd37-68d0-095b-290000000000}",
      "LogonId": "0x0000000000295b09",
      "TerminalSessionId": "2",
      "IntegrityLevel": "Medium",
      "Hashes": "MD5=D46E8D1455C8CB43555F76FB77BF7E99,SHA256=E8AEDE3B2E70E058FF15091FFC5C9694A0B5AB0A83D9E1EE31FF3A1DB2D1DB21,IMPHASH=F2014F5555EEFEC494A169DEEBA0FEE5",
      "ParentProcessGuid": "{00000000-0000-0000-0000-000000000000}",
      "ParentProcessId": "960",
      "ParentImage": "-",
      "ParentCommandLine": "-",
      "ParentUser": "-"
    }
  },
  {
    "event_id": "1",
    "time": "2025-09-22 10:11:25.522188+00:00",
    "record_id": "4",
    "computer": "D",
    "channel": "M",
    "provider": "Microsoft-Windows-Sysmon",
    "data": {
      "RuleName": "-",
      "UtcTime": "2025-09-22 10:11:25.419",
      "ProcessGuid": "{3ba37a49-20cd-68d1-d403-000000000100}",
      "ProcessId": "6168",
      "Image": "C:\\Windows\\System32\\mmc.exe",
      "FileVersion": "10.0.19041.3758 (WinBuild.160101.0800)",
      "Description": "Microsoft Management Console",
      "Product": "Microsoft® Windows® Operating System",
      "Company": "Microsoft Corporation",
      "OriginalFileName": "mmc.exe",
      "CommandLine": "\"C:\\Windows\\system32\\mmc.exe\" \"C:\\Windows\\system32\\services.msc\"",
      "CurrentDirectory": "C:\\Users\\client 1\\",
      "User": "DESKTOP-GTOLFFJ\\client 1",
      "LogonGuid": "{3ba37a49-fd37-68d0-095b-290000000000}",
      "LogonId": "0x0000000000295b09",
      "TerminalSessionId": "2",
      "IntegrityLevel": "Medium",
      "Hashes": "MD5=268D768255CDF00BF1B0AB97F146D12A,SHA256=CEB418CB93957EAE0D4ECFC17455F9677452E752E02D60A9A80F0A48E0AD5AF4,IMPHASH=5AEF584EA4BCED674B66847FE9D61F23",
      "ParentProcessGuid": "{3ba37a49-fd39-68d0-2b01-000000000100}",
      "ParentProcessId": "4912",
      "ParentImage": "C:\\Windows\\explorer.exe",
      "ParentCommandLine": "C:\\Windows\\Explorer.EXE",
      "ParentUser": "DESKTOP-GTOLFFJ\\client 1"
    }
  },
  {
    "event_id": "1",
    "time": "2025-09-22 10:11:25.654512+00:00",
    "record_id": "4",
    "computer": "D",
    "channel": "M",
    "provider": "Microsoft-Windows-Sysmon",
    "data": {
      "RuleName": "-",
      "UtcTime": "2025-09-22 10:11:25.650",
      "ProcessGuid": "{3ba37a49-20cd-68d1-d503-000000000100}",
      "ProcessId": "6700",
      "Image": "C:\\Windows\\System32\\consent.exe",
      "FileVersion": "10.0.19041.3636 (WinBuild.160101.0800)",
      "Description": "Consent UI for administrative applications",
      "Product": "Microsoft® Windows® Operating System",
      "Company": "Microsoft Corporation",
      "OriginalFileName": "consent.exe",
      "CommandLine": "consent.exe 4812 422 000002034AAB0AF0",
      "CurrentDirectory": "C:\\Windows\\system32\\",
      "User": "NT AUTHORITY\\SYSTEM",
      "LogonGuid": "{3ba37a49-cbed-68d1-e703-000000000000}",
      "LogonId": "0x00000000000003e7",
      "TerminalSessionId": "2",
      "IntegrityLevel": "System",
      "Hashes": "MD5=959461FE7E338B2BF1F75D6F860DAAE1,SHA256=BC1AC9C190C716778D80EF36AAE620F2B7B334D3776B628907581301ED97128C,IMPHASH=7001337914CFB426620F508E54CDF72F",
      "ParentProcessGuid": "{3ba37a49-fd40-68d0-3c01-000000000100}",
      "ParentProcessId": "4812",
      "ParentImage": "C:\\Windows\\System32\\svchost.exe",
      "ParentCommandLine": "C:\\Windows\\system32\\svchost.exe -k netsvcs -p -s Appinfo",
      "ParentUser": "NT AUTHORITY\\SYSTEM"
    }
  },
  {
    "event_id": "1",
    "time": "2025-09-22 10:11:25.897772+00:00",
    "record_id": "4",
    "computer": "D",
    "channel": "M",
    "provider": "Microsoft-Windows-Sysmon",
    "data": {
      "RuleName": "-",
      "UtcTime": "2025-09-22 10:11:25.862",
      "ProcessGuid": "{3ba37a49-20cd-68d1-d603-000000000100}",
      "ProcessId": "2924",
      "Image": "C:\\Windows\\System32\\mmc.exe",
      "FileVersion": "10.0.19041.3758 (WinBuild.160101.0800)",
      "Description": "Microsoft Management Console",
      "Product": "Microsoft® Windows® Operating System",
      "Company": "Microsoft Corporation",
      "OriginalFileName": "mmc.exe",
      "CommandLine": "\"C:\\Windows\\system32\\mmc.exe\" \"C:\\Windows\\system32\\services.msc\"",
      "CurrentDirectory": "C:\\Windows\\system32\\",
      "User": "DESKTOP-GTOLFFJ\\client 1",
      "LogonGuid": "{3ba37a49-fd37-68d0-ec5a-290000000000}",
      "LogonId": "0x0000000000295aec",
      "TerminalSessionId": "2",
      "IntegrityLevel": "High",
      "Hashes": "MD5=268D768255CDF00BF1B0AB97F146D12A,SHA256=CEB418CB93957EAE0D4ECFC17455F9677452E752E02D60A9A80F0A48E0AD5AF4,IMPHASH=5AEF584EA4BCED674B66847FE9D61F23",
      "ParentProcessGuid": "{3ba37a49-fd39-68d0-2b01-000000000100}",
      "ParentProcessId": "4912",
      "ParentImage": "C:\\Windows\\explorer.exe",
      "ParentCommandLine": "C:\\Windows\\Explorer.EXE",
      "ParentUser": "DESKTOP-GTOLFFJ\\client 1"
    }
  },
  {
    "event_id": "1",
    "time": "2025-09-22 10:11:55.530270+00:00",
    "record_id": "4",
    "computer": "D",
    "channel": "M",
    "provider": "Microsoft-Windows-Sysmon",
    "data": {
      "RuleName": "-",
      "UtcTime": "2025-09-22 10:11:55.525",
      "ProcessGuid": "{3ba37a49-20eb-68d1-d903-000000000100}",
      "ProcessId": "2768",
      "Image": "C:\\Windows\\System32\\wbem\\WMIADAP.exe",
      "FileVersion": "10.0.19041.3758 (WinBuild.160101.0800)",
      "Description": "WMI Reverse Performance Adapter Maintenance Utility",
      "Product": "Microsoft® Windows® Operating System",
      "Company": "Microsoft Corporation",
      "OriginalFileName": "wmicookr.dll",
      "CommandLine": "wmiadap.exe /R /T",
      "CurrentDirectory": "C:\\Windows\\system32\\",
      "User": "NT AUTHORITY\\SYSTEM",
      "LogonGuid": "{3ba37a49-cbed-68d1-e703-000000000000}",
      "LogonId": "0x00000000000003e7",
      "TerminalSessionId": "0",
      "IntegrityLevel": "System",
      "Hashes": "MD5=82BCA9573084D511A08595E2ED9E4ED6,SHA256=985B56B85220B4221B192644156401AFC82F77C35E2595B0BEFD4067CDED51B9,IMPHASH=367D299428703C9A9715504BFE071C97",
      "ParentProcessGuid": "{00000000-0000-0000-0000-000000000000}",
      "ParentProcessId": "2700",
      "ParentImage": "-",
      "ParentCommandLine": "-",
      "ParentUser": "-"
    }
  },
  {
    "event_id": "1",
    "time": "2025-09-22 10:12:58.155851+00:00",
    "record_id": "4",
    "computer": "D",
    "channel": "M",
    "provider": "Microsoft-Windows-Sysmon",
    "data": {
      "RuleName": "Suspicious,ImageBeginWithBackslash",
      "EventType": "SetValue",
      "UtcTime": "2025-09-22 10:12:58.129",
      "ProcessGuid": "{3ba37a49-20eb-68d1-d903-000000000100}",
      "ProcessId": "2768",
      "Image": "\\\\?\\C:\\Windows\\system32\\wbem\\WMIADAP.EXE",
      "TargetObject": "HKLM\\SOFTWARE\\Microsoft\\Windows NT\\CurrentVersion\\Perflib\\Updating",
      "Details": "WmiApRpl",
      "User": "NT AUTHORITY\\SYSTEM"
    }
  },
  {
    "event_id": "1",
    "time": "2025-09-22 10:12:58.155981+00:00",
    "record_id": "4",
    "computer": "D",
    "channel": "M",
    "provider": "Microsoft-Windows-Sysmon",
    "data": {
      "RuleName": "Suspicious,ImageBeginWithBackslash",
      "EventType": "SetValue",
      "UtcTime": "2025-09-22 10:12:58.145",
      "ProcessGuid": "{3ba37a49-20eb-68d1-d903-000000000100}",
      "ProcessId": "2768",
      "Image": "\\\\?\\C:\\Windows\\system32\\wbem\\WMIADAP.EXE",
      "TargetObject": "HKLM\\SOFTWARE\\Microsoft\\Windows NT\\CurrentVersion\\Perflib\\Last Counter",
      "Details": "DWORD (0x000025f4)",
      "User": "NT AUTHORITY\\SYSTEM"
    }
  },
  {
    "event_id": "1",
    "time": "2025-09-22 10:12:58.156033+00:00",
    "record_id": "4",
    "computer": "D",
    "channel": "M",
    "provider": "Microsoft-Windows-Sysmon",
    "data": {
      "RuleName": "Suspicious,ImageBeginWithBackslash",
      "EventType": "SetValue",
      "UtcTime": "2025-09-22 10:12:58.145",
      "ProcessGuid": "{3ba37a49-20eb-68d1-d903-000000000100}",
      "ProcessId": "2768",
      "Image": "\\\\?\\C:\\Windows\\system32\\wbem\\WMIADAP.EXE",
      "TargetObject": "HKLM\\SOFTWARE\\Microsoft\\Windows NT\\CurrentVersion\\Perflib\\Last Help",
      "Details": "DWORD (0x000025f5)",
      "User": "NT AUTHORITY\\SYSTEM"
    }
  },
  {
    "event_id": "1",
    "time": "2025-09-22 10:12:58.156080+00:00",
    "record_id": "4",
    "computer": "D",
    "channel": "M",
    "provider": "Microsoft-Windows-Sysmon",
    "data": {
      "RuleName": "Suspicious,ImageBeginWithBackslash",
      "EventType": "DeleteValue",
      "UtcTime": "2025-09-22 10:12:58.145",
      "ProcessGuid": "{3ba37a49-20eb-68d1-d903-000000000100}",
      "ProcessId": "2768",
      "Image": "\\\\?\\C:\\Windows\\system32\\wbem\\WMIADAP.EXE",
      "TargetObject": "HKLM\\System\\CurrentControlSet\\Services\\WmiApRpl\\Performance\\First Counter",
      "User": "NT AUTHORITY\\SYSTEM"
    }
  },
  {
    "event_id": "1",
    "time": "2025-09-22 10:12:58.156111+00:00",
    "record_id": "4",
    "computer": "D",
    "channel": "M",
    "provider": "Microsoft-Windows-Sysmon",
    "data": {
      "RuleName": "Suspicious,ImageBeginWithBackslash",
      "EventType": "DeleteValue",
      "UtcTime": "2025-09-22 10:12:58.145",
      "ProcessGuid": "{3ba37a49-20eb-68d1-d903-000000000100}",
      "ProcessId": "2768",
      "Image": "\\\\?\\C:\\Windows\\system32\\wbem\\WMIADAP.EXE",
      "TargetObject": "HKLM\\System\\CurrentControlSet\\Services\\WmiApRpl\\Performance\\Last Counter",
      "User": "NT AUTHORITY\\SYSTEM"
    }
  },
  {
    "event_id": "1",
    "time": "2025-09-22 10:12:58.156141+00:00",
    "record_id": "4",
    "computer": "D",
    "channel": "M",
    "provider": "Microsoft-Windows-Sysmon",
    "data": {
      "RuleName": "Suspicious,ImageBeginWithBackslash",
      "EventType": "DeleteValue",
      "UtcTime": "2025-09-22 10:12:58.145",
      "ProcessGuid": "{3ba37a49-20eb-68d1-d903-000000000100}",
      "ProcessId": "2768",
      "Image": "\\\\?\\C:\\Windows\\system32\\wbem\\WMIADAP.EXE",
      "TargetObject": "HKLM\\System\\CurrentControlSet\\Services\\WmiApRpl\\Performance\\First Help",
      "User": "NT AUTHORITY\\SYSTEM"
    }
  },
  {
    "event_id": "1",
    "time": "2025-09-22 10:12:58.156172+00:00",
    "record_id": "4",
    "computer": "D",
    "channel": "M",
    "provider": "Microsoft-Windows-Sysmon",
    "data": {
      "RuleName": "Suspicious,ImageBeginWithBackslash",
      "EventType": "DeleteValue",
      "UtcTime": "2025-09-22 10:12:58.145",
      "ProcessGuid": "{3ba37a49-20eb-68d1-d903-000000000100}",
      "ProcessId": "2768",
      "Image": "\\\\?\\C:\\Windows\\system32\\wbem\\WMIADAP.EXE",
      "TargetObject": "HKLM\\System\\CurrentControlSet\\Services\\WmiApRpl\\Performance\\Last Help",
      "User": "NT AUTHORITY\\SYSTEM"
    }
  },
  {
    "event_id": "1",
    "time": "2025-09-22 10:12:58.156202+00:00",
    "record_id": "4",
    "computer": "D",
    "channel": "M",
    "provider": "Microsoft-Windows-Sysmon",
    "data": {
      "RuleName": "Suspicious,ImageBeginWithBackslash",
      "EventType": "DeleteValue",
      "UtcTime": "2025-09-22 10:12:58.145",
      "ProcessGuid": "{3ba37a49-20eb-68d1-d903-000000000100}",
      "ProcessId": "2768",
      "Image": "\\\\?\\C:\\Windows\\system32\\wbem\\WMIADAP.EXE",
      "TargetObject": "HKLM\\System\\CurrentControlSet\\Services\\WmiApRpl\\Performance\\Object List",
      "User": "NT AUTHORITY\\SYSTEM"
    }
  },
  {
    "event_id": "1",
    "time": "2025-09-22 10:12:58.156235+00:00",
    "record_id": "4",
    "computer": "D",
    "channel": "M",
    "provider": "Microsoft-Windows-Sysmon",
    "data": {
      "RuleName": "Suspicious,ImageBeginWithBackslash",
      "EventType": "DeleteValue",
      "UtcTime": "2025-09-22 10:12:58.145",
      "ProcessGuid": "{3ba37a49-20eb-68d1-d903-000000000100}",
      "ProcessId": "2768",
      "Image": "\\\\?\\C:\\Windows\\system32\\wbem\\WMIADAP.EXE",
      "TargetObject": "HKLM\\SOFTWARE\\Microsoft\\Windows NT\\CurrentVersion\\Perflib\\Updating",
      "User": "NT AUTHORITY\\SYSTEM"
    }
  },
  {
    "event_id": "1",
    "time": "2025-09-22 10:12:58.167355+00:00",
    "record_id": "4",
    "computer": "D",
    "channel": "M",
    "provider": "Microsoft-Windows-Sysmon",
    "data": {
      "RuleName": "Suspicious,ImageBeginWithBackslash",
      "EventType": "SetValue",
      "UtcTime": "2025-09-22 10:12:58.161",
      "ProcessGuid": "{3ba37a49-20eb-68d1-d903-000000000100}",
      "ProcessId": "2768",
      "Image": "\\\\?\\C:\\Windows\\system32\\wbem\\WMIADAP.EXE",
      "TargetObject": "HKLM\\System\\CurrentControlSet\\Services\\WmiApRpl\\Performance\\PerfIniFile",
      "Details": "WmiApRpl.ini",
      "User": "NT AUTHORITY\\SYSTEM"
    }
  },
  {
    "event_id": "1",
    "time": "2025-09-22 10:12:58.173615+00:00",
    "record_id": "4",
    "computer": "D",
    "channel": "M",
    "provider": "Microsoft-Windows-Sysmon",
    "data": {
      "RuleName": "Suspicious,ImageBeginWithBackslash",
      "EventType": "SetValue",
      "UtcTime": "2025-09-22 10:12:58.161",
      "ProcessGuid": "{3ba37a49-20eb-68d1-d903-000000000100}",
      "ProcessId": "2768",
      "Image": "\\\\?\\C:\\Windows\\system32\\wbem\\WMIADAP.EXE",
      "TargetObject": "HKLM\\SOFTWARE\\Microsoft\\Windows NT\\CurrentVersion\\Perflib\\Updating",
      "Details": "WmiApRpl",
      "User": "NT AUTHORITY\\SYSTEM"
    }
  },
  {
    "event_id": "1",
    "time": "2025-09-22 10:12:58.220732+00:00",
    "record_id": "4",
    "computer": "D",
    "channel": "M",
    "provider": "Microsoft-Windows-Sysmon",
    "data": {
      "RuleName": "Suspicious,ImageBeginWithBackslash",
      "EventType": "SetValue",
      "UtcTime": "2025-09-22 10:12:58.207",
      "ProcessGuid": "{3ba37a49-20eb-68d1-d903-000000000100}",
      "ProcessId": "2768",
      "Image": "\\\\?\\C:\\Windows\\system32\\wbem\\WMIADAP.EXE",
      "TargetObject": "HKLM\\SOFTWARE\\Microsoft\\Windows NT\\CurrentVersion\\Perflib\\Last Counter",
      "Details": "DWORD (0x0000269c)",
      "User": "NT AUTHORITY\\SYSTEM"
    }
  },
  {
    "event_id": "1",
    "time": "2025-09-22 10:12:58.220779+00:00",
    "record_id": "4",
    "computer": "D",
    "channel": "M",
    "provider": "Microsoft-Windows-Sysmon",
    "data": {
      "RuleName": "Suspicious,ImageBeginWithBackslash",
      "EventType": "SetValue",
      "UtcTime": "2025-09-22 10:12:58.207",
      "ProcessGuid": "{3ba37a49-20eb-68d1-d903-000000000100}",
      "ProcessId": "2768",
      "Image": "\\\\?\\C:\\Windows\\system32\\wbem\\WMIADAP.EXE",
      "TargetObject": "HKLM\\SOFTWARE\\Microsoft\\Windows NT\\CurrentVersion\\Perflib\\Last Help",
      "Details": "DWORD (0x0000269d)",
      "User": "NT AUTHORITY\\SYSTEM"
    }
  },
  {
    "event_id": "1",
    "time": "2025-09-22 10:12:58.220812+00:00",
    "record_id": "4",
    "computer": "D",
    "channel": "M",
    "provider": "Microsoft-Windows-Sysmon",
    "data": {
      "RuleName": "Suspicious,ImageBeginWithBackslash",
      "EventType": "SetValue",
      "UtcTime": "2025-09-22 10:12:58.207",
      "ProcessGuid": "{3ba37a49-20eb-68d1-d903-000000000100}",
      "ProcessId": "2768",
      "Image": "\\\\?\\C:\\Windows\\system32\\wbem\\WMIADAP.EXE",
      "TargetObject": "HKLM\\System\\CurrentControlSet\\Services\\WmiApRpl\\Performance\\Last Counter",
      "Details": "DWORD (0x0000269c)",
      "User": "NT AUTHORITY\\SYSTEM"
    }
  },
  {
    "event_id": "1",
    "time": "2025-09-22 10:12:58.220842+00:00",
    "record_id": "4",
    "computer": "D",
    "channel": "M",
    "provider": "Microsoft-Windows-Sysmon",
    "data": {
      "RuleName": "Suspicious,ImageBeginWithBackslash",
      "EventType": "SetValue",
      "UtcTime": "2025-09-22 10:12:58.207",
      "ProcessGuid": "{3ba37a49-20eb-68d1-d903-000000000100}",
      "ProcessId": "2768",
      "Image": "\\\\?\\C:\\Windows\\system32\\wbem\\WMIADAP.EXE",
      "TargetObject": "HKLM\\System\\CurrentControlSet\\Services\\WmiApRpl\\Performance\\Last Help",
      "Details": "DWORD (0x0000269d)",
      "User": "NT AUTHORITY\\SYSTEM"
    }
  },
  {
    "event_id": "1",
    "time": "2025-09-22 10:12:58.220875+00:00",
    "record_id": "4",
    "computer": "D",
    "channel": "M",
    "provider": "Microsoft-Windows-Sysmon",
    "data": {
      "RuleName": "Suspicious,ImageBeginWithBackslash",
      "EventType": "SetValue",
      "UtcTime": "2025-09-22 10:12:58.207",
      "ProcessGuid": "{3ba37a49-20eb-68d1-d903-000000000100}",
      "ProcessId": "2768",
      "Image": "\\\\?\\C:\\Windows\\system32\\wbem\\WMIADAP.EXE",
      "TargetObject": "HKLM\\System\\CurrentControlSet\\Services\\WmiApRpl\\Performance\\First Counter",
      "Details": "DWORD (0x000025f6)",
      "User": "NT AUTHORITY\\SYSTEM"
    }
  },
  {
    "event_id": "1",
    "time": "2025-09-22 10:12:58.220905+00:00",
    "record_id": "4",
    "computer": "D",
    "channel": "M",
    "provider": "Microsoft-Windows-Sysmon",
    "data": {
      "RuleName": "Suspicious,ImageBeginWithBackslash",
      "EventType": "SetValue",
      "UtcTime": "2025-09-22 10:12:58.207",
      "ProcessGuid": "{3ba37a49-20eb-68d1-d903-000000000100}",
      "ProcessId": "2768",
      "Image": "\\\\?\\C:\\Windows\\system32\\wbem\\WMIADAP.EXE",
      "TargetObject": "HKLM\\System\\CurrentControlSet\\Services\\WmiApRpl\\Performance\\First Help",
      "Details": "DWORD (0x000025f7)",
      "User": "NT AUTHORITY\\SYSTEM"
    }
  },
  {
    "event_id": "1",
    "time": "2025-09-22 10:12:58.220936+00:00",
    "record_id": "4",
    "computer": "D",
    "channel": "M",
    "provider": "Microsoft-Windows-Sysmon",
    "data": {
      "RuleName": "Suspicious,ImageBeginWithBackslash",
      "EventType": "SetValue",
      "UtcTime": "2025-09-22 10:12:58.207",
      "ProcessGuid": "{3ba37a49-20eb-68d1-d903-000000000100}",
      "ProcessId": "2768",
      "Image": "\\\\?\\C:\\Windows\\system32\\wbem\\WMIADAP.EXE",
      "TargetObject": "HKLM\\System\\CurrentControlSet\\Services\\WmiApRpl\\Performance\\Object List",
      "Details": "9718 9724 9734 9744 9764 9808 9818 9856 9862 9878",
      "User": "NT AUTHORITY\\SYSTEM"
    }
  },
  {
    "event_id": "1",
    "time": "2025-09-22 10:12:58.220968+00:00",
    "record_id": "4",
    "computer": "D",
    "channel": "M",
    "provider": "Microsoft-Windows-Sysmon",
    "data": {
      "RuleName": "Suspicious,ImageBeginWithBackslash",
      "EventType": "DeleteValue",
      "UtcTime": "2025-09-22 10:12:58.207",
      "ProcessGuid": "{3ba37a49-20eb-68d1-d903-000000000100}",
      "ProcessId": "2768",
      "Image": "\\\\?\\C:\\Windows\\system32\\wbem\\WMIADAP.EXE",
      "TargetObject": "HKLM\\SOFTWARE\\Microsoft\\Windows NT\\CurrentVersion\\Perflib\\Updating",
      "User": "NT AUTHORITY\\SYSTEM"
    }
  },
  {
    "event_id": "1",
    "time": "2025-09-22 10:13:24.581352+00:00",
    "record_id": "4",
    "computer": "D",
    "channel": "M",
    "provider": "Microsoft-Windows-Sysmon",
    "data": {
      "RuleName": "-",
      "UtcTime": "2025-09-22 10:13:24.545",
      "ProcessGuid": "{3ba37a49-2144-68d1-dc03-000000000100}",
      "ProcessId": "2204",
      "Image": "C:\\Program Files (x86)\\Microsoft\\Edge\\Application\\msedge.exe",
      "FileVersion": "140.0.3485.81",
      "Description": "Microsoft Edge",
      "Product": "Microsoft Edge",
      "Company": "Microsoft Corporation",
      "OriginalFileName": "msedge.exe",
      "CommandLine": "\"C:\\Program Files (x86)\\Microsoft\\Edge\\Application\\msedge.exe\" --type=utility --utility-sub-type=PooledProcess2 --lang=en-US --service-sandbox-type=utility --no-pre-read-main-dll --skip-read-main-dll --metrics-shmem-handle=6104,i,6295003744406478379,15104775309545906485,524288 --field-trial-handle=2528,i,7697915212337388755,10769669130442954102,262144 --variations-seed-version --mojo-platform-channel-handle=5788 /prefetch:8",
      "CurrentDirectory": "C:\\Program Files (x86)\\Microsoft\\Edge\\Application\\140.0.3485.81\\",
      "User": "DESKTOP-GTOLFFJ\\client 1",
      "LogonGuid": "{3ba37a49-fd37-68d0-095b-290000000000}",
      "LogonId": "0x0000000000295b09",
      "TerminalSessionId": "2",
      "IntegrityLevel": "Low",
      "Hashes": "MD5=1528CB9EF98D45785723BB69D9AB696F,SHA256=4A855A4DD286DADA7E700D325B1E25AA6DF43350125237C4276BF6C3A8452FCD,IMPHASH=9ACEBDFAC77931C2B0DFBBEA2D494BA9",
      "ParentProcessGuid": "{3ba37a49-fe7f-68d0-ea01-000000000100}",
      "ParentProcessId": "4976",
      "ParentImage": "C:\\Program Files (x86)\\Microsoft\\Edge\\Application\\msedge.exe",
      "ParentCommandLine": "\"C:\\Program Files (x86)\\Microsoft\\Edge\\Application\\msedge.exe\" --no-startup-window",
      "ParentUser": "DESKTOP-GTOLFFJ\\client 1"
    }
  },
  {
    "event_id": "1",
    "time": "2025-09-22 10:13:37.225609+00:00",
    "record_id": "4",
    "computer": "D",
    "channel": "M",
    "provider": "Microsoft-Windows-Sysmon",
    "data": {
      "RuleName": "-",
      "UtcTime": "2025-09-22 10:13:37.202",
      "ProcessGuid": "{3ba37a49-2151-68d1-dd03-000000000100}",
      "ProcessId": "5252",
      "Image": "C:\\Windows\\System32\\rundll32.exe",
      "FileVersion": "10.0.19041.3636 (WinBuild.160101.0800)",
      "Description": "Windows host process (Rundll32)",
      "Product": "Microsoft® Windows® Operating System",
      "Company": "Microsoft Corporation",
      "OriginalFileName": "RUNDLL32.EXE",
      "CommandLine": "\"C:\\Windows\\system32\\rundll32.exe\" C:\\Windows\\system32\\PcaSvc.dll,PcaPatchSdbTask",
      "CurrentDirectory": "C:\\Windows\\system32\\",
      "User": "NT AUTHORITY\\SYSTEM",
      "LogonGuid": "{3ba37a49-cbed-68d1-e703-000000000000}",
      "LogonId": "0x00000000000003e7",
      "TerminalSessionId": "0",
      "IntegrityLevel": "System",
      "Hashes": "MD5=100F56A73211E0B2BCD076A55E6393FD,SHA256=00BE065F405E93233CC2F0012DEFDCBB1D6817B58969D5FFD9FD72FC4783C6F4,IMPHASH=4DB27267734D1576D75C991DC70F68AC",
      "ParentProcessGuid": "{00000000-0000-0000-0000-000000000000}",
      "ParentProcessId": "1788",
      "ParentImage": "-",
      "ParentCommandLine": "-",
      "ParentUser": "-"
    }
  },
  {
    "event_id": "1",
    "time": "2025-09-22 10:14:26.168709+00:00",
    "record_id": "4",
    "computer": "D",
    "channel": "M",
    "provider": "Microsoft-Windows-Sysmon",
    "data": {
      "RuleName": "Suspicious,ImageBeginWithBackslash",
      "EventType": "SetValue",
      "UtcTime": "2025-09-22 10:14:26.166",
      "ProcessGuid": "{3ba37a49-20eb-68d1-d903-000000000100}",
      "ProcessId": "2768",
      "Image": "\\\\?\\C:\\Windows\\system32\\wbem\\WMIADAP.EXE",
      "TargetObject": "HKLM\\SOFTWARE\\Microsoft\\Wbem\\PROVIDERS\\Performance\\Performance Data",
      "Details": "Binary Data",
      "User": "NT AUTHORITY\\SYSTEM"
    }
  },
  {
    "event_id": "1",
    "time": "2025-09-22 10:14:26.170204+00:00",
    "record_id": "4",
    "computer": "D",
    "channel": "M",
    "provider": "Microsoft-Windows-Sysmon",
    "data": {
      "RuleName": "Suspicious,ImageBeginWithBackslash",
      "EventType": "DeleteKey",
      "UtcTime": "2025-09-22 10:14:26.166",
      "ProcessGuid": "{3ba37a49-20eb-68d1-d903-000000000100}",
      "ProcessId": "2768",
      "Image": "\\\\?\\C:\\Windows\\system32\\wbem\\WMIADAP.EXE",
      "TargetObject": "HKLM\\SOFTWARE\\Microsoft\\Wbem\\WDM\\DREDGE",
      "User": "NT AUTHORITY\\SYSTEM"
    }
  },
  {
    "event_id": "1",
    "time": "2025-09-22 10:14:26.170563+00:00",
    "record_id": "4",
    "computer": "D",
    "channel": "M",
    "provider": "Microsoft-Windows-Sysmon",
    "data": {
      "RuleName": "Suspicious,ImageBeginWithBackslash",
      "EventType": "SetValue",
      "UtcTime": "2025-09-22 10:14:26.166",
      "ProcessGuid": "{3ba37a49-20eb-68d1-d903-000000000100}",
      "ProcessId": "2768",
      "Image": "\\\\?\\C:\\Windows\\system32\\wbem\\WMIADAP.EXE",
      "TargetObject": "HKLM\\SOFTWARE\\Microsoft\\Wbem\\WDM\\DREDGE\\C:\\Windows\\system32\\kernelbase.dll[MofResourceName]",
      "Details": "LowDateTime:-957899648,HighDateTime:31073825***Binary mof compiled successfully",
      "User": "NT AUTHORITY\\SYSTEM"
    }
  },
  {
    "event_id": "1",
    "time": "2025-09-22 10:14:26.170729+00:00",
    "record_id": "4",
    "computer": "D",
    "channel": "M",
    "provider": "Microsoft-Windows-Sysmon",
    "data": {
      "RuleName": "Suspicious,ImageBeginWithBackslash",
      "EventType": "SetValue",
      "UtcTime": "2025-09-22 10:14:26.166",
      "ProcessGuid": "{3ba37a49-20eb-68d1-d903-000000000100}",
      "ProcessId": "2768",
      "Image": "\\\\?\\C:\\Windows\\system32\\wbem\\WMIADAP.EXE",
      "TargetObject": "HKLM\\SOFTWARE\\Microsoft\\Wbem\\WDM\\DREDGE\\C:\\Windows\\system32\\en-US\\kernelbase.dll.mui[MofResourceName]",
      "Details": "LowDateTime:166788997,HighDateTime:31073826***Binary mof compiled successfully",
      "User": "NT AUTHORITY\\SYSTEM"
    }
  },
  {
    "event_id": "1",
    "time": "2025-09-22 10:14:26.170849+00:00",
    "record_id": "4",
    "computer": "D",
    "channel": "M",
    "provider": "Microsoft-Windows-Sysmon",
    "data": {
      "RuleName": "Suspicious,ImageBeginWithBackslash",
      "EventType": "SetValue",
      "UtcTime": "2025-09-22 10:14:26.166",
      "ProcessGuid": "{3ba37a49-20eb-68d1-d903-000000000100}",
      "ProcessId": "2768",
      "Image": "\\\\?\\C:\\Windows\\system32\\wbem\\WMIADAP.EXE",
      "TargetObject": "HKLM\\SOFTWARE\\Microsoft\\Wbem\\WDM\\DREDGE\\C:\\Windows\\System32\\drivers\\ACPI.sys[ACPIMOFResource]",
      "Details": "LowDateTime:-1662282765,HighDateTime:31073825***Binary mof compiled successfully",
      "User": "NT AUTHORITY\\SYSTEM"
    }
  },
  {
    "event_id": "1",
    "time": "2025-09-22 10:14:26.171040+00:00",
    "record_id": "4",
    "computer": "D",
    "channel": "M",
    "provider": "Microsoft-Windows-Sysmon",
    "data": {
      "RuleName": "Suspicious,ImageBeginWithBackslash",
      "EventType": "SetValue",
      "UtcTime": "2025-09-22 10:14:26.166",
      "ProcessGuid": "{3ba37a49-20eb-68d1-d903-000000000100}",
      "ProcessId": "2768",
      "Image": "\\\\?\\C:\\Windows\\system32\\wbem\\WMIADAP.EXE",
      "TargetObject": "HKLM\\SOFTWARE\\Microsoft\\Wbem\\WDM\\DREDGE\\C:\\Windows\\System32\\drivers\\en-US\\ACPI.sys.mui[ACPIMOFResource]",
      "Details": "LowDateTime:-32042354,HighDateTime:30780584***Binary mof compiled successfully",
      "User": "NT AUTHORITY\\SYSTEM"
    }
  },
  {
    "event_id": "1",
    "time": "2025-09-22 10:14:26.171190+00:00",
    "record_id": "4",
    "computer": "D",
    "channel": "M",
    "provider": "Microsoft-Windows-Sysmon",
    "data": {
      "RuleName": "Suspicious,ImageBeginWithBackslash",
      "EventType": "SetValue",
      "UtcTime": "2025-09-22 10:14:26.166",
      "ProcessGuid": "{3ba37a49-20eb-68d1-d903-000000000100}",
      "ProcessId": "2768",
      "Image": "\\\\?\\C:\\Windows\\system32\\wbem\\WMIADAP.EXE",
      "TargetObject": "HKLM\\SOFTWARE\\Microsoft\\Wbem\\WDM\\DREDGE\\C:\\Windows\\System32\\drivers\\processr.sys[PROCESSORWMI]",
      "Details": "LowDateTime:-1662126493,HighDateTime:31073825***Binary mof compiled successfully",
      "User": "NT AUTHORITY\\SYSTEM"
    }
  },
  {
    "event_id": "1",
    "time": "2025-09-22 10:14:26.171312+00:00",
    "record_id": "4",
    "computer": "D",
    "channel": "M",
    "provider": "Microsoft-Windows-Sysmon",
    "data": {
      "RuleName": "Suspicious,ImageBeginWithBackslash",
      "EventType": "SetValue",
      "UtcTime": "2025-09-22 10:14:26.166",
      "ProcessGuid": "{3ba37a49-20eb-68d1-d903-000000000100}",
      "ProcessId": "2768",
      "Image": "\\\\?\\C:\\Windows\\system32\\wbem\\WMIADAP.EXE",
      "TargetObject": "HKLM\\SOFTWARE\\Microsoft\\Wbem\\WDM\\DREDGE\\C:\\Windows\\System32\\drivers\\en-US\\processr.sys.mui[PROCESSORWMI]",
      "Details": "LowDateTime:-32042354,HighDateTime:30780584***Binary mof compiled successfully",
      "User": "NT AUTHORITY\\SYSTEM"
    }
  },
  {
    "event_id": "1",
    "time": "2025-09-22 10:14:26.171396+00:00",
    "record_id": "4",
    "computer": "D",
    "channel": "M",
    "provider": "Microsoft-Windows-Sysmon",
    "data": {
      "RuleName": "Suspicious,ImageBeginWithBackslash",
      "EventType": "SetValue",
      "UtcTime": "2025-09-22 10:14:26.166",
      "ProcessGuid": "{3ba37a49-20eb-68d1-d903-000000000100}",
      "ProcessId": "2768",
      "Image": "\\\\?\\C:\\Windows\\system32\\wbem\\WMIADAP.EXE",
      "TargetObject": "HKLM\\SOFTWARE\\Microsoft\\Wbem\\WDM\\DREDGE\\C:\\Windows\\System32\\drivers\\HDAudBus.sys[HDAudioMofName]",
      "Details": "LowDateTime:-1671032808,HighDateTime:31073825***Binary mof compiled successfully",
      "User": "NT AUTHORITY\\SYSTEM"
    }
  },
  {
    "event_id": "1",
    "time": "2025-09-22 10:14:26.171494+00:00",
    "record_id": "4",
    "computer": "D",
    "channel": "M",
    "provider": "Microsoft-Windows-Sysmon",
    "data": {
      "RuleName": "Suspicious,ImageBeginWithBackslash",
      "EventType": "SetValue",
      "UtcTime": "2025-09-22 10:14:26.166",
      "ProcessGuid": "{3ba37a49-20eb-68d1-d903-000000000100}",
      "ProcessId": "2768",
      "Image": "\\\\?\\C:\\Windows\\system32\\wbem\\WMIADAP.EXE",
      "TargetObject": "HKLM\\SOFTWARE\\Microsoft\\Wbem\\WDM\\DREDGE\\C:\\Windows\\System32\\drivers\\mssmbios.sys[MofResource]",
      "Details": "LowDateTime:590886656,HighDateTime:30780579***Binary mof compiled successfully",
      "User": "NT AUTHORITY\\SYSTEM"
    }
  },
  {
    "event_id": "1",
    "time": "2025-09-22 10:14:26.171572+00:00",
    "record_id": "4",
    "computer": "D",
    "channel": "M",
    "provider": "Microsoft-Windows-Sysmon",
    "data": {
      "RuleName": "Suspicious,ImageBeginWithBackslash",
      "EventType": "SetValue",
      "UtcTime": "2025-09-22 10:14:26.166",
      "ProcessGuid": "{3ba37a49-20eb-68d1-d903-000000000100}",
      "ProcessId": "2768",
      "Image": "\\\\?\\C:\\Windows\\system32\\wbem\\WMIADAP.EXE",
      "TargetObject": "HKLM\\SOFTWARE\\Microsoft\\Wbem\\WDM\\DREDGE\\C:\\Windows\\System32\\drivers\\en-US\\mssmbios.sys.mui[MofResource]",
      "Details": "LowDateTime:-25003186,HighDateTime:30780584***Binary mof compiled successfully",
      "User": "NT AUTHORITY\\SYSTEM"
    }
  },
  {
    "event_id": "1",
    "time": "2025-09-22 10:14:26.171719+00:00",
    "record_id": "4",
    "computer": "D",
    "channel": "M",
    "provider": "Microsoft-Windows-Sysmon",
    "data": {
      "RuleName": "Suspicious,ImageBeginWithBackslash",
      "EventType": "SetValue",
      "UtcTime": "2025-09-22 10:14:26.166",
      "ProcessGuid": "{3ba37a49-20eb-68d1-d903-000000000100}",
      "ProcessId": "2768",
      "Image": "\\\\?\\C:\\Windows\\system32\\wbem\\WMIADAP.EXE",
      "TargetObject": "HKLM\\SOFTWARE\\Microsoft\\Wbem\\WDM\\DREDGE\\C:\\Windows\\System32\\Drivers\\portcls.SYS[PortclsMof]",
      "Details": "LowDateTime:-1670095586,HighDateTime:31073825***Binary mof compiled successfully",
      "User": "NT AUTHORITY\\SYSTEM"
    }
  },
  {
    "event_id": "1",
    "time": "2025-09-22 10:14:26.171808+00:00",
    "record_id": "4",
    "computer": "D",
    "channel": "M",
    "provider": "Microsoft-Windows-Sysmon",
    "data": {
      "RuleName": "Suspicious,ImageBeginWithBackslash",
      "EventType": "SetValue",
      "UtcTime": "2025-09-22 10:14:26.166",
      "ProcessGuid": "{3ba37a49-20eb-68d1-d903-000000000100}",
      "ProcessId": "2768",
      "Image": "\\\\?\\C:\\Windows\\system32\\wbem\\WMIADAP.EXE",
      "TargetObject": "HKLM\\SOFTWARE\\Microsoft\\Wbem\\WDM\\DREDGE\\C:\\Windows\\system32\\drivers\\ndis.sys[MofResourceName]",
      "Details": "LowDateTime:-961185466,HighDateTime:31073825***Binary mof failed, see WMIPROV.LOG",
      "User": "NT AUTHORITY\\SYSTEM"
    }
  },
  {
    "event_id": "1",
    "time": "2025-09-22 10:14:26.171888+00:00",
    "record_id": "4",
    "computer": "D",
    "channel": "M",
    "provider": "Microsoft-Windows-Sysmon",
    "data": {
      "RuleName": "Suspicious,ImageBeginWithBackslash",
      "EventType": "SetValue",
      "UtcTime": "2025-09-22 10:14:26.166",
      "ProcessGuid": "{3ba37a49-20eb-68d1-d903-000000000100}",
      "ProcessId": "2768",
      "Image": "\\\\?\\C:\\Windows\\system32\\wbem\\WMIADAP.EXE",
      "TargetObject": "HKLM\\SOFTWARE\\Microsoft\\Wbem\\WDM\\DREDGE\\C:\\Windows\\system32\\drivers\\en-US\\ndis.sys.mui[MofResourceName]",
      "Details": "LowDateTime:-6885910,HighDateTime:30780584***Binary mof failed, see WMIPROV.LOG",
      "User": "NT AUTHORITY\\SYSTEM"
    }
  },
  {
    "event_id": "1",
    "time": "2025-09-22 10:14:26.171961+00:00",
    "record_id": "4",
    "computer": "D",
    "channel": "M",
    "provider": "Microsoft-Windows-Sysmon",
    "data": {
      "RuleName": "Suspicious,ImageBeginWithBackslash",
      "EventType": "SetValue",
      "UtcTime": "2025-09-22 10:14:26.166",
      "ProcessGuid": "{3ba37a49-20eb-68d1-d903-000000000100}",
      "ProcessId": "2768",
      "Image": "\\\\?\\C:\\Windows\\system32\\wbem\\WMIADAP.EXE",
      "TargetObject": "HKLM\\SOFTWARE\\Microsoft\\Wbem\\WDM\\DREDGE\\C:\\Windows\\System32\\drivers\\bthpan.sys[NdisMofResource]",
      "Details": "LowDateTime:-1652751473,HighDateTime:31073825***Binary mof failed, see WMIPROV.LOG",
      "User": "NT AUTHORITY\\SYSTEM"
    }
  },
  {
    "event_id": "1",
    "time": "2025-09-22 10:14:26.172077+00:00",
    "record_id": "4",
    "computer": "D",
    "channel": "M",
    "provider": "Microsoft-Windows-Sysmon",
    "data": {
      "RuleName": "Suspicious,ImageBeginWithBackslash",
      "EventType": "SetValue",
      "UtcTime": "2025-09-22 10:14:26.166",
      "ProcessGuid": "{3ba37a49-20eb-68d1-d903-000000000100}",
      "ProcessId": "2768",
      "Image": "\\\\?\\C:\\Windows\\system32\\wbem\\WMIADAP.EXE",
      "TargetObject": "HKLM\\SOFTWARE\\Microsoft\\Wbem\\PROVIDERS\\Performance\\Performance Refresh",
      "Details": "DWORD (0x00000000)",
      "User": "NT AUTHORITY\\SYSTEM"
    }
  },
  {
    "event_id": "1",
    "time": "2025-09-22 10:14:26.172136+00:00",
    "record_id": "4",
    "computer": "D",
    "channel": "M",
    "provider": "Microsoft-Windows-Sysmon",
    "data": {
      "RuleName": "Suspicious,ImageBeginWithBackslash",
      "EventType": "SetValue",
      "UtcTime": "2025-09-22 10:14:26.166",
      "ProcessGuid": "{3ba37a49-20eb-68d1-d903-000000000100}",
      "ProcessId": "2768",
      "Image": "\\\\?\\C:\\Windows\\system32\\wbem\\WMIADAP.EXE",
      "TargetObject": "HKLM\\SOFTWARE\\Microsoft\\Wbem\\PROVIDERS\\Performance\\Performance Refreshed",
      "Details": "DWORD (0x00000001)",
      "User": "NT AUTHORITY\\SYSTEM"
    }
  },
  {
    "event_id": "1",
    "time": "2025-09-22 10:15:04.458347+00:00",
    "record_id": "4",
    "computer": "D",
    "channel": "M",
    "provider": "Microsoft-Windows-Sysmon",
    "data": {
      "RuleName": "-",
      "UtcTime": "2025-09-22 10:15:03.462",
      "ProcessGuid": "{3ba37a49-21a7-68d1-e303-000000000100}",
      "ProcessId": "8528",
      "Image": "C:\\Program Files (x86)\\Microsoft\\Edge\\Application\\msedge.exe",
      "FileVersion": "140.0.3485.81",
      "Description": "Microsoft Edge",
      "Product": "Microsoft Edge",
      "Company": "Microsoft Corporation",
      "OriginalFileName": "msedge.exe",
      "CommandLine": "\"C:\\Program Files (x86)\\Microsoft\\Edge\\Application\\msedge.exe\" --type=utility --utility-sub-type=edge_xpay_wallet.mojom.EdgeXPayWalletService --lang=en-US --service-sandbox-type=utility --no-pre-read-main-dll --skip-read-main-dll --metrics-shmem-handle=8200,i,600882062921095257,7924374073117027348,524288 --field-trial-handle=2528,i,7697915212337388755,10769669130442954102,262144 --variations-seed-version --mojo-platform-channel-handle=8180 /prefetch:8",
      "CurrentDirectory": "C:\\Program Files (x86)\\Microsoft\\Edge\\Application\\140.0.3485.81\\",
      "User": "DESKTOP-GTOLFFJ\\client 1",
      "LogonGuid": "{3ba37a49-fd37-68d0-095b-290000000000}",
      "LogonId": "0x0000000000295b09",
      "TerminalSessionId": "2",
      "IntegrityLevel": "Low",
      "Hashes": "MD5=1528CB9EF98D45785723BB69D9AB696F,SHA256=4A855A4DD286DADA7E700D325B1E25AA6DF43350125237C4276BF6C3A8452FCD,IMPHASH=9ACEBDFAC77931C2B0DFBBEA2D494BA9",
      "ParentProcessGuid": "{3ba37a49-fe7f-68d0-ea01-000000000100}",
      "ParentProcessId": "4976",
      "ParentImage": "C:\\Program Files (x86)\\Microsoft\\Edge\\Application\\msedge.exe",
      "ParentCommandLine": "\"C:\\Program Files (x86)\\Microsoft\\Edge\\Application\\msedge.exe\" --no-startup-window",
      "ParentUser": "DESKTOP-GTOLFFJ\\client 1"
    }
  },
  {
    "event_id": "1",
    "time": "2025-09-22 10:19:47.664675+00:00",
    "record_id": "4",
    "computer": "D",
    "channel": "M",
    "provider": "Microsoft-Windows-Sysmon",
    "data": {
      "RuleName": "-",
      "UtcTime": "2025-09-22 10:19:47.658",
      "ProcessGuid": "{3ba37a49-22c3-68d1-0d04-000000000100}",
      "ProcessId": "5112",
      "Image": "C:\\Program Files (x86)\\Microsoft\\Edge\\Application\\msedge.exe",
      "FileVersion": "140.0.3485.81",
      "Description": "Microsoft Edge",
      "Product": "Microsoft Edge",
      "Company": "Microsoft Corporation",
      "OriginalFileName": "msedge.exe",
      "CommandLine": "\"C:\\Program Files (x86)\\Microsoft\\Edge\\Application\\msedge.exe\" --no-startup-window",
      "CurrentDirectory": "C:\\Program Files (x86)\\Microsoft\\Edge\\Application\\",
      "User": "DESKTOP-GTOLFFJ\\client 1",
      "LogonGuid": "{3ba37a49-fd37-68d0-095b-290000000000}",
      "LogonId": "0x0000000000295b09",
      "TerminalSessionId": "2",
      "IntegrityLevel": "Medium",
      "Hashes": "MD5=1528CB9EF98D45785723BB69D9AB696F,SHA256=4A855A4DD286DADA7E700D325B1E25AA6DF43350125237C4276BF6C3A8452FCD,IMPHASH=9ACEBDFAC77931C2B0DFBBEA2D494BA9",
      "ParentProcessGuid": "{3ba37a49-fe7f-68d0-ea01-000000000100}",
      "ParentProcessId": "4976",
      "ParentImage": "C:\\Program Files (x86)\\Microsoft\\Edge\\Application\\msedge.exe",
      "ParentCommandLine": "\"C:\\Program Files (x86)\\Microsoft\\Edge\\Application\\msedge.exe\" --no-startup-window",
      "ParentUser": "DESKTOP-GTOLFFJ\\client 1"
    }
  },
  {
    "event_id": "1",
    "time": "2025-09-22 10:19:47.754766+00:00",
    "record_id": "4",
    "computer": "D",
    "channel": "M",
    "provider": "Microsoft-Windows-Sysmon",
    "data": {
      "RuleName": "-",
      "UtcTime": "2025-09-22 10:19:47.750",
      "ProcessGuid": "{3ba37a49-22c3-68d1-0e04-000000000100}",
      "ProcessId": "9136",
      "Image": "C:\\Program Files (x86)\\Microsoft\\Edge\\Application\\msedge.exe",
      "FileVersion": "140.0.3485.81",
      "Description": "Microsoft Edge",
      "Product": "Microsoft Edge",
      "Company": "Microsoft Corporation",
      "OriginalFileName": "msedge.exe",
      "CommandLine": "\"C:\\Program Files (x86)\\Microsoft\\Edge\\Application\\msedge.exe\" --type=crashpad-handler \"--user-data-dir=C:\\Users\\client 1\\AppData\\Local\\Microsoft\\Edge\\User Data\" /prefetch:4 --monitor-self-annotation=ptype=crashpad-handler \"--database=C:\\Users\\client 1\\AppData\\Local\\Microsoft\\Edge\\User Data\\Crashpad\" --annotation=IsOfficialBuild=1 --annotation=channel= --annotation=chromium-version=140.0.7339.186 \"--annotation=exe=C:\\Program Files (x86)\\Microsoft\\Edge\\Application\\msedge.exe\" --annotation=plat=Win64 --annotation=prod=Edge --annotation=ver=140.0.3485.81 --initial-client-data=0x24c,0x250,0x254,0x248,0x25c,0x7ffcb5622300,0x7ffcb562230c,0x7ffcb5622318",
      "CurrentDirectory": "C:\\Program Files (x86)\\Microsoft\\Edge\\Application\\140.0.3485.81\\",
      "User": "DESKTOP-GTOLFFJ\\client 1",
      "LogonGuid": "{3ba37a49-fd37-68d0-095b-290000000000}",
      "LogonId": "0x0000000000295b09",
      "TerminalSessionId": "2",
      "IntegrityLevel": "Medium",
      "Hashes": "MD5=1528CB9EF98D45785723BB69D9AB696F,SHA256=4A855A4DD286DADA7E700D325B1E25AA6DF43350125237C4276BF6C3A8452FCD,IMPHASH=9ACEBDFAC77931C2B0DFBBEA2D494BA9",
      "ParentProcessGuid": "{3ba37a49-22c3-68d1-0d04-000000000100}",
      "ParentProcessId": "5112",
      "ParentImage": "C:\\Program Files (x86)\\Microsoft\\Edge\\Application\\msedge.exe",
      "ParentCommandLine": "\"C:\\Program Files (x86)\\Microsoft\\Edge\\Application\\msedge.exe\" --no-startup-window",
      "ParentUser": "DESKTOP-GTOLFFJ\\client 1"
    }
  },
  {
    "event_id": "1",
    "time": "2025-09-22 10:19:48.158558+00:00",
    "record_id": "4",
    "computer": "D",
    "channel": "M",
    "provider": "Microsoft-Windows-Sysmon",
    "data": {
      "RuleName": "-",
      "UtcTime": "2025-09-22 10:19:48.081",
      "ProcessGuid": "{3ba37a49-22c4-68d1-1104-000000000100}",
      "ProcessId": "6384",
      "Image": "C:\\Program Files (x86)\\Microsoft\\Edge\\Application\\140.0.3485.81\\elevation_service.exe",
      "FileVersion": "140.0.3485.81",
      "Description": "Microsoft Edge",
      "Product": "Microsoft Edge",
      "Company": "Microsoft Corporation",
      "OriginalFileName": "elevation_service.exe",
      "CommandLine": "\"C:\\Program Files (x86)\\Microsoft\\Edge\\Application\\140.0.3485.81\\elevation_service.exe\"",
      "CurrentDirectory": "C:\\Windows\\system32\\",
      "User": "NT AUTHORITY\\SYSTEM",
      "LogonGuid": "{3ba37a49-cbed-68d1-e703-000000000000}",
      "LogonId": "0x00000000000003e7",
      "TerminalSessionId": "0",
      "IntegrityLevel": "System",
      "Hashes": "MD5=A7463A30DC9F35E13256D8A141535F03,SHA256=FE322AF36382838F3A0D699BD10B5D83F4788FA8838D8ED812623CED638CC937,IMPHASH=93C831911B308AD191390CDEF2EA7C00",
      "ParentProcessGuid": "{00000000-0000-0000-0000-000000000000}",
      "ParentProcessId": "812",
      "ParentImage": "-",
      "ParentCommandLine": "-",
      "ParentUser": "-"
    }
  },
  {
    "event_id": "1",
    "time": "2025-09-22 10:19:48.354338+00:00",
    "record_id": "4",
    "computer": "D",
    "channel": "M",
    "provider": "Microsoft-Windows-Sysmon",
    "data": {
      "RuleName": "-",
      "UtcTime": "2025-09-22 10:19:48.314",
      "ProcessGuid": "{3ba37a49-22c4-68d1-1204-000000000100}",
      "ProcessId": "7952",
      "Image": "C:\\Windows\\System32\\smartscreen.exe",
      "FileVersion": "10.0.19041.3636 (WinBuild.160101.0800)",
      "Description": "Windows Defender SmartScreen",
      "Product": "Microsoft® Windows® Operating System",
      "Company": "Microsoft Corporation",
      "OriginalFileName": "smartscreen.exe",
      "CommandLine": "C:\\Windows\\System32\\smartscreen.exe -Embedding",
      "CurrentDirectory": "C:\\Windows\\system32\\",
      "User": "DESKTOP-GTOLFFJ\\client 1",
      "LogonGuid": "{3ba37a49-fd37-68d0-095b-290000000000}",
      "LogonId": "0x0000000000295b09",
      "TerminalSessionId": "2",
      "IntegrityLevel": "Medium",
      "Hashes": "MD5=FCEF02A990181FF75D901624C992ACA8,SHA256=AB8D788E0116C9216FCA7E9F40D014E7AE2FE64123FCC81FA98AB2BCC7946B3A,IMPHASH=CE3B5F238DD7A7EBC8F28D4250477A41",
      "ParentProcessGuid": "{00000000-0000-0000-0000-000000000000}",
      "ParentProcessId": "960",
      "ParentImage": "-",
      "ParentCommandLine": "-",
      "ParentUser": "-"
    }
  },
