  {
    "event_id": "1",
    "time": "2025-09-22 08:33:01.004547+00:00",
    "record_id": "1",
    "computer": "D",
    "channel": "M",
    "provider": "Microsoft-Windows-Sysmon",
    "data": {
      "RuleName": "-",
      "UtcTime": "2025-09-22 08:33:00.985",
      "ProcessGuid": "{3ba37a49-09bc-68d1-2503-000000000100}",
      "ProcessId": "1416",
      "Image": "C:\\Users\\client 1\\Downloads\\DumpIt.exe",
      "FileVersion": "-",
      "Description": "-",
      "Product": "-",
      "Company": "-",
      "OriginalFileName": "-",
      "CommandLine": "\"C:\\Users\\client 1\\Downloads\\DumpIt.exe\"",
      "CurrentDirectory": "C:\\Users\\client 1\\Downloads\\",
      "User": "DESKTOP-GTOLFFJ\\client 1",
      "LogonGuid": "{3ba37a49-fd37-68d0-ec5a-290000000000}",
      "LogonId": "0x0000000000295aec",
      "TerminalSessionId": "2",
      "IntegrityLevel": "High",
      "Hashes": "MD5=84F0FEB07BEAE896D471F45527D781B0,SHA256=7850850434059ADB8354629E2D1102A8FCC7BE8B606EDBB4BBB22A1060BAEC26,IMPHASH=43113498B8B20F2C980E4C01B8A5839D",
      "ParentProcessGuid": "{3ba37a49-fd39-68d0-2b01-000000000100}",
      "ParentProcessId": "4912",
      "ParentImage": "C:\\Windows\\explorer.exe",
      "ParentCommandLine": "C:\\Windows\\Explorer.EXE",
      "ParentUser": "DESKTOP-GTOLFFJ\\client 1"
    }
  },
  {
    "event_id": "1",
    "time": "2025-09-22 08:33:13.234299+00:00",
    "record_id": "1",
    "computer": "D",
    "channel": "M",
    "provider": "Microsoft-Windows-Sysmon",
    "data": {
      "RuleName": "-",
      "UtcTime": "2025-09-22 08:33:13.217",
      "ProcessGuid": "{3ba37a49-09bc-68d1-2503-000000000100}",
      "ProcessId": "1416",
      "Image": "C:\\Users\\client 1\\Downloads\\DumpIt.exe",
      "TargetFilename": "C:\\Windows\\SysWOW64\\drivers\\DumpIt.sys",
      "CreationUtcTime": "2025-09-22 08:29:20.275",
      "User": "DESKTOP-GTOLFFJ\\client 1"
    }
  },
  {
    "event_id": "1",
    "time": "2025-09-22 08:33:13.234400+00:00",
    "record_id": "1",
    "computer": "D",
    "channel": "M",
    "provider": "Microsoft-Windows-Sysmon",
    "data": {
      "RuleName": "T1031,T1050",
      "EventType": "SetValue",
      "UtcTime": "2025-09-22 08:33:13.233",
      "ProcessGuid": "{3ba37a49-09bc-68d1-2503-000000000100}",
      "ProcessId": "1416",
      "Image": "C:\\Users\\client 1\\Downloads\\DumpIt.exe",
      "TargetObject": "HKLM\\System\\CurrentControlSet\\Services\\DumpIt\\ImagePath",
      "Details": "\\??\\C:\\Windows\\SysWOW64\\Drivers\\DumpIt.sys",
      "User": "DESKTOP-GTOLFFJ\\client 1"
    }
  },
  {
    "event_id": "1",
    "time": "2025-09-22 08:33:13.234423+00:00",
    "record_id": "1",
    "computer": "D",
    "channel": "M",
    "provider": "Microsoft-Windows-Sysmon",
    "data": {
      "RuleName": "T1031,T1050",
      "EventType": "SetValue",
      "UtcTime": "2025-09-22 08:33:13.233",
      "ProcessGuid": "{3ba37a49-09bc-68d1-2503-000000000100}",
      "ProcessId": "1416",
      "Image": "C:\\Users\\client 1\\Downloads\\DumpIt.exe",
      "TargetObject": "HKLM\\System\\CurrentControlSet\\Services\\DumpIt\\Start",
      "Details": "DWORD (0x00000003)",
      "User": "DESKTOP-GTOLFFJ\\client 1"
    }
  },
  {
    "event_id": "1",
    "time": "2025-09-22 08:33:13.253260+00:00",
    "record_id": "1",
    "computer": "D",
    "channel": "M",
    "provider": "Microsoft-Windows-Sysmon",
    "data": {
      "RuleName": "Downloads",
      "UtcTime": "2025-09-22 08:33:13.248",
      "ProcessGuid": "{3ba37a49-09bc-68d1-2503-000000000100}",
      "ProcessId": "1416",
      "Image": "C:\\Users\\client 1\\Downloads\\DumpIt.exe",
      "TargetFilename": "C:\\Users\\client 1\\Downloads\\DESKTOP-GTOLFFJ-20250922-083301.raw",
      "CreationUtcTime": "2025-09-22 08:33:13.248",
      "User": "DESKTOP-GTOLFFJ\\client 1"
    }
  },
  {
    "event_id": "1",
    "time": "2025-09-22 08:33:50.688137+00:00",
    "record_id": "1",
    "computer": "D",
    "channel": "M",
    "provider": "Microsoft-Windows-Sysmon",
    "data": {
      "RuleName": "-",
      "EventType": "SetValue",
      "UtcTime": "2025-09-22 08:33:50.655",
      "ProcessGuid": "{3ba37a49-fd38-68d0-2201-000000000100}",
      "ProcessId": "1432",
      "Image": "C:\\Windows\\system32\\sihost.exe",
      "TargetObject": "HKU\\S-1-5-21-2437830779-3302432962-562250718-1001\\SOFTWARE\\Microsoft\\Windows\\CurrentVersion\\Shell Extensions\\Cached\\{3DBEE9A1-C471-4B95-BBCA-F39310064458} {886D8EEB-8CF2-4446-8D02-CDBA1DBDCF99} 0xFFFF",
      "Details": "Binary Data",
      "User": "DESKTOP-GTOLFFJ\\client 1"
    }
  },
  {
    "event_id": "1",
    "time": "2025-09-22 08:34:04.425846+00:00",
    "record_id": "1",
    "computer": "D",
    "channel": "M",
    "provider": "Microsoft-Windows-Sysmon",
    "data": {
      "RuleName": "InvDB",
      "EventType": "SetValue",
      "UtcTime": "2025-09-22 08:34:04.424",
      "ProcessGuid": "{3ba37a49-f924-68d0-7500-000000000100}",
      "ProcessId": "5016",
      "Image": "C:\\Windows\\system32\\svchost.exe",
      "TargetObject": "HKU\\S-1-5-21-2437830779-3302432962-562250718-1001\\SOFTWARE\\Microsoft\\Windows NT\\CurrentVersion\\AppCompatFlags\\Compatibility Assistant\\Store\\C:\\Users\\client 1\\Downloads\\DumpIt.exe",
      "Details": "Binary Data",
      "User": "NT AUTHORITY\\SYSTEM"
    }
  },
  {
    "event_id": "1",
    "time": "2025-09-22 08:34:46.060799+00:00",
    "record_id": "1",
    "computer": "D",
    "channel": "M",
    "provider": "Microsoft-Windows-Sysmon",
    "data": {
      "RuleName": "-",
      "UtcTime": "2025-09-22 08:34:46.055",
      "ProcessGuid": "{3ba37a49-0a26-68d1-2a03-000000000100}",
      "ProcessId": "7504",
      "Image": "C:\\Windows\\System32\\consent.exe",
      "FileVersion": "10.0.19041.3636 (WinBuild.160101.0800)",
      "Description": "Consent UI for administrative applications",
      "Product": "Microsoft® Windows® Operating System",
      "Company": "Microsoft Corporation",
      "OriginalFileName": "consent.exe",
      "CommandLine": "consent.exe 4812 288 000002034AA59CC0",
      "CurrentDirectory": "C:\\Windows\\system32\\",
      "User": "NT AUTHORITY\\SYSTEM",
      "LogonGuid": "{3ba37a49-cbed-68d1-e703-000000000000}",
      "LogonId": "0x00000000000003e7",
      "TerminalSessionId": "2",
      "IntegrityLevel": "System",
      "Hashes": "MD5=959461FE7E338B2BF1F75D6F860DAAE1,SHA256=BC1AC9C190C716778D80EF36AAE620F2B7B334D3776B628907581301ED97128C,IMPHASH=7001337914CFB426620F508E54CDF72F",
      "ParentProcessGuid": "{3ba37a49-fd40-68d0-3c01-000000000100}",
      "ParentProcessId": "4812",
      "ParentImage": "C:\\Windows\\System32\\svchost.exe",
      "ParentCommandLine": "C:\\Windows\\system32\\svchost.exe -k netsvcs -p -s Appinfo",
      "ParentUser": "NT AUTHORITY\\SYSTEM"
    }
  },
  {
    "event_id": "1",
    "time": "2025-09-22 08:34:47.982443+00:00",
    "record_id": "1",
    "computer": "D",
    "channel": "M",
    "provider": "Microsoft-Windows-Sysmon",
    "data": {
      "RuleName": "-",
      "UtcTime": "2025-09-22 08:34:47.974",
      "ProcessGuid": "{3ba37a49-0a27-68d1-2b03-000000000100}",
      "ProcessId": "8136",
      "Image": "C:\\Windows\\System32\\cmd.exe",
      "FileVersion": "10.0.19041.3636 (WinBuild.160101.0800)",
      "Description": "Windows Command Processor",
      "Product": "Microsoft® Windows® Operating System",
      "Company": "Microsoft Corporation",
      "OriginalFileName": "Cmd.Exe",
      "CommandLine": "\"C:\\Windows\\system32\\cmd.exe\"",
      "CurrentDirectory": "C:\\Windows\\system32\\",
      "User": "DESKTOP-GTOLFFJ\\client 1",
      "LogonGuid": "{3ba37a49-fd37-68d0-ec5a-290000000000}",
      "LogonId": "0x0000000000295aec",
      "TerminalSessionId": "2",
      "IntegrityLevel": "High",
      "Hashes": "MD5=CB6CD09F6A25744A8FA6E4B3E4D260C5,SHA256=265B69033CEA7A9F8214A34CD9B17912909AF46C7A47395DD7BB893A24507E59,IMPHASH=272245E2988E1E430500B852C4FB5E18",
      "ParentProcessGuid": "{3ba37a49-fd39-68d0-2b01-000000000100}",
      "ParentProcessId": "4912",
      "ParentImage": "C:\\Windows\\explorer.exe",
      "ParentCommandLine": "C:\\Windows\\Explorer.EXE",
      "ParentUser": "DESKTOP-GTOLFFJ\\client 1"
    }
  },
  {
    "event_id": "1",
    "time": "2025-09-22 08:35:47.072121+00:00",
    "record_id": "1",
    "computer": "D",
    "channel": "M",
    "provider": "Microsoft-Windows-Sysmon",
    "data": {
      "RuleName": "-",
      "EventType": "SetValue",
      "UtcTime": "2025-09-22 08:35:47.061",
      "ProcessGuid": "{3ba37a49-fd39-68d0-2b01-000000000100}",
      "ProcessId": "4912",
      "Image": "C:\\Windows\\Explorer.EXE",
      "TargetObject": "HKU\\S-1-5-21-2437830779-3302432962-562250718-1001\\SOFTWARE\\Microsoft\\Windows\\CurrentVersion\\Shell Extensions\\Cached\\{9343812E-1C37-4A49-A12E-4B2D810D956B} {000214E6-0000-0000-C000-000000000046} 0xFFFF",
      "Details": "Binary Data",
      "User": "DESKTOP-GTOLFFJ\\client 1"
    }
  },
  {
    "event_id": "1",
    "time": "2025-09-22 08:35:56.402155+00:00",
    "record_id": "1",
    "computer": "D",
    "channel": "M",
    "provider": "Microsoft-Windows-Sysmon",
    "data": {
      "RuleName": "-",
      "EventType": "SetValue",
      "UtcTime": "2025-09-22 08:35:56.389",
      "ProcessGuid": "{3ba37a49-fd39-68d0-2b01-000000000100}",
      "ProcessId": "4912",
      "Image": "C:\\Windows\\Explorer.EXE",
      "TargetObject": "HKU\\S-1-5-21-2437830779-3302432962-562250718-1001\\SOFTWARE\\Microsoft\\Windows\\CurrentVersion\\Shell Extensions\\Cached\\{7444C719-39BF-11D1-8CD9-00C04FC29D45} {000214E9-0000-0000-C000-000000000046} 0xFFFF",
      "Details": "Binary Data",
      "User": "DESKTOP-GTOLFFJ\\client 1"
    }
  },
  {
    "event_id": "1",
    "time": "2025-09-22 08:35:56.430735+00:00",
    "record_id": "1",
    "computer": "D",
    "channel": "M",
    "provider": "Microsoft-Windows-Sysmon",
    "data": {
      "RuleName": "-",
      "EventType": "SetValue",
      "UtcTime": "2025-09-22 08:35:56.420",
      "ProcessGuid": "{3ba37a49-fd39-68d0-2b01-000000000100}",
      "ProcessId": "4912",
      "Image": "C:\\Windows\\Explorer.EXE",
      "TargetObject": "HKU\\S-1-5-21-2437830779-3302432962-562250718-1001\\SOFTWARE\\Microsoft\\Windows\\CurrentVersion\\Shell Extensions\\Cached\\{748F920F-FB24-4D09-B360-BAF6F199AD6D} {000214E9-0000-0000-C000-000000000046} 0xFFFF",
      "Details": "Binary Data",
      "User": "DESKTOP-GTOLFFJ\\client 1"
    }
  },
  {
    "event_id": "1",
    "time": "2025-09-22 08:35:56.442724+00:00",
    "record_id": "1",
    "computer": "D",
    "channel": "M",
    "provider": "Microsoft-Windows-Sysmon",
    "data": {
      "RuleName": "-",
      "EventType": "SetValue",
      "UtcTime": "2025-09-22 08:35:56.436",
      "ProcessGuid": "{3ba37a49-fd39-68d0-2b01-000000000100}",
      "ProcessId": "4912",
      "Image": "C:\\Windows\\Explorer.EXE",
      "TargetObject": "HKU\\S-1-5-21-2437830779-3302432962-562250718-1001\\SOFTWARE\\Microsoft\\Windows\\CurrentVersion\\Shell Extensions\\Cached\\{1F2E5C40-9550-11CE-99D2-00AA006E086C} {000214E9-0000-0000-C000-000000000046} 0xFFFF",
      "Details": "Binary Data",
      "User": "DESKTOP-GTOLFFJ\\client 1"
    }
  },
  {
    "event_id": "1",
    "time": "2025-09-22 08:35:56.476591+00:00",
    "record_id": "1",
    "computer": "D",
    "channel": "M",
    "provider": "Microsoft-Windows-Sysmon",
    "data": {
      "RuleName": "-",
      "EventType": "SetValue",
      "UtcTime": "2025-09-22 08:35:56.467",
      "ProcessGuid": "{3ba37a49-fd39-68d0-2b01-000000000100}",
      "ProcessId": "4912",
      "Image": "C:\\Windows\\Explorer.EXE",
      "TargetObject": "HKU\\S-1-5-21-2437830779-3302432962-562250718-1001\\SOFTWARE\\Microsoft\\Windows\\CurrentVersion\\Shell Extensions\\Cached\\{3EA48300-8CF6-101B-84FB-666CCB9BCD32} {000214E9-0000-0000-C000-000000000046} 0xFFFF",
      "Details": "Binary Data",
      "User": "DESKTOP-GTOLFFJ\\client 1"
    }
  },
  {
    "event_id": "1",
    "time": "2025-09-22 08:35:56.488054+00:00",
    "record_id": "2",
    "computer": "D",
    "channel": "M",
    "provider": "Microsoft-Windows-Sysmon",
    "data": {
      "RuleName": "-",
      "EventType": "SetValue",
      "UtcTime": "2025-09-22 08:35:56.483",
      "ProcessGuid": "{3ba37a49-fd39-68d0-2b01-000000000100}",
      "ProcessId": "4912",
      "Image": "C:\\Windows\\Explorer.EXE",
      "TargetObject": "HKU\\S-1-5-21-2437830779-3302432962-562250718-1001\\SOFTWARE\\Microsoft\\Windows\\CurrentVersion\\Shell Extensions\\Cached\\{596AB062-B4D2-4215-9F74-E9109B0A8153} {000214E9-0000-0000-C000-000000000046} 0xFFFF",
      "Details": "Binary Data",
      "User": "DESKTOP-GTOLFFJ\\client 1"
    }
  },
  {
    "event_id": "1",
    "time": "2025-09-22 08:35:56.489355+00:00",
    "record_id": "2",
    "computer": "D",
    "channel": "M",
    "provider": "Microsoft-Windows-Sysmon",
    "data": {
      "RuleName": "-",
      "EventType": "SetValue",
      "UtcTime": "2025-09-22 08:35:56.483",
      "ProcessGuid": "{3ba37a49-fd39-68d0-2b01-000000000100}",
      "ProcessId": "4912",
      "Image": "C:\\Windows\\Explorer.EXE",
      "TargetObject": "HKU\\S-1-5-21-2437830779-3302432962-562250718-1001\\SOFTWARE\\Microsoft\\Windows\\CurrentVersion\\Shell Extensions\\Cached\\{7EFA68C6-086B-43E1-A2D2-55A113531240} {000214E9-0000-0000-C000-000000000046} 0xFFFF",
      "Details": "Binary Data",
      "User": "DESKTOP-GTOLFFJ\\client 1"
    }
  },
  {
    "event_id": "1",
    "time": "2025-09-22 08:36:11.176535+00:00",
    "record_id": "2",
    "computer": "D",
    "channel": "M",
    "provider": "Microsoft-Windows-Sysmon",
    "data": {
      "RuleName": "-",
      "EventType": "SetValue",
      "UtcTime": "2025-09-22 08:36:11.170",
      "ProcessGuid": "{3ba37a49-fd39-68d0-2b01-000000000100}",
      "ProcessId": "4912",
      "Image": "C:\\Windows\\Explorer.EXE",
      "TargetObject": "HKU\\S-1-5-21-2437830779-3302432962-562250718-1001\\SOFTWARE\\Microsoft\\Windows\\CurrentVersion\\Shell Extensions\\Cached\\{F81E9010-6EA4-11CE-A7FF-00AA003CA9F6} {000214E9-0000-0000-C000-000000000046} 0xFFFF",
      "Details": "Binary Data",
      "User": "DESKTOP-GTOLFFJ\\client 1"
    }
  },
  {
    "event_id": "1",
    "time": "2025-09-22 08:36:11.184786+00:00",
    "record_id": "2",
    "computer": "D",
    "channel": "M",
    "provider": "Microsoft-Windows-Sysmon",
    "data": {
      "RuleName": "-",
      "EventType": "SetValue",
      "UtcTime": "2025-09-22 08:36:11.170",
      "ProcessGuid": "{3ba37a49-fd39-68d0-2b01-000000000100}",
      "ProcessId": "4912",
      "Image": "C:\\Windows\\Explorer.EXE",
      "TargetObject": "HKU\\S-1-5-21-2437830779-3302432962-562250718-1001\\SOFTWARE\\Microsoft\\Windows\\CurrentVersion\\Shell Extensions\\Cached\\{4A7DED0A-AD25-11D0-98A8-0800361B1103} {000214E9-0000-0000-C000-000000000046} 0xFFFF",
      "Details": "Binary Data",
      "User": "DESKTOP-GTOLFFJ\\client 1"
    }
  },
  {
    "event_id": "1",
    "time": "2025-09-22 08:36:11.184834+00:00",
    "record_id": "2",
    "computer": "D",
    "channel": "M",
    "provider": "Microsoft-Windows-Sysmon",
    "data": {
      "RuleName": "-",
      "EventType": "SetValue",
      "UtcTime": "2025-09-22 08:36:11.170",
      "ProcessGuid": "{3ba37a49-fd39-68d0-2b01-000000000100}",
      "ProcessId": "4912",
      "Image": "C:\\Windows\\Explorer.EXE",
      "TargetObject": "HKU\\S-1-5-21-2437830779-3302432962-562250718-1001\\SOFTWARE\\Microsoft\\Windows\\CurrentVersion\\Shell Extensions\\Cached\\{ECCDF543-45CC-11CE-B9BF-0080C87CDBA6} {000214E9-0000-0000-C000-000000000046} 0xFFFF",
      "Details": "Binary Data",
      "User": "DESKTOP-GTOLFFJ\\client 1"
    }
  },
  {
    "event_id": "1",
    "time": "2025-09-22 08:36:25.691467+00:00",
    "record_id": "2",
    "computer": "D",
    "channel": "M",
    "provider": "Microsoft-Windows-Sysmon",
    "data": {
      "RuleName": "-",
      "UtcTime": "2025-09-22 08:36:25.683",
      "ProcessGuid": "{3ba37a49-0a89-68d1-3003-000000000100}",
      "ProcessId": "6736",
      "Image": "C:\\Program Files (x86)\\Microsoft\\Edge\\Application\\msedge.exe",
      "FileVersion": "140.0.3485.81",
      "Description": "Microsoft Edge",
      "Product": "Microsoft Edge",
      "Company": "Microsoft Corporation",
      "OriginalFileName": "msedge.exe",
      "CommandLine": "\"C:\\Program Files (x86)\\Microsoft\\Edge\\Application\\msedge.exe\" --type=utility --utility-sub-type=unzip.mojom.Unzipper --lang=en-US --service-sandbox-type=service --no-pre-read-main-dll --ram-no-pressure-read-main-dll --metrics-shmem-handle=6412,i,10941345229431147090,12033120626018821650,524288 --field-trial-handle=2528,i,7697915212337388755,10769669130442954102,262144 --variations-seed-version --mojo-platform-channel-handle=6988 /prefetch:8",
      "CurrentDirectory": "C:\\Program Files (x86)\\Microsoft\\Edge\\Application\\140.0.3485.81\\",
      "User": "DESKTOP-GTOLFFJ\\client 1",
      "LogonGuid": "{3ba37a49-fd37-68d0-095b-290000000000}",
      "LogonId": "0x0000000000295b09",
      "TerminalSessionId": "2",
      "IntegrityLevel": "Low",
      "Hashes": "MD5=1528CB9EF98D45785723BB69D9AB696F,SHA256=4A855A4DD286DADA7E700D325B1E25AA6DF43350125237C4276BF6C3A8452FCD,IMPHASH=9ACEBDFAC77931C2B0DFBBEA2D494BA9",
      "ParentProcessGuid": "{3ba37a49-fe7f-68d0-ea01-000000000100}",
      "ParentProcessId": "4976",
      "ParentImage": "C:\\Program Files (x86)\\Microsoft\\Edge\\Application\\msedge.exe",
      "ParentCommandLine": "\"C:\\Program Files (x86)\\Microsoft\\Edge\\Application\\msedge.exe\" --no-startup-window",
      "ParentUser": "DESKTOP-GTOLFFJ\\client 1"
    }
  },
  {
    "event_id": "1",
    "time": "2025-09-22 08:36:25.965219+00:00",
    "record_id": "2",
    "computer": "D",
    "channel": "M",
    "provider": "Microsoft-Windows-Sysmon",
    "data": {
      "RuleName": "DLL",
      "UtcTime": "2025-09-22 08:36:25.951",
      "ProcessGuid": "{3ba37a49-fe7f-68d0-ea01-000000000100}",
      "ProcessId": "4976",
      "Image": "C:\\Program Files (x86)\\Microsoft\\Edge\\Application\\msedge.exe",
      "TargetFilename": "C:\\Users\\CLIENT~1\\AppData\\Local\\Temp\\chrome_Unpacker_BeginUnzipping4976_851453841\\Microsoft.CognitiveServices.Speech.core.dll",
      "CreationUtcTime": "2025-09-22 08:36:25.936",
      "User": "DESKTOP-GTOLFFJ\\client 1"
    }
  },
  {
    "event_id": "1",
    "time": "2025-09-22 08:36:57.028126+00:00",
    "record_id": "2",
    "computer": "D",
    "channel": "M",
    "provider": "Microsoft-Windows-Sysmon",
    "data": {
      "RuleName": "-",
      "UtcTime": "2025-09-22 08:36:57.014",
      "ProcessGuid": "{3ba37a49-0aa9-68d1-3103-000000000100}",
      "ProcessId": "7840",
      "Image": "C:\\Windows\\System32\\certutil.exe",
      "FileVersion": "10.0.19041.3636 (WinBuild.160101.0800)",
      "Description": "CertUtil.exe",
      "Product": "Microsoft® Windows® Operating System",
      "Company": "Microsoft Corporation",
      "OriginalFileName": "CertUtil.exe",
      "CommandLine": "certutil  -hashfile \"C:\\Users\\client 1\\Downloads\\memory.raw\" SHA2526",
      "CurrentDirectory": "C:\\Windows\\system32\\",
      "User": "DESKTOP-GTOLFFJ\\client 1",
      "LogonGuid": "{3ba37a49-fd37-68d0-ec5a-290000000000}",
      "LogonId": "0x0000000000295aec",
      "TerminalSessionId": "2",
      "IntegrityLevel": "High",
      "Hashes": "MD5=A7A5B67EC704EAC6D6E6AF0489353F42,SHA256=BF072F9A6A15B550B13AE86A4FBD3FA809D2A13236847AE9FA9A68F41386106E,IMPHASH=5AFC8346D5AFF4A4862E8A7C91042465",
      "ParentProcessGuid": "{3ba37a49-0a27-68d1-2b03-000000000100}",
      "ParentProcessId": "8136",
      "ParentImage": "C:\\Windows\\System32\\cmd.exe",
      "ParentCommandLine": "\"C:\\Windows\\system32\\cmd.exe\"",
      "ParentUser": "DESKTOP-GTOLFFJ\\client 1"
    }
  },
  {
    "event_id": "1",
    "time": "2025-09-22 08:38:23.015789+00:00",
    "record_id": "2",
    "computer": "D",
    "channel": "M",
    "provider": "Microsoft-Windows-Sysmon",
    "data": {
      "RuleName": "-",
      "UtcTime": "2025-09-22 08:38:22.999",
      "ProcessGuid": "{3ba37a49-0afe-68d1-3203-000000000100}",
      "ProcessId": "4616",
      "Image": "C:\\Windows\\System32\\consent.exe",
      "FileVersion": "10.0.19041.3636 (WinBuild.160101.0800)",
      "Description": "Consent UI for administrative applications",
      "Product": "Microsoft® Windows® Operating System",
      "Company": "Microsoft Corporation",
      "OriginalFileName": "consent.exe",
      "CommandLine": "consent.exe 4812 468 000002034AAC6240",
      "CurrentDirectory": "C:\\Windows\\system32\\",
      "User": "NT AUTHORITY\\SYSTEM",
      "LogonGuid": "{3ba37a49-cbed-68d1-e703-000000000000}",
      "LogonId": "0x00000000000003e7",
      "TerminalSessionId": "2",
      "IntegrityLevel": "System",
      "Hashes": "MD5=959461FE7E338B2BF1F75D6F860DAAE1,SHA256=BC1AC9C190C716778D80EF36AAE620F2B7B334D3776B628907581301ED97128C,IMPHASH=7001337914CFB426620F508E54CDF72F",
      "ParentProcessGuid": "{3ba37a49-fd40-68d0-3c01-000000000100}",
      "ParentProcessId": "4812",
      "ParentImage": "C:\\Windows\\System32\\svchost.exe",
      "ParentCommandLine": "C:\\Windows\\system32\\svchost.exe -k netsvcs -p -s Appinfo",
      "ParentUser": "NT AUTHORITY\\SYSTEM"
    }
  },
  {
    "event_id": "1",
    "time": "2025-09-22 08:38:25.202049+00:00",
    "record_id": "2",
    "computer": "D",
    "channel": "M",
    "provider": "Microsoft-Windows-Sysmon",
    "data": {
      "RuleName": "-",
      "UtcTime": "2025-09-22 08:38:25.186",
      "ProcessGuid": "{3ba37a49-0b01-68d1-3303-000000000100}",
      "ProcessId": "3464",
      "Image": "C:\\Windows\\System32\\WindowsPowerShell\\v1.0\\powershell.exe",
      "FileVersion": "10.0.19041.3636 (WinBuild.160101.0800)",
      "Description": "Windows PowerShell",
      "Product": "Microsoft® Windows® Operating System",
      "Company": "Microsoft Corporation",
      "OriginalFileName": "PowerShell.EXE",
      "CommandLine": "\"C:\\Windows\\System32\\WindowsPowerShell\\v1.0\\powershell.exe\"",
      "CurrentDirectory": "C:\\Windows\\system32\\",
      "User": "DESKTOP-GTOLFFJ\\client 1",
      "LogonGuid": "{3ba37a49-fd37-68d0-ec5a-290000000000}",
      "LogonId": "0x0000000000295aec",
      "TerminalSessionId": "2",
      "IntegrityLevel": "High",
      "Hashes": "MD5=6726185B70B5ADF05E8A1A1DF82EBF30,SHA256=64DD55E1C2373DEED25C2776F553C632E58C45E56A0E4639DFD54EE97EAB9C19,IMPHASH=E3007C8E0098D06ABF617EEE6F0C5ABD",
      "ParentProcessGuid": "{3ba37a49-fd39-68d0-2b01-000000000100}",
      "ParentProcessId": "4912",
      "ParentImage": "C:\\Windows\\explorer.exe",
      "ParentCommandLine": "C:\\Windows\\Explorer.EXE",
      "ParentUser": "DESKTOP-GTOLFFJ\\client 1"
    }
  },
  {
    "event_id": "1",
    "time": "2025-09-22 08:38:26.469864+00:00",
    "record_id": "2",
    "computer": "D",
    "channel": "M",
    "provider": "Microsoft-Windows-Sysmon",
    "data": {
      "RuleName": "-",
      "UtcTime": "2025-09-22 08:38:26.428",
      "ProcessGuid": "{3ba37a49-0b01-68d1-3303-000000000100}",
      "ProcessId": "3464",
      "Image": "C:\\Windows\\System32\\WindowsPowerShell\\v1.0\\powershell.exe",
      "TargetFilename": "C:\\Users\\client 1\\AppData\\Local\\Temp\\__PSScriptPolicyTest_2xkiypb1.hub.ps1",
      "CreationUtcTime": "2025-09-22 08:38:26.428",
      "User": "DESKTOP-GTOLFFJ\\client 1"
    }
  },
  {
    "event_id": "1",
    "time": "2025-09-22 08:38:31.638929+00:00",
    "record_id": "2",
    "computer": "D",
    "channel": "M",
    "provider": "Microsoft-Windows-Sysmon",
    "data": {
      "RuleName": "-",
      "UtcTime": "2025-09-22 08:38:31.634",
      "ProcessGuid": "{3ba37a49-0b07-68d1-3503-000000000100}",
      "ProcessId": "1060",
      "Image": "C:\\Windows\\System32\\certutil.exe",
      "FileVersion": "10.0.19041.3636 (WinBuild.160101.0800)",
      "Description": "CertUtil.exe",
      "Product": "Microsoft® Windows® Operating System",
      "Company": "Microsoft Corporation",
      "OriginalFileName": "CertUtil.exe",
      "CommandLine": "\"C:\\Windows\\system32\\certutil.exe\" -hashfile \"C:\\Users\\client 1\\Downloads\\memory.raw\" SHA2526",
      "CurrentDirectory": "C:\\Windows\\system32\\",
      "User": "DESKTOP-GTOLFFJ\\client 1",
      "LogonGuid": "{3ba37a49-fd37-68d0-ec5a-290000000000}",
      "LogonId": "0x0000000000295aec",
      "TerminalSessionId": "2",
      "IntegrityLevel": "High",
      "Hashes": "MD5=A7A5B67EC704EAC6D6E6AF0489353F42,SHA256=BF072F9A6A15B550B13AE86A4FBD3FA809D2A13236847AE9FA9A68F41386106E,IMPHASH=5AFC8346D5AFF4A4862E8A7C91042465",
      "ParentProcessGuid": "{3ba37a49-0b01-68d1-3303-000000000100}",
      "ParentProcessId": "3464",
      "ParentImage": "C:\\Windows\\System32\\WindowsPowerShell\\v1.0\\powershell.exe",
      "ParentCommandLine": "\"C:\\Windows\\System32\\WindowsPowerShell\\v1.0\\powershell.exe\"",
      "ParentUser": "DESKTOP-GTOLFFJ\\client 1"
    }
  },
  {
    "event_id": "1",
    "time": "2025-09-22 08:39:08.616703+00:00",
    "record_id": "2",
    "computer": "D",
    "channel": "M",
    "provider": "Microsoft-Windows-Sysmon",
    "data": {
      "RuleName": "-",
      "UtcTime": "2025-09-22 08:39:08.603",
      "ProcessGuid": "{3ba37a49-0b2c-68d1-3603-000000000100}",
      "ProcessId": "7140",
      "Image": "C:\\Windows\\System32\\svchost.exe",
      "FileVersion": "10.0.19041.3636 (WinBuild.160101.0800)",
      "Description": "Host Process for Windows Services",
      "Product": "Microsoft® Windows® Operating System",
      "Company": "Microsoft Corporation",
      "OriginalFileName": "svchost.exe",
      "CommandLine": "C:\\Windows\\system32\\svchost.exe -k netsvcs -p -s DsmSvc",
      "CurrentDirectory": "C:\\Windows\\system32\\",
      "User": "NT AUTHORITY\\SYSTEM",
      "LogonGuid": "{3ba37a49-cbed-68d1-e703-000000000000}",
      "LogonId": "0x00000000000003e7",
      "TerminalSessionId": "0",
      "IntegrityLevel": "System",
      "Hashes": "MD5=145DCF6706EEEA5B066885EE17964C09,SHA256=F13DE58416730D210DAB465B242E9C949FB0A0245EEF45B07C381F0C6C8A43C3,IMPHASH=247B9220E5D9B720A82B2C8B5069AD69",
      "ParentProcessGuid": "{00000000-0000-0000-0000-000000000000}",
      "ParentProcessId": "812",
      "ParentImage": "-",
      "ParentCommandLine": "-",
      "ParentUser": "-"
    }
  },
  {
    "event_id": "1",
    "time": "2025-09-22 08:39:08.621284+00:00",
    "record_id": "2",
    "computer": "D",
    "channel": "M",
    "provider": "Microsoft-Windows-Sysmon",
    "data": {
      "RuleName": "InvDB-DriverVer",
      "EventType": "SetValue",
      "UtcTime": "2025-09-22 08:39:08.598",
      "ProcessGuid": "{3ba37a49-cbec-68d1-eb03-000000000000}",
      "ProcessId": "4",
      "Image": "System",
      "TargetObject": "HKLM\\System\\CurrentControlSet\\Control\\Class\\{36fc9e60-c465-11cf-8056-444553540000}\\0011\\DriverVersion",
      "Details": "10.0.19041.3636",
      "User": "NT AUTHORITY\\SYSTEM"
    }
  },
  {
    "event_id": "1",
    "time": "2025-09-22 08:39:08.677715+00:00",
    "record_id": "2",
    "computer": "D",
    "channel": "M",
    "provider": "Microsoft-Windows-Sysmon",
    "data": {
      "RuleName": "InvDB-DriverVer",
      "EventType": "SetValue",
      "UtcTime": "2025-09-22 08:39:08.630",
      "ProcessGuid": "{3ba37a49-cbec-68d1-eb03-000000000000}",
      "ProcessId": "4",
      "Image": "System",
      "TargetObject": "HKLM\\System\\CurrentControlSet\\Control\\Class\\{4d36e967-e325-11ce-bfc1-08002be10318}\\0002\\DriverVersion",
      "Details": "10.0.19041.3636",
      "User": "NT AUTHORITY\\SYSTEM"
    }
  },
  {
    "event_id": "1",
    "time": "2025-09-22 08:39:08.678310+00:00",
    "record_id": "2",
    "computer": "D",
    "channel": "M",
    "provider": "Microsoft-Windows-Sysmon",
    "data": {
      "RuleName": "Context,DeviceConnectedOrUpdated",
      "EventType": "SetValue",
      "UtcTime": "2025-09-22 08:39:08.630",
      "ProcessGuid": "{3ba37a49-cbec-68d1-eb03-000000000000}",
      "ProcessId": "4",
      "Image": "System",
      "TargetObject": "HKLM\\System\\CurrentControlSet\\Enum\\USBSTOR\\Disk&Ven_TOSHIBA&Prod_TransMemory&Rev_1.00\\C412F52D61FDC26040028198&0\\FriendlyName",
      "Details": "TOSHIBA TransMemory USB Device",
      "User": "NT AUTHORITY\\SYSTEM"
    }
  },
  {
    "event_id": "1",
    "time": "2025-09-22 08:39:08.681671+00:00",
    "record_id": "2",
    "computer": "D",
    "channel": "M",
    "provider": "Microsoft-Windows-Sysmon",
    "data": {
      "RuleName": "InvDB-DriverVer",
      "EventType": "SetValue",
      "UtcTime": "2025-09-22 08:39:08.660",
      "ProcessGuid": "{3ba37a49-cbec-68d1-eb03-000000000000}",
      "ProcessId": "4",
      "Image": "System",
      "TargetObject": "HKLM\\System\\CurrentControlSet\\Control\\Class\\{71a27cdd-812a-11d0-bec7-08002be2092f}\\0005\\DriverVersion",
      "Details": "10.0.19041.1",
      "User": "NT AUTHORITY\\SYSTEM"
    }
  },
  {
    "event_id": "1",
    "time": "2025-09-22 08:39:09.327946+00:00",
    "record_id": "2",
    "computer": "D",
    "channel": "M",
    "provider": "Microsoft-Windows-Sysmon",
    "data": {
      "RuleName": "-",
      "UtcTime": "2025-09-22 08:39:09.316",
      "ProcessGuid": "{3ba37a49-0b2d-68d1-3803-000000000100}",
      "ProcessId": "8000",
      "Image": "C:\\Windows\\System32\\drvinst.exe",
      "FileVersion": "10.0.19041.3758 (WinBuild.160101.0800)",
      "Description": "Driver Installation Module",
      "Product": "Microsoft® Windows® Operating System",
      "Company": "Microsoft Corporation",
      "OriginalFileName": "DrvInst.EXE",
      "CommandLine": "DrvInst.exe \"1\" \"0\" \"SWD\\WPDBUSENUM\\_??_USBSTOR#Disk&Ven_TOSHIBA&Prod_TransMemory&Rev_1.00#C412F52D61FDC26040028198&0#{53f56307-b6bf-11d0-94f2-00a0c91efb8b}\" \"\" \"\" \"4abf6c97b\" \"0000000000000000\"",
      "CurrentDirectory": "C:\\Windows\\system32\\",
      "User": "NT AUTHORITY\\SYSTEM",
      "LogonGuid": "{3ba37a49-cbed-68d1-e703-000000000000}",
      "LogonId": "0x00000000000003e7",
      "TerminalSessionId": "0",
      "IntegrityLevel": "System",
      "Hashes": "MD5=A95CC296BFCC57D25BB55FD6F11F36FF,SHA256=8D24A6934B0B5ED94B1141EB08CB24E34054E266C0C244E12F64E60E19889993,IMPHASH=62C2FA4EBEAA94C1748CD66B06558AE1",
      "ParentProcessGuid": "{00000000-0000-0000-0000-000000000000}",
      "ParentProcessId": "1072",
      "ParentImage": "-",
      "ParentCommandLine": "-",
      "ParentUser": "-"
    }
  },
  {
    "event_id": "1",
    "time": "2025-09-22 08:39:09.917116+00:00",
    "record_id": "2",
    "computer": "D",
    "channel": "M",
    "provider": "Microsoft-Windows-Sysmon",
    "data": {
      "RuleName": "T1031,T1050",
      "EventType": "SetValue",
      "UtcTime": "2025-09-22 08:39:09.915",
      "ProcessGuid": "{3ba37a49-0b2d-68d1-3803-000000000100}",
      "ProcessId": "8000",
      "Image": "C:\\Windows\\system32\\DrvInst.exe",
      "TargetObject": "HKLM\\SOFTWARE\\Microsoft\\Windows NT\\CurrentVersion\\WUDF\\Services\\WpdFs\\ImagePath",
      "Details": "C:\\Windows\\system32\\DRIVERS\\UMDF\\WpdFs.dll",
      "User": "NT AUTHORITY\\SYSTEM"
    }
  },
  {
    "event_id": "1",
    "time": "2025-09-22 08:39:10.020876+00:00",
    "record_id": "2",
    "computer": "D",
    "channel": "M",
    "provider": "Microsoft-Windows-Sysmon",
    "data": {
      "RuleName": "InvDB-DriverVer",
      "EventType": "SetValue",
      "UtcTime": "2025-09-22 08:39:10.011",
      "ProcessGuid": "{3ba37a49-0b2d-68d1-3803-000000000100}",
      "ProcessId": "8000",
      "Image": "C:\\Windows\\system32\\DrvInst.exe",
      "TargetObject": "HKLM\\System\\CurrentControlSet\\Control\\Class\\{eec5ad98-8080-425f-922a-dabf3de3f69a}\\0001\\DriverVersion",
      "Details": "10.0.19041.3636",
      "User": "NT AUTHORITY\\SYSTEM"
    }
  },
  {
    "event_id": "1",
    "time": "2025-09-22 08:39:10.132605+00:00",
    "record_id": "2",
    "computer": "D",
    "channel": "M",
    "provider": "Microsoft-Windows-Sysmon",
    "data": {
      "RuleName": "-",
      "UtcTime": "2025-09-22 08:39:10.126",
      "ProcessGuid": "{3ba37a49-0b2e-68d1-3903-000000000100}",
      "ProcessId": "3372",
      "Image": "C:\\Windows\\System32\\WUDFHost.exe",
      "FileVersion": "10.0.19041.3758 (WinBuild.160101.0800)",
      "Description": "Windows Driver Foundation - User-mode Driver Framework Host Process",
      "Product": "Microsoft® Windows® Operating System",
      "Company": "Microsoft Corporation",
      "OriginalFileName": "WUDFHost.exe",
      "CommandLine": "\"C:\\Windows\\System32\\WUDFHost.exe\" -HostGUID:{193a1820-d9ac-4997-8c55-be817523f6aa} -IoEventPortName:\\UMDFCommunicationPorts\\WUDF\\HostProcess-3130d069-7957-43d1-9b3c-7f8177e3bae4 -SystemEventPortName:\\UMDFCommunicationPorts\\WUDF\\HostProcess-cce2573f-e5bf-436c-afb4-4bd827cee80c -IoCancelEventPortName:\\UMDFCommunicationPorts\\WUDF\\HostProcess-f5e8b263-6758-423d-84c6-0c3f458ae270 -NonStateChangingEventPortName:\\UMDFCommunicationPorts\\WUDF\\HostProcess-c955290c-82a6-43df-942d-571029f0b9d6 -LifetimeId:ac7e72a7-22a5-4518-87e4-334574bb7bf4 -DeviceGroupId:WpdFsGroup -HostArg:0",
      "CurrentDirectory": "C:\\Windows\\system32\\",
      "User": "NT AUTHORITY\\LOCAL SERVICE",
      "LogonGuid": "{3ba37a49-cbee-68d1-e503-000000000000}",
      "LogonId": "0x00000000000003e5",
      "TerminalSessionId": "0",
      "IntegrityLevel": "System",
      "Hashes": "MD5=F39650983CFD01CBBC6158C6BF7FE522,SHA256=4AFB76B497A7B1B37A9D597550827E829CABAF1F019B62A65A536D8F1832C90B,IMPHASH=3FB4FBF226FDE242843AE0A7C907D1D5",
      "ParentProcessGuid": "{00000000-0000-0000-0000-000000000000}",
      "ParentProcessId": "812",
      "ParentImage": "-",
      "ParentCommandLine": "-",
      "ParentUser": "-"
    }
  },
  {
    "event_id": "1",
    "time": "2025-09-22 08:39:10.349535+00:00",
    "record_id": "2",
    "computer": "D",
    "channel": "M",
    "provider": "Microsoft-Windows-Sysmon",
    "data": {
      "RuleName": "Context,DeviceConnectedOrUpdated",
      "EventType": "SetValue",
      "UtcTime": "2025-09-22 08:39:10.310",
      "ProcessGuid": "{3ba37a49-0b2e-68d1-3903-000000000100}",
      "ProcessId": "3372",
      "Image": "C:\\Windows\\System32\\WUDFHost.exe",
      "TargetObject": "HKLM\\SOFTWARE\\Microsoft\\Windows Portable Devices\\Devices\\SWD#WPDBUSENUM#_??_USBSTOR#DISK&VEN_TOSHIBA&PROD_TRANSMEMORY&REV_1.00#C412F52D61FDC26040028198&0#{53F56307-B6BF-11D0-94F2-00A0C91EFB8B}\\FriendlyName",
      "Details": "ESD-USB",
      "User": "NT AUTHORITY\\LOCAL SERVICE"
    }
  },
  {
    "event_id": "1",
    "time": "2025-09-22 08:39:10.349710+00:00",
    "record_id": "2",
    "computer": "D",
    "channel": "M",
    "provider": "Microsoft-Windows-Sysmon",
    "data": {
      "RuleName": "Context,DeviceConnectedOrUpdated",
      "EventType": "SetValue",
      "UtcTime": "2025-09-22 08:39:10.327",
      "ProcessGuid": "{3ba37a49-0b2e-68d1-3903-000000000100}",
      "ProcessId": "3372",
      "Image": "C:\\Windows\\System32\\WUDFHost.exe",
      "TargetObject": "HKLM\\System\\CurrentControlSet\\Enum\\SWD\\WPDBUSENUM\\_??_USBSTOR#Disk&Ven_TOSHIBA&Prod_TransMemory&Rev_1.00#C412F52D61FDC26040028198&0#{53f56307-b6bf-11d0-94f2-00a0c91efb8b}\\FriendlyName",
      "Details": "ESD-USB",
      "User": "NT AUTHORITY\\LOCAL SERVICE"
    }
  },
  {
    "event_id": "1",
    "time": "2025-09-22 08:39:10.504667+00:00",
    "record_id": "2",
    "computer": "D",
    "channel": "M",
    "provider": "Microsoft-Windows-Sysmon",
    "data": {
      "RuleName": "Context,DeviceConnectedOrUpdated",
      "EventType": "SetValue",
      "UtcTime": "2025-09-22 08:39:10.501",
      "ProcessGuid": "{3ba37a49-0b2d-68d1-3803-000000000100}",
      "ProcessId": "8000",
      "Image": "C:\\Windows\\system32\\DrvInst.exe",
      "TargetObject": "HKLM\\SOFTWARE\\Microsoft\\Windows Portable Devices\\Devices\\SWD#WPDBUSENUM#_??_USBSTOR#DISK&VEN_TOSHIBA&PROD_TRANSMEMORY&REV_1.00#C412F52D61FDC26040028198&0#{53F56307-B6BF-11D0-94F2-00A0C91EFB8B}\\FriendlyName",
      "Details": "ESD-USB",
      "User": "NT AUTHORITY\\SYSTEM"
    }
  },
  {
    "event_id": "1",
    "time": "2025-09-22 08:39:19.352301+00:00",
    "record_id": "2",
    "computer": "D",
    "channel": "M",
    "provider": "Microsoft-Windows-Sysmon",
    "data": {
      "RuleName": "InvDB-DriverVer",
      "EventType": "SetValue",
      "UtcTime": "2025-09-22 08:39:19.344",
      "ProcessGuid": "{3ba37a49-f924-68d0-7500-000000000100}",
      "ProcessId": "5016",
      "Image": "C:\\Windows\\system32\\svchost.exe",
      "TargetObject": "\\REGISTRY\\A\\{0232ed3c-56c9-167d-969a-b42679a62c79}\\Root\\InventoryDevicePnp\\usb/vid_0930&pid_6544/c412f52d61fdc26040028198\\DriverVerVersion",
      "Details": "10.0.19041.3636",
      "User": "NT AUTHORITY\\SYSTEM"
    }
  },
  {
    "event_id": "1",
    "time": "2025-09-22 08:39:19.372705+00:00",
    "record_id": "2",
    "computer": "D",
    "channel": "M",
    "provider": "Microsoft-Windows-Sysmon",
    "data": {
      "RuleName": "InvDB-DriverVer",
      "EventType": "SetValue",
      "UtcTime": "2025-09-22 08:39:19.370",
      "ProcessGuid": "{3ba37a49-f924-68d0-7500-000000000100}",
      "ProcessId": "5016",
      "Image": "C:\\Windows\\system32\\svchost.exe",
      "TargetObject": "\\REGISTRY\\A\\{0232ed3c-56c9-167d-969a-b42679a62c79}\\Root\\InventoryDevicePnp\\usbstor/disk&ven_toshiba&prod_transmemory&rev_1.00/c412f52d61fdc26040028198&0\\DriverVerVersion",
      "Details": "10.0.19041.3636",
      "User": "NT AUTHORITY\\SYSTEM"
    }
  },
  {
    "event_id": "1",
    "time": "2025-09-22 08:39:19.438835+00:00",
    "record_id": "2",
    "computer": "D",
    "channel": "M",
    "provider": "Microsoft-Windows-Sysmon",
    "data": {
      "RuleName": "InvDB-DriverVer",
      "EventType": "SetValue",
      "UtcTime": "2025-09-22 08:39:19.376",
      "ProcessGuid": "{3ba37a49-f924-68d0-7500-000000000100}",
      "ProcessId": "5016",
      "Image": "C:\\Windows\\system32\\svchost.exe",
      "TargetObject": "\\REGISTRY\\A\\{0232ed3c-56c9-167d-969a-b42679a62c79}\\Root\\InventoryDevicePnp\\storage/volume/_??_usbstor#disk&ven_toshiba&prod_transmemory&rev_1.00#c412f52d61fdc26040028198&0#{53f56307-b6bf-11d0-94f2-00a0c91efb8b}\\DriverVerVersion",
      "Details": "10.0.19041.1",
      "User": "NT AUTHORITY\\SYSTEM"
    }
  },
  {
    "event_id": "1",
    "time": "2025-09-22 08:39:19.444181+00:00",
    "record_id": "2",
    "computer": "D",
    "channel": "M",
    "provider": "Microsoft-Windows-Sysmon",
    "data": {
      "RuleName": "InvDB-DriverVer",
      "EventType": "SetValue",
      "UtcTime": "2025-09-22 08:39:19.437",
      "ProcessGuid": "{3ba37a49-f924-68d0-7500-000000000100}",
      "ProcessId": "5016",
      "Image": "C:\\Windows\\system32\\svchost.exe",
      "TargetObject": "\\REGISTRY\\A\\{0232ed3c-56c9-167d-969a-b42679a62c79}\\Root\\InventoryDevicePnp\\swd/wpdbusenum/_??_usbstor#disk&ven_toshiba&prod_transmemory&rev_1.00#c412f52d61fdc26040028198&0#{53f56307-b6bf-11d0-94f2-00a0c91efb8b}\\DriverVerVersion",
      "Details": "10.0.19041.3636",
      "User": "NT AUTHORITY\\SYSTEM"
    }
  },
  {
    "event_id": "1",
    "time": "2025-09-22 08:40:12.969662+00:00",
    "record_id": "2",
    "computer": "D",
    "channel": "M",
    "provider": "Microsoft-Windows-Sysmon",
    "data": {
      "RuleName": "-",
      "UtcTime": "2025-09-22 08:40:12.951",
      "ProcessGuid": "{3ba37a49-0b6c-68d1-4003-000000000100}",
      "ProcessId": "6700",
      "Image": "C:\\Program Files (x86)\\Microsoft\\Edge\\Application\\msedge.exe",
      "FileVersion": "140.0.3485.81",
      "Description": "Microsoft Edge",
      "Product": "Microsoft Edge",
      "Company": "Microsoft Corporation",
      "OriginalFileName": "msedge.exe",
      "CommandLine": "\"C:\\Program Files (x86)\\Microsoft\\Edge\\Application\\msedge.exe\" --single-argument E:\\office2019Conf\\ReadMe.Htm",
      "CurrentDirectory": "E:\\office2019Conf\\",
      "User": "DESKTOP-GTOLFFJ\\client 1",
      "LogonGuid": "{3ba37a49-fd37-68d0-095b-290000000000}",
      "LogonId": "0x0000000000295b09",
      "TerminalSessionId": "2",
      "IntegrityLevel": "Medium",
      "Hashes": "MD5=1528CB9EF98D45785723BB69D9AB696F,SHA256=4A855A4DD286DADA7E700D325B1E25AA6DF43350125237C4276BF6C3A8452FCD,IMPHASH=9ACEBDFAC77931C2B0DFBBEA2D494BA9",
      "ParentProcessGuid": "{3ba37a49-fd39-68d0-2b01-000000000100}",
      "ParentProcessId": "4912",
      "ParentImage": "C:\\Windows\\explorer.exe",
      "ParentCommandLine": "C:\\Windows\\Explorer.EXE",
      "ParentUser": "DESKTOP-GTOLFFJ\\client 1"
    }
  },
  {
    "event_id": "1",
    "time": "2025-09-22 08:40:16.027336+00:00",
    "record_id": "2",
    "computer": "D",
    "channel": "M",
    "provider": "Microsoft-Windows-Sysmon",
    "data": {
      "RuleName": "InvDB",
      "EventType": "SetValue",
      "UtcTime": "2025-09-22 08:40:16.004",
      "ProcessGuid": "{3ba37a49-f924-68d0-7500-000000000100}",
      "ProcessId": "5016",
      "Image": "C:\\Windows\\system32\\svchost.exe",
      "TargetObject": "HKU\\S-1-5-21-2437830779-3302432962-562250718-1001\\SOFTWARE\\Microsoft\\Windows NT\\CurrentVersion\\AppCompatFlags\\Compatibility Assistant\\Store\\C:\\Program Files (x86)\\Microsoft\\Edge\\Application\\msedge.exe",
      "Details": "Binary Data",
      "User": "NT AUTHORITY\\SYSTEM"
    }
  },
  {
    "event_id": "1",
    "time": "2025-09-22 08:41:27.653053+00:00",
    "record_id": "2",
    "computer": "D",
    "channel": "M",
    "provider": "Microsoft-Windows-Sysmon",
    "data": {
      "RuleName": "InvDB-DriverVer",
      "EventType": "SetValue",
      "UtcTime": "2025-09-22 08:41:27.642",
      "ProcessGuid": "{3ba37a49-cbec-68d1-eb03-000000000000}",
      "ProcessId": "4",
      "Image": "System",
      "TargetObject": "HKLM\\System\\CurrentControlSet\\Control\\Class\\{4d36e97b-e325-11ce-bfc1-08002be10318}\\0002\\DriverVersion",
      "Details": "10.0.19041.3636",
      "User": "NT AUTHORITY\\SYSTEM"
    }
  },
  {
    "event_id": "1",
    "time": "2025-09-22 08:41:27.716166+00:00",
    "record_id": "2",
    "computer": "D",
    "channel": "M",
    "provider": "Microsoft-Windows-Sysmon",
    "data": {
      "RuleName": "-",
      "UtcTime": "2025-09-22 08:41:27.664",
      "ProcessGuid": "{3ba37a49-0bb7-68d1-4603-000000000100}",
      "ProcessId": "5316",
      "Image": "C:\\Windows\\System32\\svchost.exe",
      "FileVersion": "10.0.19041.3636 (WinBuild.160101.0800)",
      "Description": "Host Process for Windows Services",
      "Product": "Microsoft® Windows® Operating System",
      "Company": "Microsoft Corporation",
      "OriginalFileName": "svchost.exe",
      "CommandLine": "C:\\Windows\\system32\\svchost.exe -k netsvcs -p -s DsmSvc",
      "CurrentDirectory": "C:\\Windows\\system32\\",
      "User": "NT AUTHORITY\\SYSTEM",
      "LogonGuid": "{3ba37a49-cbed-68d1-e703-000000000000}",
      "LogonId": "0x00000000000003e7",
      "TerminalSessionId": "0",
      "IntegrityLevel": "System",
      "Hashes": "MD5=145DCF6706EEEA5B066885EE17964C09,SHA256=F13DE58416730D210DAB465B242E9C949FB0A0245EEF45B07C381F0C6C8A43C3,IMPHASH=247B9220E5D9B720A82B2C8B5069AD69",
      "ParentProcessGuid": "{00000000-0000-0000-0000-000000000000}",
      "ParentProcessId": "812",
      "ParentImage": "-",
      "ParentCommandLine": "-",
      "ParentUser": "-"
    }
  },
  {
    "event_id": "1",
    "time": "2025-09-22 08:41:27.792860+00:00",
    "record_id": "2",
    "computer": "D",
    "channel": "M",
    "provider": "Microsoft-Windows-Sysmon",
    "data": {
      "RuleName": "InvDB-DriverVer",
      "EventType": "SetValue",
      "UtcTime": "2025-09-22 08:41:27.767",
      "ProcessGuid": "{3ba37a49-cbec-68d1-eb03-000000000000}",
      "ProcessId": "4",
      "Image": "System",
      "TargetObject": "HKLM\\System\\CurrentControlSet\\Control\\Class\\{4d36e967-e325-11ce-bfc1-08002be10318}\\0003\\DriverVersion",
      "Details": "10.0.19041.3636",
      "User": "NT AUTHORITY\\SYSTEM"
    }
  },
  {
    "event_id": "1",
    "time": "2025-09-22 08:41:27.793810+00:00",
    "record_id": "2",
    "computer": "D",
    "channel": "M",
    "provider": "Microsoft-Windows-Sysmon",
    "data": {
      "RuleName": "Context,DeviceConnectedOrUpdated",
      "EventType": "SetValue",
      "UtcTime": "2025-09-22 08:41:27.767",
      "ProcessGuid": "{3ba37a49-cbec-68d1-eb03-000000000000}",
      "ProcessId": "4",
      "Image": "System",
      "TargetObject": "HKLM\\System\\CurrentControlSet\\Enum\\SCSI\\Disk&Ven_SAGE&Prod_3639S_sage\\7&39a07f98&0&000000\\FriendlyName",
      "Details": "SAGE 3639S sage SCSI Disk Device",
      "User": "NT AUTHORITY\\SYSTEM"
    }
  },
  {
    "event_id": "1",
    "time": "2025-09-22 08:41:37.856455+00:00",
    "record_id": "2",
    "computer": "D",
    "channel": "M",
    "provider": "Microsoft-Windows-Sysmon",
    "data": {
      "RuleName": "InvDB-DriverVer",
      "EventType": "SetValue",
      "UtcTime": "2025-09-22 08:41:37.839",
      "ProcessGuid": "{3ba37a49-f924-68d0-7500-000000000100}",
      "ProcessId": "5016",
      "Image": "C:\\Windows\\system32\\svchost.exe",
      "TargetObject": "\\REGISTRY\\A\\{0232ed3c-56c9-167d-969a-b42679a62c79}\\Root\\InventoryDevicePnp\\usb/vid_13fd&pid_5910/msft30___esua-ssus-1232d27\\DriverVerVersion",
      "Details": "10.0.19041.3636",
      "User": "NT AUTHORITY\\SYSTEM"
    }
  },
  {
    "event_id": "1",
    "time": "2025-09-22 08:41:37.860498+00:00",
    "record_id": "2",
    "computer": "D",
    "channel": "M",
    "provider": "Microsoft-Windows-Sysmon",
    "data": {
      "RuleName": "InvDB-DriverVer",
      "EventType": "SetValue",
      "UtcTime": "2025-09-22 08:41:37.854",
      "ProcessGuid": "{3ba37a49-f924-68d0-7500-000000000100}",
      "ProcessId": "5016",
      "Image": "C:\\Windows\\system32\\svchost.exe",
      "TargetObject": "\\REGISTRY\\A\\{0232ed3c-56c9-167d-969a-b42679a62c79}\\Root\\InventoryDevicePnp\\scsi/disk&ven_sage&prod_3639s_sage/7&39a07f98&0&000000\\DriverVerVersion",
      "Details": "10.0.19041.3636",
      "User": "NT AUTHORITY\\SYSTEM"
    }
  },
  {
    "event_id": "1",
    "time": "2025-09-22 08:41:40.224831+00:00",
    "record_id": "2",
    "computer": "D",
    "channel": "M",
    "provider": "Microsoft-Windows-Sysmon",
    "data": {
      "RuleName": "InvDB-DriverVer",
      "EventType": "SetValue",
      "UtcTime": "2025-09-22 08:41:40.167",
      "ProcessGuid": "{3ba37a49-cbec-68d1-eb03-000000000000}",
      "ProcessId": "4",
      "Image": "System",
      "TargetObject": "HKLM\\System\\CurrentControlSet\\Control\\Class\\{71a27cdd-812a-11d0-bec7-08002be2092f}\\0006\\DriverVersion",
      "Details": "10.0.19041.1",
      "User": "NT AUTHORITY\\SYSTEM"
    }
  },
  {
    "event_id": "1",
    "time": "2025-09-22 08:41:40.463308+00:00",
    "record_id": "2",
    "computer": "D",
    "channel": "M",
    "provider": "Microsoft-Windows-Sysmon",
    "data": {
      "RuleName": "-",
      "UtcTime": "2025-09-22 08:41:40.435",
      "ProcessGuid": "{3ba37a49-0bc4-68d1-4a03-000000000100}",
      "ProcessId": "3816",
      "Image": "C:\\Windows\\System32\\drvinst.exe",
      "FileVersion": "10.0.19041.3758 (WinBuild.160101.0800)",
      "Description": "Driver Installation Module",
      "Product": "Microsoft® Windows® Operating System",
      "Company": "Microsoft Corporation",
      "OriginalFileName": "DrvInst.EXE",
      "CommandLine": "DrvInst.exe \"1\" \"0\" \"SWD\\WPDBUSENUM\\{7b54df2c-9802-11f0-ab29-f42679adc914}#0000000000100000\" \"\" \"\" \"464fd3a33\" \"0000000000000000\"",
      "CurrentDirectory": "C:\\Windows\\system32\\",
      "User": "NT AUTHORITY\\SYSTEM",
      "LogonGuid": "{3ba37a49-cbed-68d1-e703-000000000000}",
      "LogonId": "0x00000000000003e7",
      "TerminalSessionId": "0",
      "IntegrityLevel": "System",
      "Hashes": "MD5=A95CC296BFCC57D25BB55FD6F11F36FF,SHA256=8D24A6934B0B5ED94B1141EB08CB24E34054E266C0C244E12F64E60E19889993,IMPHASH=62C2FA4EBEAA94C1748CD66B06558AE1",
      "ParentProcessGuid": "{00000000-0000-0000-0000-000000000000}",
      "ParentProcessId": "1072",
      "ParentImage": "-",
      "ParentCommandLine": "-",
      "ParentUser": "-"
    }
  },
  {
    "event_id": "1",
    "time": "2025-09-22 08:41:41.343271+00:00",
    "record_id": "2",
    "computer": "D",
    "channel": "M",
    "provider": "Microsoft-Windows-Sysmon",
    "data": {
      "RuleName": "T1031,T1050",
      "EventType": "SetValue",
      "UtcTime": "2025-09-22 08:41:41.323",
      "ProcessGuid": "{3ba37a49-0bc4-68d1-4a03-000000000100}",
      "ProcessId": "3816",
      "Image": "C:\\Windows\\system32\\DrvInst.exe",
      "TargetObject": "HKLM\\SOFTWARE\\Microsoft\\Windows NT\\CurrentVersion\\WUDF\\Services\\WpdFs\\ImagePath",
      "Details": "C:\\Windows\\system32\\DRIVERS\\UMDF\\WpdFs.dll",
      "User": "NT AUTHORITY\\SYSTEM"
    }
  },
  {
    "event_id": "1",
    "time": "2025-09-22 08:41:41.428679+00:00",
    "record_id": "2",
    "computer": "D",
    "channel": "M",
    "provider": "Microsoft-Windows-Sysmon",
    "data": {
      "RuleName": "InvDB-DriverVer",
      "EventType": "SetValue",
      "UtcTime": "2025-09-22 08:41:41.401",
      "ProcessGuid": "{3ba37a49-0bc4-68d1-4a03-000000000100}",
      "ProcessId": "3816",
      "Image": "C:\\Windows\\system32\\DrvInst.exe",
      "TargetObject": "HKLM\\System\\CurrentControlSet\\Control\\Class\\{eec5ad98-8080-425f-922a-dabf3de3f69a}\\0002\\DriverVersion",
      "Details": "10.0.19041.3636",
      "User": "NT AUTHORITY\\SYSTEM"
    }
  },
