[
  {
    "event_id": "1",
    "time": "2025-09-22 08:08:43.637146+00:00",
    "record_id": "1",
    "computer": "D",
    "channel": "M",
    "provider": "Microsoft-Windows-Sysmon",
    "data": {
      "UtcTime": "2025-09-22 08:08:43.627",
      "Configuration": "C:\\Program Files\\Sysmon\\sysmonconfig-export.xml",
      "ConfigurationFileHash": "SHA256=055FEBC600E6D7448CDF3812307275912927A62B1F94D0D933B64B294BC87162"
    }
  },
  {
    "event_id": "1",
    "time": "2025-09-22 08:08:43.898537+00:00",
    "record_id": "3",
    "computer": "D",
    "channel": "M",
    "provider": "Microsoft-Windows-Sysmon",
    "data": {
      "RuleName": "-",
      "UtcTime": "2025-09-22 08:08:43.672",
      "ProcessGuid": "{3ba37a49-040b-68d1-aa02-000000000100}",
      "ProcessId": "4452",
      "Image": "C:\\Windows\\Sysmon64.exe",
      "FileVersion": "15.15",
      "Description": "System activity monitor",
      "Product": "Sysinternals Sysmon",
      "Company": "Sysinternals - www.sysinternals.com",
      "OriginalFileName": "-",
      "CommandLine": "C:\\Windows\\Sysmon64.exe",
      "CurrentDirectory": "C:\\Windows\\system32\\",
      "User": "NT AUTHORITY\\SYSTEM",
      "LogonGuid": "{3ba37a49-cbed-68d1-e703-000000000000}",
      "LogonId": "0x00000000000003e7",
      "TerminalSessionId": "0",
      "IntegrityLevel": "System",
      "Hashes": "MD5=7663C565BF28115506CB7EBD1DA389E0,SHA256=D9C8FDFDCE510FD9922DA3A1084B6AC4476C1407D1D8BBB67FC0A61988552771,IMPHASH=A039666F8D08DD16E0909469DA998438",
      "ParentProcessGuid": "{00000000-0000-0000-0000-000000000000}",
      "ParentProcessId": "812",
      "ParentImage": "-",
      "ParentCommandLine": "-",
      "ParentUser": "-"
    }
  },
  {
    "event_id": "1",
    "time": "2025-09-22 08:08:43.899202+00:00",
    "record_id": "4",
    "computer": "D",
    "channel": "M",
    "provider": "Microsoft-Windows-Sysmon",
    "data": {
      "RuleName": "-",
      "UtcTime": "2025-09-22 08:08:43.755",
      "ProcessGuid": "{3ba37a49-040b-68d1-ab02-000000000100}",
      "ProcessId": "9140",
      "Image": "C:\\Windows\\System32\\wbem\\unsecapp.exe",
      "FileVersion": "10.0.19041.3758 (WinBuild.160101.0800)",
      "Description": "Sink to receive asynchronous callbacks for WMI client application",
      "Product": "Microsoft® Windows® Operating System",
      "Company": "Microsoft Corporation",
      "OriginalFileName": "unsecapp.dll",
      "CommandLine": "C:\\Windows\\system32\\wbem\\unsecapp.exe -Embedding",
      "CurrentDirectory": "C:\\Windows\\system32\\",
      "User": "NT AUTHORITY\\SYSTEM",
      "LogonGuid": "{3ba37a49-cbed-68d1-e703-000000000000}",
      "LogonId": "0x00000000000003e7",
      "TerminalSessionId": "0",
      "IntegrityLevel": "System",
      "Hashes": "MD5=6A52BF4F5C32CAEE4B5BD84C970B2841,SHA256=E6AA98ECFBA5A27F6946A5C4169854A1791888C4AEE97578BA56563A6BF83C0C,IMPHASH=87E54E3D04D772F26002D8B564B2426C",
      "ParentProcessGuid": "{00000000-0000-0000-0000-000000000000}",
      "ParentProcessId": "960",
      "ParentImage": "-",
      "ParentCommandLine": "-",
      "ParentUser": "-"
    }
  },
  {
    "event_id": "1",
    "time": "2025-09-22 08:08:57.146946+00:00",
    "record_id": "5",
    "computer": "D",
    "channel": "M",
    "provider": "Microsoft-Windows-Sysmon",
    "data": {
      "RuleName": "-",
      "UtcTime": "2025-09-22 08:08:57.113",
      "ProcessGuid": "{3ba37a49-0419-68d1-ad02-000000000100}",
      "ProcessId": "7172",
      "Image": "C:\\Windows\\System32\\mmc.exe",
      "FileVersion": "10.0.19041.3758 (WinBuild.160101.0800)",
      "Description": "Microsoft Management Console",
      "Product": "Microsoft® Windows® Operating System",
      "Company": "Microsoft Corporation",
      "OriginalFileName": "mmc.exe",
      "CommandLine": "\"C:\\Windows\\system32\\mmc.exe\" \"C:\\Windows\\system32\\eventvwr.msc\" /s",
      "CurrentDirectory": "C:\\Windows\\system32\\",
      "User": "DESKTOP-GTOLFFJ\\client 1",
      "LogonGuid": "{3ba37a49-fd37-68d0-095b-290000000000}",
      "LogonId": "0x0000000000295b09",
      "TerminalSessionId": "2",
      "IntegrityLevel": "Medium",
      "Hashes": "MD5=268D768255CDF00BF1B0AB97F146D12A,SHA256=CEB418CB93957EAE0D4ECFC17455F9677452E752E02D60A9A80F0A48E0AD5AF4,IMPHASH=5AEF584EA4BCED674B66847FE9D61F23",
      "ParentProcessGuid": "{3ba37a49-fd39-68d0-2b01-000000000100}",
      "ParentProcessId": "4912",
      "ParentImage": "C:\\Windows\\explorer.exe",
      "ParentCommandLine": "C:\\Windows\\Explorer.EXE",
      "ParentUser": "DESKTOP-GTOLFFJ\\client 1"
    }
  },
  {
    "event_id": "1",
    "time": "2025-09-22 08:08:57.423307+00:00",
    "record_id": "6",
    "computer": "D",
    "channel": "M",
    "provider": "Microsoft-Windows-Sysmon",
    "data": {
      "RuleName": "-",
      "UtcTime": "2025-09-22 08:08:57.230",
      "ProcessGuid": "{3ba37a49-0419-68d1-ae02-000000000100}",
      "ProcessId": "4440",
      "Image": "C:\\Windows\\System32\\consent.exe",
      "FileVersion": "10.0.19041.3636 (WinBuild.160101.0800)",
      "Description": "Consent UI for administrative applications",
      "Product": "Microsoft® Windows® Operating System",
      "Company": "Microsoft Corporation",
      "OriginalFileName": "consent.exe",
      "CommandLine": "consent.exe 4812 426 000002034AA36740",
      "CurrentDirectory": "C:\\Windows\\system32\\",
      "User": "NT AUTHORITY\\SYSTEM",
      "LogonGuid": "{3ba37a49-cbed-68d1-e703-000000000000}",
      "LogonId": "0x00000000000003e7",
      "TerminalSessionId": "2",
      "IntegrityLevel": "System",
      "Hashes": "MD5=959461FE7E338B2BF1F75D6F860DAAE1,SHA256=BC1AC9C190C716778D80EF36AAE620F2B7B334D3776B628907581301ED97128C,IMPHASH=7001337914CFB426620F508E54CDF72F",
      "ParentProcessGuid": "{3ba37a49-fd40-68d0-3c01-000000000100}",
      "ParentProcessId": "4812",
      "ParentImage": "C:\\Windows\\System32\\svchost.exe",
      "ParentCommandLine": "C:\\Windows\\system32\\svchost.exe -k netsvcs -p -s Appinfo",
      "ParentUser": "NT AUTHORITY\\SYSTEM"
    }
  },
  {
    "event_id": "1",
    "time": "2025-09-22 08:08:57.548223+00:00",
    "record_id": "7",
    "computer": "D",
    "channel": "M",
    "provider": "Microsoft-Windows-Sysmon",
    "data": {
      "RuleName": "-",
      "UtcTime": "2025-09-22 08:08:57.541",
      "ProcessGuid": "{3ba37a49-0419-68d1-af02-000000000100}",
      "ProcessId": "8860",
      "Image": "C:\\Windows\\System32\\mmc.exe",
      "FileVersion": "10.0.19041.3758 (WinBuild.160101.0800)",
      "Description": "Microsoft Management Console",
      "Product": "Microsoft® Windows® Operating System",
      "Company": "Microsoft Corporation",
      "OriginalFileName": "mmc.exe",
      "CommandLine": "\"C:\\Windows\\system32\\mmc.exe\" \"C:\\Windows\\system32\\eventvwr.msc\" /s",
      "CurrentDirectory": "C:\\Windows\\system32\\",
      "User": "DESKTOP-GTOLFFJ\\client 1",
      "LogonGuid": "{3ba37a49-fd37-68d0-ec5a-290000000000}",
      "LogonId": "0x0000000000295aec",
      "TerminalSessionId": "2",
      "IntegrityLevel": "High",
      "Hashes": "MD5=268D768255CDF00BF1B0AB97F146D12A,SHA256=CEB418CB93957EAE0D4ECFC17455F9677452E752E02D60A9A80F0A48E0AD5AF4,IMPHASH=5AEF584EA4BCED674B66847FE9D61F23",
      "ParentProcessGuid": "{3ba37a49-fd39-68d0-2b01-000000000100}",
      "ParentProcessId": "4912",
      "ParentImage": "C:\\Windows\\explorer.exe",
      "ParentCommandLine": "C:\\Windows\\Explorer.EXE",
      "ParentUser": "DESKTOP-GTOLFFJ\\client 1"
    }
  },
  {
    "event_id": "1",
    "time": "2025-09-22 08:09:32.076048+00:00",
    "record_id": "9",
    "computer": "D",
    "channel": "M",
    "provider": "Microsoft-Windows-Sysmon",
    "data": {
      "RuleName": "-",
      "UtcTime": "2025-09-22 08:09:32.070",
      "ProcessGuid": "{3ba37a49-043c-68d1-b002-000000000100}",
      "ProcessId": "5204",
      "Image": "C:\\Windows\\servicing\\TrustedInstaller.exe",
      "FileVersion": "10.0.19041.3636 (WinBuild.160101.0800)",
      "Description": "Windows Modules Installer",
      "Product": "Microsoft® Windows® Operating System",
      "Company": "Microsoft Corporation",
      "OriginalFileName": "TrustedInstaller.exe",
      "CommandLine": "C:\\Windows\\servicing\\TrustedInstaller.exe",
      "CurrentDirectory": "C:\\Windows\\system32\\",
      "User": "NT AUTHORITY\\SYSTEM",
      "LogonGuid": "{3ba37a49-cbed-68d1-e703-000000000000}",
      "LogonId": "0x00000000000003e7",
      "TerminalSessionId": "0",
      "IntegrityLevel": "System",
      "Hashes": "MD5=CCD5B1323B66CCF68A8DF9B0A89CF1C0,SHA256=D6C9EAE7AEA81997D17DBFDB3218D18A1F3421A19C085E3CAB6A9F17919AAF07,IMPHASH=A36251F871E741F4ABE36BD6D61A9C01",
      "ParentProcessGuid": "{00000000-0000-0000-0000-000000000000}",
      "ParentProcessId": "812",
      "ParentImage": "-",
      "ParentCommandLine": "-",
      "ParentUser": "-"
    }
  },
  {
    "event_id": "1",
    "time": "2025-09-22 08:09:32.120888+00:00",
    "record_id": "1",
    "computer": "D",
    "channel": "M",
    "provider": "Microsoft-Windows-Sysmon",
    "data": {
      "RuleName": "-",
      "UtcTime": "2025-09-22 08:09:32.110",
      "ProcessGuid": "{3ba37a49-043c-68d1-b102-000000000100}",
      "ProcessId": "5692",
      "Image": "C:\\Windows\\WinSxS\\amd64_microsoft-windows-servicingstack_31bf3856ad364e35_10.0.19041.3745_none_7ded3f327ca60a41\\TiWorker.exe",
      "FileVersion": "10.0.19041.3745 (WinBuild.160101.0800)",
      "Description": "Windows Modules Installer Worker",
      "Product": "Microsoft® Windows® Operating System",
      "Company": "Microsoft Corporation",
      "OriginalFileName": "TiWorker.exe",
      "CommandLine": "C:\\Windows\\winsxs\\amd64_microsoft-windows-servicingstack_31bf3856ad364e35_10.0.19041.3745_none_7ded3f327ca60a41\\TiWorker.exe -Embedding",
      "CurrentDirectory": "C:\\Windows\\system32\\",
      "User": "NT AUTHORITY\\SYSTEM",
      "LogonGuid": "{3ba37a49-cbed-68d1-e703-000000000000}",
      "LogonId": "0x00000000000003e7",
      "TerminalSessionId": "0",
      "IntegrityLevel": "System",
      "Hashes": "MD5=6C9A7E436A9F8805EC6C7D0F67247AEC,SHA256=32375C229191BED9C301606AA7D3ABE6C8A368417DDDC82E59622957084AA942,IMPHASH=A85EB04C60D9F7AE6C25298B2A8FE3E9",
      "ParentProcessGuid": "{00000000-0000-0000-0000-000000000000}",
      "ParentProcessId": "960",
      "ParentImage": "-",
      "ParentCommandLine": "-",
      "ParentUser": "-"
    }
  },
  {
    "event_id": "1",
    "time": "2025-09-22 08:09:56.480579+00:00",
    "record_id": "1",
    "computer": "D",
    "channel": "M",
    "provider": "Microsoft-Windows-Sysmon",
    "data": {
      "RuleName": "-",
      "UtcTime": "2025-09-22 08:09:56.446",
      "ProcessGuid": "{3ba37a49-0454-68d1-b202-000000000100}",
      "ProcessId": "7436",
      "Image": "C:\\Windows\\System32\\cmd.exe",
      "FileVersion": "10.0.19041.3636 (WinBuild.160101.0800)",
      "Description": "Windows Command Processor",
      "Product": "Microsoft® Windows® Operating System",
      "Company": "Microsoft Corporation",
      "OriginalFileName": "Cmd.Exe",
      "CommandLine": "\"C:\\Windows\\system32\\cmd.exe\"",
      "CurrentDirectory": "C:\\Users\\client 1\\",
      "User": "DESKTOP-GTOLFFJ\\client 1",
      "LogonGuid": "{3ba37a49-fd37-68d0-095b-290000000000}",
      "LogonId": "0x0000000000295b09",
      "TerminalSessionId": "2",
      "IntegrityLevel": "Medium",
      "Hashes": "MD5=CB6CD09F6A25744A8FA6E4B3E4D260C5,SHA256=265B69033CEA7A9F8214A34CD9B17912909AF46C7A47395DD7BB893A24507E59,IMPHASH=272245E2988E1E430500B852C4FB5E18",
      "ParentProcessGuid": "{3ba37a49-fd39-68d0-2b01-000000000100}",
      "ParentProcessId": "4912",
      "ParentImage": "C:\\Windows\\explorer.exe",
      "ParentCommandLine": "C:\\Windows\\Explorer.EXE",
      "ParentUser": "DESKTOP-GTOLFFJ\\client 1"
    }
  },
  {
    "event_id": "1",
    "time": "2025-09-22 08:10:38.410242+00:00",
    "record_id": "1",
    "computer": "D",
    "channel": "M",
    "provider": "Microsoft-Windows-Sysmon",
    "data": {
      "RuleName": "-",
      "UtcTime": "2025-09-22 08:10:38.382",
      "ProcessGuid": "{3ba37a49-047e-68d1-b902-000000000100}",
      "ProcessId": "4776",
      "Image": "C:\\Windows\\System32\\MoUsoCoreWorker.exe",
      "FileVersion": "10.0.19041.3803 (WinBuild.160101.0800)",
      "Description": "MoUSO Core Worker Process",
      "Product": "Microsoft® Windows® Operating System",
      "Company": "Microsoft Corporation",
      "OriginalFileName": "MoUSOCoreWorker.exe",
      "CommandLine": "C:\\Windows\\System32\\mousocoreworker.exe -Embedding",
      "CurrentDirectory": "C:\\Windows\\system32\\",
      "User": "NT AUTHORITY\\SYSTEM",
      "LogonGuid": "{3ba37a49-cbed-68d1-e703-000000000000}",
      "LogonId": "0x00000000000003e7",
      "TerminalSessionId": "0",
      "IntegrityLevel": "System",
      "Hashes": "MD5=8B26C179551FE882853ED6E463B2ABA6,SHA256=AEEDB8980F13CE676D9EC597823ECB7B2675ABC43D41A4C5027451792B9ACB87,IMPHASH=8B1D4DC60AB313670A67A00DCC2297CD",
      "ParentProcessGuid": "{00000000-0000-0000-0000-000000000000}",
      "ParentProcessId": "960",
      "ParentImage": "-",
      "ParentCommandLine": "-",
      "ParentUser": "-"
    }
  },
  {
    "event_id": "1",
    "time": "2025-09-22 08:10:50.988510+00:00",
    "record_id": "1",
    "computer": "D",
    "channel": "M",
    "provider": "Microsoft-Windows-Sysmon",
    "data": {
      "RuleName": "-",
      "UtcTime": "2025-09-22 08:10:50.983",
      "ProcessGuid": "{3ba37a49-048a-68d1-bb02-000000000100}",
      "ProcessId": "8724",
      "Image": "C:\\Windows\\System32\\nslookup.exe",
      "FileVersion": "10.0.19041.1 (WinBuild.160101.0800)",
      "Description": "nslookup",
      "Product": "Microsoft® Windows® Operating System",
      "Company": "Microsoft Corporation",
      "OriginalFileName": "nslookup.exe",
      "CommandLine": "nslookup",
      "CurrentDirectory": "C:\\Users\\client 1\\",
      "User": "DESKTOP-GTOLFFJ\\client 1",
      "LogonGuid": "{3ba37a49-fd37-68d0-095b-290000000000}",
      "LogonId": "0x0000000000295b09",
      "TerminalSessionId": "2",
      "IntegrityLevel": "Medium",
      "Hashes": "MD5=F2E3950C1023ACF80765C918791999C0,SHA256=55AB032D256ADBE3FDE40CF90FE83BA5EAB591E04AD720161ED8E6EF059CA747,IMPHASH=2C6AC0BEC4117681BA25EAD3FABF0BA1",
      "ParentProcessGuid": "{3ba37a49-0454-68d1-b202-000000000100}",
      "ParentProcessId": "7436",
      "ParentImage": "C:\\Windows\\System32\\cmd.exe",
      "ParentCommandLine": "\"C:\\Windows\\system32\\cmd.exe\"",
      "ParentUser": "DESKTOP-GTOLFFJ\\client 1"
    }
  },
  {
    "event_id": "3",
    "time": "2025-09-22 08:10:52.035509+00:00",
    "record_id": "1",
    "computer": "D",
    "channel": "M",
    "provider": "Microsoft-Windows-Sysmon",
    "data": {
      "RuleName": "-",
      "UtcTime": "2025-09-22 08:10:50.998",
      "ProcessGuid": "{3ba37a49-048a-68d1-bb02-000000000100}",
      "ProcessId": "8724",
      "Image": "C:\\Windows\\System32\\nslookup.exe",
      "User": "DESKTOP-GTOLFFJ\\client 1",
      "Protocol": "udp",
      "Initiated": "True",
      "SourceIsIpv6": "False",
      "SourceIp": "192.168.220.141",
      "SourceHostname": "DESKTOP-GTOLFFJ.localdomain",
      "SourcePort": "64523",
      "SourcePortName": "-",
      "DestinationIsIpv6": "False",
      "DestinationIp": "192.168.220.2",
      "DestinationHostname": "-",
      "DestinationPort": "53",
      "DestinationPortName": "domain"
    }
  },
  {
    "event_id": "1",
    "time": "2025-09-22 08:12:08.998598+00:00",
    "record_id": "1",
    "computer": "D",
    "channel": "M",
    "provider": "Microsoft-Windows-Sysmon",
    "data": {
      "RuleName": "-",
      "UtcTime": "2025-09-22 08:12:08.981",
      "ProcessGuid": "{3ba37a49-04d8-68d1-c202-000000000100}",
      "ProcessId": "1812",
      "Image": "C:\\Program Files (x86)\\Microsoft\\Edge\\Application\\msedge.exe",
      "FileVersion": "140.0.3485.81",
      "Description": "Microsoft Edge",
      "Product": "Microsoft Edge",
      "Company": "Microsoft Corporation",
      "OriginalFileName": "msedge.exe",
      "CommandLine": "\"C:\\Program Files (x86)\\Microsoft\\Edge\\Application\\msedge.exe\" --type=utility --utility-sub-type=unzip.mojom.Unzipper --lang=en-US --service-sandbox-type=service --no-pre-read-main-dll --ram-no-pressure-read-main-dll --metrics-shmem-handle=6468,i,2521098978495146514,8462532370010971121,524288 --field-trial-handle=2528,i,7697915212337388755,10769669130442954102,262144 --variations-seed-version --mojo-platform-channel-handle=6944 /prefetch:8",
      "CurrentDirectory": "C:\\Program Files (x86)\\Microsoft\\Edge\\Application\\140.0.3485.81\\",
      "User": "DESKTOP-GTOLFFJ\\client 1",
      "LogonGuid": "{3ba37a49-fd37-68d0-095b-290000000000}",
      "LogonId": "0x0000000000295b09",
      "TerminalSessionId": "2",
      "IntegrityLevel": "Low",
      "Hashes": "MD5=1528CB9EF98D45785723BB69D9AB696F,SHA256=4A855A4DD286DADA7E700D325B1E25AA6DF43350125237C4276BF6C3A8452FCD,IMPHASH=9ACEBDFAC77931C2B0DFBBEA2D494BA9",
      "ParentProcessGuid": "{3ba37a49-fe7f-68d0-ea01-000000000100}",
      "ParentProcessId": "4976",
      "ParentImage": "C:\\Program Files (x86)\\Microsoft\\Edge\\Application\\msedge.exe",
      "ParentCommandLine": "\"C:\\Program Files (x86)\\Microsoft\\Edge\\Application\\msedge.exe\" --no-startup-window",
      "ParentUser": "DESKTOP-GTOLFFJ\\client 1"
    }
  },
  {
    "event_id": "1",
    "time": "2025-09-22 08:15:06.433332+00:00",
    "record_id": "2",
    "computer": "D",
    "channel": "M",
    "provider": "Microsoft-Windows-Sysmon",
    "data": {
      "RuleName": "-",
      "UtcTime": "2025-09-22 08:15:06.427",
      "ProcessGuid": "{3ba37a49-058a-68d1-c302-000000000100}",
      "ProcessId": "8536",
      "Image": "C:\\Windows\\System32\\svchost.exe",
      "FileVersion": "10.0.19041.3636 (WinBuild.160101.0800)",
      "Description": "Host Process for Windows Services",
      "Product": "Microsoft® Windows® Operating System",
      "Company": "Microsoft Corporation",
      "OriginalFileName": "svchost.exe",
      "CommandLine": "C:\\Windows\\system32\\svchost.exe -k netsvcs -p -s gpsvc",
      "CurrentDirectory": "C:\\Windows\\system32\\",
      "User": "NT AUTHORITY\\SYSTEM",
      "LogonGuid": "{3ba37a49-cbed-68d1-e703-000000000000}",
      "LogonId": "0x00000000000003e7",
      "TerminalSessionId": "0",
      "IntegrityLevel": "System",
      "Hashes": "MD5=145DCF6706EEEA5B066885EE17964C09,SHA256=F13DE58416730D210DAB465B242E9C949FB0A0245EEF45B07C381F0C6C8A43C3,IMPHASH=247B9220E5D9B720A82B2C8B5069AD69",
      "ParentProcessGuid": "{00000000-0000-0000-0000-000000000000}",
      "ParentProcessId": "812",
      "ParentImage": "-",
      "ParentCommandLine": "-",
      "ParentUser": "-"
    }
  },
  {
    "event_id": "1",
    "time": "2025-09-22 08:16:24.157473+00:00",
    "record_id": "2",
    "computer": "D",
    "channel": "M",
    "provider": "Microsoft-Windows-Sysmon",
    "data": {
      "RuleName": "-",
      "UtcTime": "2025-09-22 08:16:24.152",
      "ProcessGuid": "{3ba37a49-05d8-68d1-c502-000000000100}",
      "ProcessId": "5552",
      "Image": "C:\\Program Files (x86)\\Microsoft\\Edge\\Application\\msedge.exe",
      "FileVersion": "140.0.3485.81",
      "Description": "Microsoft Edge",
      "Product": "Microsoft Edge",
      "Company": "Microsoft Corporation",
      "OriginalFileName": "msedge.exe",
      "CommandLine": "\"C:\\Program Files (x86)\\Microsoft\\Edge\\Application\\msedge.exe\" --type=utility --utility-sub-type=unzip.mojom.Unzipper --lang=en-US --service-sandbox-type=service --no-pre-read-main-dll --ram-no-pressure-read-main-dll --metrics-shmem-handle=5828,i,12268356018301524485,16803502707644492104,524288 --field-trial-handle=2528,i,7697915212337388755,10769669130442954102,262144 --variations-seed-version --mojo-platform-channel-handle=4564 /prefetch:8",
      "CurrentDirectory": "C:\\Program Files (x86)\\Microsoft\\Edge\\Application\\140.0.3485.81\\",
      "User": "DESKTOP-GTOLFFJ\\client 1",
      "LogonGuid": "{3ba37a49-fd37-68d0-095b-290000000000}",
      "LogonId": "0x0000000000295b09",
      "TerminalSessionId": "2",
      "IntegrityLevel": "Low",
      "Hashes": "MD5=1528CB9EF98D45785723BB69D9AB696F,SHA256=4A855A4DD286DADA7E700D325B1E25AA6DF43350125237C4276BF6C3A8452FCD,IMPHASH=9ACEBDFAC77931C2B0DFBBEA2D494BA9",
      "ParentProcessGuid": "{3ba37a49-fe7f-68d0-ea01-000000000100}",
      "ParentProcessId": "4976",
      "ParentImage": "C:\\Program Files (x86)\\Microsoft\\Edge\\Application\\msedge.exe",
      "ParentCommandLine": "\"C:\\Program Files (x86)\\Microsoft\\Edge\\Application\\msedge.exe\" --no-startup-window",
      "ParentUser": "DESKTOP-GTOLFFJ\\client 1"
    }
  },
  {
    "event_id": "1",
    "time": "2025-09-22 08:20:55.726715+00:00",
    "record_id": "2",
    "computer": "D",
    "channel": "M",
    "provider": "Microsoft-Windows-Sysmon",
    "data": {
      "RuleName": "-",
      "UtcTime": "2025-09-22 08:20:55.717",
      "ProcessGuid": "{3ba37a49-06e7-68d1-d702-000000000100}",
      "ProcessId": "6616",
      "Image": "C:\\Program Files (x86)\\Microsoft\\Edge\\Application\\msedge.exe",
      "FileVersion": "140.0.3485.81",
      "Description": "Microsoft Edge",
      "Product": "Microsoft Edge",
      "Company": "Microsoft Corporation",
      "OriginalFileName": "msedge.exe",
      "CommandLine": "\"C:\\Program Files (x86)\\Microsoft\\Edge\\Application\\msedge.exe\" --type=utility --utility-sub-type=unzip.mojom.Unzipper --lang=en-US --service-sandbox-type=service --no-pre-read-main-dll --ram-no-pressure-read-main-dll --metrics-shmem-handle=3860,i,17260277320140220845,6042307641582929283,524288 --field-trial-handle=2528,i,7697915212337388755,10769669130442954102,262144 --variations-seed-version --mojo-platform-channel-handle=7672 /prefetch:8",
      "CurrentDirectory": "C:\\Program Files (x86)\\Microsoft\\Edge\\Application\\140.0.3485.81\\",
      "User": "DESKTOP-GTOLFFJ\\client 1",
      "LogonGuid": "{3ba37a49-fd37-68d0-095b-290000000000}",
      "LogonId": "0x0000000000295b09",
      "TerminalSessionId": "2",
      "IntegrityLevel": "Low",
      "Hashes": "MD5=1528CB9EF98D45785723BB69D9AB696F,SHA256=4A855A4DD286DADA7E700D325B1E25AA6DF43350125237C4276BF6C3A8452FCD,IMPHASH=9ACEBDFAC77931C2B0DFBBEA2D494BA9",
      "ParentProcessGuid": "{3ba37a49-fe7f-68d0-ea01-000000000100}",
      "ParentProcessId": "4976",
      "ParentImage": "C:\\Program Files (x86)\\Microsoft\\Edge\\Application\\msedge.exe",
      "ParentCommandLine": "\"C:\\Program Files (x86)\\Microsoft\\Edge\\Application\\msedge.exe\" --no-startup-window",
      "ParentUser": "DESKTOP-GTOLFFJ\\client 1"
    }
  },
  {
    "event_id": "1",
    "time": "2025-09-22 08:20:56.072138+00:00",
    "record_id": "2",
    "computer": "D",
    "channel": "M",
    "provider": "Microsoft-Windows-Sysmon",
    "data": {
      "RuleName": "DLL",
      "UtcTime": "2025-09-22 08:20:56.066",
      "ProcessGuid": "{3ba37a49-fe7f-68d0-ea01-000000000100}",
      "ProcessId": "4976",
      "Image": "C:\\Program Files (x86)\\Microsoft\\Edge\\Application\\msedge.exe",
      "TargetFilename": "C:\\Users\\CLIENT~1\\AppData\\Local\\Temp\\chrome_Unpacker_BeginUnzipping4976_168705415\\well_known_domains.dll",
      "CreationUtcTime": "2025-09-22 08:20:56.066",
      "User": "DESKTOP-GTOLFFJ\\client 1"
    }
  },
  {
    "event_id": "1",
    "time": "2025-09-22 08:24:08.165503+00:00",
    "record_id": "2",
    "computer": "D",
    "channel": "M",
    "provider": "Microsoft-Windows-Sysmon",
    "data": {
      "RuleName": "-",
      "UtcTime": "2025-09-22 08:24:08.157",
      "ProcessGuid": "{3ba37a49-07a8-68d1-d802-000000000100}",
      "ProcessId": "8960",
      "Image": "C:\\Windows\\System32\\wevtutil.exe",
      "FileVersion": "10.0.19041.3636 (WinBuild.160101.0800)",
      "Description": "Eventing Command Line Utility",
      "Product": "Microsoft® Windows® Operating System",
      "Company": "Microsoft Corporation",
      "OriginalFileName": "wevtutil.exe",
      "CommandLine": "wevtutil  epl Microsoft-Windows-Symon/Operational sysmon_logs.evtx",
      "CurrentDirectory": "C:\\Users\\client 1\\",
      "User": "DESKTOP-GTOLFFJ\\client 1",
      "LogonGuid": "{3ba37a49-fd37-68d0-095b-290000000000}",
      "LogonId": "0x0000000000295b09",
      "TerminalSessionId": "2",
      "IntegrityLevel": "Medium",
      "Hashes": "MD5=1F970DDF2061B33C148E72604D2170FB,SHA256=5293A95BE8F320A3AF6D8C1D5E937F13D0EE2925B9B13538487DEC0181EF5432,IMPHASH=D3310B6271278C48FE7AE9F4AD5259B6",
      "ParentProcessGuid": "{3ba37a49-0454-68d1-b202-000000000100}",
      "ParentProcessId": "7436",
      "ParentImage": "C:\\Windows\\System32\\cmd.exe",
      "ParentCommandLine": "\"C:\\Windows\\system32\\cmd.exe\"",
      "ParentUser": "DESKTOP-GTOLFFJ\\client 1"
    }
  },
  {
    "event_id": "1",
    "time": "2025-09-22 08:24:44.824858+00:00",
    "record_id": "3",
    "computer": "D",
    "channel": "M",
    "provider": "Microsoft-Windows-Sysmon",
    "data": {
      "RuleName": "-",
      "UtcTime": "2025-09-22 08:24:44.821",
      "ProcessGuid": "{3ba37a49-07cc-68d1-d902-000000000100}",
      "ProcessId": "5372",
      "Image": "C:\\Windows\\System32\\wevtutil.exe",
      "FileVersion": "10.0.19041.3636 (WinBuild.160101.0800)",
      "Description": "Eventing Command Line Utility",
      "Product": "Microsoft® Windows® Operating System",
      "Company": "Microsoft Corporation",
      "OriginalFileName": "wevtutil.exe",
      "CommandLine": "wevtutil  epl Microsoft-Windows-Symon/Operational sysmon_logs.evtx",
      "CurrentDirectory": "C:\\Users\\client 1\\",
      "User": "DESKTOP-GTOLFFJ\\client 1",
      "LogonGuid": "{3ba37a49-fd37-68d0-095b-290000000000}",
      "LogonId": "0x0000000000295b09",
      "TerminalSessionId": "2",
      "IntegrityLevel": "Medium",
      "Hashes": "MD5=1F970DDF2061B33C148E72604D2170FB,SHA256=5293A95BE8F320A3AF6D8C1D5E937F13D0EE2925B9B13538487DEC0181EF5432,IMPHASH=D3310B6271278C48FE7AE9F4AD5259B6",
      "ParentProcessGuid": "{3ba37a49-0454-68d1-b202-000000000100}",
      "ParentProcessId": "7436",
      "ParentImage": "C:\\Windows\\System32\\cmd.exe",
      "ParentCommandLine": "\"C:\\Windows\\system32\\cmd.exe\"",
      "ParentUser": "DESKTOP-GTOLFFJ\\client 1"
    }
  },
  {
    "event_id": "1",
    "time": "2025-09-22 08:25:44.201195+00:00",
    "record_id": "3",
    "computer": "D",
    "channel": "M",
    "provider": "Microsoft-Windows-Sysmon",
    "data": {
      "RuleName": "-",
      "UtcTime": "2025-09-22 08:25:44.195",
      "ProcessGuid": "{3ba37a49-0808-68d1-dc02-000000000100}",
      "ProcessId": "2088",
      "Image": "C:\\Program Files (x86)\\Microsoft\\Edge\\Application\\msedge.exe",
      "FileVersion": "140.0.3485.81",
      "Description": "Microsoft Edge",
      "Product": "Microsoft Edge",
      "Company": "Microsoft Corporation",
      "OriginalFileName": "msedge.exe",
      "CommandLine": "\"C:\\Program Files (x86)\\Microsoft\\Edge\\Application\\msedge.exe\" --type=utility --utility-sub-type=unzip.mojom.Unzipper --lang=en-US --service-sandbox-type=service --no-pre-read-main-dll --ram-no-pressure-read-main-dll --metrics-shmem-handle=5804,i,4340589116288495437,11120808926369020102,524288 --field-trial-handle=2528,i,7697915212337388755,10769669130442954102,262144 --variations-seed-version --mojo-platform-channel-handle=6788 /prefetch:8",
      "CurrentDirectory": "C:\\Program Files (x86)\\Microsoft\\Edge\\Application\\140.0.3485.81\\",
      "User": "DESKTOP-GTOLFFJ\\client 1",
      "LogonGuid": "{3ba37a49-fd37-68d0-095b-290000000000}",
      "LogonId": "0x0000000000295b09",
      "TerminalSessionId": "2",
      "IntegrityLevel": "Low",
      "Hashes": "MD5=1528CB9EF98D45785723BB69D9AB696F,SHA256=4A855A4DD286DADA7E700D325B1E25AA6DF43350125237C4276BF6C3A8452FCD,IMPHASH=9ACEBDFAC77931C2B0DFBBEA2D494BA9",
      "ParentProcessGuid": "{3ba37a49-fe7f-68d0-ea01-000000000100}",
      "ParentProcessId": "4976",
      "ParentImage": "C:\\Program Files (x86)\\Microsoft\\Edge\\Application\\msedge.exe",
      "ParentCommandLine": "\"C:\\Program Files (x86)\\Microsoft\\Edge\\Application\\msedge.exe\" --no-startup-window",
      "ParentUser": "DESKTOP-GTOLFFJ\\client 1"
    }
  },
  {
    "event_id": "1",
    "time": "2025-09-22 08:26:37.438995+00:00",
    "record_id": "3",
    "computer": "D",
    "channel": "M",
    "provider": "Microsoft-Windows-Sysmon",
    "data": {
      "RuleName": "-",
      "UtcTime": "2025-09-22 08:26:37.422",
      "ProcessGuid": "{3ba37a49-083d-68d1-e502-000000000100}",
      "ProcessId": "5176",
      "Image": "C:\\Windows\\System32\\smartscreen.exe",
      "FileVersion": "10.0.19041.3636 (WinBuild.160101.0800)",
      "Description": "Windows Defender SmartScreen",
      "Product": "Microsoft® Windows® Operating System",
      "Company": "Microsoft Corporation",
      "OriginalFileName": "smartscreen.exe",
      "CommandLine": "C:\\Windows\\System32\\smartscreen.exe -Embedding",
      "CurrentDirectory": "C:\\Windows\\system32\\",
      "User": "DESKTOP-GTOLFFJ\\client 1",
      "LogonGuid": "{3ba37a49-fd37-68d0-095b-290000000000}",
      "LogonId": "0x0000000000295b09",
      "TerminalSessionId": "2",
      "IntegrityLevel": "Medium",
      "Hashes": "MD5=FCEF02A990181FF75D901624C992ACA8,SHA256=AB8D788E0116C9216FCA7E9F40D014E7AE2FE64123FCC81FA98AB2BCC7946B3A,IMPHASH=CE3B5F238DD7A7EBC8F28D4250477A41",
      "ParentProcessGuid": "{00000000-0000-0000-0000-000000000000}",
      "ParentProcessId": "960",
      "ParentImage": "-",
      "ParentCommandLine": "-",
      "ParentUser": "-"
    }
  },
  {
    "event_id": "1",
    "time": "2025-09-22 08:26:37.631552+00:00",
    "record_id": "3",
    "computer": "D",
    "channel": "M",
    "provider": "Microsoft-Windows-Sysmon",
    "data": {
      "RuleName": "-",
      "UtcTime": "2025-09-22 08:26:37.626",
      "ProcessGuid": "{3ba37a49-083d-68d1-e602-000000000100}",
      "ProcessId": "3180",
      "Image": "C:\\Windows\\System32\\eventvwr.exe",
      "FileVersion": "10.0.19041.1 (WinBuild.160101.0800)",
      "Description": "Event Viewer Snapin Launcher",
      "Product": "Microsoft® Windows® Operating System",
      "Company": "Microsoft Corporation",
      "OriginalFileName": "eventvwr.exe",
      "CommandLine": "\"C:\\Windows\\system32\\eventvwr.exe\" /l:\"C:\\Users\\client 1\\Documents\\sysmon_logs.evtx\"",
      "CurrentDirectory": "C:\\Users\\client 1\\Documents\\",
      "User": "DESKTOP-GTOLFFJ\\client 1",
      "LogonGuid": "{3ba37a49-fd37-68d0-095b-290000000000}",
      "LogonId": "0x0000000000295b09",
      "TerminalSessionId": "2",
      "IntegrityLevel": "Medium",
      "Hashes": "MD5=3A8EBEB41000296D44EDDF39A505F7E0,SHA256=BE0D401C8B42024B0918394FAA0AA6B494EA537B3C6C2C62C3D9064929F6245B,IMPHASH=5843AE9886BB500E05E07EE59BB5AD42",
      "ParentProcessGuid": "{3ba37a49-fd39-68d0-2b01-000000000100}",
      "ParentProcessId": "4912",
      "ParentImage": "C:\\Windows\\explorer.exe",
      "ParentCommandLine": "C:\\Windows\\Explorer.EXE",
      "ParentUser": "DESKTOP-GTOLFFJ\\client 1"
    }
  },
  {
    "event_id": "1",
    "time": "2025-09-22 08:26:37.699461+00:00",
    "record_id": "3",
    "computer": "D",
    "channel": "M",
    "provider": "Microsoft-Windows-Sysmon",
    "data": {
      "RuleName": "-",
      "UtcTime": "2025-09-22 08:26:37.644",
      "ProcessGuid": "{3ba37a49-083d-68d1-e702-000000000100}",
      "ProcessId": "8384",
      "Image": "C:\\Windows\\System32\\consent.exe",
      "FileVersion": "10.0.19041.3636 (WinBuild.160101.0800)",
      "Description": "Consent UI for administrative applications",
      "Product": "Microsoft® Windows® Operating System",
      "Company": "Microsoft Corporation",
      "OriginalFileName": "consent.exe",
      "CommandLine": "consent.exe 4812 416 000002034AA51C80",
      "CurrentDirectory": "C:\\Windows\\system32\\",
      "User": "NT AUTHORITY\\SYSTEM",
      "LogonGuid": "{3ba37a49-cbed-68d1-e703-000000000000}",
      "LogonId": "0x00000000000003e7",
      "TerminalSessionId": "2",
      "IntegrityLevel": "System",
      "Hashes": "MD5=959461FE7E338B2BF1F75D6F860DAAE1,SHA256=BC1AC9C190C716778D80EF36AAE620F2B7B334D3776B628907581301ED97128C,IMPHASH=7001337914CFB426620F508E54CDF72F",
      "ParentProcessGuid": "{3ba37a49-fd40-68d0-3c01-000000000100}",
      "ParentProcessId": "4812",
      "ParentImage": "C:\\Windows\\System32\\svchost.exe",
      "ParentCommandLine": "C:\\Windows\\system32\\svchost.exe -k netsvcs -p -s Appinfo",
      "ParentUser": "NT AUTHORITY\\SYSTEM"
    }
  },
  {
    "event_id": "1",
    "time": "2025-09-22 08:26:38.141768+00:00",
    "record_id": "3",
    "computer": "D",
    "channel": "M",
    "provider": "Microsoft-Windows-Sysmon",
    "data": {
      "RuleName": "-",
      "UtcTime": "2025-09-22 08:26:38.064",
      "ProcessGuid": "{3ba37a49-083e-68d1-e802-000000000100}",
      "ProcessId": "4512",
      "Image": "C:\\Windows\\System32\\eventvwr.exe",
      "FileVersion": "10.0.19041.1 (WinBuild.160101.0800)",
      "Description": "Event Viewer Snapin Launcher",
      "Product": "Microsoft® Windows® Operating System",
      "Company": "Microsoft Corporation",
      "OriginalFileName": "eventvwr.exe",
      "CommandLine": "\"C:\\Windows\\system32\\eventvwr.exe\" /l:\"C:\\Users\\client 1\\Documents\\sysmon_logs.evtx\"",
      "CurrentDirectory": "C:\\Windows\\system32\\",
      "User": "DESKTOP-GTOLFFJ\\client 1",
      "LogonGuid": "{3ba37a49-fd37-68d0-ec5a-290000000000}",
      "LogonId": "0x0000000000295aec",
      "TerminalSessionId": "2",
      "IntegrityLevel": "High",
      "Hashes": "MD5=3A8EBEB41000296D44EDDF39A505F7E0,SHA256=BE0D401C8B42024B0918394FAA0AA6B494EA537B3C6C2C62C3D9064929F6245B,IMPHASH=5843AE9886BB500E05E07EE59BB5AD42",
      "ParentProcessGuid": "{3ba37a49-fd39-68d0-2b01-000000000100}",
      "ParentProcessId": "4912",
      "ParentImage": "C:\\Windows\\explorer.exe",
      "ParentCommandLine": "C:\\Windows\\Explorer.EXE",
      "ParentUser": "DESKTOP-GTOLFFJ\\client 1"
    }
  },
  {
    "event_id": "1",
    "time": "2025-09-22 08:26:38.309021+00:00",
    "record_id": "3",
    "computer": "D",
    "channel": "M",
    "provider": "Microsoft-Windows-Sysmon",
    "data": {
      "RuleName": "-",
      "UtcTime": "2025-09-22 08:26:38.290",
      "ProcessGuid": "{3ba37a49-083e-68d1-e902-000000000100}",
      "ProcessId": "7260",
      "Image": "C:\\Windows\\System32\\mmc.exe",
      "FileVersion": "10.0.19041.3758 (WinBuild.160101.0800)",
      "Description": "Microsoft Management Console",
      "Product": "Microsoft® Windows® Operating System",
      "Company": "Microsoft Corporation",
      "OriginalFileName": "mmc.exe",
      "CommandLine": "\"C:\\Windows\\system32\\mmc.exe\" \"C:\\Windows\\system32\\eventvwr.msc\" /l:\"C:\\Users\\client 1\\Documents\\sysmon_logs.evtx\"",
      "CurrentDirectory": "C:\\Windows\\system32\\",
      "User": "DESKTOP-GTOLFFJ\\client 1",
      "LogonGuid": "{3ba37a49-fd37-68d0-ec5a-290000000000}",
      "LogonId": "0x0000000000295aec",
      "TerminalSessionId": "2",
      "IntegrityLevel": "High",
      "Hashes": "MD5=268D768255CDF00BF1B0AB97F146D12A,SHA256=CEB418CB93957EAE0D4ECFC17455F9677452E752E02D60A9A80F0A48E0AD5AF4,IMPHASH=5AEF584EA4BCED674B66847FE9D61F23",
      "ParentProcessGuid": "{3ba37a49-083e-68d1-e802-000000000100}",
      "ParentProcessId": "4512",
      "ParentImage": "C:\\Windows\\System32\\eventvwr.exe",
      "ParentCommandLine": "\"C:\\Windows\\system32\\eventvwr.exe\" /l:\"C:\\Users\\client 1\\Documents\\sysmon_logs.evtx\"",
      "ParentUser": "DESKTOP-GTOLFFJ\\client 1"
    }
  },
  {
    "event_id": "1",
    "time": "2025-09-22 08:27:07.287106+00:00",
    "record_id": "3",
    "computer": "D",
    "channel": "M",
    "provider": "Microsoft-Windows-Sysmon",
    "data": {
      "RuleName": "-",
      "UtcTime": "2025-09-22 08:27:07.255",
      "ProcessGuid": "{3ba37a49-085b-68d1-ea02-000000000100}",
      "ProcessId": "4368",
      "Image": "C:\\Windows\\System32\\svchost.exe",
      "FileVersion": "10.0.19041.3636 (WinBuild.160101.0800)",
      "Description": "Host Process for Windows Services",
      "Product": "Microsoft® Windows® Operating System",
      "Company": "Microsoft Corporation",
      "OriginalFileName": "svchost.exe",
      "CommandLine": "C:\\Windows\\system32\\svchost.exe -k netsvcs -p -s DsmSvc",
      "CurrentDirectory": "C:\\Windows\\system32\\",
      "User": "NT AUTHORITY\\SYSTEM",
      "LogonGuid": "{3ba37a49-cbed-68d1-e703-000000000000}",
      "LogonId": "0x00000000000003e7",
      "TerminalSessionId": "0",
      "IntegrityLevel": "System",
      "Hashes": "MD5=145DCF6706EEEA5B066885EE17964C09,SHA256=F13DE58416730D210DAB465B242E9C949FB0A0245EEF45B07C381F0C6C8A43C3,IMPHASH=247B9220E5D9B720A82B2C8B5069AD69",
      "ParentProcessGuid": "{00000000-0000-0000-0000-000000000000}",
      "ParentProcessId": "812",
      "ParentImage": "-",
      "ParentCommandLine": "-",
      "ParentUser": "-"
    }
  },
  {
    "event_id": "1",
    "time": "2025-09-22 08:27:07.311539+00:00",
    "record_id": "3",
    "computer": "D",
    "channel": "M",
    "provider": "Microsoft-Windows-Sysmon",
    "data": {
      "RuleName": "InvDB-DriverVer",
      "EventType": "SetValue",
      "UtcTime": "2025-09-22 08:27:07.280",
      "ProcessGuid": "{3ba37a49-cbec-68d1-eb03-000000000000}",
      "ProcessId": "4",
      "Image": "System",
      "TargetObject": "HKLM\\System\\CurrentControlSet\\Control\\Class\\{36fc9e60-c465-11cf-8056-444553540000}\\0008\\DriverVersion",
      "Details": "10.0.19041.3636",
      "User": "NT AUTHORITY\\SYSTEM"
    }
  },
  {
    "event_id": "1",
    "time": "2025-09-22 08:27:07.491152+00:00",
    "record_id": "3",
    "computer": "D",
    "channel": "M",
    "provider": "Microsoft-Windows-Sysmon",
    "data": {
      "RuleName": "InvDB-DriverVer",
      "EventType": "SetValue",
      "UtcTime": "2025-09-22 08:27:07.453",
      "ProcessGuid": "{3ba37a49-cbec-68d1-eb03-000000000000}",
      "ProcessId": "4",
      "Image": "System",
      "TargetObject": "HKLM\\System\\CurrentControlSet\\Control\\Class\\{4d36e967-e325-11ce-bfc1-08002be10318}\\0001\\DriverVersion",
      "Details": "10.0.19041.3636",
      "User": "NT AUTHORITY\\SYSTEM"
    }
  },
  {
    "event_id": "1",
    "time": "2025-09-22 08:27:07.492083+00:00",
    "record_id": "4",
    "computer": "D",
    "channel": "M",
    "provider": "Microsoft-Windows-Sysmon",
    "data": {
      "RuleName": "Context,DeviceConnectedOrUpdated",
      "EventType": "SetValue",
      "UtcTime": "2025-09-22 08:27:07.453",
      "ProcessGuid": "{3ba37a49-cbec-68d1-eb03-000000000000}",
      "ProcessId": "4",
      "Image": "System",
      "TargetObject": "HKLM\\System\\CurrentControlSet\\Enum\\USBSTOR\\Disk&Ven_SAGE&Prod_3639S_sage&Rev_0058\\___ESUA-SSUS-1232D27&0\\FriendlyName",
      "Details": "SAGE 3639S sage USB Device",
      "User": "NT AUTHORITY\\SYSTEM"
    }
  },
  {
    "event_id": "1",
    "time": "2025-09-22 08:27:07.851618+00:00",
    "record_id": "4",
    "computer": "D",
    "channel": "M",
    "provider": "Microsoft-Windows-Sysmon",
    "data": {
      "RuleName": "InvDB-DriverVer",
      "EventType": "SetValue",
      "UtcTime": "2025-09-22 08:27:07.821",
      "ProcessGuid": "{3ba37a49-cbec-68d1-eb03-000000000000}",
      "ProcessId": "4",
      "Image": "System",
      "TargetObject": "HKLM\\System\\CurrentControlSet\\Control\\Class\\{36fc9e60-c465-11cf-8056-444553540000}\\0009\\DriverVersion",
      "Details": "10.0.19041.3803",
      "User": "NT AUTHORITY\\SYSTEM"
    }
  },
  {
    "event_id": "1",
    "time": "2025-09-22 08:27:07.854900+00:00",
    "record_id": "4",
    "computer": "D",
    "channel": "M",
    "provider": "Microsoft-Windows-Sysmon",
    "data": {
      "RuleName": "InvDB-DriverVer",
      "EventType": "SetValue",
      "UtcTime": "2025-09-22 08:27:07.830",
      "ProcessGuid": "{3ba37a49-cbec-68d1-eb03-000000000000}",
      "ProcessId": "4",
      "Image": "System",
      "TargetObject": "HKLM\\System\\CurrentControlSet\\Control\\Class\\{36fc9e60-c465-11cf-8056-444553540000}\\0010\\DriverVersion",
      "Details": "10.0.19041.3803",
      "User": "NT AUTHORITY\\SYSTEM"
    }
  },
  {
    "event_id": "1",
    "time": "2025-09-22 08:27:08.470308+00:00",
    "record_id": "4",
    "computer": "D",
    "channel": "M",
    "provider": "Microsoft-Windows-Sysmon",
    "data": {
      "RuleName": "InvDB-DriverVer",
      "EventType": "SetValue",
      "UtcTime": "2025-09-22 08:27:08.448",
      "ProcessGuid": "{3ba37a49-cbec-68d1-eb03-000000000000}",
      "ProcessId": "4",
      "Image": "System",
      "TargetObject": "HKLM\\System\\CurrentControlSet\\Control\\Class\\{71a27cdd-812a-11d0-bec7-08002be2092f}\\0004\\DriverVersion",
      "Details": "10.0.19041.1",
      "User": "NT AUTHORITY\\SYSTEM"
    }
  },
  {
    "event_id": "1",
    "time": "2025-09-22 08:27:08.672270+00:00",
    "record_id": "4",
    "computer": "D",
    "channel": "M",
    "provider": "Microsoft-Windows-Sysmon",
    "data": {
      "RuleName": "-",
      "UtcTime": "2025-09-22 08:27:08.652",
      "ProcessGuid": "{3ba37a49-085c-68d1-ec02-000000000100}",
      "ProcessId": "8212",
      "Image": "C:\\Windows\\System32\\drvinst.exe",
      "FileVersion": "10.0.19041.3758 (WinBuild.160101.0800)",
      "Description": "Driver Installation Module",
      "Product": "Microsoft® Windows® Operating System",
      "Company": "Microsoft Corporation",
      "OriginalFileName": "DrvInst.EXE",
      "CommandLine": "DrvInst.exe \"1\" \"0\" \"SWD\\WPDBUSENUM\\{7b54de8f-9802-11f0-ab29-f42679adc914}#0000000000100000\" \"\" \"\" \"44e81ec97\" \"0000000000000000\"",
      "CurrentDirectory": "C:\\Windows\\system32\\",
      "User": "NT AUTHORITY\\SYSTEM",
      "LogonGuid": "{3ba37a49-cbed-68d1-e703-000000000000}",
      "LogonId": "0x00000000000003e7",
      "TerminalSessionId": "0",
      "IntegrityLevel": "System",
      "Hashes": "MD5=A95CC296BFCC57D25BB55FD6F11F36FF,SHA256=8D24A6934B0B5ED94B1141EB08CB24E34054E266C0C244E12F64E60E19889993,IMPHASH=62C2FA4EBEAA94C1748CD66B06558AE1",
      "ParentProcessGuid": "{00000000-0000-0000-0000-000000000000}",
      "ParentProcessId": "1072",
      "ParentImage": "-",
      "ParentCommandLine": "-",
      "ParentUser": "-"
    }
  },
  {
    "event_id": "1",
    "time": "2025-09-22 08:27:08.747845+00:00",
    "record_id": "4",
    "computer": "D",
    "channel": "M",
    "provider": "Microsoft-Windows-Sysmon",
    "data": {
      "RuleName": "-",
      "UtcTime": "2025-09-22 08:27:08.745",
      "ProcessGuid": "{3ba37a49-085c-68d1-ec02-000000000100}",
      "ProcessId": "8212",
      "Image": "C:\\Windows\\system32\\DrvInst.exe",
      "TargetFilename": "C:\\Windows\\System32\\DriverStore\\FileRepository\\wpdfs.inf_amd64_b8c9b6d9bf8b81b7\\wpdfs.PNF",
      "CreationUtcTime": "2025-09-22 08:27:08.745",
      "User": "NT AUTHORITY\\SYSTEM"
    }
  },
  {
    "event_id": "1",
    "time": "2025-09-22 08:27:08.892269+00:00",
    "record_id": "4",
    "computer": "D",
    "channel": "M",
    "provider": "Microsoft-Windows-Sysmon",
    "data": {
      "RuleName": "T1031,T1050",
      "EventType": "SetValue",
      "UtcTime": "2025-09-22 08:27:08.884",
      "ProcessGuid": "{3ba37a49-085c-68d1-ec02-000000000100}",
      "ProcessId": "8212",
      "Image": "C:\\Windows\\system32\\DrvInst.exe",
      "TargetObject": "HKLM\\SOFTWARE\\Microsoft\\Windows NT\\CurrentVersion\\WUDF\\Services\\WpdFs\\ImagePath",
      "Details": "C:\\Windows\\system32\\DRIVERS\\UMDF\\WpdFs.dll",
      "User": "NT AUTHORITY\\SYSTEM"
    }
  },
  {
    "event_id": "1",
    "time": "2025-09-22 08:27:08.917593+00:00",
    "record_id": "4",
    "computer": "D",
    "channel": "M",
    "provider": "Microsoft-Windows-Sysmon",
    "data": {
      "RuleName": "InvDB-DriverVer",
      "EventType": "SetValue",
      "UtcTime": "2025-09-22 08:27:08.911",
      "ProcessGuid": "{3ba37a49-085c-68d1-ec02-000000000100}",
      "ProcessId": "8212",
      "Image": "C:\\Windows\\system32\\DrvInst.exe",
      "TargetObject": "HKLM\\System\\CurrentControlSet\\Control\\Class\\{eec5ad98-8080-425f-922a-dabf3de3f69a}\\0000\\DriverVersion",
      "Details": "10.0.19041.3636",
      "User": "NT AUTHORITY\\SYSTEM"
    }
  },
  {
    "event_id": "1",
    "time": "2025-09-22 08:27:08.961416+00:00",
    "record_id": "4",
    "computer": "D",
    "channel": "M",
    "provider": "Microsoft-Windows-Sysmon",
    "data": {
      "RuleName": "T1031,T1050",
      "EventType": "SetValue",
      "UtcTime": "2025-09-22 08:27:08.955",
      "ProcessGuid": "{3ba37a49-cbed-68d1-0b00-000000000100}",
      "ProcessId": "812",
      "Image": "C:\\Windows\\system32\\services.exe",
      "TargetObject": "HKLM\\System\\CurrentControlSet\\Services\\WUDFWpdFs\\Start",
      "Details": "DWORD (0x00000003)",
      "User": "NT AUTHORITY\\SYSTEM"
    }
  },
  {
    "event_id": "1",
    "time": "2025-09-22 08:27:08.961561+00:00",
    "record_id": "4",
    "computer": "D",
    "channel": "M",
    "provider": "Microsoft-Windows-Sysmon",
    "data": {
      "RuleName": "T1031,T1050",
      "EventType": "SetValue",
      "UtcTime": "2025-09-22 08:27:08.955",
      "ProcessGuid": "{3ba37a49-cbed-68d1-0b00-000000000100}",
      "ProcessId": "812",
      "Image": "C:\\Windows\\system32\\services.exe",
      "TargetObject": "HKLM\\System\\CurrentControlSet\\Services\\WUDFWpdFs\\ImagePath",
      "Details": "\\SystemRoot\\system32\\DRIVERS\\WUDFRd.sys",
      "User": "NT AUTHORITY\\SYSTEM"
    }
  },
  {
    "event_id": "1",
    "time": "2025-09-22 08:27:09.183016+00:00",
    "record_id": "5",
    "computer": "D",
    "channel": "M",
    "provider": "Microsoft-Windows-Sysmon",
    "data": {
      "RuleName": "-",
      "UtcTime": "2025-09-22 08:27:09.170",
      "ProcessGuid": "{3ba37a49-085d-68d1-ed02-000000000100}",
      "ProcessId": "5080",
      "Image": "C:\\Windows\\System32\\WUDFHost.exe",
      "FileVersion": "10.0.19041.3758 (WinBuild.160101.0800)",
      "Description": "Windows Driver Foundation - User-mode Driver Framework Host Process",
      "Product": "Microsoft® Windows® Operating System",
      "Company": "Microsoft Corporation",
      "OriginalFileName": "WUDFHost.exe",
      "CommandLine": "\"C:\\Windows\\System32\\WUDFHost.exe\" -HostGUID:{193a1820-d9ac-4997-8c55-be817523f6aa} -IoEventPortName:\\UMDFCommunicationPorts\\WUDF\\HostProcess-713e6394-f781-400b-bed0-442432a2d281 -SystemEventPortName:\\UMDFCommunicationPorts\\WUDF\\HostProcess-4a733c93-6efc-4a94-8e07-dec917165170 -IoCancelEventPortName:\\UMDFCommunicationPorts\\WUDF\\HostProcess-0682fcac-aca4-4afe-b76a-0246a8d12621 -NonStateChangingEventPortName:\\UMDFCommunicationPorts\\WUDF\\HostProcess-34267225-1318-434a-bc8e-dd9a1183fcd9 -LifetimeId:cc2b754b-1f21-4d37-8730-d32268494e6c -DeviceGroupId:WpdFsGroup -HostArg:0",
      "CurrentDirectory": "C:\\Windows\\system32\\",
      "User": "NT AUTHORITY\\LOCAL SERVICE",
      "LogonGuid": "{3ba37a49-cbee-68d1-e503-000000000000}",
      "LogonId": "0x00000000000003e5",
      "TerminalSessionId": "0",
      "IntegrityLevel": "System",
      "Hashes": "MD5=F39650983CFD01CBBC6158C6BF7FE522,SHA256=4AFB76B497A7B1B37A9D597550827E829CABAF1F019B62A65A536D8F1832C90B,IMPHASH=3FB4FBF226FDE242843AE0A7C907D1D5",
      "ParentProcessGuid": "{00000000-0000-0000-0000-000000000000}",
      "ParentProcessId": "812",
      "ParentImage": "-",
      "ParentCommandLine": "-",
      "ParentUser": "-"
    }
  },
  {
    "event_id": "1",
    "time": "2025-09-22 08:27:09.575716+00:00",
    "record_id": "5",
    "computer": "D",
    "channel": "M",
    "provider": "Microsoft-Windows-Sysmon",
    "data": {
      "RuleName": "Context,DeviceConnectedOrUpdated",
      "EventType": "SetValue",
      "UtcTime": "2025-09-22 08:27:09.570",
      "ProcessGuid": "{3ba37a49-085d-68d1-ed02-000000000100}",
      "ProcessId": "5080",
      "Image": "C:\\Windows\\System32\\WUDFHost.exe",
      "TargetObject": "HKLM\\SOFTWARE\\Microsoft\\Windows Portable Devices\\Devices\\SWD#WPDBUSENUM#{7B54DE8F-9802-11F0-AB29-F42679ADC914}#0000000000100000\\FriendlyName",
      "Details": "New Volume",
      "User": "NT AUTHORITY\\LOCAL SERVICE"
    }
  },
  {
    "event_id": "1",
    "time": "2025-09-22 08:27:09.575768+00:00",
    "record_id": "5",
    "computer": "D",
    "channel": "M",
    "provider": "Microsoft-Windows-Sysmon",
    "data": {
      "RuleName": "Context,DeviceConnectedOrUpdated",
      "EventType": "SetValue",
      "UtcTime": "2025-09-22 08:27:09.574",
      "ProcessGuid": "{3ba37a49-085d-68d1-ed02-000000000100}",
      "ProcessId": "5080",
      "Image": "C:\\Windows\\System32\\WUDFHost.exe",
      "TargetObject": "HKLM\\System\\CurrentControlSet\\Enum\\SWD\\WPDBUSENUM\\{7b54de8f-9802-11f0-ab29-f42679adc914}#0000000000100000\\FriendlyName",
      "Details": "New Volume",
      "User": "NT AUTHORITY\\LOCAL SERVICE"
    }
  },
  {
    "event_id": "1",
    "time": "2025-09-22 08:27:09.688946+00:00",
    "record_id": "5",
    "computer": "D",
    "channel": "M",
    "provider": "Microsoft-Windows-Sysmon",
    "data": {
      "RuleName": "-",
      "UtcTime": "2025-09-22 08:27:09.683",
      "ProcessGuid": "{3ba37a49-085c-68d1-ec02-000000000100}",
      "ProcessId": "8212",
      "Image": "C:\\Windows\\system32\\DrvInst.exe",
      "TargetFilename": "C:\\Windows\\System32\\drivers\\Msft_User_WpdFs_01_11_00.Wdf",
      "CreationUtcTime": "2025-09-22 08:27:09.683",
      "User": "NT AUTHORITY\\SYSTEM"
    }
  },
