  {
    "event_id": "1",
    "time": "2025-09-23 20:02:08.338694+00:00",
    "record_id": "5",
    "computer": "D",
    "channel": "M",
    "provider": "Microsoft-Windows-Sysmon",
    "data": {
      "RuleName": "-",
      "UtcTime": "2025-09-23 20:02:08.334",
      "ProcessGuid": "{3ba37a49-fcc0-68d2-4204-000000000100}",
      "ProcessId": "6456",
      "Image": "C:\\Windows\\System32\\slui.exe",
      "FileVersion": "10.0.19041.3636 (WinBuild.160101.0800)",
      "Description": "Windows Activation Client",
      "Product": "Microsoft® Windows® Operating System",
      "Company": "Microsoft Corporation",
      "OriginalFileName": "slui.exe",
      "CommandLine": "\"C:\\Windows\\System32\\SLUI.exe\" RuleId=31e71c49-8da7-4a2f-ad92-45d98a1c79ba;Action=AutoActivate;AppId=55c92734-d682-4d71-983e-d6ec3f16059f;SkuId=4de7cb65-cdf1-4de9-8ae8-e3cce27b9f2c;NotificationInterval=1440;Trigger=TimerEvent",
      "CurrentDirectory": "C:\\Windows\\system32\\",
      "User": "NT AUTHORITY\\NETWORK SERVICE",
      "LogonGuid": "{3ba37a49-cbee-68d1-e403-000000000000}",
      "LogonId": "0x00000000000003e4",
      "TerminalSessionId": "0",
      "IntegrityLevel": "System",
      "Hashes": "MD5=D46E8D1455C8CB43555F76FB77BF7E99,SHA256=E8AEDE3B2E70E058FF15091FFC5C9694A0B5AB0A83D9E1EE31FF3A1DB2D1DB21,IMPHASH=F2014F5555EEFEC494A169DEEBA0FEE5",
      "ParentProcessGuid": "{3ba37a49-fcc0-68d2-4104-000000000100}",
      "ParentProcessId": "4696",
      "ParentImage": "C:\\Windows\\System32\\SppExtComObj.Exe",
      "ParentCommandLine": "C:\\Windows\\system32\\SppExtComObj.exe -Embedding",
      "ParentUser": "NT AUTHORITY\\NETWORK SERVICE"
    }
  },
  {
    "event_id": "1",
    "time": "2025-09-23 20:02:08.999485+00:00",
    "record_id": "5",
    "computer": "D",
    "channel": "M",
    "provider": "Microsoft-Windows-Sysmon",
    "data": {
      "RuleName": "-",
      "UtcTime": "2025-09-23 20:02:08.995",
      "ProcessGuid": "{3ba37a49-fcc0-68d2-4504-000000000100}",
      "ProcessId": "7844",
      "Image": "C:\\Windows\\System32\\wermgr.exe",
      "FileVersion": "10.0.19041.3636 (WinBuild.160101.0800)",
      "Description": "Windows Problem Reporting",
      "Product": "Microsoft® Windows® Operating System",
      "Company": "Microsoft Corporation",
      "OriginalFileName": "WerMgr",
      "CommandLine": "\"C:\\Windows\\system32\\wermgr.exe\" -upload",
      "CurrentDirectory": "C:\\Windows\\system32\\",
      "User": "NT AUTHORITY\\SYSTEM",
      "LogonGuid": "{3ba37a49-cbed-68d1-e703-000000000000}",
      "LogonId": "0x00000000000003e7",
      "TerminalSessionId": "0",
      "IntegrityLevel": "System",
      "Hashes": "MD5=0A9EE8F50EF336B422521E133F6CC751,SHA256=4A135F60A5193F543D452C9D01E98546C44680E7BDF6C043E8837B1DFEAE3875,IMPHASH=9F236556F51749A0CA4BDF2040EA2478",
      "ParentProcessGuid": "{3ba37a49-cbf6-68d1-2700-000000000100}",
      "ParentProcessId": "1788",
      "ParentImage": "C:\\Windows\\System32\\svchost.exe",
      "ParentCommandLine": "C:\\Windows\\system32\\svchost.exe -k netsvcs -p -s Schedule",
      "ParentUser": "NT AUTHORITY\\SYSTEM"
    }
  },
  {
    "event_id": "1",
    "time": "2025-09-23 20:02:09.094172+00:00",
    "record_id": "5",
    "computer": "D",
    "channel": "M",
    "provider": "Microsoft-Windows-Sysmon",
    "data": {
      "RuleName": "-",
      "UtcTime": "2025-09-23 20:02:09.082",
      "ProcessGuid": "{3ba37a49-fcc1-68d2-4604-000000000100}",
      "ProcessId": "2200",
      "Image": "C:\\Windows\\System32\\svchost.exe",
      "FileVersion": "10.0.19041.3636 (WinBuild.160101.0800)",
      "Description": "Host Process for Windows Services",
      "Product": "Microsoft® Windows® Operating System",
      "Company": "Microsoft Corporation",
      "OriginalFileName": "svchost.exe",
      "CommandLine": "C:\\Windows\\System32\\svchost.exe -k netsvcs -p -s PushToInstall",
      "CurrentDirectory": "C:\\Windows\\system32\\",
      "User": "NT AUTHORITY\\SYSTEM",
      "LogonGuid": "{3ba37a49-cbed-68d1-e703-000000000000}",
      "LogonId": "0x00000000000003e7",
      "TerminalSessionId": "0",
      "IntegrityLevel": "System",
      "Hashes": "MD5=145DCF6706EEEA5B066885EE17964C09,SHA256=F13DE58416730D210DAB465B242E9C949FB0A0245EEF45B07C381F0C6C8A43C3,IMPHASH=247B9220E5D9B720A82B2C8B5069AD69",
      "ParentProcessGuid": "{00000000-0000-0000-0000-000000000000}",
      "ParentProcessId": "812",
      "ParentImage": "-",
      "ParentCommandLine": "-",
      "ParentUser": "-"
    }
  },
  {
    "event_id": "1",
    "time": "2025-09-23 20:02:09.401920+00:00",
    "record_id": "5",
    "computer": "D",
    "channel": "M",
    "provider": "Microsoft-Windows-Sysmon",
    "data": {
      "RuleName": "InvDB-Path",
      "EventType": "SetValue",
      "UtcTime": "2025-09-23 20:02:09.398",
      "ProcessGuid": "{3ba37a49-cbfb-68d1-4800-000000000100}",
      "ProcessId": "2456",
      "Image": "C:\\Windows\\System32\\svchost.exe",
      "TargetObject": "\\REGISTRY\\A\\{0232ed3c-56c9-167d-969a-b42679a62c79}\\Root\\InventoryApplicationFile\\securebootencode|7783667e2d48c0d5\\LowerCaseLongPath",
      "Details": "c:\\windows\\system32\\securebootencodeuefi.exe",
      "User": "NT AUTHORITY\\SYSTEM"
    }
  },
  {
    "event_id": "1",
    "time": "2025-09-23 20:02:09.402088+00:00",
    "record_id": "5",
    "computer": "D",
    "channel": "M",
    "provider": "Microsoft-Windows-Sysmon",
    "data": {
      "RuleName": "InvDB-Pub",
      "EventType": "SetValue",
      "UtcTime": "2025-09-23 20:02:09.398",
      "ProcessGuid": "{3ba37a49-cbfb-68d1-4800-000000000100}",
      "ProcessId": "2456",
      "Image": "C:\\Windows\\System32\\svchost.exe",
      "TargetObject": "\\REGISTRY\\A\\{0232ed3c-56c9-167d-969a-b42679a62c79}\\Root\\InventoryApplicationFile\\securebootencode|7783667e2d48c0d5\\Publisher",
      "Details": "microsoft corporation",
      "User": "NT AUTHORITY\\SYSTEM"
    }
  },
  {
    "event_id": "1",
    "time": "2025-09-23 20:02:09.402348+00:00",
    "record_id": "5",
    "computer": "D",
    "channel": "M",
    "provider": "Microsoft-Windows-Sysmon",
    "data": {
      "RuleName": "InvDB-CompileTimeClaim",
      "EventType": "SetValue",
      "UtcTime": "2025-09-23 20:02:09.398",
      "ProcessGuid": "{3ba37a49-cbfb-68d1-4800-000000000100}",
      "ProcessId": "2456",
      "Image": "C:\\Windows\\System32\\svchost.exe",
      "TargetObject": "\\REGISTRY\\A\\{0232ed3c-56c9-167d-969a-b42679a62c79}\\Root\\InventoryApplicationFile\\securebootencode|7783667e2d48c0d5\\LinkDate",
      "Details": "05/13/2099 17:23:24",
      "User": "NT AUTHORITY\\SYSTEM"
    }
  },
  {
    "event_id": "1",
    "time": "2025-09-23 20:02:09.402390+00:00",
    "record_id": "5",
    "computer": "D",
    "channel": "M",
    "provider": "Microsoft-Windows-Sysmon",
    "data": {
      "RuleName": "InvDB-Ver",
      "EventType": "SetValue",
      "UtcTime": "2025-09-23 20:02:09.398",
      "ProcessGuid": "{3ba37a49-cbfb-68d1-4800-000000000100}",
      "ProcessId": "2456",
      "Image": "C:\\Windows\\System32\\svchost.exe",
      "TargetObject": "\\REGISTRY\\A\\{0232ed3c-56c9-167d-969a-b42679a62c79}\\Root\\InventoryApplicationFile\\securebootencode|7783667e2d48c0d5\\BinProductVersion",
      "Details": "10.0.19041.3758",
      "User": "NT AUTHORITY\\SYSTEM"
    }
  },
  {
    "event_id": "1",
    "time": "2025-09-23 20:02:09.989580+00:00",
    "record_id": "5",
    "computer": "D",
    "channel": "M",
    "provider": "Microsoft-Windows-Sysmon",
    "data": {
      "RuleName": "-",
      "UtcTime": "2025-09-23 20:02:09.977",
      "ProcessGuid": "{3ba37a49-fcc1-68d2-4804-000000000100}",
      "ProcessId": "6128",
      "Image": "C:\\Windows\\System32\\slui.exe",
      "FileVersion": "10.0.19041.3636 (WinBuild.160101.0800)",
      "Description": "Windows Activation Client",
      "Product": "Microsoft® Windows® Operating System",
      "Company": "Microsoft Corporation",
      "OriginalFileName": "slui.exe",
      "CommandLine": "C:\\Windows\\System32\\slui.exe -Embedding",
      "CurrentDirectory": "C:\\Windows\\system32\\",
      "User": "DESKTOP-GTOLFFJ\\client 1",
      "LogonGuid": "{3ba37a49-fd37-68d0-095b-290000000000}",
      "LogonId": "0x0000000000295b09",
      "TerminalSessionId": "2",
      "IntegrityLevel": "Medium",
      "Hashes": "MD5=D46E8D1455C8CB43555F76FB77BF7E99,SHA256=E8AEDE3B2E70E058FF15091FFC5C9694A0B5AB0A83D9E1EE31FF3A1DB2D1DB21,IMPHASH=F2014F5555EEFEC494A169DEEBA0FEE5",
      "ParentProcessGuid": "{3ba37a49-cbee-68d1-0f00-000000000100}",
      "ParentProcessId": "960",
      "ParentImage": "C:\\Windows\\System32\\svchost.exe",
      "ParentCommandLine": "C:\\Windows\\system32\\svchost.exe -k DcomLaunch -p",
      "ParentUser": "NT AUTHORITY\\SYSTEM"
    }
  },
  {
    "event_id": "1",
    "time": "2025-09-23 20:02:12.480103+00:00",
    "record_id": "5",
    "computer": "D",
    "channel": "M",
    "provider": "Microsoft-Windows-Sysmon",
    "data": {
      "RuleName": "InvDB-Path",
      "EventType": "SetValue",
      "UtcTime": "2025-09-23 20:02:12.477",
      "ProcessGuid": "{3ba37a49-cbfb-68d1-4800-000000000100}",
      "ProcessId": "2456",
      "Image": "C:\\Windows\\System32\\svchost.exe",
      "TargetObject": "\\REGISTRY\\A\\{0232ed3c-56c9-167d-969a-b42679a62c79}\\Root\\InventoryApplicationFile\\devicecensus.exe|26420fddf94319b3\\LowerCaseLongPath",
      "Details": "c:\\windows\\system32\\devicecensus.exe",
      "User": "NT AUTHORITY\\SYSTEM"
    }
  },
  {
    "event_id": "1",
    "time": "2025-09-23 20:02:12.480265+00:00",
    "record_id": "5",
    "computer": "D",
    "channel": "M",
    "provider": "Microsoft-Windows-Sysmon",
    "data": {
      "RuleName": "InvDB-Pub",
      "EventType": "SetValue",
      "UtcTime": "2025-09-23 20:02:12.477",
      "ProcessGuid": "{3ba37a49-cbfb-68d1-4800-000000000100}",
      "ProcessId": "2456",
      "Image": "C:\\Windows\\System32\\svchost.exe",
      "TargetObject": "\\REGISTRY\\A\\{0232ed3c-56c9-167d-969a-b42679a62c79}\\Root\\InventoryApplicationFile\\devicecensus.exe|26420fddf94319b3\\Publisher",
      "Details": "microsoft corporation",
      "User": "NT AUTHORITY\\SYSTEM"
    }
  },
  {
    "event_id": "1",
    "time": "2025-09-23 20:02:12.480618+00:00",
    "record_id": "5",
    "computer": "D",
    "channel": "M",
    "provider": "Microsoft-Windows-Sysmon",
    "data": {
      "RuleName": "InvDB-CompileTimeClaim",
      "EventType": "SetValue",
      "UtcTime": "2025-09-23 20:02:12.477",
      "ProcessGuid": "{3ba37a49-cbfb-68d1-4800-000000000100}",
      "ProcessId": "2456",
      "Image": "C:\\Windows\\System32\\svchost.exe",
      "TargetObject": "\\REGISTRY\\A\\{0232ed3c-56c9-167d-969a-b42679a62c79}\\Root\\InventoryApplicationFile\\devicecensus.exe|26420fddf94319b3\\LinkDate",
      "Details": "05/19/2039 12:13:02",
      "User": "NT AUTHORITY\\SYSTEM"
    }
  },
  {
    "event_id": "1",
    "time": "2025-09-23 20:02:12.480663+00:00",
    "record_id": "5",
    "computer": "D",
    "channel": "M",
    "provider": "Microsoft-Windows-Sysmon",
    "data": {
      "RuleName": "InvDB-Ver",
      "EventType": "SetValue",
      "UtcTime": "2025-09-23 20:02:12.477",
      "ProcessGuid": "{3ba37a49-cbfb-68d1-4800-000000000100}",
      "ProcessId": "2456",
      "Image": "C:\\Windows\\System32\\svchost.exe",
      "TargetObject": "\\REGISTRY\\A\\{0232ed3c-56c9-167d-969a-b42679a62c79}\\Root\\InventoryApplicationFile\\devicecensus.exe|26420fddf94319b3\\BinProductVersion",
      "Details": "10.0.19645.1046",
      "User": "NT AUTHORITY\\SYSTEM"
    }
  },
  {
    "event_id": "1",
    "time": "2025-09-23 20:02:16.495176+00:00",
    "record_id": "5",
    "computer": "D",
    "channel": "M",
    "provider": "Microsoft-Windows-Sysmon",
    "data": {
      "RuleName": "InvDB-Path",
      "EventType": "SetValue",
      "UtcTime": "2025-09-23 20:02:16.484",
      "ProcessGuid": "{3ba37a49-cbfb-68d1-4800-000000000100}",
      "ProcessId": "2456",
      "Image": "C:\\Windows\\System32\\svchost.exe",
      "TargetObject": "\\REGISTRY\\A\\{0232ed3c-56c9-167d-969a-b42679a62c79}\\Root\\InventoryApplicationFile\\onedrivestandalo|d614079d46e14422\\LowerCaseLongPath",
      "Details": "c:\\users\\client 1\\appdata\\local\\microsoft\\onedrive\\onedrivestandaloneupdater.exe",
      "User": "NT AUTHORITY\\SYSTEM"
    }
  },
  {
    "event_id": "1",
    "time": "2025-09-23 20:02:16.495327+00:00",
    "record_id": "5",
    "computer": "D",
    "channel": "M",
    "provider": "Microsoft-Windows-Sysmon",
    "data": {
      "RuleName": "InvDB-Pub",
      "EventType": "SetValue",
      "UtcTime": "2025-09-23 20:02:16.484",
      "ProcessGuid": "{3ba37a49-cbfb-68d1-4800-000000000100}",
      "ProcessId": "2456",
      "Image": "C:\\Windows\\System32\\svchost.exe",
      "TargetObject": "\\REGISTRY\\A\\{0232ed3c-56c9-167d-969a-b42679a62c79}\\Root\\InventoryApplicationFile\\onedrivestandalo|d614079d46e14422\\Publisher",
      "Details": "microsoft corporation",
      "User": "NT AUTHORITY\\SYSTEM"
    }
  },
  {
    "event_id": "1",
    "time": "2025-09-23 20:02:16.495733+00:00",
    "record_id": "5",
    "computer": "D",
    "channel": "M",
    "provider": "Microsoft-Windows-Sysmon",
    "data": {
      "RuleName": "InvDB-CompileTimeClaim",
      "EventType": "SetValue",
      "UtcTime": "2025-09-23 20:02:16.484",
      "ProcessGuid": "{3ba37a49-cbfb-68d1-4800-000000000100}",
      "ProcessId": "2456",
      "Image": "C:\\Windows\\System32\\svchost.exe",
      "TargetObject": "\\REGISTRY\\A\\{0232ed3c-56c9-167d-969a-b42679a62c79}\\Root\\InventoryApplicationFile\\onedrivestandalo|d614079d46e14422\\LinkDate",
      "Details": "04/23/2019 21:30:53",
      "User": "NT AUTHORITY\\SYSTEM"
    }
  },
  {
    "event_id": "1",
    "time": "2025-09-23 20:02:16.495773+00:00",
    "record_id": "5",
    "computer": "D",
    "channel": "M",
    "provider": "Microsoft-Windows-Sysmon",
    "data": {
      "RuleName": "InvDB-Ver",
      "EventType": "SetValue",
      "UtcTime": "2025-09-23 20:02:16.493",
      "ProcessGuid": "{3ba37a49-cbfb-68d1-4800-000000000100}",
      "ProcessId": "2456",
      "Image": "C:\\Windows\\System32\\svchost.exe",
      "TargetObject": "\\REGISTRY\\A\\{0232ed3c-56c9-167d-969a-b42679a62c79}\\Root\\InventoryApplicationFile\\onedrivestandalo|d614079d46e14422\\BinProductVersion",
      "Details": "19.43.304.13",
      "User": "NT AUTHORITY\\SYSTEM"
    }
  },
  {
    "event_id": "1",
    "time": "2025-09-24 05:28:08.753628+00:00",
    "record_id": "5",
    "computer": "D",
    "channel": "M",
    "provider": "Microsoft-Windows-Sysmon",
    "data": {
      "RuleName": "-",
      "UtcTime": "2025-09-24 05:28:08.746",
      "ProcessGuid": "{3ba37a49-8168-68d3-4f04-000000000100}",
      "ProcessId": "8576",
      "Image": "C:\\Windows\\System32\\taskhostw.exe",
      "FileVersion": "10.0.19041.3636 (WinBuild.160101.0800)",
      "Description": "Host Process for Windows Tasks",
      "Product": "Microsoft® Windows® Operating System",
      "Company": "Microsoft Corporation",
      "OriginalFileName": "taskhostw.exe",
      "CommandLine": "taskhostw.exe USER",
      "CurrentDirectory": "C:\\Windows\\system32\\",
      "User": "DESKTOP-GTOLFFJ\\client 1",
      "LogonGuid": "{3ba37a49-fd37-68d0-095b-290000000000}",
      "LogonId": "0x0000000000295b09",
      "TerminalSessionId": "2",
      "IntegrityLevel": "Medium",
      "Hashes": "MD5=9D68EEF2D82A328F0ECE1B641E5728CC,SHA256=976BB3FB062818E9643EC7F65BE2F267B90F63BD9F8BE0E6212D131183136140,IMPHASH=3A0C6863CDE566AF997DB2DEFFF9D924",
      "ParentProcessGuid": "{3ba37a49-cbf6-68d1-2700-000000000100}",
      "ParentProcessId": "1788",
      "ParentImage": "C:\\Windows\\System32\\svchost.exe",
      "ParentCommandLine": "C:\\Windows\\system32\\svchost.exe -k netsvcs -p -s Schedule",
      "ParentUser": "NT AUTHORITY\\SYSTEM"
    }
  },
  {
    "event_id": "1",
    "time": "2025-09-24 05:28:08.767797+00:00",
    "record_id": "5",
    "computer": "D",
    "channel": "M",
    "provider": "Microsoft-Windows-Sysmon",
    "data": {
      "RuleName": "-",
      "UtcTime": "2025-09-24 05:28:08.765",
      "ProcessGuid": "{3ba37a49-8168-68d3-5004-000000000100}",
      "ProcessId": "7940",
      "Image": "C:\\Windows\\System32\\rundll32.exe",
      "FileVersion": "10.0.19041.3636 (WinBuild.160101.0800)",
      "Description": "Windows host process (Rundll32)",
      "Product": "Microsoft® Windows® Operating System",
      "Company": "Microsoft Corporation",
      "OriginalFileName": "RUNDLL32.EXE",
      "CommandLine": "\"C:\\Windows\\system32\\rundll32.exe\" C:\\Windows\\system32\\PcaSvc.dll,PcaPatchSdbTask",
      "CurrentDirectory": "C:\\Windows\\system32\\",
      "User": "NT AUTHORITY\\SYSTEM",
      "LogonGuid": "{3ba37a49-cbed-68d1-e703-000000000000}",
      "LogonId": "0x00000000000003e7",
      "TerminalSessionId": "0",
      "IntegrityLevel": "System",
      "Hashes": "MD5=100F56A73211E0B2BCD076A55E6393FD,SHA256=00BE065F405E93233CC2F0012DEFDCBB1D6817B58969D5FFD9FD72FC4783C6F4,IMPHASH=4DB27267734D1576D75C991DC70F68AC",
      "ParentProcessGuid": "{3ba37a49-cbf6-68d1-2700-000000000100}",
      "ParentProcessId": "1788",
      "ParentImage": "C:\\Windows\\System32\\svchost.exe",
      "ParentCommandLine": "C:\\Windows\\system32\\svchost.exe -k netsvcs -p -s Schedule",
      "ParentUser": "NT AUTHORITY\\SYSTEM"
    }
  },
  {
    "event_id": "1",
    "time": "2025-09-24 05:28:08.771671+00:00",
    "record_id": "5",
    "computer": "D",
    "channel": "M",
    "provider": "Microsoft-Windows-Sysmon",
    "data": {
      "RuleName": "-",
      "UtcTime": "2025-09-24 05:28:08.769",
      "ProcessGuid": "{3ba37a49-8168-68d3-5104-000000000100}",
      "ProcessId": "7280",
      "Image": "C:\\Windows\\System32\\wermgr.exe",
      "FileVersion": "10.0.19041.3636 (WinBuild.160101.0800)",
      "Description": "Windows Problem Reporting",
      "Product": "Microsoft® Windows® Operating System",
      "Company": "Microsoft Corporation",
      "OriginalFileName": "WerMgr",
      "CommandLine": "\"C:\\Windows\\system32\\wermgr.exe\" -upload",
      "CurrentDirectory": "C:\\Windows\\system32\\",
      "User": "NT AUTHORITY\\SYSTEM",
      "LogonGuid": "{3ba37a49-cbed-68d1-e703-000000000000}",
      "LogonId": "0x00000000000003e7",
      "TerminalSessionId": "0",
      "IntegrityLevel": "System",
      "Hashes": "MD5=0A9EE8F50EF336B422521E133F6CC751,SHA256=4A135F60A5193F543D452C9D01E98546C44680E7BDF6C043E8837B1DFEAE3875,IMPHASH=9F236556F51749A0CA4BDF2040EA2478",
      "ParentProcessGuid": "{3ba37a49-cbf6-68d1-2700-000000000100}",
      "ParentProcessId": "1788",
      "ParentImage": "C:\\Windows\\System32\\svchost.exe",
      "ParentCommandLine": "C:\\Windows\\system32\\svchost.exe -k netsvcs -p -s Schedule",
      "ParentUser": "NT AUTHORITY\\SYSTEM"
    }
  },
  {
    "event_id": "1",
    "time": "2025-09-24 05:28:08.788031+00:00",
    "record_id": "5",
    "computer": "D",
    "channel": "M",
    "provider": "Microsoft-Windows-Sysmon",
    "data": {
      "RuleName": "-",
      "UtcTime": "2025-09-24 05:28:08.773",
      "ProcessGuid": "{3ba37a49-8168-68d3-5204-000000000100}",
      "ProcessId": "296",
      "Image": "C:\\Windows\\System32\\wsqmcons.exe",
      "FileVersion": "10.0.19041.3636 (WinBuild.160101.0800)",
      "Description": "Windows SQM Consolidator",
      "Product": "Microsoft® Windows® Operating System",
      "Company": "Microsoft Corporation",
      "OriginalFileName": "wsqmcons.exe",
      "CommandLine": "\"C:\\Windows\\System32\\wsqmcons.exe\"",
      "CurrentDirectory": "C:\\Windows\\system32\\",
      "User": "NT AUTHORITY\\SYSTEM",
      "LogonGuid": "{3ba37a49-cbed-68d1-e703-000000000000}",
      "LogonId": "0x00000000000003e7",
      "TerminalSessionId": "0",
      "IntegrityLevel": "System",
      "Hashes": "MD5=4D54637AAAA670750B95D9F7D3A84851,SHA256=10330E364E59CC35EC1D24E52382DDECBD8F27B749D0D12EA3BF9F0E59ACBB2E,IMPHASH=8026EF5B10ED9F476FB385B936C31F2A",
      "ParentProcessGuid": "{3ba37a49-cbf6-68d1-2700-000000000100}",
      "ParentProcessId": "1788",
      "ParentImage": "C:\\Windows\\System32\\svchost.exe",
      "ParentCommandLine": "C:\\Windows\\system32\\svchost.exe -k netsvcs -p -s Schedule",
      "ParentUser": "NT AUTHORITY\\SYSTEM"
    }
  }
]