  {
    "event_id": "1",
    "time": "2025-09-22 08:29:16.728550+00:00",
    "record_id": "1",
    "computer": "D",
    "channel": "M",
    "provider": "Microsoft-Windows-Sysmon",
    "data": {
      "RuleName": "-",
      "UtcTime": "2025-09-22 08:29:16.714",
      "ProcessGuid": "{3ba37a49-08dc-68d1-1a03-000000000100}",
      "ProcessId": "8628",
      "Image": "C:\\Users\\client 1\\Downloads\\DumpIt.exe",
      "FileVersion": "-",
      "Description": "-",
      "Product": "-",
      "Company": "-",
      "OriginalFileName": "-",
      "CommandLine": "\"C:\\Users\\client 1\\Downloads\\DumpIt.exe\"",
      "CurrentDirectory": "C:\\Users\\client 1\\Downloads\\",
      "User": "DESKTOP-GTOLFFJ\\client 1",
      "LogonGuid": "{3ba37a49-fd37-68d0-ec5a-290000000000}",
      "LogonId": "0x0000000000295aec",
      "TerminalSessionId": "2",
      "IntegrityLevel": "High",
      "Hashes": "MD5=84F0FEB07BEAE896D471F45527D781B0,SHA256=7850850434059ADB8354629E2D1102A8FCC7BE8B606EDBB4BBB22A1060BAEC26,IMPHASH=43113498B8B20F2C980E4C01B8A5839D",
      "ParentProcessGuid": "{3ba37a49-fd39-68d0-2b01-000000000100}",
      "ParentProcessId": "4912",
      "ParentImage": "C:\\Windows\\explorer.exe",
      "ParentCommandLine": "C:\\Windows\\Explorer.EXE",
      "ParentUser": "DESKTOP-GTOLFFJ\\client 1"
    }
  },
  {
    "event_id": "1",
    "time": "2025-09-22 08:29:16.757479+00:00",
    "record_id": "1",
    "computer": "D",
    "channel": "M",
    "provider": "Microsoft-Windows-Sysmon",
    "data": {
      "RuleName": "InvDB",
      "EventType": "SetValue",
      "UtcTime": "2025-09-22 08:29:16.743",
      "ProcessGuid": "{3ba37a49-f924-68d0-7500-000000000100}",
      "ProcessId": "5016",
      "Image": "C:\\Windows\\system32\\svchost.exe",
      "TargetObject": "HKU\\S-1-5-21-2437830779-3302432962-562250718-1001\\SOFTWARE\\Microsoft\\Windows NT\\CurrentVersion\\AppCompatFlags\\Compatibility Assistant\\Store\\C:\\Users\\client 1\\Downloads\\DumpIt.exe",
      "Details": "Binary Data",
      "User": "NT AUTHORITY\\SYSTEM"
    }
  },
  {
    "event_id": "1",
    "time": "2025-09-22 08:29:16.774258+00:00",
    "record_id": "1",
    "computer": "D",
    "channel": "M",
    "provider": "Microsoft-Windows-Sysmon",
    "data": {
      "RuleName": "InvDB-Path",
      "EventType": "SetValue",
      "UtcTime": "2025-09-22 08:29:16.759",
      "ProcessGuid": "{3ba37a49-f924-68d0-7500-000000000100}",
      "ProcessId": "5016",
      "Image": "C:\\Windows\\system32\\svchost.exe",
      "TargetObject": "\\REGISTRY\\A\\{0232ed3c-56c9-167d-969a-b42679a62c79}\\Root\\InventoryApplicationFile\\dumpit.exe|2c6d301f5ebdfadb\\LowerCaseLongPath",
      "Details": "c:\\users\\client 1\\downloads\\dumpit.exe",
      "User": "NT AUTHORITY\\SYSTEM"
    }
  },
  {
    "event_id": "1",
    "time": "2025-09-22 08:29:16.775232+00:00",
    "record_id": "1",
    "computer": "D",
    "channel": "M",
    "provider": "Microsoft-Windows-Sysmon",
    "data": {
      "RuleName": "InvDB-Pub",
      "EventType": "SetValue",
      "UtcTime": "2025-09-22 08:29:16.759",
      "ProcessGuid": "{3ba37a49-f924-68d0-7500-000000000100}",
      "ProcessId": "5016",
      "Image": "C:\\Windows\\system32\\svchost.exe",
      "TargetObject": "\\REGISTRY\\A\\{0232ed3c-56c9-167d-969a-b42679a62c79}\\Root\\InventoryApplicationFile\\dumpit.exe|2c6d301f5ebdfadb\\Publisher",
      "Details": "(Empty)",
      "User": "NT AUTHORITY\\SYSTEM"
    }
  },
  {
    "event_id": "1",
    "time": "2025-09-22 08:29:16.775957+00:00",
    "record_id": "1",
    "computer": "D",
    "channel": "M",
    "provider": "Microsoft-Windows-Sysmon",
    "data": {
      "RuleName": "InvDB-CompileTimeClaim",
      "EventType": "SetValue",
      "UtcTime": "2025-09-22 08:29:16.759",
      "ProcessGuid": "{3ba37a49-f924-68d0-7500-000000000100}",
      "ProcessId": "5016",
      "Image": "C:\\Windows\\system32\\svchost.exe",
      "TargetObject": "\\REGISTRY\\A\\{0232ed3c-56c9-167d-969a-b42679a62c79}\\Root\\InventoryApplicationFile\\dumpit.exe|2c6d301f5ebdfadb\\LinkDate",
      "Details": "05/03/2011 05:23:10",
      "User": "NT AUTHORITY\\SYSTEM"
    }
  },
  {
    "event_id": "1",
    "time": "2025-09-22 08:29:16.775997+00:00",
    "record_id": "1",
    "computer": "D",
    "channel": "M",
    "provider": "Microsoft-Windows-Sysmon",
    "data": {
      "RuleName": "InvDB-Ver",
      "EventType": "SetValue",
      "UtcTime": "2025-09-22 08:29:16.759",
      "ProcessGuid": "{3ba37a49-f924-68d0-7500-000000000100}",
      "ProcessId": "5016",
      "Image": "C:\\Windows\\system32\\svchost.exe",
      "TargetObject": "\\REGISTRY\\A\\{0232ed3c-56c9-167d-969a-b42679a62c79}\\Root\\InventoryApplicationFile\\dumpit.exe|2c6d301f5ebdfadb\\BinProductVersion",
      "Details": "(Empty)",
      "User": "NT AUTHORITY\\SYSTEM"
    }
  },
  {
    "event_id": "1",
    "time": "2025-09-22 08:29:20.284407+00:00",
    "record_id": "1",
    "computer": "D",
    "channel": "M",
    "provider": "Microsoft-Windows-Sysmon",
    "data": {
      "RuleName": "-",
      "UtcTime": "2025-09-22 08:29:20.275",
      "ProcessGuid": "{3ba37a49-08dc-68d1-1a03-000000000100}",
      "ProcessId": "8628",
      "Image": "C:\\Users\\client 1\\Downloads\\DumpIt.exe",
      "TargetFilename": "C:\\Windows\\SysWOW64\\drivers\\DumpIt.sys",
      "CreationUtcTime": "2025-09-22 08:29:20.275",
      "User": "DESKTOP-GTOLFFJ\\client 1"
    }
  },
  {
    "event_id": "1",
    "time": "2025-09-22 08:29:20.314123+00:00",
    "record_id": "1",
    "computer": "D",
    "channel": "M",
    "provider": "Microsoft-Windows-Sysmon",
    "data": {
      "RuleName": "T1031,T1050",
      "EventType": "SetValue",
      "UtcTime": "2025-09-22 08:29:20.290",
      "ProcessGuid": "{3ba37a49-08dc-68d1-1a03-000000000100}",
      "ProcessId": "8628",
      "Image": "C:\\Users\\client 1\\Downloads\\DumpIt.exe",
      "TargetObject": "HKLM\\System\\CurrentControlSet\\Services\\DumpIt\\ImagePath",
      "Details": "\\??\\C:\\Windows\\SysWOW64\\Drivers\\DumpIt.sys",
      "User": "DESKTOP-GTOLFFJ\\client 1"
    }
  },
  {
    "event_id": "1",
    "time": "2025-09-22 08:29:20.314146+00:00",
    "record_id": "1",
    "computer": "D",
    "channel": "M",
    "provider": "Microsoft-Windows-Sysmon",
    "data": {
      "RuleName": "T1031,T1050",
      "EventType": "SetValue",
      "UtcTime": "2025-09-22 08:29:20.290",
      "ProcessGuid": "{3ba37a49-08dc-68d1-1a03-000000000100}",
      "ProcessId": "8628",
      "Image": "C:\\Users\\client 1\\Downloads\\DumpIt.exe",
      "TargetObject": "HKLM\\System\\CurrentControlSet\\Services\\DumpIt\\Start",
      "Details": "DWORD (0x00000003)",
      "User": "DESKTOP-GTOLFFJ\\client 1"
    }
  },
  {
    "event_id": "1",
    "time": "2025-09-22 08:29:20.363939+00:00",
    "record_id": "1",
    "computer": "D",
    "channel": "M",
    "provider": "Microsoft-Windows-Sysmon",
    "data": {
      "RuleName": "Downloads",
      "UtcTime": "2025-09-22 08:29:20.353",
      "ProcessGuid": "{3ba37a49-08dc-68d1-1a03-000000000100}",
      "ProcessId": "8628",
      "Image": "C:\\Users\\client 1\\Downloads\\DumpIt.exe",
      "TargetFilename": "C:\\Users\\client 1\\Downloads\\DESKTOP-GTOLFFJ-20250922-082917.raw",
      "CreationUtcTime": "2025-09-22 08:29:20.353",
      "User": "DESKTOP-GTOLFFJ\\client 1"
    }
  },
  {
    "event_id": "1",
    "time": "2025-09-22 08:29:37.792265+00:00",
    "record_id": "1",
    "computer": "D",
    "channel": "M",
    "provider": "Microsoft-Windows-Sysmon",
    "data": {
      "RuleName": "InvDB",
      "EventType": "SetValue",
      "UtcTime": "2025-09-22 08:29:37.791",
      "ProcessGuid": "{3ba37a49-f924-68d0-7500-000000000100}",
      "ProcessId": "5016",
      "Image": "C:\\Windows\\system32\\svchost.exe",
      "TargetObject": "HKU\\S-1-5-21-2437830779-3302432962-562250718-1001\\SOFTWARE\\Microsoft\\Windows NT\\CurrentVersion\\AppCompatFlags\\Compatibility Assistant\\Store\\C:\\Users\\client 1\\Downloads\\DumpIt.exe",
      "Details": "Binary Data",
      "User": "NT AUTHORITY\\SYSTEM"
    }
  },
  {
    "event_id": "1",
    "time": "2025-09-22 08:29:41.259817+00:00",
    "record_id": "1",
    "computer": "D",
    "channel": "M",
    "provider": "Microsoft-Windows-Sysmon",
    "data": {
      "RuleName": "-",
      "EventType": "SetValue",
      "UtcTime": "2025-09-22 08:29:41.259",
      "ProcessGuid": "{3ba37a49-08f5-68d1-1d03-000000000100}",
      "ProcessId": "4316",
      "Image": "C:\\Windows\\system32\\SearchProtocolHost.exe",
      "TargetObject": "HKU\\.DEFAULT\\Software\\Microsoft\\Windows\\CurrentVersion\\Shell Extensions\\Cached\\{3DBEE9A1-C471-4B95-BBCA-F39310064458} {886D8EEB-8CF2-4446-8D02-CDBA1DBDCF99} 0xFFFF",
      "Details": "Binary Data",
      "User": "NT AUTHORITY\\SYSTEM"
    }
  },
  {
    "event_id": "1",
    "time": "2025-09-22 08:29:41.905504+00:00",
    "record_id": "1",
    "computer": "D",
    "channel": "M",
    "provider": "Microsoft-Windows-Sysmon",
    "data": {
      "RuleName": "InvDB-Pub",
      "EventType": "SetValue",
      "UtcTime": "2025-09-22 08:29:41.900",
      "ProcessGuid": "{3ba37a49-08db-68d1-1803-000000000100}",
      "ProcessId": "3924",
      "Image": "C:\\Program Files (x86)\\Microsoft\\EdgeUpdate\\Install\\{09726699-45D0-43AF-B603-0267E644F179}\\EDGEMITMP_10667.tmp\\setup.exe",
      "TargetObject": "HKLM\\SOFTWARE\\WOW6432Node\\Microsoft\\Windows\\CurrentVersion\\Uninstall\\Microsoft EdgeWebView\\Publisher",
      "Details": "Microsoft Corporation",
      "User": "NT AUTHORITY\\SYSTEM"
    }
  },
  {
    "event_id": "1",
    "time": "2025-09-22 08:29:42.277630+00:00",
    "record_id": "1",
    "computer": "D",
    "channel": "M",
    "provider": "Microsoft-Windows-Sysmon",
    "data": {
      "RuleName": "InvDB-Path",
      "EventType": "SetValue",
      "UtcTime": "2025-09-22 08:29:42.260",
      "ProcessGuid": "{3ba37a49-cbfb-68d1-4800-000000000100}",
      "ProcessId": "2456",
      "Image": "C:\\Windows\\System32\\svchost.exe",
      "TargetObject": "\\REGISTRY\\A\\{0232ed3c-56c9-167d-969a-b42679a62c79}\\Root\\InventoryApplicationFile\\setup.exe|739c3967dabc4075\\LowerCaseLongPath",
      "Details": "c:\\program files (x86)\\microsoft\\edgeupdate\\install\\{09726699-45d0-43af-b603-0267e644f179}\\edgemitmp_10667.tmp\\setup.exe",
      "User": "NT AUTHORITY\\SYSTEM"
    }
  },
  {
    "event_id": "1",
    "time": "2025-09-22 08:29:42.278097+00:00",
    "record_id": "1",
    "computer": "D",
    "channel": "M",
    "provider": "Microsoft-Windows-Sysmon",
    "data": {
      "RuleName": "InvDB-Pub",
      "EventType": "SetValue",
      "UtcTime": "2025-09-22 08:29:42.260",
      "ProcessGuid": "{3ba37a49-cbfb-68d1-4800-000000000100}",
      "ProcessId": "2456",
      "Image": "C:\\Windows\\System32\\svchost.exe",
      "TargetObject": "\\REGISTRY\\A\\{0232ed3c-56c9-167d-969a-b42679a62c79}\\Root\\InventoryApplicationFile\\setup.exe|739c3967dabc4075\\Publisher",
      "Details": "microsoft corporation",
      "User": "NT AUTHORITY\\SYSTEM"
    }
  },
  {
    "event_id": "1",
    "time": "2025-09-22 08:29:42.278374+00:00",
    "record_id": "1",
    "computer": "D",
    "channel": "M",
    "provider": "Microsoft-Windows-Sysmon",
    "data": {
      "RuleName": "InvDB-CompileTimeClaim",
      "EventType": "SetValue",
      "UtcTime": "2025-09-22 08:29:42.260",
      "ProcessGuid": "{3ba37a49-cbfb-68d1-4800-000000000100}",
      "ProcessId": "2456",
      "Image": "C:\\Windows\\System32\\svchost.exe",
      "TargetObject": "\\REGISTRY\\A\\{0232ed3c-56c9-167d-969a-b42679a62c79}\\Root\\InventoryApplicationFile\\setup.exe|739c3967dabc4075\\LinkDate",
      "Details": "09/18/2025 16:26:57",
      "User": "NT AUTHORITY\\SYSTEM"
    }
  },
  {
    "event_id": "1",
    "time": "2025-09-22 08:29:42.278473+00:00",
    "record_id": "1",
    "computer": "D",
    "channel": "M",
    "provider": "Microsoft-Windows-Sysmon",
    "data": {
      "RuleName": "InvDB-Ver",
      "EventType": "SetValue",
      "UtcTime": "2025-09-22 08:29:42.260",
      "ProcessGuid": "{3ba37a49-cbfb-68d1-4800-000000000100}",
      "ProcessId": "2456",
      "Image": "C:\\Windows\\System32\\svchost.exe",
      "TargetObject": "\\REGISTRY\\A\\{0232ed3c-56c9-167d-969a-b42679a62c79}\\Root\\InventoryApplicationFile\\setup.exe|739c3967dabc4075\\BinProductVersion",
      "Details": "140.0.3485.81",
      "User": "NT AUTHORITY\\SYSTEM"
    }
  },
  {
    "event_id": "1",
    "time": "2025-09-22 08:29:58.869791+00:00",
    "record_id": "1",
    "computer": "D",
    "channel": "M",
    "provider": "Microsoft-Windows-Sysmon",
    "data": {
      "RuleName": "-",
      "UtcTime": "2025-09-22 08:29:58.863",
      "ProcessGuid": "{3ba37a49-0906-68d1-1e03-000000000100}",
      "ProcessId": "1596",
      "Image": "C:\\Program Files (x86)\\Microsoft\\EdgeUpdate\\MicrosoftEdgeUpdate.exe",
      "FileVersion": "1.3.147.37",
      "Description": "Microsoft Edge Update",
      "Product": "Microsoft Edge Update",
      "Company": "Microsoft Corporation",
      "OriginalFileName": "msedgeupdate.dll",
      "CommandLine": "\"C:\\Program Files (x86)\\Microsoft\\EdgeUpdate\\MicrosoftEdgeUpdate.exe\" /ping PD94bWwgdmVyc2lvbj0iMS4wIiBlbmNvZGluZz0iVVRGLTgiPz48cmVxdWVzdCBwcm90b2NvbD0iMy4wIiB1cGRhdGVyPSJPbWFoYSIgdXBkYXRlcnZlcnNpb249IjEuMy4xOTkuMTEiIHNoZWxsX3ZlcnNpb249IjEuMy4xNDcuMzciIGlzbWFjaGluZT0iMSIgc2Vzc2lvbmlkPSJ7MjUyNTVDMTAtMEVDMS00REEzLUEyMzItRjFFMUQxNkZDNzdEfSIgdXNlcmlkPSJ7Q0M3RUZBN0UtMDlBRi00RDVELUJFMDYtQjE3NzI2N0I5MTEzfSIgaW5zdGFsbHNvdXJjZT0ic2NoZWR1bGVyIiByZXF1ZXN0aWQ9InszMkY1NTVBNS01OTNELTRGMjItQjBBNy0yOTREODUwNTJDMDJ9IiBkZWR1cD0iY3IiIGRvbWFpbmpvaW5lZD0iMCI-PGh3IGxvZ2ljYWxfY3B1cz0iMSIgcGh5c21lbW9yeT0iNCIgZGlza190eXBlPSIyIiBzc2U9IjEiIHNzZTI9IjEiIHNzZTM9IjEiIHNzc2UzPSIxIiBzc2U0MT0iMSIgc3NlNDI9IjEiIGF2eD0iMSIvPjxvcyBwbGF0Zm9ybT0id2luIiB2ZXJzaW9uPSIxMC4wLjE5MDQ1LjM4MDMiIHNwPSIiIGFyY2g9Ing2NCIgcHJvZHVjdF90eXBlPSI0OCIgaXNfd2lwPSIwIiBpc19pbl9sb2NrZG93bl9tb2RlPSIwIi8-PG9lbSBwcm9kdWN0X21hbnVmYWN0dXJlcj0iVk13YXJlLCBJbmMuIiBwcm9kdWN0X25hbWU9IlZNd2FyZTcsMSIvPjxleHAgZXRhZz0iJnF1b3Q7VlBRb1AxRitmcTE1d1J6aDFrUEw0UE1wV2g4T1JNQjVpenZyT0MvY2hqUT0mcXVvdDsiLz48YXBwIGFwcGlkPSJ7RjMwMTcyMjYtRkUyQS00Mjk1LThCREYtMDBDM0E5QTdFNEM1fSIgdmVyc2lvbj0iIiBuZXh0dmVyc2lvbj0iMTQwLjAuMzQ4NS44MSIgbGFuZz0iIiBicmFuZD0iRVVXViIgY2xpZW50PSIiIGV4cGVyaW1lbnRzPSJjb25zZW50PWZhbHNlIiBpbnN0YWxsYWdlPSItMSIgaW5zdGFsbGRhdGU9Ii0xIj48dXBkYXRlY2hlY2svPjxldmVudCBldmVudHR5cGU9IjkiIGV2ZW50cmVzdWx0PSIxIiBlcnJvcmNvZGU9IjAiIGV4dHJhY29kZTE9IjAiIHN5c3RlbV91cHRpbWVfdGlja3M9IjQwNTUyNjg2MTQyIiBkb25lX2JlZm9yZV9vb2JlX2NvbXBsZXRlPSIwIi8-PGV2ZW50IGV2ZW50dHlwZT0iNSIgZXZlbnRyZXN1bHQ9IjEiIGVycm9yY29kZT0iMCIgZXh0cmFjb2RlMT0iMCIgc3lzdGVtX3VwdGltZV90aWNrcz0iNDA1NTMxMzE5OTMiIGRvbmVfYmVmb3JlX29vYmVfY29tcGxldGU9IjAiLz48ZXZlbnQgZXZlbnR0eXBlPSIxIiBldmVudHJlc3VsdD0iMSIgZXJyb3Jjb2RlPSIwIiBleHRyYWNvZGUxPSIwIiBzeXN0ZW1fdXB0aW1lX3RpY2tzPSI0MDYyODY2OTI2NyIgZG9uZV9iZWZvcmVfb29iZV9jb21wbGV0ZT0iMCIvPjxldmVudCBldmVudHR5cGU9IjYiIGV2ZW50cmVzdWx0PSIxIiBlcnJvcmNvZGU9IjAiIGV4dHJhY29kZTE9IjAiIHN5c3RlbV91cHRpbWVfdGlja3M9IjQwNjYyNDE3NzgwIiBkb25lX2JlZm9yZV9vb2JlX2NvbXBsZXRlPSIwIi8-PGV2ZW50IGV2ZW50dHlwZT0iMiIgZXZlbnRyZXN1bHQ9IjEiIGVycm9yY29kZT0iMCIgZXh0cmFjb2RlMT0iMTk2NzU3IiBzeXN0ZW1fdXB0aW1lX3RpY2tzPSI0MTExNjkxMDUyOSIgZG9uZV9iZWZvcmVfb29iZV9jb21wbGV0ZT0iMCIgdXBkYXRlX2NoZWNrX3RpbWVfbXM9IjE4MjIiIGRvd25sb2FkZWQ9IjE4NTkxOTU2OCIgdG90YWw9IjE4NTkxOTU2OCIgcGFja2FnZV9jYWNoZV9yZXN1bHQ9IjIiIGluc3RhbGxfdGltZV9tcz0iNDU0NDkiLz48L2FwcD48L3JlcXVlc3Q-",
      "CurrentDirectory": "C:\\Program Files (x86)\\Microsoft\\EdgeUpdate\\1.3.199.11\\",
      "User": "NT AUTHORITY\\SYSTEM",
      "LogonGuid": "{3ba37a49-cbed-68d1-e703-000000000000}",
      "LogonId": "0x00000000000003e7",
      "TerminalSessionId": "0",
      "IntegrityLevel": "System",
      "Hashes": "MD5=C019E421D9F897108E51666CBAE2C8B0,SHA256=3096D8E82917A9B73F322F4B1743E52E9B0C8B3C5933A957E73E29D6973CDD5B,IMPHASH=E00D60405A249A05D3B09AA7FE924B17",
      "ParentProcessGuid": "{3ba37a49-08c6-68d1-0d03-000000000100}",
      "ParentProcessId": "2944",
      "ParentImage": "C:\\Program Files (x86)\\Microsoft\\EdgeUpdate\\MicrosoftEdgeUpdate.exe",
      "ParentCommandLine": "\"C:\\Program Files (x86)\\Microsoft\\EdgeUpdate\\MicrosoftEdgeUpdate.exe\" /svc",
      "ParentUser": "NT AUTHORITY\\SYSTEM"
    }
  },
  {
    "event_id": "1",
    "time": "2025-09-22 08:30:09.097994+00:00",
    "record_id": "1",
    "computer": "D",
    "channel": "M",
    "provider": "Microsoft-Windows-Sysmon",
    "data": {
      "RuleName": "Suspicious,ImageBeginWithBackslash",
      "EventType": "SetValue",
      "UtcTime": "2025-09-22 08:30:09.088",
      "ProcessGuid": "{3ba37a49-08af-68d1-0603-000000000100}",
      "ProcessId": "3620",
      "Image": "\\\\?\\C:\\Windows\\system32\\wbem\\WMIADAP.EXE",
      "TargetObject": "HKLM\\SOFTWARE\\Microsoft\\Windows NT\\CurrentVersion\\Perflib\\Updating",
      "Details": "WmiApRpl",
      "User": "NT AUTHORITY\\SYSTEM"
    }
  },
  {
    "event_id": "1",
    "time": "2025-09-22 08:30:09.113131+00:00",
    "record_id": "1",
    "computer": "D",
    "channel": "M",
    "provider": "Microsoft-Windows-Sysmon",
    "data": {
      "RuleName": "Suspicious,ImageBeginWithBackslash",
      "EventType": "SetValue",
      "UtcTime": "2025-09-22 08:30:09.103",
      "ProcessGuid": "{3ba37a49-08af-68d1-0603-000000000100}",
      "ProcessId": "3620",
      "Image": "\\\\?\\C:\\Windows\\system32\\wbem\\WMIADAP.EXE",
      "TargetObject": "HKLM\\SOFTWARE\\Microsoft\\Windows NT\\CurrentVersion\\Perflib\\Last Counter",
      "Details": "DWORD (0x000025f4)",
      "User": "NT AUTHORITY\\SYSTEM"
    }
  },
  {
    "event_id": "1",
    "time": "2025-09-22 08:30:09.113209+00:00",
    "record_id": "1",
    "computer": "D",
    "channel": "M",
    "provider": "Microsoft-Windows-Sysmon",
    "data": {
      "RuleName": "Suspicious,ImageBeginWithBackslash",
      "EventType": "SetValue",
      "UtcTime": "2025-09-22 08:30:09.103",
      "ProcessGuid": "{3ba37a49-08af-68d1-0603-000000000100}",
      "ProcessId": "3620",
      "Image": "\\\\?\\C:\\Windows\\system32\\wbem\\WMIADAP.EXE",
      "TargetObject": "HKLM\\SOFTWARE\\Microsoft\\Windows NT\\CurrentVersion\\Perflib\\Last Help",
      "Details": "DWORD (0x000025f5)",
      "User": "NT AUTHORITY\\SYSTEM"
    }
  },
  {
    "event_id": "1",
    "time": "2025-09-22 08:30:09.113247+00:00",
    "record_id": "1",
    "computer": "D",
    "channel": "M",
    "provider": "Microsoft-Windows-Sysmon",
    "data": {
      "RuleName": "Suspicious,ImageBeginWithBackslash",
      "EventType": "DeleteValue",
      "UtcTime": "2025-09-22 08:30:09.103",
      "ProcessGuid": "{3ba37a49-08af-68d1-0603-000000000100}",
      "ProcessId": "3620",
      "Image": "\\\\?\\C:\\Windows\\system32\\wbem\\WMIADAP.EXE",
      "TargetObject": "HKLM\\System\\CurrentControlSet\\Services\\WmiApRpl\\Performance\\First Counter",
      "User": "NT AUTHORITY\\SYSTEM"
    }
  },
  {
    "event_id": "1",
    "time": "2025-09-22 08:30:09.113285+00:00",
    "record_id": "1",
    "computer": "D",
    "channel": "M",
    "provider": "Microsoft-Windows-Sysmon",
    "data": {
      "RuleName": "Suspicious,ImageBeginWithBackslash",
      "EventType": "DeleteValue",
      "UtcTime": "2025-09-22 08:30:09.103",
      "ProcessGuid": "{3ba37a49-08af-68d1-0603-000000000100}",
      "ProcessId": "3620",
      "Image": "\\\\?\\C:\\Windows\\system32\\wbem\\WMIADAP.EXE",
      "TargetObject": "HKLM\\System\\CurrentControlSet\\Services\\WmiApRpl\\Performance\\Last Counter",
      "User": "NT AUTHORITY\\SYSTEM"
    }
  },
  {
    "event_id": "1",
    "time": "2025-09-22 08:30:09.113331+00:00",
    "record_id": "1",
    "computer": "D",
    "channel": "M",
    "provider": "Microsoft-Windows-Sysmon",
    "data": {
      "RuleName": "Suspicious,ImageBeginWithBackslash",
      "EventType": "DeleteValue",
      "UtcTime": "2025-09-22 08:30:09.103",
      "ProcessGuid": "{3ba37a49-08af-68d1-0603-000000000100}",
      "ProcessId": "3620",
      "Image": "\\\\?\\C:\\Windows\\system32\\wbem\\WMIADAP.EXE",
      "TargetObject": "HKLM\\System\\CurrentControlSet\\Services\\WmiApRpl\\Performance\\First Help",
      "User": "NT AUTHORITY\\SYSTEM"
    }
  },
  {
    "event_id": "1",
    "time": "2025-09-22 08:30:09.113363+00:00",
    "record_id": "1",
    "computer": "D",
    "channel": "M",
    "provider": "Microsoft-Windows-Sysmon",
    "data": {
      "RuleName": "Suspicious,ImageBeginWithBackslash",
      "EventType": "DeleteValue",
      "UtcTime": "2025-09-22 08:30:09.103",
      "ProcessGuid": "{3ba37a49-08af-68d1-0603-000000000100}",
      "ProcessId": "3620",
      "Image": "\\\\?\\C:\\Windows\\system32\\wbem\\WMIADAP.EXE",
      "TargetObject": "HKLM\\System\\CurrentControlSet\\Services\\WmiApRpl\\Performance\\Last Help",
      "User": "NT AUTHORITY\\SYSTEM"
    }
  },
  {
    "event_id": "1",
    "time": "2025-09-22 08:30:09.113411+00:00",
    "record_id": "1",
    "computer": "D",
    "channel": "M",
    "provider": "Microsoft-Windows-Sysmon",
    "data": {
      "RuleName": "Suspicious,ImageBeginWithBackslash",
      "EventType": "DeleteValue",
      "UtcTime": "2025-09-22 08:30:09.103",
      "ProcessGuid": "{3ba37a49-08af-68d1-0603-000000000100}",
      "ProcessId": "3620",
      "Image": "\\\\?\\C:\\Windows\\system32\\wbem\\WMIADAP.EXE",
      "TargetObject": "HKLM\\System\\CurrentControlSet\\Services\\WmiApRpl\\Performance\\Object List",
      "User": "NT AUTHORITY\\SYSTEM"
    }
  },
  {
    "event_id": "1",
    "time": "2025-09-22 08:30:09.113462+00:00",
    "record_id": "1",
    "computer": "D",
    "channel": "M",
    "provider": "Microsoft-Windows-Sysmon",
    "data": {
      "RuleName": "Suspicious,ImageBeginWithBackslash",
      "EventType": "DeleteValue",
      "UtcTime": "2025-09-22 08:30:09.103",
      "ProcessGuid": "{3ba37a49-08af-68d1-0603-000000000100}",
      "ProcessId": "3620",
      "Image": "\\\\?\\C:\\Windows\\system32\\wbem\\WMIADAP.EXE",
      "TargetObject": "HKLM\\SOFTWARE\\Microsoft\\Windows NT\\CurrentVersion\\Perflib\\Updating",
      "User": "NT AUTHORITY\\SYSTEM"
    }
  },
  {
    "event_id": "1",
    "time": "2025-09-22 08:30:09.128780+00:00",
    "record_id": "1",
    "computer": "D",
    "channel": "M",
    "provider": "Microsoft-Windows-Sysmon",
    "data": {
      "RuleName": "Suspicious,ImageBeginWithBackslash",
      "EventType": "SetValue",
      "UtcTime": "2025-09-22 08:30:09.119",
      "ProcessGuid": "{3ba37a49-08af-68d1-0603-000000000100}",
      "ProcessId": "3620",
      "Image": "\\\\?\\C:\\Windows\\system32\\wbem\\WMIADAP.EXE",
      "TargetObject": "HKLM\\System\\CurrentControlSet\\Services\\WmiApRpl\\Performance\\PerfIniFile",
      "Details": "WmiApRpl.ini",
      "User": "NT AUTHORITY\\SYSTEM"
    }
  },
  {
    "event_id": "1",
    "time": "2025-09-22 08:30:09.128847+00:00",
    "record_id": "1",
    "computer": "D",
    "channel": "M",
    "provider": "Microsoft-Windows-Sysmon",
    "data": {
      "RuleName": "Suspicious,ImageBeginWithBackslash",
      "EventType": "SetValue",
      "UtcTime": "2025-09-22 08:30:09.119",
      "ProcessGuid": "{3ba37a49-08af-68d1-0603-000000000100}",
      "ProcessId": "3620",
      "Image": "\\\\?\\C:\\Windows\\system32\\wbem\\WMIADAP.EXE",
      "TargetObject": "HKLM\\SOFTWARE\\Microsoft\\Windows NT\\CurrentVersion\\Perflib\\Updating",
      "Details": "WmiApRpl",
      "User": "NT AUTHORITY\\SYSTEM"
    }
  },
  {
    "event_id": "1",
    "time": "2025-09-22 08:30:09.180681+00:00",
    "record_id": "1",
    "computer": "D",
    "channel": "M",
    "provider": "Microsoft-Windows-Sysmon",
    "data": {
      "RuleName": "Suspicious,ImageBeginWithBackslash",
      "EventType": "SetValue",
      "UtcTime": "2025-09-22 08:30:09.166",
      "ProcessGuid": "{3ba37a49-08af-68d1-0603-000000000100}",
      "ProcessId": "3620",
      "Image": "\\\\?\\C:\\Windows\\system32\\wbem\\WMIADAP.EXE",
      "TargetObject": "HKLM\\SOFTWARE\\Microsoft\\Windows NT\\CurrentVersion\\Perflib\\Last Counter",
      "Details": "DWORD (0x0000269c)",
      "User": "NT AUTHORITY\\SYSTEM"
    }
  },
  {
    "event_id": "1",
    "time": "2025-09-22 08:30:09.180763+00:00",
    "record_id": "1",
    "computer": "D",
    "channel": "M",
    "provider": "Microsoft-Windows-Sysmon",
    "data": {
      "RuleName": "Suspicious,ImageBeginWithBackslash",
      "EventType": "SetValue",
      "UtcTime": "2025-09-22 08:30:09.166",
      "ProcessGuid": "{3ba37a49-08af-68d1-0603-000000000100}",
      "ProcessId": "3620",
      "Image": "\\\\?\\C:\\Windows\\system32\\wbem\\WMIADAP.EXE",
      "TargetObject": "HKLM\\SOFTWARE\\Microsoft\\Windows NT\\CurrentVersion\\Perflib\\Last Help",
      "Details": "DWORD (0x0000269d)",
      "User": "NT AUTHORITY\\SYSTEM"
    }
  },
  {
    "event_id": "1",
    "time": "2025-09-22 08:30:09.180809+00:00",
    "record_id": "1",
    "computer": "D",
    "channel": "M",
    "provider": "Microsoft-Windows-Sysmon",
    "data": {
      "RuleName": "Suspicious,ImageBeginWithBackslash",
      "EventType": "SetValue",
      "UtcTime": "2025-09-22 08:30:09.166",
      "ProcessGuid": "{3ba37a49-08af-68d1-0603-000000000100}",
      "ProcessId": "3620",
      "Image": "\\\\?\\C:\\Windows\\system32\\wbem\\WMIADAP.EXE",
      "TargetObject": "HKLM\\System\\CurrentControlSet\\Services\\WmiApRpl\\Performance\\Last Counter",
      "Details": "DWORD (0x0000269c)",
      "User": "NT AUTHORITY\\SYSTEM"
    }
  },
  {
    "event_id": "1",
    "time": "2025-09-22 08:30:09.180855+00:00",
    "record_id": "1",
    "computer": "D",
    "channel": "M",
    "provider": "Microsoft-Windows-Sysmon",
    "data": {
      "RuleName": "Suspicious,ImageBeginWithBackslash",
      "EventType": "SetValue",
      "UtcTime": "2025-09-22 08:30:09.166",
      "ProcessGuid": "{3ba37a49-08af-68d1-0603-000000000100}",
      "ProcessId": "3620",
      "Image": "\\\\?\\C:\\Windows\\system32\\wbem\\WMIADAP.EXE",
      "TargetObject": "HKLM\\System\\CurrentControlSet\\Services\\WmiApRpl\\Performance\\Last Help",
      "Details": "DWORD (0x0000269d)",
      "User": "NT AUTHORITY\\SYSTEM"
    }
  },
  {
    "event_id": "1",
    "time": "2025-09-22 08:30:09.180904+00:00",
    "record_id": "1",
    "computer": "D",
    "channel": "M",
    "provider": "Microsoft-Windows-Sysmon",
    "data": {
      "RuleName": "Suspicious,ImageBeginWithBackslash",
      "EventType": "SetValue",
      "UtcTime": "2025-09-22 08:30:09.166",
      "ProcessGuid": "{3ba37a49-08af-68d1-0603-000000000100}",
      "ProcessId": "3620",
      "Image": "\\\\?\\C:\\Windows\\system32\\wbem\\WMIADAP.EXE",
      "TargetObject": "HKLM\\System\\CurrentControlSet\\Services\\WmiApRpl\\Performance\\First Counter",
      "Details": "DWORD (0x000025f6)",
      "User": "NT AUTHORITY\\SYSTEM"
    }
  },
  {
    "event_id": "1",
    "time": "2025-09-22 08:30:09.180950+00:00",
    "record_id": "1",
    "computer": "D",
    "channel": "M",
    "provider": "Microsoft-Windows-Sysmon",
    "data": {
      "RuleName": "Suspicious,ImageBeginWithBackslash",
      "EventType": "SetValue",
      "UtcTime": "2025-09-22 08:30:09.166",
      "ProcessGuid": "{3ba37a49-08af-68d1-0603-000000000100}",
      "ProcessId": "3620",
      "Image": "\\\\?\\C:\\Windows\\system32\\wbem\\WMIADAP.EXE",
      "TargetObject": "HKLM\\System\\CurrentControlSet\\Services\\WmiApRpl\\Performance\\First Help",
      "Details": "DWORD (0x000025f7)",
      "User": "NT AUTHORITY\\SYSTEM"
    }
  },
  {
    "event_id": "1",
    "time": "2025-09-22 08:30:09.180998+00:00",
    "record_id": "1",
    "computer": "D",
    "channel": "M",
    "provider": "Microsoft-Windows-Sysmon",
    "data": {
      "RuleName": "Suspicious,ImageBeginWithBackslash",
      "EventType": "SetValue",
      "UtcTime": "2025-09-22 08:30:09.166",
      "ProcessGuid": "{3ba37a49-08af-68d1-0603-000000000100}",
      "ProcessId": "3620",
      "Image": "\\\\?\\C:\\Windows\\system32\\wbem\\WMIADAP.EXE",
      "TargetObject": "HKLM\\System\\CurrentControlSet\\Services\\WmiApRpl\\Performance\\Object List",
      "Details": "9718 9724 9734 9744 9764 9808 9818 9856 9862 9878",
      "User": "NT AUTHORITY\\SYSTEM"
    }
  },
  {
    "event_id": "1",
    "time": "2025-09-22 08:30:09.181046+00:00",
    "record_id": "1",
    "computer": "D",
    "channel": "M",
    "provider": "Microsoft-Windows-Sysmon",
    "data": {
      "RuleName": "Suspicious,ImageBeginWithBackslash",
      "EventType": "DeleteValue",
      "UtcTime": "2025-09-22 08:30:09.166",
      "ProcessGuid": "{3ba37a49-08af-68d1-0603-000000000100}",
      "ProcessId": "3620",
      "Image": "\\\\?\\C:\\Windows\\system32\\wbem\\WMIADAP.EXE",
      "TargetObject": "HKLM\\SOFTWARE\\Microsoft\\Windows NT\\CurrentVersion\\Perflib\\Updating",
      "User": "NT AUTHORITY\\SYSTEM"
    }
  },
  {
    "event_id": "1",
    "time": "2025-09-22 08:30:11.670084+00:00",
    "record_id": "1",
    "computer": "D",
    "channel": "M",
    "provider": "Microsoft-Windows-Sysmon",
    "data": {
      "RuleName": "Suspicious,ImageBeginWithBackslash",
      "EventType": "SetValue",
      "UtcTime": "2025-09-22 08:30:11.666",
      "ProcessGuid": "{3ba37a49-08af-68d1-0603-000000000100}",
      "ProcessId": "3620",
      "Image": "\\\\?\\C:\\Windows\\system32\\wbem\\WMIADAP.EXE",
      "TargetObject": "HKLM\\SOFTWARE\\Microsoft\\Wbem\\PROVIDERS\\Performance\\Performance Data",
      "Details": "Binary Data",
      "User": "NT AUTHORITY\\SYSTEM"
    }
  },
  {
    "event_id": "1",
    "time": "2025-09-22 08:30:11.670139+00:00",
    "record_id": "1",
    "computer": "D",
    "channel": "M",
    "provider": "Microsoft-Windows-Sysmon",
    "data": {
      "RuleName": "Suspicious,ImageBeginWithBackslash",
      "EventType": "DeleteKey",
      "UtcTime": "2025-09-22 08:30:11.666",
      "ProcessGuid": "{3ba37a49-08af-68d1-0603-000000000100}",
      "ProcessId": "3620",
      "Image": "\\\\?\\C:\\Windows\\system32\\wbem\\WMIADAP.EXE",
      "TargetObject": "HKLM\\SOFTWARE\\Microsoft\\Wbem\\WDM\\DREDGE",
      "User": "NT AUTHORITY\\SYSTEM"
    }
  },
  {
    "event_id": "1",
    "time": "2025-09-22 08:30:11.670193+00:00",
    "record_id": "1",
    "computer": "D",
    "channel": "M",
    "provider": "Microsoft-Windows-Sysmon",
    "data": {
      "RuleName": "Suspicious,ImageBeginWithBackslash",
      "EventType": "SetValue",
      "UtcTime": "2025-09-22 08:30:11.666",
      "ProcessGuid": "{3ba37a49-08af-68d1-0603-000000000100}",
      "ProcessId": "3620",
      "Image": "\\\\?\\C:\\Windows\\system32\\wbem\\WMIADAP.EXE",
      "TargetObject": "HKLM\\SOFTWARE\\Microsoft\\Wbem\\WDM\\DREDGE\\C:\\Windows\\system32\\kernelbase.dll[MofResourceName]",
      "Details": "LowDateTime:-957899648,HighDateTime:31073825***Binary mof compiled successfully",
      "User": "NT AUTHORITY\\SYSTEM"
    }
  },
  {
    "event_id": "1",
    "time": "2025-09-22 08:30:11.670233+00:00",
    "record_id": "1",
    "computer": "D",
    "channel": "M",
    "provider": "Microsoft-Windows-Sysmon",
    "data": {
      "RuleName": "Suspicious,ImageBeginWithBackslash",
      "EventType": "SetValue",
      "UtcTime": "2025-09-22 08:30:11.666",
      "ProcessGuid": "{3ba37a49-08af-68d1-0603-000000000100}",
      "ProcessId": "3620",
      "Image": "\\\\?\\C:\\Windows\\system32\\wbem\\WMIADAP.EXE",
      "TargetObject": "HKLM\\SOFTWARE\\Microsoft\\Wbem\\WDM\\DREDGE\\C:\\Windows\\system32\\en-US\\kernelbase.dll.mui[MofResourceName]",
      "Details": "LowDateTime:166788997,HighDateTime:31073826***Binary mof compiled successfully",
      "User": "NT AUTHORITY\\SYSTEM"
    }
  },
  {
    "event_id": "1",
    "time": "2025-09-22 08:30:11.670269+00:00",
    "record_id": "1",
    "computer": "D",
    "channel": "M",
    "provider": "Microsoft-Windows-Sysmon",
    "data": {
      "RuleName": "Suspicious,ImageBeginWithBackslash",
      "EventType": "SetValue",
      "UtcTime": "2025-09-22 08:30:11.666",
      "ProcessGuid": "{3ba37a49-08af-68d1-0603-000000000100}",
      "ProcessId": "3620",
      "Image": "\\\\?\\C:\\Windows\\system32\\wbem\\WMIADAP.EXE",
      "TargetObject": "HKLM\\SOFTWARE\\Microsoft\\Wbem\\WDM\\DREDGE\\C:\\Windows\\System32\\drivers\\ACPI.sys[ACPIMOFResource]",
      "Details": "LowDateTime:-1662282765,HighDateTime:31073825***Binary mof compiled successfully",
      "User": "NT AUTHORITY\\SYSTEM"
    }
  },
  {
    "event_id": "1",
    "time": "2025-09-22 08:30:11.670309+00:00",
    "record_id": "1",
    "computer": "D",
    "channel": "M",
    "provider": "Microsoft-Windows-Sysmon",
    "data": {
      "RuleName": "Suspicious,ImageBeginWithBackslash",
      "EventType": "SetValue",
      "UtcTime": "2025-09-22 08:30:11.666",
      "ProcessGuid": "{3ba37a49-08af-68d1-0603-000000000100}",
      "ProcessId": "3620",
      "Image": "\\\\?\\C:\\Windows\\system32\\wbem\\WMIADAP.EXE",
      "TargetObject": "HKLM\\SOFTWARE\\Microsoft\\Wbem\\WDM\\DREDGE\\C:\\Windows\\System32\\drivers\\en-US\\ACPI.sys.mui[ACPIMOFResource]",
      "Details": "LowDateTime:-32042354,HighDateTime:30780584***Binary mof compiled successfully",
      "User": "NT AUTHORITY\\SYSTEM"
    }
  },
  {
    "event_id": "1",
    "time": "2025-09-22 08:30:11.670345+00:00",
    "record_id": "1",
    "computer": "D",
    "channel": "M",
    "provider": "Microsoft-Windows-Sysmon",
    "data": {
      "RuleName": "Suspicious,ImageBeginWithBackslash",
      "EventType": "SetValue",
      "UtcTime": "2025-09-22 08:30:11.666",
      "ProcessGuid": "{3ba37a49-08af-68d1-0603-000000000100}",
      "ProcessId": "3620",
      "Image": "\\\\?\\C:\\Windows\\system32\\wbem\\WMIADAP.EXE",
      "TargetObject": "HKLM\\SOFTWARE\\Microsoft\\Wbem\\WDM\\DREDGE\\C:\\Windows\\System32\\drivers\\processr.sys[PROCESSORWMI]",
      "Details": "LowDateTime:-1662126493,HighDateTime:31073825***Binary mof compiled successfully",
      "User": "NT AUTHORITY\\SYSTEM"
    }
  },
  {
    "event_id": "1",
    "time": "2025-09-22 08:30:11.670383+00:00",
    "record_id": "1",
    "computer": "D",
    "channel": "M",
    "provider": "Microsoft-Windows-Sysmon",
    "data": {
      "RuleName": "Suspicious,ImageBeginWithBackslash",
      "EventType": "SetValue",
      "UtcTime": "2025-09-22 08:30:11.666",
      "ProcessGuid": "{3ba37a49-08af-68d1-0603-000000000100}",
      "ProcessId": "3620",
      "Image": "\\\\?\\C:\\Windows\\system32\\wbem\\WMIADAP.EXE",
      "TargetObject": "HKLM\\SOFTWARE\\Microsoft\\Wbem\\WDM\\DREDGE\\C:\\Windows\\System32\\drivers\\en-US\\processr.sys.mui[PROCESSORWMI]",
      "Details": "LowDateTime:-32042354,HighDateTime:30780584***Binary mof compiled successfully",
      "User": "NT AUTHORITY\\SYSTEM"
    }
  },
  {
    "event_id": "1",
    "time": "2025-09-22 08:30:11.670420+00:00",
    "record_id": "1",
    "computer": "D",
    "channel": "M",
    "provider": "Microsoft-Windows-Sysmon",
    "data": {
      "RuleName": "Suspicious,ImageBeginWithBackslash",
      "EventType": "SetValue",
      "UtcTime": "2025-09-22 08:30:11.666",
      "ProcessGuid": "{3ba37a49-08af-68d1-0603-000000000100}",
      "ProcessId": "3620",
      "Image": "\\\\?\\C:\\Windows\\system32\\wbem\\WMIADAP.EXE",
      "TargetObject": "HKLM\\SOFTWARE\\Microsoft\\Wbem\\WDM\\DREDGE\\C:\\Windows\\System32\\drivers\\HDAudBus.sys[HDAudioMofName]",
      "Details": "LowDateTime:-1671032808,HighDateTime:31073825***Binary mof compiled successfully",
      "User": "NT AUTHORITY\\SYSTEM"
    }
  },
  {
    "event_id": "1",
    "time": "2025-09-22 08:30:11.670456+00:00",
    "record_id": "1",
    "computer": "D",
    "channel": "M",
    "provider": "Microsoft-Windows-Sysmon",
    "data": {
      "RuleName": "Suspicious,ImageBeginWithBackslash",
      "EventType": "SetValue",
      "UtcTime": "2025-09-22 08:30:11.666",
      "ProcessGuid": "{3ba37a49-08af-68d1-0603-000000000100}",
      "ProcessId": "3620",
      "Image": "\\\\?\\C:\\Windows\\system32\\wbem\\WMIADAP.EXE",
      "TargetObject": "HKLM\\SOFTWARE\\Microsoft\\Wbem\\WDM\\DREDGE\\C:\\Windows\\System32\\drivers\\mssmbios.sys[MofResource]",
      "Details": "LowDateTime:590886656,HighDateTime:30780579***Binary mof compiled successfully",
      "User": "NT AUTHORITY\\SYSTEM"
    }
  },
  {
    "event_id": "1",
    "time": "2025-09-22 08:30:11.670492+00:00",
    "record_id": "1",
    "computer": "D",
    "channel": "M",
    "provider": "Microsoft-Windows-Sysmon",
    "data": {
      "RuleName": "Suspicious,ImageBeginWithBackslash",
      "EventType": "SetValue",
      "UtcTime": "2025-09-22 08:30:11.666",
      "ProcessGuid": "{3ba37a49-08af-68d1-0603-000000000100}",
      "ProcessId": "3620",
      "Image": "\\\\?\\C:\\Windows\\system32\\wbem\\WMIADAP.EXE",
      "TargetObject": "HKLM\\SOFTWARE\\Microsoft\\Wbem\\WDM\\DREDGE\\C:\\Windows\\System32\\drivers\\en-US\\mssmbios.sys.mui[MofResource]",
      "Details": "LowDateTime:-25003186,HighDateTime:30780584***Binary mof compiled successfully",
      "User": "NT AUTHORITY\\SYSTEM"
    }
  },
  {
    "event_id": "1",
    "time": "2025-09-22 08:30:11.670527+00:00",
    "record_id": "1",
    "computer": "D",
    "channel": "M",
    "provider": "Microsoft-Windows-Sysmon",
    "data": {
      "RuleName": "Suspicious,ImageBeginWithBackslash",
      "EventType": "SetValue",
      "UtcTime": "2025-09-22 08:30:11.666",
      "ProcessGuid": "{3ba37a49-08af-68d1-0603-000000000100}",
      "ProcessId": "3620",
      "Image": "\\\\?\\C:\\Windows\\system32\\wbem\\WMIADAP.EXE",
      "TargetObject": "HKLM\\SOFTWARE\\Microsoft\\Wbem\\WDM\\DREDGE\\C:\\Windows\\System32\\Drivers\\portcls.SYS[PortclsMof]",
      "Details": "LowDateTime:-1670095586,HighDateTime:31073825***Binary mof compiled successfully",
      "User": "NT AUTHORITY\\SYSTEM"
    }
  },
  {
    "event_id": "1",
    "time": "2025-09-22 08:30:11.670563+00:00",
    "record_id": "1",
    "computer": "D",
    "channel": "M",
    "provider": "Microsoft-Windows-Sysmon",
    "data": {
      "RuleName": "Suspicious,ImageBeginWithBackslash",
      "EventType": "SetValue",
      "UtcTime": "2025-09-22 08:30:11.666",
      "ProcessGuid": "{3ba37a49-08af-68d1-0603-000000000100}",
      "ProcessId": "3620",
      "Image": "\\\\?\\C:\\Windows\\system32\\wbem\\WMIADAP.EXE",
      "TargetObject": "HKLM\\SOFTWARE\\Microsoft\\Wbem\\WDM\\DREDGE\\C:\\Windows\\system32\\drivers\\ndis.sys[MofResourceName]",
      "Details": "LowDateTime:-961185466,HighDateTime:31073825***Binary mof failed, see WMIPROV.LOG",
      "User": "NT AUTHORITY\\SYSTEM"
    }
  },
  {
    "event_id": "1",
    "time": "2025-09-22 08:30:11.670601+00:00",
    "record_id": "1",
    "computer": "D",
    "channel": "M",
    "provider": "Microsoft-Windows-Sysmon",
    "data": {
      "RuleName": "Suspicious,ImageBeginWithBackslash",
      "EventType": "SetValue",
      "UtcTime": "2025-09-22 08:30:11.666",
      "ProcessGuid": "{3ba37a49-08af-68d1-0603-000000000100}",
      "ProcessId": "3620",
      "Image": "\\\\?\\C:\\Windows\\system32\\wbem\\WMIADAP.EXE",
      "TargetObject": "HKLM\\SOFTWARE\\Microsoft\\Wbem\\WDM\\DREDGE\\C:\\Windows\\system32\\drivers\\en-US\\ndis.sys.mui[MofResourceName]",
      "Details": "LowDateTime:-6885910,HighDateTime:30780584***Binary mof failed, see WMIPROV.LOG",
      "User": "NT AUTHORITY\\SYSTEM"
    }
  },
  {
    "event_id": "1",
    "time": "2025-09-22 08:30:11.670631+00:00",
    "record_id": "1",
    "computer": "D",
    "channel": "M",
    "provider": "Microsoft-Windows-Sysmon",
    "data": {
      "RuleName": "Suspicious,ImageBeginWithBackslash",
      "EventType": "SetValue",
      "UtcTime": "2025-09-22 08:30:11.666",
      "ProcessGuid": "{3ba37a49-08af-68d1-0603-000000000100}",
      "ProcessId": "3620",
      "Image": "\\\\?\\C:\\Windows\\system32\\wbem\\WMIADAP.EXE",
      "TargetObject": "HKLM\\SOFTWARE\\Microsoft\\Wbem\\PROVIDERS\\Performance\\Performance Refresh",
      "Details": "DWORD (0x00000000)",
      "User": "NT AUTHORITY\\SYSTEM"
    }
  },
  {
    "event_id": "1",
    "time": "2025-09-22 08:30:11.670662+00:00",
    "record_id": "1",
    "computer": "D",
    "channel": "M",
    "provider": "Microsoft-Windows-Sysmon",
    "data": {
      "RuleName": "Suspicious,ImageBeginWithBackslash",
      "EventType": "SetValue",
      "UtcTime": "2025-09-22 08:30:11.666",
      "ProcessGuid": "{3ba37a49-08af-68d1-0603-000000000100}",
      "ProcessId": "3620",
      "Image": "\\\\?\\C:\\Windows\\system32\\wbem\\WMIADAP.EXE",
      "TargetObject": "HKLM\\SOFTWARE\\Microsoft\\Wbem\\PROVIDERS\\Performance\\Performance Refreshed",
      "Details": "DWORD (0x00000001)",
      "User": "NT AUTHORITY\\SYSTEM"
    }
  },
  {
    "event_id": "1",
    "time": "2025-09-22 08:30:22.376350+00:00",
    "record_id": "1",
    "computer": "D",
    "channel": "M",
    "provider": "Microsoft-Windows-Sysmon",
    "data": {
      "RuleName": "-",
      "UtcTime": "2025-09-22 08:30:22.372",
      "ProcessGuid": "{3ba37a49-091e-68d1-1f03-000000000100}",
      "ProcessId": "3820",
      "Image": "C:\\Program Files (x86)\\Microsoft\\EdgeUpdate\\MicrosoftEdgeUpdate.exe",
      "FileVersion": "1.3.147.37",
      "Description": "Microsoft Edge Update",
      "Product": "Microsoft Edge Update",
      "Company": "Microsoft Corporation",
      "OriginalFileName": "msedgeupdate.dll",
      "CommandLine": "\"C:\\Program Files (x86)\\Microsoft\\EdgeUpdate\\MicrosoftEdgeUpdate.exe\" /svc",
      "CurrentDirectory": "C:\\Windows\\system32\\",
      "User": "NT AUTHORITY\\SYSTEM",
      "LogonGuid": "{3ba37a49-cbed-68d1-e703-000000000000}",
      "LogonId": "0x00000000000003e7",
      "TerminalSessionId": "0",
      "IntegrityLevel": "System",
      "Hashes": "MD5=C019E421D9F897108E51666CBAE2C8B0,SHA256=3096D8E82917A9B73F322F4B1743E52E9B0C8B3C5933A957E73E29D6973CDD5B,IMPHASH=E00D60405A249A05D3B09AA7FE924B17",
      "ParentProcessGuid": "{00000000-0000-0000-0000-000000000000}",
      "ParentProcessId": "812",
      "ParentImage": "-",
      "ParentCommandLine": "-",
      "ParentUser": "-"
    }
  },
  {
    "event_id": "1",
    "time": "2025-09-22 08:30:23.850555+00:00",
    "record_id": "1",
    "computer": "D",
    "channel": "M",
    "provider": "Microsoft-Windows-Sysmon",
    "data": {
      "RuleName": "-",
      "UtcTime": "2025-09-22 08:30:23.843",
      "ProcessGuid": "{3ba37a49-091f-68d1-2003-000000000100}",
      "ProcessId": "1904",
      "Image": "C:\\Program Files (x86)\\Microsoft\\EdgeUpdate\\MicrosoftEdgeUpdate.exe",
      "FileVersion": "1.3.147.37",
      "Description": "Microsoft Edge Update",
      "Product": "Microsoft Edge Update",
      "Company": "Microsoft Corporation",
      "OriginalFileName": "msedgeupdate.dll",
      "CommandLine": "\"C:\\Program Files (x86)\\Microsoft\\EdgeUpdate\\MicrosoftEdgeUpdate.exe\" /ping PD94bWwgdmVyc2lvbj0iMS4wIiBlbmNvZGluZz0iVVRGLTgiPz48cmVxdWVzdCBwcm90b2NvbD0iMy4wIiB1cGRhdGVyPSJPbWFoYSIgdXBkYXRlcnZlcnNpb249IjEuMy4xOTkuMTEiIHNoZWxsX3ZlcnNpb249IjEuMy4xNDcuMzciIGlzbWFjaGluZT0iMSIgc2Vzc2lvbmlkPSJ7MjdDREVFRkEtOTQxQi00ODgxLTg3RDYtMzhDMzc3NjY1QTEyfSIgdXNlcmlkPSJ7Q0M3RUZBN0UtMDlBRi00RDVELUJFMDYtQjE3NzI2N0I5MTEzfSIgaW5zdGFsbHNvdXJjZT0ic2NoZWR1bGVyIiByZXF1ZXN0aWQ9Ins4NDZBRjcxMi04NzA2LTQ3QzItOTkzMS1EMjIwNkJDNUI1MzJ9IiBkZWR1cD0iY3IiIGRvbWFpbmpvaW5lZD0iMCI-PGh3IGxvZ2ljYWxfY3B1cz0iMSIgcGh5c21lbW9yeT0iNCIgZGlza190eXBlPSIyIiBzc2U9IjEiIHNzZTI9IjEiIHNzZTM9IjEiIHNzc2UzPSIxIiBzc2U0MT0iMSIgc3NlNDI9IjEiIGF2eD0iMSIvPjxvcyBwbGF0Zm9ybT0id2luIiB2ZXJzaW9uPSIxMC4wLjE5MDQ1LjM4MDMiIHNwPSIiIGFyY2g9Ing2NCIgcHJvZHVjdF90eXBlPSI0OCIgaXNfd2lwPSIwIiBpc19pbl9sb2NrZG93bl9tb2RlPSIwIi8-PG9lbSBwcm9kdWN0X21hbnVmYWN0dXJlcj0iVk13YXJlLCBJbmMuIiBwcm9kdWN0X25hbWU9IlZNd2FyZTcsMSIvPjxleHAgZXRhZz0iJnF1b3Q7YUx5anNyQ2l4K0V6emMvazVkOWF2Q2J2MkY2Uk41cllsZ0FnY0J5Tm9UTT0mcXVvdDsiLz48YXBwIGFwcGlkPSJ7RjNDNEZFMDAtRUZENS00MDNCLTk1NjktMzk4QTIwRjFCQTRBfSIgdmVyc2lvbj0iMS4zLjE5OS4xMSIgbmV4dHZlcnNpb249IiIgbGFuZz0iIiBicmFuZD0iSU5CWCIgY2xpZW50PSIiIGluc3RhbGxhZ2U9IjAiIGNvaG9ydD0icnJmQDAuNzYiPjx1cGRhdGVjaGVjay8-PHBpbmcgcmQ9IjY4MzkiIHBpbmdfZnJlc2huZXNzPSJ7RjM1RTRERjEtRkUyMy00M0JCLTg4OTItMTdCM0FFRjhEMDhCfSIvPjwvYXBwPjxhcHAgYXBwaWQ9Ins1NkVCMThGOC1CMDA4LTRDQkQtQjZEMi04Qzk3RkU3RTkwNjJ9IiB2ZXJzaW9uPSIxNDAuMC4zNDg1LjgxIiBuZXh0dmVyc2lvbj0iIiBsYW5nPSIiIGJyYW5kPSJJTkJYIiBjbGllbnQ9IiIgZXhwZXJpbWVudHM9ImNvbnNlbnQ9ZmFsc2UiIGluc3RhbGxhZ2U9IjAiIGNvaG9ydD0icnJmQDAuMjEiIG9vYmVfaW5zdGFsbF90aW1lPSIxMzQwMjk5OTUyNzk0MDk0MjAiIHVwZGF0ZV9jb3VudD0iMSIgaXNfcGlubmVkX3N5c3RlbT0idHJ1ZSIgbGFzdF9sYXVuY2hfY291bnQ9IjEiIGxhc3RfbGF1bmNoX3RpbWU9IjEzNDAzMDAwNzQ2MzIwMzY3MCIgZmlyc3RfZnJlX3NlZW5fdGltZT0iMTM0MDMwMDA1NDc1OTg1MjkwIiBmaXJzdF9mcmVfc2Vlbl92ZXJzaW9uPSIxNDAuMC4zNDg1LjgxIj48dXBkYXRlY2hlY2svPjxwaW5nIGFjdGl2ZT0iMSIgYT0iLTEiIGFkPSItMSIgcmQ9IjY4MzkiIHBpbmdfZnJlc2huZXNzPSJ7MTg5RjA3RkMtMThCMC00NkIxLUJCNUEtNzgzMkExQ0VBQTU5fSIvPjwvYXBwPjxhcHAgYXBwaWQ9IntGMzAxNzIyNi1GRTJBLTQyOTUtOEJERi0wMEMzQTlBN0U0QzV9IiB2ZXJzaW9uPSIxNDAuMC4zNDg1LjgxIiBuZXh0dmVyc2lvbj0iIiBsYW5nPSIiIGJyYW5kPSJFVVdWIiBjbGllbnQ9IiIgaW5zdGFsbGFnZT0iMCIgaW5zdGFsbGRhdGU9IjY4MzkiIGNvaG9ydD0icnJmQDAuNzUiPjx1cGRhdGVjaGVjay8-PHBpbmcgcj0iLTEiIHJkPSItMSIgcGluZ19mcmVzaG5lc3M9IntDNUYwQzM4Qi00OEZBLTQxQTUtQUExMS03MzM1RTFDM0Q0OTN9Ii8-PC9hcHA-PC9yZXF1ZXN0Pg",
      "CurrentDirectory": "C:\\Program Files (x86)\\Microsoft\\EdgeUpdate\\1.3.199.11\\",
      "User": "NT AUTHORITY\\SYSTEM",
      "LogonGuid": "{3ba37a49-cbed-68d1-e703-000000000000}",
      "LogonId": "0x00000000000003e7",
      "TerminalSessionId": "0",
      "IntegrityLevel": "System",
      "Hashes": "MD5=C019E421D9F897108E51666CBAE2C8B0,SHA256=3096D8E82917A9B73F322F4B1743E52E9B0C8B3C5933A957E73E29D6973CDD5B,IMPHASH=E00D60405A249A05D3B09AA7FE924B17",
      "ParentProcessGuid": "{3ba37a49-091e-68d1-1f03-000000000100}",
      "ParentProcessId": "3820",
      "ParentImage": "C:\\Program Files (x86)\\Microsoft\\EdgeUpdate\\MicrosoftEdgeUpdate.exe",
      "ParentCommandLine": "\"C:\\Program Files (x86)\\Microsoft\\EdgeUpdate\\MicrosoftEdgeUpdate.exe\" /svc",
      "ParentUser": "NT AUTHORITY\\SYSTEM"
    }
  },
  {
    "event_id": "1",
    "time": "2025-09-22 08:30:56.608202+00:00",
    "record_id": "1",
    "computer": "D",
    "channel": "M",
    "provider": "Microsoft-Windows-Sysmon",
    "data": {
      "RuleName": "-",
      "UtcTime": "2025-09-22 08:30:56.600",
      "ProcessGuid": "{3ba37a49-0940-68d1-2203-000000000100}",
      "ProcessId": "3600",
      "Image": "C:\\Program Files (x86)\\Microsoft\\Edge\\Application\\msedge.exe",
      "FileVersion": "140.0.3485.81",
      "Description": "Microsoft Edge",
      "Product": "Microsoft Edge",
      "Company": "Microsoft Corporation",
      "OriginalFileName": "msedge.exe",
      "CommandLine": "\"C:\\Program Files (x86)\\Microsoft\\Edge\\Application\\msedge.exe\" --type=utility --utility-sub-type=unzip.mojom.Unzipper --lang=en-US --service-sandbox-type=service --no-pre-read-main-dll --ram-no-pressure-read-main-dll --metrics-shmem-handle=8716,i,1166121919691276418,4294032536653537972,524288 --field-trial-handle=2528,i,7697915212337388755,10769669130442954102,262144 --variations-seed-version --mojo-platform-channel-handle=1068 /prefetch:8",
      "CurrentDirectory": "C:\\Program Files (x86)\\Microsoft\\Edge\\Application\\140.0.3485.81\\",
      "User": "DESKTOP-GTOLFFJ\\client 1",
      "LogonGuid": "{3ba37a49-fd37-68d0-095b-290000000000}",
      "LogonId": "0x0000000000295b09",
      "TerminalSessionId": "2",
      "IntegrityLevel": "Low",
      "Hashes": "MD5=1528CB9EF98D45785723BB69D9AB696F,SHA256=4A855A4DD286DADA7E700D325B1E25AA6DF43350125237C4276BF6C3A8452FCD,IMPHASH=9ACEBDFAC77931C2B0DFBBEA2D494BA9",
      "ParentProcessGuid": "{3ba37a49-fe7f-68d0-ea01-000000000100}",
      "ParentProcessId": "4976",
      "ParentImage": "C:\\Program Files (x86)\\Microsoft\\Edge\\Application\\msedge.exe",
      "ParentCommandLine": "\"C:\\Program Files (x86)\\Microsoft\\Edge\\Application\\msedge.exe\" --no-startup-window",
      "ParentUser": "DESKTOP-GTOLFFJ\\client 1"
    }
  },
  {
    "event_id": "1",
    "time": "2025-09-22 08:32:58.790066+00:00",
    "record_id": "1",
    "computer": "D",
    "channel": "M",
    "provider": "Microsoft-Windows-Sysmon",
    "data": {
      "RuleName": "-",
      "UtcTime": "2025-09-22 08:32:58.785",
      "ProcessGuid": "{3ba37a49-09ba-68d1-2403-000000000100}",
      "ProcessId": "5424",
      "Image": "C:\\Windows\\System32\\consent.exe",
      "FileVersion": "10.0.19041.3636 (WinBuild.160101.0800)",
      "Description": "Consent UI for administrative applications",
      "Product": "Microsoft® Windows® Operating System",
      "Company": "Microsoft Corporation",
      "OriginalFileName": "consent.exe",
      "CommandLine": "consent.exe 4812 354 000002034AA90B30",
      "CurrentDirectory": "C:\\Windows\\system32\\",
      "User": "NT AUTHORITY\\SYSTEM",
      "LogonGuid": "{3ba37a49-cbed-68d1-e703-000000000000}",
      "LogonId": "0x00000000000003e7",
      "TerminalSessionId": "2",
      "IntegrityLevel": "System",
      "Hashes": "MD5=959461FE7E338B2BF1F75D6F860DAAE1,SHA256=BC1AC9C190C716778D80EF36AAE620F2B7B334D3776B628907581301ED97128C,IMPHASH=7001337914CFB426620F508E54CDF72F",
      "ParentProcessGuid": "{3ba37a49-fd40-68d0-3c01-000000000100}",
      "ParentProcessId": "4812",
      "ParentImage": "C:\\Windows\\System32\\svchost.exe",
      "ParentCommandLine": "C:\\Windows\\system32\\svchost.exe -k netsvcs -p -s Appinfo",
      "ParentUser": "NT AUTHORITY\\SYSTEM"
    }
  },
